Log file open, 12/07/16 09:40:03
LogInit:Display: Running engine for game: GummiAnka
LogPlatformFile: Not using cached read wrapper
LogInit:Display: RandInit(107710672) SRandInit(107710672).
LogTaskGraph: Started task graph with 5 named threads and 8 total threads with 1 sets of task threads.
LogStats: Stats thread started at 0.365557
LogPluginManager: Loaded Plugin Paper2D, From C:/Program Files/Epic Games/4.14/Engine/Plugins/2D/Paper2D/Paper2D.uplugin
LogPluginManager: Loaded Plugin LightPropagationVolume, From C:/Program Files/Epic Games/4.14/Engine/Plugins/Blendables/LightPropagationVolume/LightPropagationVolume.uplugin
LogPluginManager: Loaded Plugin BlankPlugin, From C:/Program Files/Epic Games/4.14/Engine/Plugins/Developer/BlankPlugin/BlankPlugin.uplugin
LogPluginManager: Loaded Plugin CodeLiteSourceCodeAccess, From C:/Program Files/Epic Games/4.14/Engine/Plugins/Developer/CodeLiteSourceCodeAccess/CodeLiteSourceCodeAccess.uplugin
LogPluginManager: Loaded Plugin GitSourceControl, From C:/Program Files/Epic Games/4.14/Engine/Plugins/Developer/GitSourceControl/GitSourceControl.uplugin
LogPluginManager: Loaded Plugin KDevelopSourceCodeAccess, From C:/Program Files/Epic Games/4.14/Engine/Plugins/Developer/KDevelopSourceCodeAccess/KDevelopSourceCodeAccess.uplugin
LogPluginManager: Loaded Plugin NullSourceCodeAccess, From C:/Program Files/Epic Games/4.14/Engine/Plugins/Developer/NullSourceCodeAccess/NullSourceCodeAccess.uplugin
LogPluginManager: Loaded Plugin OneSkyLocalizationService, From C:/Program Files/Epic Games/4.14/Engine/Plugins/Developer/OneSkyLocalizationService/OneSkyLocalizationService.uplugin
LogPluginManager: Loaded Plugin PerforceSourceControl, From C:/Program Files/Epic Games/4.14/Engine/Plugins/Developer/PerforceSourceControl/PerforceSourceControl.uplugin
LogPluginManager: Loaded Plugin SubversionSourceControl, From C:/Program Files/Epic Games/4.14/Engine/Plugins/Developer/SubversionSourceControl/SubversionSourceControl.uplugin
LogPluginManager: Loaded Plugin UObjectPlugin, From C:/Program Files/Epic Games/4.14/Engine/Plugins/Developer/UObjectPlugin/UObjectPlugin.uplugin
LogPluginManager: Loaded Plugin VisualStudioSourceCodeAccess, From C:/Program Files/Epic Games/4.14/Engine/Plugins/Developer/VisualStudioSourceCodeAccess/VisualStudioSourceCodeAccess.uplugin
LogPluginManager: Loaded Plugin XCodeSourceCodeAccess, From C:/Program Files/Epic Games/4.14/Engine/Plugins/Developer/XCodeSourceCodeAccess/XCodeSourceCodeAccess.uplugin
LogPluginManager: Loaded Plugin AudioCapture, From C:/Program Files/Epic Games/4.14/Engine/Plugins/Editor/AudioCapture/AudioCapture.uplugin
LogPluginManager: Loaded Plugin EpicSurvey, From C:/Program Files/Epic Games/4.14/Engine/Plugins/Editor/EpicSurvey/EpicSurvey.uplugin
LogPluginManager: Loaded Plugin MacGraphicsSwitching, From C:/Program Files/Epic Games/4.14/Engine/Plugins/Editor/MacGraphicsSwitching/MacGraphicsSwitching.uplugin
LogPluginManager: Loaded Plugin MobileLauncherProfileWizard, From C:/Program Files/Epic Games/4.14/Engine/Plugins/Editor/MobileLauncherProfileWizard/MobileLauncherProfileWizard.uplugin
LogPluginManager: Loaded Plugin PluginBrowser, From C:/Program Files/Epic Games/4.14/Engine/Plugins/Editor/PluginBrowser/PluginBrowser.uplugin
LogPluginManager: Loaded Plugin SpeedTreeImporter, From C:/Program Files/Epic Games/4.14/Engine/Plugins/Editor/SpeedTreeImporter/SpeedTreeImporter.uplugin
LogPluginManager: Loaded Plugin SuperSearchEditor, From C:/Program Files/Epic Games/4.14/Engine/Plugins/Editor/SuperSearchEditor/SuperSearchEditor.uplugin
LogPluginManager: Loaded Plugin AlembicImporter, From C:/Program Files/Epic Games/4.14/Engine/Plugins/Experimental/AlembicImporter/AlembicImporter.uplugin
LogPluginManager: Loaded Plugin BlueprintStats, From C:/Program Files/Epic Games/4.14/Engine/Plugins/Experimental/BlueprintStats/BlueprintStats.uplugin
LogPluginManager: Loaded Plugin CharacterAI, From C:/Program Files/Epic Games/4.14/Engine/Plugins/Experimental/CharacterAI/CharacterAI.uplugin
LogPluginManager: Loaded Plugin CodeEditor, From C:/Program Files/Epic Games/4.14/Engine/Plugins/Experimental/CodeEditor/CodeEditor.uplugin
LogPluginManager: Loaded Plugin CodeView, From C:/Program Files/Epic Games/4.14/Engine/Plugins/Experimental/CodeView/CodeView.uplugin
LogPluginManager: Loaded Plugin HTML5Networking, From C:/Program Files/Epic Games/4.14/Engine/Plugins/Experimental/HTML5Networking/HTML5Networking.uplugin
LogPluginManager: Loaded Plugin OSVR, From C:/Program Files/Epic Games/4.14/Engine/Plugins/Experimental/OSVR/OSVR.uplugin
LogPluginManager: Loaded Plugin Phya, From C:/Program Files/Epic Games/4.14/Engine/Plugins/Experimental/Phya/Phya.uplugin
LogPluginManager: Loaded Plugin SignificanceManager, From C:/Program Files/Epic Games/4.14/Engine/Plugins/Experimental/SignificanceManager/SignificanceManager.uplugin
LogPluginManager: Loaded Plugin SimpleHMD, From C:/Program Files/Epic Games/4.14/Engine/Plugins/Experimental/SimpleHMD/SimpleHMD.uplugin
LogPluginManager: Loaded Plugin StereoPanorama, From C:/Program Files/Epic Games/4.14/Engine/Plugins/Experimental/StereoPanorama/StereoPanorama.uplugin
LogPluginManager: Loaded Plugin StructBox, From C:/Program Files/Epic Games/4.14/Engine/Plugins/Experimental/StructBox/StructBox.uplugin
LogPluginManager: Loaded Plugin AndroidMedia, From C:/Program Files/Epic Games/4.14/Engine/Plugins/Media/AndroidMedia/AndroidMedia.uplugin
LogPluginManager: Loaded Plugin AvfMedia, From C:/Program Files/Epic Games/4.14/Engine/Plugins/Media/AvfMedia/AvfMedia.uplugin
LogPluginManager: Loaded Plugin MediaPlayerEditor, From C:/Program Files/Epic Games/4.14/Engine/Plugins/Media/MediaPlayerEditor/MediaPlayerEditor.uplugin
LogPluginManager: Loaded Plugin WmfMedia, From C:/Program Files/Epic Games/4.14/Engine/Plugins/Media/WmfMedia/WmfMedia.uplugin
LogPluginManager: Loaded Plugin MessagingDebugger, From C:/Program Files/Epic Games/4.14/Engine/Plugins/Messaging/MessagingDebugger/MessagingDebugger.uplugin
LogPluginManager: Loaded Plugin TcpMessaging, From C:/Program Files/Epic Games/4.14/Engine/Plugins/Messaging/TcpMessaging/TcpMessaging.uplugin
LogPluginManager: Loaded Plugin UdpMessaging, From C:/Program Files/Epic Games/4.14/Engine/Plugins/Messaging/UdpMessaging/UdpMessaging.uplugin
LogPluginManager: Loaded Plugin LevelSequenceEditor, From C:/Program Files/Epic Games/4.14/Engine/Plugins/MovieScene/LevelSequenceEditor/LevelSequenceEditor.uplugin
LogPluginManager: Loaded Plugin MatineeToLevelSequence, From C:/Program Files/Epic Games/4.14/Engine/Plugins/MovieScene/MatineeToLevelSequence/MatineeToLevelSequence.uplugin
LogPluginManager: Loaded Plugin NetcodeUnitTest, From C:/Program Files/Epic Games/4.14/Engine/Plugins/NetcodeUnitTest/NetcodeUnitTest/NetcodeUnitTest.uplugin
LogPluginManager: Loaded Plugin NUTUnrealEngine4, From C:/Program Files/Epic Games/4.14/Engine/Plugins/NetcodeUnitTest/NUTUnrealEngine4/NUTUnrealEngine4.uplugin
LogPluginManager: Loaded Plugin OnlineSubsystemGameCircle, From C:/Program Files/Epic Games/4.14/Engine/Plugins/Online/Android/OnlineSubsystemGameCircle/OnlineSubsystemGameCircle.uplugin
LogPluginManager: Loaded Plugin OnlineSubsystemGooglePlay, From C:/Program Files/Epic Games/4.14/Engine/Plugins/Online/Android/OnlineSubsystemGooglePlay/OnlineSubsystemGooglePlay.uplugin
LogPluginManager: Loaded Plugin OnlineSubsystemIOS, From C:/Program Files/Epic Games/4.14/Engine/Plugins/Online/IOS/OnlineSubsystemIOS/OnlineSubsystemIOS.uplugin
LogPluginManager: Loaded Plugin OnlineFramework, From C:/Program Files/Epic Games/4.14/Engine/Plugins/Online/OnlineFramework/OnlineFramework.uplugin
LogPluginManager: Loaded Plugin OnlineSubsystem, From C:/Program Files/Epic Games/4.14/Engine/Plugins/Online/OnlineSubsystem/OnlineSubsystem.uplugin
LogPluginManager: Loaded Plugin OnlineSubsystemAmazon, From C:/Program Files/Epic Games/4.14/Engine/Plugins/Online/OnlineSubsystemAmazon/OnlineSubsystemAmazon.uplugin
LogPluginManager: Loaded Plugin OnlineSubsystemFacebook, From C:/Program Files/Epic Games/4.14/Engine/Plugins/Online/OnlineSubsystemFacebook/OnlineSubsystemFacebook.uplugin
LogPluginManager: Loaded Plugin OnlineSubsystemNull, From C:/Program Files/Epic Games/4.14/Engine/Plugins/Online/OnlineSubsystemNull/OnlineSubsystemNull.uplugin
LogPluginManager: Loaded Plugin OnlineSubsystemOculus, From C:/Program Files/Epic Games/4.14/Engine/Plugins/Online/OnlineSubsystemOculus/OnlineSubsystemOculus.uplugin
LogPluginManager: Loaded Plugin OnlineSubsystemSteam, From C:/Program Files/Epic Games/4.14/Engine/Plugins/Online/OnlineSubsystemSteam/OnlineSubsystemSteam.uplugin
LogPluginManager: Loaded Plugin OnlineSubsystemUtils, From C:/Program Files/Epic Games/4.14/Engine/Plugins/Online/OnlineSubsystemUtils/OnlineSubsystemUtils.uplugin
LogPluginManager: Loaded Plugin IOSTapJoy, From C:/Program Files/Epic Games/4.14/Engine/Plugins/Runtime/Advertising/IOSTapJoy/IOSTapJoy.uplugin
LogPluginManager: Loaded Plugin AnalyticsBlueprintLibrary, From C:/Program Files/Epic Games/4.14/Engine/Plugins/Runtime/Analytics/AnalyticsBlueprintLibrary/AnalyticsBlueprintLibrary.uplugin
LogPluginManager: Loaded Plugin AnalyticsMulticast, From C:/Program Files/Epic Games/4.14/Engine/Plugins/Runtime/Analytics/AnalyticsMulticast/AnalyticsMulticast.uplugin
LogPluginManager: Loaded Plugin Apsalar, From C:/Program Files/Epic Games/4.14/Engine/Plugins/Runtime/Analytics/Apsalar/Apsalar.uplugin
LogPluginManager: Loaded Plugin FileLogging, From C:/Program Files/Epic Games/4.14/Engine/Plugins/Runtime/Analytics/FileLogging/FileLogging.uplugin
LogPluginManager: Loaded Plugin Flurry, From C:/Program Files/Epic Games/4.14/Engine/Plugins/Runtime/Analytics/Flurry/Flurry.uplugin
LogPluginManager: Loaded Plugin AndroidDeviceProfileSelector, From C:/Program Files/Epic Games/4.14/Engine/Plugins/Runtime/AndroidDeviceProfileSelector/AndroidDeviceProfileSelector.uplugin
LogPluginManager: Loaded Plugin AndroidMoviePlayer, From C:/Program Files/Epic Games/4.14/Engine/Plugins/Runtime/AndroidMoviePlayer/AndroidMoviePlayer.uplugin
LogPluginManager: Loaded Plugin AppleMoviePlayer, From C:/Program Files/Epic Games/4.14/Engine/Plugins/Runtime/AppleMoviePlayer/AppleMoviePlayer.uplugin
LogPluginManager: Loaded Plugin ArchVisCharacter, From C:/Program Files/Epic Games/4.14/Engine/Plugins/Runtime/ArchVisCharacter/ArchVisCharacter.uplugin
LogPluginManager: Loaded Plugin CableComponent, From C:/Program Files/Epic Games/4.14/Engine/Plugins/Runtime/CableComponent/CableComponent.uplugin
LogPluginManager: Loaded Plugin CustomMeshComponent, From C:/Program Files/Epic Games/4.14/Engine/Plugins/Runtime/CustomMeshComponent/CustomMeshComponent.uplugin
LogPluginManager: Loaded Plugin ExampleDeviceProfileSelector, From C:/Program Files/Epic Games/4.14/Engine/Plugins/Runtime/ExampleDeviceProfileSelector/ExampleDeviceProfileSelector.uplugin
LogPluginManager: Loaded Plugin GearVR, From C:/Program Files/Epic Games/4.14/Engine/Plugins/Runtime/GearVR/GearVR.uplugin
LogPluginManager: Loaded Plugin GoogleVRController, From C:/Program Files/Epic Games/4.14/Engine/Plugins/Runtime/GoogleVR/GoogleVRController/GoogleVRController.uplugin
LogPluginManager: Loaded Plugin GoogleVRHMD, From C:/Program Files/Epic Games/4.14/Engine/Plugins/Runtime/GoogleVR/GoogleVRHMD/GoogleVRHMD.uplugin
LogPluginManager: Loaded Plugin IOSDeviceProfileSelector, From C:/Program Files/Epic Games/4.14/Engine/Plugins/Runtime/IOSDeviceProfileSelector/IOSDeviceProfileSelector.uplugin
LogPluginManager: Loaded Plugin LeapMotion, From C:/Program Files/Epic Games/4.14/Engine/Plugins/Runtime/LeapMotion/LeapMotion.uplugin
LogPluginManager: Loaded Plugin LinuxDeviceProfileSelector, From C:/Program Files/Epic Games/4.14/Engine/Plugins/Runtime/LinuxDeviceProfileSelector/LinuxDeviceProfileSelector.uplugin
LogPluginManager: Loaded Plugin MIDIDevice, From C:/Program Files/Epic Games/4.14/Engine/Plugins/Runtime/MIDIDevice/MIDIDevice.uplugin
LogPluginManager: Loaded Plugin MobilePatchingUtils, From C:/Program Files/Epic Games/4.14/Engine/Plugins/Runtime/MobilePatchingUtils/MobilePatchingUtils.uplugin
LogPluginManager: Loaded Plugin Ansel, From C:/Program Files/Epic Games/4.14/Engine/Plugins/Runtime/Nvidia/Ansel/Ansel.uplugin
LogPluginManager: Loaded Plugin OculusAudio, From C:/Program Files/Epic Games/4.14/Engine/Plugins/Runtime/OculusAudio/OculusAudio.uplugin
LogPluginManager: Loaded Plugin OculusInput, From C:/Program Files/Epic Games/4.14/Engine/Plugins/Runtime/OculusInput/OculusInput.uplugin
LogPluginManager: Loaded Plugin OculusLibrary, From C:/Program Files/Epic Games/4.14/Engine/Plugins/Runtime/OculusLibrary/OculusLibrary.uplugin
LogPluginManager: Loaded Plugin OculusRift, From C:/Program Files/Epic Games/4.14/Engine/Plugins/Runtime/OculusRift/OculusRift.uplugin
LogPluginManager: Loaded Plugin Oodle, From C:/Program Files/Epic Games/4.14/Engine/Plugins/Runtime/PacketHandlers/CompressionComponents/Oodle/Oodle.uplugin
LogPluginManager: Loaded Plugin ProceduralMeshComponent, From C:/Program Files/Epic Games/4.14/Engine/Plugins/Runtime/ProceduralMeshComponent/ProceduralMeshComponent.uplugin
LogPluginManager: Loaded Plugin SoundMod, From C:/Program Files/Epic Games/4.14/Engine/Plugins/Runtime/SoundMod/SoundMod.uplugin
LogPluginManager: Loaded Plugin SoundVisualizations, From C:/Program Files/Epic Games/4.14/Engine/Plugins/Runtime/SoundVisualizations/SoundVisualizations.uplugin
LogPluginManager: Loaded Plugin SteamController, From C:/Program Files/Epic Games/4.14/Engine/Plugins/Runtime/Steam/SteamController/SteamController.uplugin
LogPluginManager: Loaded Plugin SteamVR, From C:/Program Files/Epic Games/4.14/Engine/Plugins/Runtime/Steam/SteamVR/SteamVR.uplugin
LogPluginManager: Loaded Plugin WebBrowserWidget, From C:/Program Files/Epic Games/4.14/Engine/Plugins/Runtime/WebBrowserWidget/WebBrowserWidget.uplugin
LogPluginManager: Loaded Plugin WindowsDeviceProfileSelector, From C:/Program Files/Epic Games/4.14/Engine/Plugins/Runtime/WindowsDeviceProfileSelector/WindowsDeviceProfileSelector.uplugin
LogPluginManager: Loaded Plugin WindowsMoviePlayer, From C:/Program Files/Epic Games/4.14/Engine/Plugins/Runtime/WindowsMoviePlayer/WindowsMoviePlayer.uplugin
LogPluginManager: Loaded Plugin ScriptPlugin, From C:/Program Files/Epic Games/4.14/Engine/Plugins/ScriptPlugin/ScriptPlugin.uplugin
LogPluginManager: Loaded Plugin SlateRemote, From C:/Program Files/Epic Games/4.14/Engine/Plugins/Slate/SlateRemote/SlateRemote.uplugin
LogPluginManager: Loaded Plugin EditorTests, From C:/Program Files/Epic Games/4.14/Engine/Plugins/Tests/EditorTests/EditorTests.uplugin
LogPluginManager: Loaded Plugin FbxAutomationTestBuilder, From C:/Program Files/Epic Games/4.14/Engine/Plugins/Tests/FbxAutomationTestBuilder/FbxAutomationTestBuilder.uplugin
LogPluginManager: Loaded Plugin FunctionalTestingEditor, From C:/Program Files/Epic Games/4.14/Engine/Plugins/Tests/FunctionalTestingEditor/FunctionalTestingEditor.uplugin
LogPluginManager: Loaded Plugin RuntimeTests, From C:/Program Files/Epic Games/4.14/Engine/Plugins/Tests/RuntimeTests/RuntimeTests.uplugin
LogPluginManager: Loaded Plugin ScreenshotTools, From C:/Program Files/Epic Games/4.14/Engine/Plugins/Tests/ScreenshotTools/ScreenshotTools.uplugin
LogInit: Using libcurl 7.47.1
LogInit:  - built for x86_64-pc-win32
LogInit:  - supports SSL with OpenSSL/1.0.2g
LogInit:  - supports HTTP deflate (compression) using libz 1.2.8
LogInit:  - other features:
LogInit:      CURL_VERSION_SSL
LogInit:      CURL_VERSION_LIBZ
LogInit:      CURL_VERSION_IPV6
LogInit:      CURL_VERSION_ASYNCHDNS
LogInit:      CURL_VERSION_LARGEFILE
LogInit:      CURL_VERSION_IDN
LogInit:  CurlRequestOptions (configurable via config and command line):
LogInit:  - bVerifyPeer = false  - Libcurl will NOT verify peer certificate
LogInit:  - bUseHttpProxy = false  - Libcurl will NOT use HTTP proxy
LogInit:  - bDontReuseConnections = false  - Libcurl will reuse connections
LogInit:  - CertBundlePath = nullptr  - Libcurl will use whatever was configured at build time.
OCULUS: Info: [CAPI] LibOVR module is located at C:\Program Files\Oculus\Support\oculus-runtime\LibOVRRT64_1.dll
OCULUS: Debug: Connected to the server running version (prod = 1).1.10.0(build = 310947) feature version = 0. Client runs version (prod = 1).1.10.0(build = 310947) feature version = 0
LogInit: Build: ++UE4+Release-4.14-CL-3195953
LogInit: Engine Version: 4.14.0-3195953+++UE4+Release-4.14
LogInit: Compatible Engine Version: 4.14.0-3195953+++UE4+Release-4.14
LogInit: Net CL: 3195953
LogDevObjectVersion: Number of dev versions registered: 13
LogDevObjectVersion:   Dev-Blueprints (B0D832E4-1F89-4F0D-ACCF-7EB736FD4AA2): 7
LogDevObjectVersion:   Dev-Build (E1C64328-A22C-4D53-A36C-8E866417BD8C): 0
LogDevObjectVersion:   Dev-Core (375EC13C-06E4-48FB-B500-84F0262A717E): 1
LogDevObjectVersion:   Dev-Editor (E4B068ED-F494-42E9-A231-DA0B2E46BB41): 8
LogDevObjectVersion:   Dev-Framework (CFFC743F-43B0-4480-9391-14DF171D2073): 17
LogDevObjectVersion:   Dev-Mobile (B02B49B5-BB20-44E9-A304-32B752E40360): 0
LogDevObjectVersion:   Dev-Networking (A4E4105C-59A1-49B5-A7C5-40C4547EDFEE): 0
LogDevObjectVersion:   Dev-Online (39C831C9-5AE6-47DC-9A44-9C173E1C8E7C): 0
LogDevObjectVersion:   Dev-Physics (78F01B33-EBEA-4F98-B9B4-84EACCB95AA2): 0
LogDevObjectVersion:   Dev-Platform (6631380F-2D4D-43E0-8009-CF276956A95A): 0
LogDevObjectVersion:   Dev-Rendering (12F88B9F-8875-4AFC-A67C-D90C383ABD29): 12
LogDevObjectVersion:   Dev-Sequencer (7B5AE74C-D270-4C10-A958-57980B212A5A): 1
LogDevObjectVersion:   Dev-VR (D7296918-1DD6-4BDD-9DE2-64A83CC13884): 0
LogInit: Compiled (64-bit): Nov 12 2016 02:14:10
LogInit: Compiled with Visual C++: 19.00.23026.00
LogInit: Build Configuration: Development
LogInit: Branch Name: ++UE4+Release-4.14
LogInit: Command line:  
LogInit: Base directory: C:/Program Files/Epic Games/4.14/Engine/Binaries/Win64/
LogInit: Installed Engine Build: 1
LogInit: Presizing for max 8388607 objects, including 0 objects not considered by GC, pre-allocating 0 bytes for permanent pool.
LogInit: Object subsystem initialized
[2016.12.07-08.40.04:890][  0]LogInit: Selected Device Profile: [Windows]
[2016.12.07-08.40.04:890][  0]LogInit: Applying CVar settings loaded from the selected device profile: [Windows]
[2016.12.07-08.40.04:899][  0]LogInit: Computer: 3SE-SPEL-64
[2016.12.07-08.40.04:899][  0]LogInit: User: persja
[2016.12.07-08.40.04:899][  0]LogInit: CPU Page size=65536, Cores=4
[2016.12.07-08.40.04:899][  0]LogInit: High frequency timer resolution =3.123232 MHz
[2016.12.07-08.40.04:899][  0]LogMemory: Memory total: Physical=7.9GB (8GB approx)
[2016.12.07-08.40.04:899][  0]LogMemory: Platform Memory Stats for Windows
[2016.12.07-08.40.04:899][  0]LogMemory: Process Physical Memory: 272.91 MB used, 272.91 MB peak
[2016.12.07-08.40.04:899][  0]LogMemory: Process Virtual Memory: 270.47 MB used, 270.47 MB peak
[2016.12.07-08.40.04:899][  0]LogMemory: Physical Memory: 2616.57 MB used,  5518.63 MB free, 8135.20 MB total
[2016.12.07-08.40.04:899][  0]LogMemory: Virtual Memory: 703.63 MB used,  5518.63 MB free, 8388608.00 MB total
[2016.12.07-08.40.05:420][  0]LogTextLocalizationManager: No translations for ('sv-SE') exist, falling back to 'en' for localization and internationalization data.
[2016.12.07-08.40.06:293][  0]LogD3D11RHI: D3D11 adapters:
[2016.12.07-08.40.06:315][  0]LogD3D11RHI:    0. 'NVIDIA GeForce GTX 970' (Feature Level 11_0)
[2016.12.07-08.40.06:315][  0]LogD3D11RHI:       4007/0/3811 MB DedicatedVideo/DedicatedSystem/SharedSystem, Outputs:2, VendorId:0x10de
[2016.12.07-08.40.06:315][  0]LogD3D11RHI: Chosen D3D11 Adapter: 0
[2016.12.07-08.40.06:319][  0]LogD3D11RHI: Creating new Direct3DDevice
[2016.12.07-08.40.06:320][  0]LogD3D11RHI:     GPU DeviceId: 0x13c2 (for the marketing name, search the web for "GPU Device Id")
[2016.12.07-08.40.06:320][  0]LogWindows: EnumDisplayDevices:
[2016.12.07-08.40.06:320][  0]LogWindows:    0. 'NVIDIA GeForce GTX 970' (P:0 D:1)
[2016.12.07-08.40.06:320][  0]LogWindows:    1. 'NVIDIA GeForce GTX 970' (P:1 D:1)
[2016.12.07-08.40.06:320][  0]LogWindows:    2. 'NVIDIA GeForce GTX 970' (P:0 D:0)
[2016.12.07-08.40.06:320][  0]LogWindows:    3. 'NVIDIA GeForce GTX 970' (P:0 D:0)
[2016.12.07-08.40.06:320][  0]LogWindows:    4. 'RDPDD Chained DD' (P:0 D:0)
[2016.12.07-08.40.06:320][  0]LogWindows:    5. 'RDP Encoder Mirror Driver' (P:0 D:0)
[2016.12.07-08.40.06:320][  0]LogWindows:    6. 'RDP Reflector Display Driver' (P:0 D:0)
[2016.12.07-08.40.06:320][  0]LogWindows: DebugString: GetVideoDriverDetailsInvalid PrimaryIsNotTheChoosenAdapter GetVideoDriverDetailsInvalid PrimaryIsNotTheChoosenAdapter GetVideoDriverDetailsInvalid PrimaryIsNotTheChoosenAdapter FoundDriverCount:4 
[2016.12.07-08.40.06:320][  0]LogD3D11RHI:     Adapter Name: NVIDIA GeForce GTX 970
[2016.12.07-08.40.06:320][  0]LogD3D11RHI:   Driver Version: 372.54 (internal:21.21.13.7254, unified:372.54)
[2016.12.07-08.40.06:320][  0]LogD3D11RHI:      Driver Date: 8-11-2016
[2016.12.07-08.40.06:321][  0]LogRHI: Texture pool is 1361 MB (70% of 1945 MB)
[2016.12.07-08.40.06:329][  0]LogD3D11RHI: Async texture creation enabled
[2016.12.07-08.40.06:356][  0]LogD3D11RHI: GPU Timing Frequency: 1000.000000 (Debug: 2 2)
[2016.12.07-08.40.06:360][  0]LogShaderCompilers: Guid format shader working directory is 9 characters bigger than the processId version (D:/UnrealProjects/Gummi Anka/GummiAnka/Intermediate/Shaders/WorkingDirectory/7084/).
[2016.12.07-08.40.06:360][  0]LogShaderCompilers: Cleaned the shader compiler working directory 'C:/Users/persja/AppData/Local/Temp/UnrealShaderWorkingDir/BD25CA084E75DDC76088DBAE0FC97315/'.
[2016.12.07-08.40.06:360][  0]LogShaderCompilers:Display: Using Local Shader Compiler.
[2016.12.07-08.40.07:787][  0]LogTemp:Display: Loaded TP AllDesktopTargetPlatform
[2016.12.07-08.40.07:834][  0]LogTemp:Display: Loaded TP MacClientTargetPlatform
[2016.12.07-08.40.07:881][  0]LogTemp:Display: Loaded TP MacNoEditorTargetPlatform
[2016.12.07-08.40.07:927][  0]LogTemp:Display: Loaded TP MacServerTargetPlatform
[2016.12.07-08.40.07:977][  0]LogTemp:Display: Loaded TP MacTargetPlatform
[2016.12.07-08.40.08:023][  0]LogTemp:Display: Loaded TP WindowsClientTargetPlatform
[2016.12.07-08.40.08:070][  0]LogTemp:Display: Loaded TP WindowsNoEditorTargetPlatform
[2016.12.07-08.40.08:118][  0]LogTemp:Display: Loaded TP WindowsServerTargetPlatform
[2016.12.07-08.40.08:156][  0]LogTemp:Display: Loaded TP WindowsTargetPlatform
[2016.12.07-08.40.08:207][  0]LogTemp:Display: Loaded TP AndroidTargetPlatform
[2016.12.07-08.40.08:254][  0]LogTemp:Display: Loaded TP Android_ASTCTargetPlatform
[2016.12.07-08.40.08:300][  0]LogTemp:Display: Loaded TP Android_ATCTargetPlatform
[2016.12.07-08.40.08:348][  0]LogTemp:Display: Loaded TP Android_DXTTargetPlatform
[2016.12.07-08.40.08:396][  0]LogTemp:Display: Loaded TP Android_ETC1TargetPlatform
[2016.12.07-08.40.08:441][  0]LogTemp:Display: Loaded TP Android_ETC2TargetPlatform
[2016.12.07-08.40.08:533][  0]LogTemp:Display: Loaded TP Android_MultiTargetPlatform
[2016.12.07-08.40.08:533][  0]LogTemp:Display: Loaded TP Android_PVRTCTargetPlatform
[2016.12.07-08.40.08:564][  0]LogTemp:Display: Loaded TP HTML5TargetPlatform
[2016.12.07-08.40.08:643][  0]LogTemp:Display: Loaded TP IOSTargetPlatform
[2016.12.07-08.40.08:670][  0]LogTemp:Display: Loaded TP TVOSTargetPlatform
[2016.12.07-08.40.08:715][  0]LogTemp:Display: Loaded TP LinuxClientTargetPlatform
[2016.12.07-08.40.08:761][  0]LogTemp:Display: Loaded TP LinuxNoEditorTargetPlatform
[2016.12.07-08.40.08:807][  0]LogTemp:Display: Loaded TP LinuxServerTargetPlatform
[2016.12.07-08.40.08:857][  0]LogTemp:Display: Loaded TP LinuxTargetPlatform
[2016.12.07-08.40.08:857][  0]LogTargetPlatformManager:Display: Building Assets For Windows
[2016.12.07-08.40.09:419][  0]LogDerivedDataCache:Display: Max Cache Size: 512 MB
[2016.12.07-08.40.09:620][  0]LogDerivedDataCache: Loaded boot cache 0.20s 50MB C:/Users/persja/AppData/Local/UnrealEngine/4.14/DerivedDataCache/Boot.ddc.
[2016.12.07-08.40.09:620][  0]LogDerivedDataCache:Display: Loaded Boot cache: C:/Users/persja/AppData/Local/UnrealEngine/4.14/DerivedDataCache/Boot.ddc
[2016.12.07-08.40.09:620][  0]LogDerivedDataCache: FDerivedDataBackendGraph:  Pak pak cache file D:/UnrealProjects/Gummi Anka/GummiAnka/DerivedDataCache/DDC.ddp not found, will not use a pak cache.
[2016.12.07-08.40.09:620][  0]LogDerivedDataCache: Unable to find inner node Pak for hierarchical cache Hierarchy.
[2016.12.07-08.40.09:620][  0]LogDerivedDataCache: FDerivedDataBackendGraph:  CompressedPak pak cache file D:/UnrealProjects/Gummi Anka/GummiAnka/DerivedDataCache/Compressed.ddp not found, will not use a pak cache.
[2016.12.07-08.40.09:620][  0]LogDerivedDataCache: Unable to find inner node CompressedPak for hierarchical cache Hierarchy.
[2016.12.07-08.40.09:642][  0]LogDerivedDataCache:Display: Pak cache opened for reading ../../../Engine/DerivedDataCache/Compressed.ddp.
[2016.12.07-08.40.09:654][  0]LogDerivedDataCache: Using Local data cache path C:/Users/persja/AppData/Local/UnrealEngine/Common/DerivedDataCache: Writable
[2016.12.07-08.40.10:567][  0]LogInit: Selected Device Profile: [Windows]
[2016.12.07-08.40.10:578][  0]LogContentStreaming: Texture pool size is 0.00 MB
[2016.12.07-08.40.10:825][  0]LogMeshUtilities: Using QuadricMeshReduction for automatic static mesh reduction
[2016.12.07-08.40.10:869][  0]LogSimplygon: Simplygon DLL not present - disabling.
[2016.12.07-08.40.10:907][  0]LogMeshUtilities: Using SimplygonSwarm for distributed automatic mesh merging
[2016.12.07-08.40.10:907][  0]LogMeshUtilities: No automatic skeletal mesh reduction module available
[2016.12.07-08.40.10:907][  0]LogMeshUtilities: No automatic mesh merging module available
[2016.12.07-08.40.11:605][  0]LogNetVersion: GetLocalNetworkVersion: CL: 3195953, ProjectName: gummianka, ProjectVersion: , EngineNetworkVersion: 2, GameNetworkVersion: 0, NetworkChecksum: 4040118093
[2016.12.07-08.40.11:662][  0]LogAssetRegistry: FAssetRegistry took 0.0200 seconds to start up
[2016.12.07-08.40.11:698][  0]LogPackageLocalizationCache: Processed 3 localized package path(s) for 1 prioritized culture(s) in 0.019563 seconds
[2016.12.07-08.40.11:704][  0]LogUObjectArray: 31946 objects as part of root set at end of initial load.
[2016.12.07-08.40.11:704][  0]LogUObjectAllocator: 6935848 out of 0 bytes used by permanent object pool.
[2016.12.07-08.40.11:704][  0]LogUObjectArray: CloseDisregardForGC: 0/0 objects in disregard for GC pool
[2016.12.07-08.40.11:750][  0]LogInit: WinSock: version 1.1 (2.2), MaxSocks=32767, MaxUdp=65467
[2016.12.07-08.40.12:404][  0]LogSlate: Using Freetype 2.6.0
[2016.12.07-08.40.12:407][  0]LogSlate: SlateFontCache - WITH_FREETYPE: 1, WITH_HARFBUZZ: 1
[2016.12.07-08.40.12:407][  0]LogSlate: SlateFontCache - WITH_FREETYPE: 1, WITH_HARFBUZZ: 1
[2016.12.07-08.40.14:596][  0]LogTcpMessaging: Initializing TcpMessaging bridge
[2016.12.07-08.40.14:635][  0]LogUdpMessaging: Initializing bridge on interface 0.0.0.0:0 to multicast group 230.0.0.1:6666.
[2016.12.07-08.40.15:026][  0]LogMaterial: Uniform references updated for custom material expression Custom.
[2016.12.07-08.40.15:453][  0]SourceControl: Info Source control is disabled
[2016.12.07-08.40.15:538][  0]SourceControl: Info Source control is disabled
[2016.12.07-08.40.15:582][  0]SourceControl: Info Source control is disabled
[2016.12.07-08.40.15:620][  0]SourceControl: Info Source control is disabled
[2016.12.07-08.40.16:648][  0]LogEngine: Initializing Engine...
[2016.12.07-08.40.16:649][  0]LogHMD: Oculus plugin initialized. Version: 4.14.0-3195953+++UE4+Release-4.14, LibOVR: 1.10.0, SDK: 1.8.0, built Nov 12 2016, 02:16:26
[2016.12.07-08.40.16:901][  0]LogAIModule: Creating AISystem for world Untitled
[2016.12.07-08.40.16:918][  0]LogInit: XAudio2 using 'Digitalt ljud (S/PDIF) (High Definition Audio Device)' : 2 channels at 44.1 kHz using 16 bits per sample (channel mask 0x3)
[2016.12.07-08.40.16:936][  0]LogInit: FAudioDevice initialized.
[2016.12.07-08.40.16:958][  0]LogDerivedDataCache: Saved boot cache 0.02s 50MB C:/Users/persja/AppData/Local/UnrealEngine/4.14/DerivedDataCache/Boot.ddc.
[2016.12.07-08.40.16:963][  0]LogInit: Texture streaming: Enabled
[2016.12.07-08.40.17:277][  0]LogInit: Transaction tracking system initialized
[2016.12.07-08.40.17:609][  0]BlueprintLog: New page: Editor Load
[2016.12.07-08.40.18:361][  0]LocalizationService: Info Localization service is disabled
[2016.12.07-08.40.18:922][  0]LogConsoleResponse:Display: 
[2016.12.07-08.40.19:146][  0]LogCook:Display: Max memory allowance for cook 16384mb min free memory 0mb
[2016.12.07-08.40.19:146][  0]LogCook:Display: Mobile HDR setting 1
[2016.12.07-08.40.19:569][  0]LogFileCache: Scanning file cache for directory 'D:/UnrealProjects/Gummi Anka/GummiAnka/Content/' took 0.01s
[2016.12.07-08.40.20:011][  0]SourceControl: Info Source control is disabled
[2016.12.07-08.40.20:012][  0]Cmd: MAP LOAD FILE="D:/UnrealProjects/Gummi Anka/GummiAnka/Content/FirstPersonBP/Maps/FirstPersonExampleMap.umap" TEMPLATE=0 SHOWPROGRESS=1 FEATURELEVEL=3
[2016.12.07-08.40.20:033][  0]LightingResults: New page: Lighting Build
[2016.12.07-08.40.20:073][  0]MapCheck: New page: Map Check
[2016.12.07-08.40.20:073][  0]LightingResults: New page: Lighting Build
[2016.12.07-08.40.21:128][  0]LogTexture:Display: Building textures: HQ_Lightmap1_1 (AutoDXT)
[2016.12.07-08.40.21:144][  0]LogTexture:Display: Building textures: LQ_Lightmap_1_1 (DXT1)
[2016.12.07-08.40.21:158][  0]LogAIModule: Creating AISystem for world FirstPersonExampleMap
[2016.12.07-08.40.21:192][  0]LogEditorServer: Finished looking for orphan Actors (0.000 secs)
[2016.12.07-08.40.21:196][  0]Cmd: MAP CHECKDEP NOCLEARLOG
[2016.12.07-08.40.21:239][  0]MapCheck: Info Map check complete: 0 Error(s), 0 Warning(s), took 43.257ms to complete.
[2016.12.07-08.40.21:239][  0]LogFileHelpers: Loading map 'FirstPersonExampleMap' took 1.223
[2016.12.07-08.40.21:405][  0]LogCollectionManager: Loaded 0 collections in 0.001190 seconds
[2016.12.07-08.40.21:478][  0]LogFileCache: Scanning file cache for directory 'D:/UnrealProjects/Gummi Anka/GummiAnka/Saved/Collections/' took 0.01s
[2016.12.07-08.40.21:479][  0]LogFileCache: Scanning file cache for directory 'D:/UnrealProjects/Gummi Anka/GummiAnka/Content/Developers/persja/Collections/' took 0.01s
[2016.12.07-08.40.21:479][  0]LogFileCache: Scanning file cache for directory 'D:/UnrealProjects/Gummi Anka/GummiAnka/Content/Collections/' took 0.01s
[2016.12.07-08.40.21:479][  0]LogCollectionManager: Rebuilt the GUID cache for 0 collections in 0.000004 seconds
[2016.12.07-08.40.21:487][  0]LogContentBrowser: Native class hierarchy populated in 0.0082 seconds. Added 2190 classes and 428 folders.
[2016.12.07-08.40.21:521][  0]LogStats: UGameplayTagsManager::ConstructGameplayTagTree: Construct from data asset -  0.000 s
[2016.12.07-08.40.21:521][  0]LogStats: UGameplayTagsManager::ConstructGameplayTagTree: GameplayTagTreeChangedEvent.Broadcast -  0.000 s
[2016.12.07-08.40.21:522][  0]LogContentBrowser: Native class hierarchy updated for 'GameplayTags' in 0.0005 seconds. Added 13 classes and 0 folders.
[2016.12.07-08.40.21:571][  0]LogContentBrowser: Native class hierarchy updated for 'WidgetCarousel' in 0.0004 seconds. Added 0 classes and 0 folders.
[2016.12.07-08.40.21:678][  0]LogContentBrowser: Native class hierarchy updated for 'AddContentDialog' in 0.0004 seconds. Added 0 classes and 0 folders.
[2016.12.07-08.40.21:721][  0]LogContentBrowser: Native class hierarchy updated for 'SceneOutliner' in 0.0005 seconds. Added 1 classes and 2 folders.
[2016.12.07-08.40.21:788][  0]LogCrashTracker: Crashtracker disabled due to settings.
[2016.12.07-08.40.21:795][  0]LogUObjectGlobals:Warning: Failed to find object 'Class None.'
[2016.12.07-08.40.21:853][  0]LogContentBrowser: Native class hierarchy updated for 'HierarchicalLODOutliner' in 0.0004 seconds. Added 1 classes and 2 folders.
[2016.12.07-08.40.21:854][  0]LogLoad: (Engine Initialization) Total time: 20.15 seconds
[2016.12.07-08.40.21:854][  0]LogLoad: (Engine Initialization) Total Blueprint compile time: 0.21 seconds
[2016.12.07-08.40.21:854][  0]LogExternalProfiler: Found external profiler: VSPerf
[2016.12.07-08.40.21:854][  0]LogExternalProfiler: Using external profiler: VSPerf
[2016.12.07-08.40.21:863][  0]LogOcInput: OculusInput pre-init called
[2016.12.07-08.40.21:876][  0]LogOcInput: OculusInput is initialized. Init status 0. Runtime version: 1.10.0
[2016.12.07-08.40.21:900][  0]LogContentStreaming: Texture pool size now 1000 MB
[2016.12.07-08.40.22:069][  0]LogRenderer: Reallocating scene render targets to support 1176x388 NumSamples 1 (Frame:2).
[2016.12.07-08.40.22:151][  1]LogAssetRegistry: Asset discovery search completed in 10.4776 seconds
[2016.12.07-08.40.22:151][  1]LogCollectionManager: Rebuilt the object cache for 0 collections in 0.000001 seconds (found 0 objects)
[2016.12.07-08.40.22:151][  1]LogCollectionManager: Fixed up redirectors for 0 collections in 0.000038 seconds (updated 0 objects)
[2016.12.07-08.40.34:099][100]Cmd: MAP LOAD FILE="D:/UnrealProjects/Gummi Anka/GummiAnka/Content/TestLevel.umap" TEMPLATE=0 SHOWPROGRESS=1 FEATURELEVEL=3
[2016.12.07-08.40.34:141][100]LightingResults: New page: Lighting Build
[2016.12.07-08.40.34:141][100]LoadErrors: New page: Loading map: TestLevel.umap
[2016.12.07-08.40.34:145][100]MapCheck: New page: Map Check
[2016.12.07-08.40.34:145][100]LightingResults: New page: Lighting Build
[2016.12.07-08.40.34:420][100]LogAIModule: Creating AISystem for world TestLevel
[2016.12.07-08.40.34:427][100]LogEditorServer: Finished looking for orphan Actors (0.000 secs)
[2016.12.07-08.40.34:444][100]Cmd: MAP CHECKDEP NOCLEARLOG
[2016.12.07-08.40.34:485][100]MapCheck: Info Map check complete: 0 Error(s), 0 Warning(s), took 40.982ms to complete.
[2016.12.07-08.40.34:485][100]LogFileHelpers: Loading map 'TestLevel' took 0.386
[2016.12.07-08.46.39:667][868]LogFactory: FactoryCreateFile: StaticMesh with FbxFactory (0 0 D:/UnrealProjects/Fbx assets/sed.FBX)
[2016.12.07-08.46.39:700][868]LogFbx: ItemName: Model, ItemCount : 18
[2016.12.07-08.46.39:700][868]LogFbx: ItemName: Material, ItemCount : 4
[2016.12.07-08.46.39:700][868]LogFbx: ItemName: Texture, ItemCount : 4
[2016.12.07-08.46.39:700][868]LogFbx: ItemName: Video, ItemCount : 1
[2016.12.07-08.46.39:700][868]LogFbx: ItemName: SceneInfo, ItemCount : 1
[2016.12.07-08.46.39:700][868]LogFbx: ItemName: GlobalSettings, ItemCount : 1
[2016.12.07-08.46.39:707][868]LogFbx: Loading FBX Scene from D:/UnrealProjects/Fbx assets/sed.FBX
[2016.12.07-08.46.39:742][868]LogFbx: FBX Scene Loaded Succesfully
[2016.12.07-08.46.41:468][868]LogFbx: Loading FBX Scene from D:/UnrealProjects/Fbx assets/sed.FBX
[2016.12.07-08.46.41:501][868]LogFbx: FBX Scene Loaded Succesfully
[2016.12.07-08.46.41:507][868]LogLinker: Can't find file '/Game/FbxAssets/Furniture/tyjtyjtjy'
[2016.12.07-08.46.41:507][868]LogLinker: Can't find file '/Game/FbxAssets/Furniture/tyjtyjtjy'
[2016.12.07-08.46.41:521][868]LogMaterial: Missing cached shader map for material tyjtyjtjy, compiling. 
[2016.12.07-08.46.41:552][868]LogFbx:Warning: Triangulating static mesh Fob
[2016.12.07-08.46.41:558][868]LogLinker: Can't find file '/Game/FbxAssets/Furniture/Chromium'
[2016.12.07-08.46.41:559][868]LogLinker: Can't find file '/Game/FbxAssets/Furniture/Chromium'
[2016.12.07-08.46.41:561][868]LogMaterial: Missing cached shader map for material Chromium, compiling. 
[2016.12.07-08.46.41:577][868]LogLinker: Can't find file '/Game/FbxAssets/Furniture/кожа_светлая'
[2016.12.07-08.46.41:577][868]LogLinker: Can't find file '/Game/FbxAssets/Furniture/кожа_светлая'
[2016.12.07-08.46.41:580][868]LogMaterial: Missing cached shader map for material кожа_светлая, compiling. 
[2016.12.07-08.46.41:607][868]LogFbx:Warning: Triangulating static mesh Box01
[2016.12.07-08.46.44:050][868]LogFbx:Warning: Triangulating static mesh Box02
[2016.12.07-08.46.44:880][868]LogStaticMesh: Building static mesh sed...
[2016.12.07-08.46.45:522][868]LogStaticMesh: Built static mesh [0.64s] /Game/FbxAssets/Furniture/sed.sed
[2016.12.07-08.46.49:185][169]LogActorFactory: Actor Factory created sed
[2016.12.07-08.46.52:241][501]LogActorFactory: Actor Factory created sed
[2016.12.07-08.46.56:727][990]LogEditorViewport: Clicking on Actor (LMB): StaticMeshActor (sed)
[2016.12.07-08.46.57:317][ 55]LogEditorViewport: Clicking on Actor (LMB): StaticMeshActor (sed)
[2016.12.07-08.46.57:874][121]LogEditorViewport: Clicking on Actor (LMB): StaticMeshActor (sed)
[2016.12.07-08.46.58:382][181]LogEditorViewport: Clicking on Actor (LMB): StaticMeshActor (sed)
[2016.12.07-08.47.01:889][600]Cmd: DELETE
[2016.12.07-08.47.01:889][600]Cmd: ACTOR DELETE
[2016.12.07-08.47.01:891][600]LogEditorActor: Deleted Actor: StaticMeshActor
[2016.12.07-08.47.01:899][600]LogEditorActor: Deleted 1 Actors (0.009 secs)
[2016.12.07-08.47.06:041][ 91]LogActorFactory: Actor Factory created sed
[2016.12.07-08.47.07:546][271]LogActorFactory: Actor Factory created sed
[2016.12.07-08.47.16:124][265]LogTemp: Repeting last play command: Selected Viewport
[2016.12.07-08.47.16:134][265]LogPlayLevel: PlayLevel: No blueprints needed recompiling
[2016.12.07-08.47.16:135][265]PIE: New page: PIE session: TestLevel (Dec 7, 2016, 10:47:16 AM)
[2016.12.07-08.47.16:135][265]LogPlayLevel: Creating play world package: /Game/UEDPIE_0_TestLevel
[2016.12.07-08.47.16:140][265]LogPlayLevel: PIE: StaticDuplicateObject took: (0.004585s)
[2016.12.07-08.47.16:140][265]LogAIModule: Creating AISystem for world TestLevel
[2016.12.07-08.47.16:141][265]LogPlayLevel: PIE: World Init took: (0.000530s)
[2016.12.07-08.47.16:141][265]LogPlayLevel: PIE: Created PIE world by copying editor world from /Game/TestLevel.TestLevel to /Game/UEDPIE_0_TestLevel.TestLevel (0.005550s)
[2016.12.07-08.47.16:151][265]LogInit: XAudio2 using 'Digitalt ljud (S/PDIF) (High Definition Audio Device)' : 2 channels at 44.1 kHz using 16 bits per sample (channel mask 0x3)
[2016.12.07-08.47.16:155][265]LogInit: FAudioDevice initialized.
[2016.12.07-08.47.16:201][265]LogLoad: Game class is 'FirstPersonGameMode_C'
[2016.12.07-08.47.16:203][265]LogWorld: Bringing World /Game/UEDPIE_0_TestLevel.TestLevel up for play (max tick rate 0) at 2016.12.07-09.47.16
[2016.12.07-08.47.16:203][265]LogWorld: Bringing up level for play took: 0.000724
[2016.12.07-08.47.16:815][265]LogContentBrowser: Native class hierarchy updated for 'MovieSceneCapture' in 0.0005 seconds. Added 11 classes and 0 folders.
[2016.12.07-08.47.16:818][265]PIE: Info Play in editor start time for /Game/UEDPIE_0_TestLevel 0.31
[2016.12.07-08.47.29:930][799]LogEditorViewport: Clicking on Actor (LMB): StaticMeshActor (sed)
[2016.12.07-08.47.30:663][886]Cmd: DELETE
[2016.12.07-08.47.30:663][886]Cmd: ACTOR DELETE
[2016.12.07-08.47.30:664][886]LogEditorActor: Deleted Actor: StaticMeshActor
[2016.12.07-08.47.30:673][886]LogEditorActor: Deleted 1 Actors (0.010 secs)
[2016.12.07-08.47.42:063][249]LogEditorActor: Deleted Actor: BP_Sky_Sphere_C
[2016.12.07-08.47.42:070][249]LogEditorActor: Deleted 1 Actors (0.007 secs)
[2016.12.07-08.48.20:978][858]LogRenderer: Reallocating scene render targets to support 1240x780 NumSamples 1 (Frame:24723).
[2016.12.07-08.49.23:838][983]LogObjectTools:Warning: ForceReplaceReferences replaced references for a transient object 'StaticMeshComponent_7' or package '/Engine/Transient'.
[2016.12.07-08.50.45:786][442]Cmd: OBJ SAVEPACKAGE PACKAGE="/Game/TestLevel" FILE="D:/UnrealProjects/Gummi Anka/GummiAnka/Saved/Autosaves/Game/TestLevel_Auto1.umap" SILENT=true AUTOSAVING=true KEEPDIRTY=false
[2016.12.07-08.50.45:821][442]LogSavePackage: Save=31.33ms
[2016.12.07-08.50.45:821][442]LogSavePackage: Moving 'D:/UnrealProjects/Gummi Anka/GummiAnka/Saved/TestLevel_Auto1B3C00F294B8981A8588DE8BF0C8D3A31.tmp' to 'D:/UnrealProjects/Gummi Anka/GummiAnka/Saved/Autosaves/Game/TestLevel_Auto1.umap'
[2016.12.07-08.50.45:823][442]LogSavePackage:Display: Finished SavePackage D:/UnrealProjects/Gummi Anka/GummiAnka/Saved/Autosaves/Game/TestLevel_Auto1.umap
[2016.12.07-08.50.45:824][442]LogFileHelpers: Editor autosave (incl. sublevels) for '/Game/TestLevel' took 0.046
[2016.12.07-08.50.45:824][442]LogFileHelpers: Editor autosave (incl. sublevels) for all levels took 0.046
[2016.12.07-08.58.53:975][139]LogFactory: FactoryCreateFile: StaticMesh with FbxFactory (0 0 D:/UnrealProjects/Fbx assets/MODELS/SOFA SÖDERHAMN IKEA OBJ.obj)
[2016.12.07-08.58.54:101][139]LogFbx: Loading FBX Scene from D:/UnrealProjects/Fbx assets/MODELS/SOFA SÖDERHAMN IKEA OBJ.obj
[2016.12.07-08.58.57:801][139]LogFbx: FBX Scene Loaded Succesfully
[2016.12.07-08.59.07:991][139]LogFbx: Loading FBX Scene from D:/UnrealProjects/Fbx assets/MODELS/SOFA SÖDERHAMN IKEA OBJ.obj
[2016.12.07-08.59.11:721][139]LogFbx: FBX Scene Loaded Succesfully
[2016.12.07-08.59.11:743][139]LogLinker: Can't find file '/Game/FbxAssets/Furniture/IKEA_S_DERHAMN_SOFA_Mat'
[2016.12.07-08.59.11:743][139]LogLinker: Can't find file '/Game/FbxAssets/Furniture/IKEA_S_DERHAMN_SOFA_Mat'
[2016.12.07-08.59.11:746][139]LogMaterial: Missing cached shader map for material IKEA_S_DERHAMN_SOFA_Mat, compiling. 
[2016.12.07-08.59.11:762][139]LogFbx:Warning: Triangulating static mesh IKEA_S_DERHAMN_SOFA_
[2016.12.07-08.59.56:320][139]LogLinker: Can't find file '/Game/FbxAssets/Furniture/Luminaire_Trinitas_-_LampadaireMat'
[2016.12.07-08.59.56:320][139]LogLinker: Can't find file '/Game/FbxAssets/Furniture/Luminaire_Trinitas_-_LampadaireMat'
[2016.12.07-08.59.56:325][139]LogMaterial: Missing cached shader map for material Luminaire_Trinitas_-_LampadaireMat, compiling. 
[2016.12.07-08.59.56:347][139]LogLinker: Can't find file '/Game/FbxAssets/Furniture/Luminaire_Trinitas_-_SuspentionMat'
[2016.12.07-08.59.56:347][139]LogLinker: Can't find file '/Game/FbxAssets/Furniture/Luminaire_Trinitas_-_SuspentionMat'
[2016.12.07-08.59.56:350][139]LogMaterial: Missing cached shader map for material Luminaire_Trinitas_-_SuspentionMat, compiling. 
[2016.12.07-08.59.56:721][139]LogStaticMesh: Building static mesh SOFA_SÖDERHAMN_IKEA_OBJ...
[2016.12.07-08.59.57:661][139]LogMeshUtilities: Invalid vertex normals found for mesh. Forcing recomputation of vertex normals for MikkTSpace. Fix mesh or disable "Use MikkTSpace Tangent Space" to avoid forced recomputation of normals.
[2016.12.07-09.00.23:951][139]LogStaticMesh: Built static mesh [27.23s] /Game/FbxAssets/Furniture/SOFA_SÖDERHAMN_IKEA_OBJ.SOFA_SÖDERHAMN_IKEA_OBJ
[2016.12.07-09.00.25:704][139]LogStaticMesh:Warning: SOFA_SÖDERHAMN_IKEA_OBJ has degenerate tangent bases which will result in incorrect shading.  MikkTSpace relies on tangent bases and may result in mesh corruption, consider disabling this option.
[2016.12.07-09.00.25:893][139]FBXImport:Warning: Warning No smoothing group information was found in this FBX scene.  Please make sure to enable the 'Export Smoothing Groups' option in the FBX Exporter plug-in before exporting the file.  Even for tools that don't support smoothing groups, the FBX Exporter will generate appropriate smoothing data at export-time so that correct vertex normals can be inferred while importing. 
[2016.12.07-09.00.25:893][139]FBXImport:Warning: Warning SOFA_SÖDERHAMN_IKEA_OBJ has degenerate tangent bases which will result in incorrect shading.  MikkTSpace relies on tangent bases and may result in mesh corruption, consider disabling this option. 
[2016.12.07-09.00.33:782][807]LogActorFactory: Actor Factory created SOFA_SÖDERHAMN_IKEA_OBJ
[2016.12.07-09.00.34:142][850]LogActorFactory: Actor Factory created SOFA_SÖDERHAMN_IKEA_OBJ
[2016.12.07-09.01.35:054][999]LogEditorViewport: Clicking on Actor (LMB): StaticMeshActor (SOFA_SÖDERHAMN_IKEA_OBJ)
[2016.12.07-09.01.46:818][400]LogTemp: Repeting last play command: Selected Viewport
[2016.12.07-09.01.46:825][400]LogPlayLevel: PlayLevel: No blueprints needed recompiling
[2016.12.07-09.01.46:825][400]PIE: New page: PIE session: TestLevel (Dec 7, 2016, 11:01:46 AM)
[2016.12.07-09.01.46:825][400]LogPlayLevel: Creating play world package: /Game/UEDPIE_0_TestLevel
[2016.12.07-09.01.46:830][400]LogPlayLevel: PIE: StaticDuplicateObject took: (0.004419s)
[2016.12.07-09.01.46:830][400]LogAIModule: Creating AISystem for world TestLevel
[2016.12.07-09.01.46:830][400]LogPlayLevel: PIE: World Init took: (0.000510s)
[2016.12.07-09.01.46:830][400]LogPlayLevel: PIE: Created PIE world by copying editor world from /Game/TestLevel.TestLevel to /Game/UEDPIE_0_TestLevel.TestLevel (0.005098s)
[2016.12.07-09.01.46:842][400]LogInit: XAudio2 using 'Digitalt ljud (S/PDIF) (High Definition Audio Device)' : 2 channels at 44.1 kHz using 16 bits per sample (channel mask 0x3)
[2016.12.07-09.01.46:846][400]LogInit: FAudioDevice initialized.
[2016.12.07-09.01.46:880][400]LogLoad: Game class is 'FirstPersonGameMode_C'
[2016.12.07-09.01.46:881][400]LogWorld: Bringing World /Game/UEDPIE_0_TestLevel.TestLevel up for play (max tick rate 0) at 2016.12.07-10.01.46
[2016.12.07-09.01.46:881][400]LogWorld: Bringing up level for play took: 0.000738
[2016.12.07-09.01.46:884][400]PIE: Info Play in editor start time for /Game/UEDPIE_0_TestLevel 0.04
[2016.12.07-09.03.10:461][448]Cmd: OBJ SAVEPACKAGE PACKAGE="/Game/FbxAssets/Furniture/SOFA_SÖDERHAMN_IKEA_OBJ" FILE="D:/UnrealProjects/Gummi Anka/GummiAnka/Content/FbxAssets/Furniture/SOFA_SÖDERHAMN_IKEA_OBJ.uasset" SILENT=true
[2016.12.07-09.03.10:495][448]LogSavePackage: Save=33.35ms
[2016.12.07-09.03.10:495][448]LogSavePackage: Moving 'D:/UnrealProjects/Gummi Anka/GummiAnka/Saved/SOFA_SÖDERHAMN_IKEA_OBJ6D5B4D6C453B41A819735FB8412BC0D4.tmp' to 'D:/UnrealProjects/Gummi Anka/GummiAnka/Content/FbxAssets/Furniture/SOFA_SÖDERHAMN_IKEA_OBJ.uasset'
[2016.12.07-09.03.10:497][448]LogSavePackage:Display: Finished SavePackage D:/UnrealProjects/Gummi Anka/GummiAnka/Content/FbxAssets/Furniture/SOFA_SÖDERHAMN_IKEA_OBJ.uasset
[2016.12.07-09.03.42:300][375]Cmd: OBJ SAVEPACKAGE PACKAGE="/Game/TestLevel" FILE="D:/UnrealProjects/Gummi Anka/GummiAnka/Saved/Autosaves/Game/TestLevel_Auto2.umap" SILENT=true AUTOSAVING=true KEEPDIRTY=false
[2016.12.07-09.03.42:336][375]LogSavePackage: Save=32.88ms
[2016.12.07-09.03.42:336][375]LogSavePackage: Moving 'D:/UnrealProjects/Gummi Anka/GummiAnka/Saved/TestLevel_Auto2D3E8E73F4837E0D2D83F0EAA824DF1CF.tmp' to 'D:/UnrealProjects/Gummi Anka/GummiAnka/Saved/Autosaves/Game/TestLevel_Auto2.umap'
[2016.12.07-09.03.42:337][375]LogSavePackage:Display: Finished SavePackage D:/UnrealProjects/Gummi Anka/GummiAnka/Saved/Autosaves/Game/TestLevel_Auto2.umap
[2016.12.07-09.03.42:338][375]LogFileHelpers: Editor autosave (incl. sublevels) for '/Game/TestLevel' took 0.049
[2016.12.07-09.03.42:338][375]LogFileHelpers: Editor autosave (incl. sublevels) for all levels took 0.049
[2016.12.07-09.03.42:340][375]OBJ SavePackage: Generating thumbnails for [1] asset(s) in package [/Game/FbxAssets/Furniture/IKEA_S_DERHAMN_SOFA_Mat] ([1] browsable assets)...
[2016.12.07-09.03.42:373][375]OBJ SavePackage:     Rendered thumbnail for [Material /Game/FbxAssets/Furniture/IKEA_S_DERHAMN_SOFA_Mat.IKEA_S_DERHAMN_SOFA_Mat]
[2016.12.07-09.03.42:373][375]OBJ SavePackage: Finished generating thumbnails for package [/Game/FbxAssets/Furniture/IKEA_S_DERHAMN_SOFA_Mat]
[2016.12.07-09.03.42:383][375]LogSavePackage: Save=9.63ms
[2016.12.07-09.03.42:383][375]LogSavePackage: Moving 'D:/UnrealProjects/Gummi Anka/GummiAnka/Saved/IKEA_S_DERHAMN_SOFA_Mat_Auto2F781BC7F4A3AE763B55C58A6B53D9D1F.tmp' to 'D:/UnrealProjects/Gummi Anka/GummiAnka/Saved/Autosaves/Game/FbxAssets/Furniture/IKEA_S_DERHAMN_SOFA_Mat_Auto2.uasset'
[2016.12.07-09.03.42:384][375]LogSavePackage:Display: Finished SavePackage D:/UnrealProjects/Gummi Anka/GummiAnka/Saved/Autosaves/Game/FbxAssets/Furniture/IKEA_S_DERHAMN_SOFA_Mat_Auto2.uasset
[2016.12.07-09.03.42:384][375]OBJ SavePackage: Generating thumbnails for [1] asset(s) in package [/Game/FbxAssets/Furniture/Luminaire_Trinitas_-_LampadaireMat] ([1] browsable assets)...
[2016.12.07-09.03.42:412][375]OBJ SavePackage:     Rendered thumbnail for [Material /Game/FbxAssets/Furniture/Luminaire_Trinitas_-_LampadaireMat.Luminaire_Trinitas_-_LampadaireMat]
[2016.12.07-09.03.42:412][375]OBJ SavePackage: Finished generating thumbnails for package [/Game/FbxAssets/Furniture/Luminaire_Trinitas_-_LampadaireMat]
[2016.12.07-09.03.42:422][375]LogSavePackage: Save=9.27ms
[2016.12.07-09.03.42:422][375]LogSavePackage: Moving 'D:/UnrealProjects/Gummi Anka/GummiAnka/Saved/Luminaire_Trinitas_-_LampadaireMat_Auto232B982F54E5A34B05ADDBF911DAFE08D.tmp' to 'D:/UnrealProjects/Gummi Anka/GummiAnka/Saved/Autosaves/Game/FbxAssets/Furniture/Luminaire_Trinitas_-_LampadaireMat_Auto2.uasset'
[2016.12.07-09.03.42:423][375]LogSavePackage:Display: Finished SavePackage D:/UnrealProjects/Gummi Anka/GummiAnka/Saved/Autosaves/Game/FbxAssets/Furniture/Luminaire_Trinitas_-_LampadaireMat_Auto2.uasset
[2016.12.07-09.03.42:423][375]OBJ SavePackage: Generating thumbnails for [1] asset(s) in package [/Game/FbxAssets/Furniture/Luminaire_Trinitas_-_SuspentionMat] ([1] browsable assets)...
[2016.12.07-09.03.42:450][375]OBJ SavePackage:     Rendered thumbnail for [Material /Game/FbxAssets/Furniture/Luminaire_Trinitas_-_SuspentionMat.Luminaire_Trinitas_-_SuspentionMat]
[2016.12.07-09.03.42:450][375]OBJ SavePackage: Finished generating thumbnails for package [/Game/FbxAssets/Furniture/Luminaire_Trinitas_-_SuspentionMat]
[2016.12.07-09.03.42:460][375]LogSavePackage: Save=9.44ms
[2016.12.07-09.03.42:460][375]LogSavePackage: Moving 'D:/UnrealProjects/Gummi Anka/GummiAnka/Saved/Luminaire_Trinitas_-_SuspentionMat_Auto27F39EEF04A28EDF821E9539D8DBB6D35.tmp' to 'D:/UnrealProjects/Gummi Anka/GummiAnka/Saved/Autosaves/Game/FbxAssets/Furniture/Luminaire_Trinitas_-_SuspentionMat_Auto2.uasset'
[2016.12.07-09.03.42:462][375]LogSavePackage:Display: Finished SavePackage D:/UnrealProjects/Gummi Anka/GummiAnka/Saved/Autosaves/Game/FbxAssets/Furniture/Luminaire_Trinitas_-_SuspentionMat_Auto2.uasset
[2016.12.07-09.03.42:462][375]LogFileHelpers: Auto-saving content packages took 0.122
[2016.12.07-09.10.13:571][704]LogFactory: FactoryCreateFile: StaticMesh with FbxFactory (0 0 D:/UnrealProjects/Fbx assets/Sofa.obj)
[2016.12.07-09.10.13:729][704]LogFbx: Loading FBX Scene from D:/UnrealProjects/Fbx assets/Sofa.obj
