Log file open, 12/07/16 10:11:01
LogInit:Display: Running engine for game: GummiAnka
LogPlatformFile: Not using cached read wrapper
LogInit:Display: RandInit(1611328840) SRandInit(1611328840).
LogTaskGraph: Started task graph with 5 named threads and 8 total threads with 1 sets of task threads.
LogStats: Stats thread started at 0.095013
LogPluginManager: Loaded Plugin Paper2D, From C:/Program Files/Epic Games/4.14/Engine/Plugins/2D/Paper2D/Paper2D.uplugin
LogPluginManager: Loaded Plugin LightPropagationVolume, From C:/Program Files/Epic Games/4.14/Engine/Plugins/Blendables/LightPropagationVolume/LightPropagationVolume.uplugin
LogPluginManager: Loaded Plugin BlankPlugin, From C:/Program Files/Epic Games/4.14/Engine/Plugins/Developer/BlankPlugin/BlankPlugin.uplugin
LogPluginManager: Loaded Plugin CodeLiteSourceCodeAccess, From C:/Program Files/Epic Games/4.14/Engine/Plugins/Developer/CodeLiteSourceCodeAccess/CodeLiteSourceCodeAccess.uplugin
LogPluginManager: Loaded Plugin GitSourceControl, From C:/Program Files/Epic Games/4.14/Engine/Plugins/Developer/GitSourceControl/GitSourceControl.uplugin
LogPluginManager: Loaded Plugin KDevelopSourceCodeAccess, From C:/Program Files/Epic Games/4.14/Engine/Plugins/Developer/KDevelopSourceCodeAccess/KDevelopSourceCodeAccess.uplugin
LogPluginManager: Loaded Plugin NullSourceCodeAccess, From C:/Program Files/Epic Games/4.14/Engine/Plugins/Developer/NullSourceCodeAccess/NullSourceCodeAccess.uplugin
LogPluginManager: Loaded Plugin OneSkyLocalizationService, From C:/Program Files/Epic Games/4.14/Engine/Plugins/Developer/OneSkyLocalizationService/OneSkyLocalizationService.uplugin
LogPluginManager: Loaded Plugin PerforceSourceControl, From C:/Program Files/Epic Games/4.14/Engine/Plugins/Developer/PerforceSourceControl/PerforceSourceControl.uplugin
LogPluginManager: Loaded Plugin SubversionSourceControl, From C:/Program Files/Epic Games/4.14/Engine/Plugins/Developer/SubversionSourceControl/SubversionSourceControl.uplugin
LogPluginManager: Loaded Plugin UObjectPlugin, From C:/Program Files/Epic Games/4.14/Engine/Plugins/Developer/UObjectPlugin/UObjectPlugin.uplugin
LogPluginManager: Loaded Plugin VisualStudioSourceCodeAccess, From C:/Program Files/Epic Games/4.14/Engine/Plugins/Developer/VisualStudioSourceCodeAccess/VisualStudioSourceCodeAccess.uplugin
LogPluginManager: Loaded Plugin XCodeSourceCodeAccess, From C:/Program Files/Epic Games/4.14/Engine/Plugins/Developer/XCodeSourceCodeAccess/XCodeSourceCodeAccess.uplugin
LogPluginManager: Loaded Plugin AudioCapture, From C:/Program Files/Epic Games/4.14/Engine/Plugins/Editor/AudioCapture/AudioCapture.uplugin
LogPluginManager: Loaded Plugin EpicSurvey, From C:/Program Files/Epic Games/4.14/Engine/Plugins/Editor/EpicSurvey/EpicSurvey.uplugin
LogPluginManager: Loaded Plugin MacGraphicsSwitching, From C:/Program Files/Epic Games/4.14/Engine/Plugins/Editor/MacGraphicsSwitching/MacGraphicsSwitching.uplugin
LogPluginManager: Loaded Plugin MobileLauncherProfileWizard, From C:/Program Files/Epic Games/4.14/Engine/Plugins/Editor/MobileLauncherProfileWizard/MobileLauncherProfileWizard.uplugin
LogPluginManager: Loaded Plugin PluginBrowser, From C:/Program Files/Epic Games/4.14/Engine/Plugins/Editor/PluginBrowser/PluginBrowser.uplugin
LogPluginManager: Loaded Plugin SpeedTreeImporter, From C:/Program Files/Epic Games/4.14/Engine/Plugins/Editor/SpeedTreeImporter/SpeedTreeImporter.uplugin
LogPluginManager: Loaded Plugin SuperSearchEditor, From C:/Program Files/Epic Games/4.14/Engine/Plugins/Editor/SuperSearchEditor/SuperSearchEditor.uplugin
LogPluginManager: Loaded Plugin AlembicImporter, From C:/Program Files/Epic Games/4.14/Engine/Plugins/Experimental/AlembicImporter/AlembicImporter.uplugin
LogPluginManager: Loaded Plugin BlueprintStats, From C:/Program Files/Epic Games/4.14/Engine/Plugins/Experimental/BlueprintStats/BlueprintStats.uplugin
LogPluginManager: Loaded Plugin CharacterAI, From C:/Program Files/Epic Games/4.14/Engine/Plugins/Experimental/CharacterAI/CharacterAI.uplugin
LogPluginManager: Loaded Plugin CodeEditor, From C:/Program Files/Epic Games/4.14/Engine/Plugins/Experimental/CodeEditor/CodeEditor.uplugin
LogPluginManager: Loaded Plugin CodeView, From C:/Program Files/Epic Games/4.14/Engine/Plugins/Experimental/CodeView/CodeView.uplugin
LogPluginManager: Loaded Plugin HTML5Networking, From C:/Program Files/Epic Games/4.14/Engine/Plugins/Experimental/HTML5Networking/HTML5Networking.uplugin
LogPluginManager: Loaded Plugin OSVR, From C:/Program Files/Epic Games/4.14/Engine/Plugins/Experimental/OSVR/OSVR.uplugin
LogPluginManager: Loaded Plugin Phya, From C:/Program Files/Epic Games/4.14/Engine/Plugins/Experimental/Phya/Phya.uplugin
LogPluginManager: Loaded Plugin SignificanceManager, From C:/Program Files/Epic Games/4.14/Engine/Plugins/Experimental/SignificanceManager/SignificanceManager.uplugin
LogPluginManager: Loaded Plugin SimpleHMD, From C:/Program Files/Epic Games/4.14/Engine/Plugins/Experimental/SimpleHMD/SimpleHMD.uplugin
LogPluginManager: Loaded Plugin StereoPanorama, From C:/Program Files/Epic Games/4.14/Engine/Plugins/Experimental/StereoPanorama/StereoPanorama.uplugin
LogPluginManager: Loaded Plugin StructBox, From C:/Program Files/Epic Games/4.14/Engine/Plugins/Experimental/StructBox/StructBox.uplugin
LogPluginManager: Loaded Plugin AndroidMedia, From C:/Program Files/Epic Games/4.14/Engine/Plugins/Media/AndroidMedia/AndroidMedia.uplugin
LogPluginManager: Loaded Plugin AvfMedia, From C:/Program Files/Epic Games/4.14/Engine/Plugins/Media/AvfMedia/AvfMedia.uplugin
LogPluginManager: Loaded Plugin MediaPlayerEditor, From C:/Program Files/Epic Games/4.14/Engine/Plugins/Media/MediaPlayerEditor/MediaPlayerEditor.uplugin
LogPluginManager: Loaded Plugin WmfMedia, From C:/Program Files/Epic Games/4.14/Engine/Plugins/Media/WmfMedia/WmfMedia.uplugin
LogPluginManager: Loaded Plugin MessagingDebugger, From C:/Program Files/Epic Games/4.14/Engine/Plugins/Messaging/MessagingDebugger/MessagingDebugger.uplugin
LogPluginManager: Loaded Plugin TcpMessaging, From C:/Program Files/Epic Games/4.14/Engine/Plugins/Messaging/TcpMessaging/TcpMessaging.uplugin
LogPluginManager: Loaded Plugin UdpMessaging, From C:/Program Files/Epic Games/4.14/Engine/Plugins/Messaging/UdpMessaging/UdpMessaging.uplugin
LogPluginManager: Loaded Plugin LevelSequenceEditor, From C:/Program Files/Epic Games/4.14/Engine/Plugins/MovieScene/LevelSequenceEditor/LevelSequenceEditor.uplugin
LogPluginManager: Loaded Plugin MatineeToLevelSequence, From C:/Program Files/Epic Games/4.14/Engine/Plugins/MovieScene/MatineeToLevelSequence/MatineeToLevelSequence.uplugin
LogPluginManager: Loaded Plugin NetcodeUnitTest, From C:/Program Files/Epic Games/4.14/Engine/Plugins/NetcodeUnitTest/NetcodeUnitTest/NetcodeUnitTest.uplugin
LogPluginManager: Loaded Plugin NUTUnrealEngine4, From C:/Program Files/Epic Games/4.14/Engine/Plugins/NetcodeUnitTest/NUTUnrealEngine4/NUTUnrealEngine4.uplugin
LogPluginManager: Loaded Plugin OnlineSubsystemGameCircle, From C:/Program Files/Epic Games/4.14/Engine/Plugins/Online/Android/OnlineSubsystemGameCircle/OnlineSubsystemGameCircle.uplugin
LogPluginManager: Loaded Plugin OnlineSubsystemGooglePlay, From C:/Program Files/Epic Games/4.14/Engine/Plugins/Online/Android/OnlineSubsystemGooglePlay/OnlineSubsystemGooglePlay.uplugin
LogPluginManager: Loaded Plugin OnlineSubsystemIOS, From C:/Program Files/Epic Games/4.14/Engine/Plugins/Online/IOS/OnlineSubsystemIOS/OnlineSubsystemIOS.uplugin
LogPluginManager: Loaded Plugin OnlineFramework, From C:/Program Files/Epic Games/4.14/Engine/Plugins/Online/OnlineFramework/OnlineFramework.uplugin
LogPluginManager: Loaded Plugin OnlineSubsystem, From C:/Program Files/Epic Games/4.14/Engine/Plugins/Online/OnlineSubsystem/OnlineSubsystem.uplugin
LogPluginManager: Loaded Plugin OnlineSubsystemAmazon, From C:/Program Files/Epic Games/4.14/Engine/Plugins/Online/OnlineSubsystemAmazon/OnlineSubsystemAmazon.uplugin
LogPluginManager: Loaded Plugin OnlineSubsystemFacebook, From C:/Program Files/Epic Games/4.14/Engine/Plugins/Online/OnlineSubsystemFacebook/OnlineSubsystemFacebook.uplugin
LogPluginManager: Loaded Plugin OnlineSubsystemNull, From C:/Program Files/Epic Games/4.14/Engine/Plugins/Online/OnlineSubsystemNull/OnlineSubsystemNull.uplugin
LogPluginManager: Loaded Plugin OnlineSubsystemOculus, From C:/Program Files/Epic Games/4.14/Engine/Plugins/Online/OnlineSubsystemOculus/OnlineSubsystemOculus.uplugin
LogPluginManager: Loaded Plugin OnlineSubsystemSteam, From C:/Program Files/Epic Games/4.14/Engine/Plugins/Online/OnlineSubsystemSteam/OnlineSubsystemSteam.uplugin
LogPluginManager: Loaded Plugin OnlineSubsystemUtils, From C:/Program Files/Epic Games/4.14/Engine/Plugins/Online/OnlineSubsystemUtils/OnlineSubsystemUtils.uplugin
LogPluginManager: Loaded Plugin IOSTapJoy, From C:/Program Files/Epic Games/4.14/Engine/Plugins/Runtime/Advertising/IOSTapJoy/IOSTapJoy.uplugin
LogPluginManager: Loaded Plugin AnalyticsBlueprintLibrary, From C:/Program Files/Epic Games/4.14/Engine/Plugins/Runtime/Analytics/AnalyticsBlueprintLibrary/AnalyticsBlueprintLibrary.uplugin
LogPluginManager: Loaded Plugin AnalyticsMulticast, From C:/Program Files/Epic Games/4.14/Engine/Plugins/Runtime/Analytics/AnalyticsMulticast/AnalyticsMulticast.uplugin
LogPluginManager: Loaded Plugin Apsalar, From C:/Program Files/Epic Games/4.14/Engine/Plugins/Runtime/Analytics/Apsalar/Apsalar.uplugin
LogPluginManager: Loaded Plugin FileLogging, From C:/Program Files/Epic Games/4.14/Engine/Plugins/Runtime/Analytics/FileLogging/FileLogging.uplugin
LogPluginManager: Loaded Plugin Flurry, From C:/Program Files/Epic Games/4.14/Engine/Plugins/Runtime/Analytics/Flurry/Flurry.uplugin
LogPluginManager: Loaded Plugin AndroidDeviceProfileSelector, From C:/Program Files/Epic Games/4.14/Engine/Plugins/Runtime/AndroidDeviceProfileSelector/AndroidDeviceProfileSelector.uplugin
LogPluginManager: Loaded Plugin AndroidMoviePlayer, From C:/Program Files/Epic Games/4.14/Engine/Plugins/Runtime/AndroidMoviePlayer/AndroidMoviePlayer.uplugin
LogPluginManager: Loaded Plugin AppleMoviePlayer, From C:/Program Files/Epic Games/4.14/Engine/Plugins/Runtime/AppleMoviePlayer/AppleMoviePlayer.uplugin
LogPluginManager: Loaded Plugin ArchVisCharacter, From C:/Program Files/Epic Games/4.14/Engine/Plugins/Runtime/ArchVisCharacter/ArchVisCharacter.uplugin
LogPluginManager: Loaded Plugin CableComponent, From C:/Program Files/Epic Games/4.14/Engine/Plugins/Runtime/CableComponent/CableComponent.uplugin
LogPluginManager: Loaded Plugin CustomMeshComponent, From C:/Program Files/Epic Games/4.14/Engine/Plugins/Runtime/CustomMeshComponent/CustomMeshComponent.uplugin
LogPluginManager: Loaded Plugin ExampleDeviceProfileSelector, From C:/Program Files/Epic Games/4.14/Engine/Plugins/Runtime/ExampleDeviceProfileSelector/ExampleDeviceProfileSelector.uplugin
LogPluginManager: Loaded Plugin GearVR, From C:/Program Files/Epic Games/4.14/Engine/Plugins/Runtime/GearVR/GearVR.uplugin
LogPluginManager: Loaded Plugin GoogleVRController, From C:/Program Files/Epic Games/4.14/Engine/Plugins/Runtime/GoogleVR/GoogleVRController/GoogleVRController.uplugin
LogPluginManager: Loaded Plugin GoogleVRHMD, From C:/Program Files/Epic Games/4.14/Engine/Plugins/Runtime/GoogleVR/GoogleVRHMD/GoogleVRHMD.uplugin
LogPluginManager: Loaded Plugin IOSDeviceProfileSelector, From C:/Program Files/Epic Games/4.14/Engine/Plugins/Runtime/IOSDeviceProfileSelector/IOSDeviceProfileSelector.uplugin
LogPluginManager: Loaded Plugin LeapMotion, From C:/Program Files/Epic Games/4.14/Engine/Plugins/Runtime/LeapMotion/LeapMotion.uplugin
LogPluginManager: Loaded Plugin LinuxDeviceProfileSelector, From C:/Program Files/Epic Games/4.14/Engine/Plugins/Runtime/LinuxDeviceProfileSelector/LinuxDeviceProfileSelector.uplugin
LogPluginManager: Loaded Plugin MIDIDevice, From C:/Program Files/Epic Games/4.14/Engine/Plugins/Runtime/MIDIDevice/MIDIDevice.uplugin
LogPluginManager: Loaded Plugin MobilePatchingUtils, From C:/Program Files/Epic Games/4.14/Engine/Plugins/Runtime/MobilePatchingUtils/MobilePatchingUtils.uplugin
LogPluginManager: Loaded Plugin Ansel, From C:/Program Files/Epic Games/4.14/Engine/Plugins/Runtime/Nvidia/Ansel/Ansel.uplugin
LogPluginManager: Loaded Plugin OculusAudio, From C:/Program Files/Epic Games/4.14/Engine/Plugins/Runtime/OculusAudio/OculusAudio.uplugin
LogPluginManager: Loaded Plugin OculusInput, From C:/Program Files/Epic Games/4.14/Engine/Plugins/Runtime/OculusInput/OculusInput.uplugin
LogPluginManager: Loaded Plugin OculusLibrary, From C:/Program Files/Epic Games/4.14/Engine/Plugins/Runtime/OculusLibrary/OculusLibrary.uplugin
LogPluginManager: Loaded Plugin OculusRift, From C:/Program Files/Epic Games/4.14/Engine/Plugins/Runtime/OculusRift/OculusRift.uplugin
LogPluginManager: Loaded Plugin Oodle, From C:/Program Files/Epic Games/4.14/Engine/Plugins/Runtime/PacketHandlers/CompressionComponents/Oodle/Oodle.uplugin
LogPluginManager: Loaded Plugin ProceduralMeshComponent, From C:/Program Files/Epic Games/4.14/Engine/Plugins/Runtime/ProceduralMeshComponent/ProceduralMeshComponent.uplugin
LogPluginManager: Loaded Plugin SoundMod, From C:/Program Files/Epic Games/4.14/Engine/Plugins/Runtime/SoundMod/SoundMod.uplugin
LogPluginManager: Loaded Plugin SoundVisualizations, From C:/Program Files/Epic Games/4.14/Engine/Plugins/Runtime/SoundVisualizations/SoundVisualizations.uplugin
LogPluginManager: Loaded Plugin SteamController, From C:/Program Files/Epic Games/4.14/Engine/Plugins/Runtime/Steam/SteamController/SteamController.uplugin
LogPluginManager: Loaded Plugin SteamVR, From C:/Program Files/Epic Games/4.14/Engine/Plugins/Runtime/Steam/SteamVR/SteamVR.uplugin
LogPluginManager: Loaded Plugin WebBrowserWidget, From C:/Program Files/Epic Games/4.14/Engine/Plugins/Runtime/WebBrowserWidget/WebBrowserWidget.uplugin
LogPluginManager: Loaded Plugin WindowsDeviceProfileSelector, From C:/Program Files/Epic Games/4.14/Engine/Plugins/Runtime/WindowsDeviceProfileSelector/WindowsDeviceProfileSelector.uplugin
LogPluginManager: Loaded Plugin WindowsMoviePlayer, From C:/Program Files/Epic Games/4.14/Engine/Plugins/Runtime/WindowsMoviePlayer/WindowsMoviePlayer.uplugin
LogPluginManager: Loaded Plugin ScriptPlugin, From C:/Program Files/Epic Games/4.14/Engine/Plugins/ScriptPlugin/ScriptPlugin.uplugin
LogPluginManager: Loaded Plugin SlateRemote, From C:/Program Files/Epic Games/4.14/Engine/Plugins/Slate/SlateRemote/SlateRemote.uplugin
LogPluginManager: Loaded Plugin EditorTests, From C:/Program Files/Epic Games/4.14/Engine/Plugins/Tests/EditorTests/EditorTests.uplugin
LogPluginManager: Loaded Plugin FbxAutomationTestBuilder, From C:/Program Files/Epic Games/4.14/Engine/Plugins/Tests/FbxAutomationTestBuilder/FbxAutomationTestBuilder.uplugin
LogPluginManager: Loaded Plugin FunctionalTestingEditor, From C:/Program Files/Epic Games/4.14/Engine/Plugins/Tests/FunctionalTestingEditor/FunctionalTestingEditor.uplugin
LogPluginManager: Loaded Plugin RuntimeTests, From C:/Program Files/Epic Games/4.14/Engine/Plugins/Tests/RuntimeTests/RuntimeTests.uplugin
LogPluginManager: Loaded Plugin ScreenshotTools, From C:/Program Files/Epic Games/4.14/Engine/Plugins/Tests/ScreenshotTools/ScreenshotTools.uplugin
LogInit: Using libcurl 7.47.1
LogInit:  - built for x86_64-pc-win32
LogInit:  - supports SSL with OpenSSL/1.0.2g
LogInit:  - supports HTTP deflate (compression) using libz 1.2.8
LogInit:  - other features:
LogInit:      CURL_VERSION_SSL
LogInit:      CURL_VERSION_LIBZ
LogInit:      CURL_VERSION_IPV6
LogInit:      CURL_VERSION_ASYNCHDNS
LogInit:      CURL_VERSION_LARGEFILE
LogInit:      CURL_VERSION_IDN
LogInit:  CurlRequestOptions (configurable via config and command line):
LogInit:  - bVerifyPeer = false  - Libcurl will NOT verify peer certificate
LogInit:  - bUseHttpProxy = false  - Libcurl will NOT use HTTP proxy
LogInit:  - bDontReuseConnections = false  - Libcurl will reuse connections
LogInit:  - CertBundlePath = nullptr  - Libcurl will use whatever was configured at build time.
OCULUS: Info: [CAPI] LibOVR module is located at C:\Program Files\Oculus\Support\oculus-runtime\LibOVRRT64_1.dll
OCULUS: Debug: Connected to the server running version (prod = 1).1.10.0(build = 310947) feature version = 0. Client runs version (prod = 1).1.10.0(build = 310947) feature version = 0
LogInit: Build: ++UE4+Release-4.14-CL-3195953
LogInit: Engine Version: 4.14.0-3195953+++UE4+Release-4.14
LogInit: Compatible Engine Version: 4.14.0-3195953+++UE4+Release-4.14
LogInit: Net CL: 3195953
LogDevObjectVersion: Number of dev versions registered: 13
LogDevObjectVersion:   Dev-Blueprints (B0D832E4-1F89-4F0D-ACCF-7EB736FD4AA2): 7
LogDevObjectVersion:   Dev-Build (E1C64328-A22C-4D53-A36C-8E866417BD8C): 0
LogDevObjectVersion:   Dev-Core (375EC13C-06E4-48FB-B500-84F0262A717E): 1
LogDevObjectVersion:   Dev-Editor (E4B068ED-F494-42E9-A231-DA0B2E46BB41): 8
LogDevObjectVersion:   Dev-Framework (CFFC743F-43B0-4480-9391-14DF171D2073): 17
LogDevObjectVersion:   Dev-Mobile (B02B49B5-BB20-44E9-A304-32B752E40360): 0
LogDevObjectVersion:   Dev-Networking (A4E4105C-59A1-49B5-A7C5-40C4547EDFEE): 0
LogDevObjectVersion:   Dev-Online (39C831C9-5AE6-47DC-9A44-9C173E1C8E7C): 0
LogDevObjectVersion:   Dev-Physics (78F01B33-EBEA-4F98-B9B4-84EACCB95AA2): 0
LogDevObjectVersion:   Dev-Platform (6631380F-2D4D-43E0-8009-CF276956A95A): 0
LogDevObjectVersion:   Dev-Rendering (12F88B9F-8875-4AFC-A67C-D90C383ABD29): 12
LogDevObjectVersion:   Dev-Sequencer (7B5AE74C-D270-4C10-A958-57980B212A5A): 1
LogDevObjectVersion:   Dev-VR (D7296918-1DD6-4BDD-9DE2-64A83CC13884): 0
LogInit: Compiled (64-bit): Nov 12 2016 02:14:10
LogInit: Compiled with Visual C++: 19.00.23026.00
LogInit: Build Configuration: Development
LogInit: Branch Name: ++UE4+Release-4.14
LogInit: Command line:  
LogInit: Base directory: C:/Program Files/Epic Games/4.14/Engine/Binaries/Win64/
LogInit: Installed Engine Build: 1
LogInit: Presizing for max 8388607 objects, including 0 objects not considered by GC, pre-allocating 0 bytes for permanent pool.
LogInit: Object subsystem initialized
[2016.12.07-09.11.02:167][  0]LogInit: Selected Device Profile: [Windows]
[2016.12.07-09.11.02:167][  0]LogInit: Applying CVar settings loaded from the selected device profile: [Windows]
[2016.12.07-09.11.02:183][  0]LogInit: Computer: 3SE-SPEL-64
[2016.12.07-09.11.02:183][  0]LogInit: User: persja
[2016.12.07-09.11.02:183][  0]LogInit: CPU Page size=65536, Cores=4
[2016.12.07-09.11.02:183][  0]LogInit: High frequency timer resolution =3.123232 MHz
[2016.12.07-09.11.02:183][  0]LogMemory: Memory total: Physical=7.9GB (8GB approx)
[2016.12.07-09.11.02:183][  0]LogMemory: Platform Memory Stats for Windows
[2016.12.07-09.11.02:183][  0]LogMemory: Process Physical Memory: 272.98 MB used, 272.98 MB peak
[2016.12.07-09.11.02:183][  0]LogMemory: Process Virtual Memory: 270.52 MB used, 270.52 MB peak
[2016.12.07-09.11.02:183][  0]LogMemory: Physical Memory: 5535.09 MB used,  2600.11 MB free, 8135.20 MB total
[2016.12.07-09.11.02:183][  0]LogMemory: Virtual Memory: 708.44 MB used,  2600.11 MB free, 8388608.00 MB total
[2016.12.07-09.11.02:220][  0]LogTextLocalizationManager: No translations for ('sv-SE') exist, falling back to 'en' for localization and internationalization data.
[2016.12.07-09.11.03:063][  0]LogD3D11RHI: D3D11 adapters:
[2016.12.07-09.11.03:084][  0]LogD3D11RHI:    0. 'NVIDIA GeForce GTX 970' (Feature Level 11_0)
[2016.12.07-09.11.03:084][  0]LogD3D11RHI:       4007/0/3811 MB DedicatedVideo/DedicatedSystem/SharedSystem, Outputs:2, VendorId:0x10de
[2016.12.07-09.11.03:084][  0]LogD3D11RHI: Chosen D3D11 Adapter: 0
[2016.12.07-09.11.03:087][  0]LogD3D11RHI: Creating new Direct3DDevice
[2016.12.07-09.11.03:088][  0]LogD3D11RHI:     GPU DeviceId: 0x13c2 (for the marketing name, search the web for "GPU Device Id")
[2016.12.07-09.11.03:088][  0]LogWindows: EnumDisplayDevices:
[2016.12.07-09.11.03:088][  0]LogWindows:    0. 'NVIDIA GeForce GTX 970' (P:0 D:1)
[2016.12.07-09.11.03:088][  0]LogWindows:    1. 'NVIDIA GeForce GTX 970' (P:1 D:1)
[2016.12.07-09.11.03:088][  0]LogWindows:    2. 'NVIDIA GeForce GTX 970' (P:0 D:0)
[2016.12.07-09.11.03:088][  0]LogWindows:    3. 'NVIDIA GeForce GTX 970' (P:0 D:0)
[2016.12.07-09.11.03:088][  0]LogWindows:    4. 'RDPDD Chained DD' (P:0 D:0)
[2016.12.07-09.11.03:088][  0]LogWindows:    5. 'RDP Encoder Mirror Driver' (P:0 D:0)
[2016.12.07-09.11.03:088][  0]LogWindows:    6. 'RDP Reflector Display Driver' (P:0 D:0)
[2016.12.07-09.11.03:088][  0]LogWindows: DebugString: GetVideoDriverDetailsInvalid PrimaryIsNotTheChoosenAdapter GetVideoDriverDetailsInvalid PrimaryIsNotTheChoosenAdapter GetVideoDriverDetailsInvalid PrimaryIsNotTheChoosenAdapter FoundDriverCount:4 
[2016.12.07-09.11.03:088][  0]LogD3D11RHI:     Adapter Name: NVIDIA GeForce GTX 970
[2016.12.07-09.11.03:088][  0]LogD3D11RHI:   Driver Version: 372.54 (internal:21.21.13.7254, unified:372.54)
[2016.12.07-09.11.03:088][  0]LogD3D11RHI:      Driver Date: 8-11-2016
[2016.12.07-09.11.03:088][  0]LogRHI: Texture pool is 1361 MB (70% of 1945 MB)
[2016.12.07-09.11.03:096][  0]LogD3D11RHI: Async texture creation enabled
[2016.12.07-09.11.03:110][  0]LogD3D11RHI: GPU Timing Frequency: 1000.000000 (Debug: 2 2)
[2016.12.07-09.11.03:110][  0]LogShaderCompilers: Guid format shader working directory is 9 characters bigger than the processId version (D:/UnrealProjects/Gummi Anka/GummiAnka/Intermediate/Shaders/WorkingDirectory/8156/).
[2016.12.07-09.11.03:110][  0]LogShaderCompilers: Cleaned the shader compiler working directory 'C:/Users/persja/AppData/Local/Temp/UnrealShaderWorkingDir/3FEDA28C490C910A477DE694F7C46454/'.
[2016.12.07-09.11.03:110][  0]LogShaderCompilers:Display: Using Local Shader Compiler.
[2016.12.07-09.11.04:442][  0]LogTemp:Display: Loaded TP AllDesktopTargetPlatform
[2016.12.07-09.11.04:499][  0]LogTemp:Display: Loaded TP MacClientTargetPlatform
[2016.12.07-09.11.04:547][  0]LogTemp:Display: Loaded TP MacNoEditorTargetPlatform
[2016.12.07-09.11.04:595][  0]LogTemp:Display: Loaded TP MacServerTargetPlatform
[2016.12.07-09.11.04:648][  0]LogTemp:Display: Loaded TP MacTargetPlatform
[2016.12.07-09.11.04:696][  0]LogTemp:Display: Loaded TP WindowsClientTargetPlatform
[2016.12.07-09.11.04:744][  0]LogTemp:Display: Loaded TP WindowsNoEditorTargetPlatform
[2016.12.07-09.11.04:791][  0]LogTemp:Display: Loaded TP WindowsServerTargetPlatform
[2016.12.07-09.11.04:828][  0]LogTemp:Display: Loaded TP WindowsTargetPlatform
[2016.12.07-09.11.04:879][  0]LogTemp:Display: Loaded TP AndroidTargetPlatform
[2016.12.07-09.11.04:926][  0]LogTemp:Display: Loaded TP Android_ASTCTargetPlatform
[2016.12.07-09.11.04:972][  0]LogTemp:Display: Loaded TP Android_ATCTargetPlatform
[2016.12.07-09.11.05:022][  0]LogTemp:Display: Loaded TP Android_DXTTargetPlatform
[2016.12.07-09.11.05:069][  0]LogTemp:Display: Loaded TP Android_ETC1TargetPlatform
[2016.12.07-09.11.05:115][  0]LogTemp:Display: Loaded TP Android_ETC2TargetPlatform
[2016.12.07-09.11.05:212][  0]LogTemp:Display: Loaded TP Android_MultiTargetPlatform
[2016.12.07-09.11.05:212][  0]LogTemp:Display: Loaded TP Android_PVRTCTargetPlatform
[2016.12.07-09.11.05:243][  0]LogTemp:Display: Loaded TP HTML5TargetPlatform
[2016.12.07-09.11.05:319][  0]LogTemp:Display: Loaded TP IOSTargetPlatform
[2016.12.07-09.11.05:346][  0]LogTemp:Display: Loaded TP TVOSTargetPlatform
[2016.12.07-09.11.05:392][  0]LogTemp:Display: Loaded TP LinuxClientTargetPlatform
[2016.12.07-09.11.05:439][  0]LogTemp:Display: Loaded TP LinuxNoEditorTargetPlatform
[2016.12.07-09.11.05:486][  0]LogTemp:Display: Loaded TP LinuxServerTargetPlatform
[2016.12.07-09.11.05:537][  0]LogTemp:Display: Loaded TP LinuxTargetPlatform
[2016.12.07-09.11.05:537][  0]LogTargetPlatformManager:Display: Building Assets For Windows
[2016.12.07-09.11.05:840][  0]LogDerivedDataCache:Display: Max Cache Size: 512 MB
[2016.12.07-09.11.06:005][  0]LogDerivedDataCache: Loaded boot cache 0.16s 50MB C:/Users/persja/AppData/Local/UnrealEngine/4.14/DerivedDataCache/Boot.ddc.
[2016.12.07-09.11.06:005][  0]LogDerivedDataCache:Display: Loaded Boot cache: C:/Users/persja/AppData/Local/UnrealEngine/4.14/DerivedDataCache/Boot.ddc
[2016.12.07-09.11.06:005][  0]LogDerivedDataCache: FDerivedDataBackendGraph:  Pak pak cache file D:/UnrealProjects/Gummi Anka/GummiAnka/DerivedDataCache/DDC.ddp not found, will not use a pak cache.
[2016.12.07-09.11.06:005][  0]LogDerivedDataCache: Unable to find inner node Pak for hierarchical cache Hierarchy.
[2016.12.07-09.11.06:005][  0]LogDerivedDataCache: FDerivedDataBackendGraph:  CompressedPak pak cache file D:/UnrealProjects/Gummi Anka/GummiAnka/DerivedDataCache/Compressed.ddp not found, will not use a pak cache.
[2016.12.07-09.11.06:005][  0]LogDerivedDataCache: Unable to find inner node CompressedPak for hierarchical cache Hierarchy.
[2016.12.07-09.11.06:022][  0]LogDerivedDataCache:Display: Pak cache opened for reading ../../../Engine/DerivedDataCache/Compressed.ddp.
[2016.12.07-09.11.06:033][  0]LogDerivedDataCache: Using Local data cache path C:/Users/persja/AppData/Local/UnrealEngine/Common/DerivedDataCache: Writable
[2016.12.07-09.11.06:293][  0]LogInit: Selected Device Profile: [Windows]
[2016.12.07-09.11.06:296][  0]LogContentStreaming: Texture pool size is 0.00 MB
[2016.12.07-09.11.06:483][  0]LogMeshUtilities: Using QuadricMeshReduction for automatic static mesh reduction
[2016.12.07-09.11.06:518][  0]LogSimplygon: Simplygon DLL not present - disabling.
[2016.12.07-09.11.06:553][  0]LogMeshUtilities: Using SimplygonSwarm for distributed automatic mesh merging
[2016.12.07-09.11.06:553][  0]LogMeshUtilities: No automatic skeletal mesh reduction module available
[2016.12.07-09.11.06:553][  0]LogMeshUtilities: No automatic mesh merging module available
[2016.12.07-09.11.07:128][  0]LogNetVersion: GetLocalNetworkVersion: CL: 3195953, ProjectName: gummianka, ProjectVersion: , EngineNetworkVersion: 2, GameNetworkVersion: 0, NetworkChecksum: 4040118093
[2016.12.07-09.11.07:177][  0]LogAssetRegistry: FAssetRegistry took 0.0199 seconds to start up
[2016.12.07-09.11.07:212][  0]LogPackageLocalizationCache: Processed 3 localized package path(s) for 1 prioritized culture(s) in 0.020735 seconds
[2016.12.07-09.11.07:218][  0]LogUObjectArray: 31946 objects as part of root set at end of initial load.
[2016.12.07-09.11.07:218][  0]LogUObjectAllocator: 6935848 out of 0 bytes used by permanent object pool.
[2016.12.07-09.11.07:218][  0]LogUObjectArray: CloseDisregardForGC: 0/0 objects in disregard for GC pool
[2016.12.07-09.11.07:266][  0]LogInit: WinSock: version 1.1 (2.2), MaxSocks=32767, MaxUdp=65467
[2016.12.07-09.11.07:834][  0]LogSlate: Using Freetype 2.6.0
[2016.12.07-09.11.07:834][  0]LogSlate: SlateFontCache - WITH_FREETYPE: 1, WITH_HARFBUZZ: 1
[2016.12.07-09.11.07:834][  0]LogSlate: SlateFontCache - WITH_FREETYPE: 1, WITH_HARFBUZZ: 1
[2016.12.07-09.11.09:623][  0]LogTcpMessaging: Initializing TcpMessaging bridge
[2016.12.07-09.11.09:651][  0]LogUdpMessaging: Initializing bridge on interface 0.0.0.0:0 to multicast group 230.0.0.1:6666.
[2016.12.07-09.11.09:940][  0]LogMaterial: Uniform references updated for custom material expression Custom.
[2016.12.07-09.11.10:257][  0]SourceControl: Info Source control is disabled
[2016.12.07-09.11.10:355][  0]SourceControl: Info Source control is disabled
[2016.12.07-09.11.10:391][  0]SourceControl: Info Source control is disabled
[2016.12.07-09.11.10:426][  0]SourceControl: Info Source control is disabled
[2016.12.07-09.11.11:368][  0]LogEngine: Initializing Engine...
[2016.12.07-09.11.11:368][  0]LogHMD: Oculus plugin initialized. Version: 4.14.0-3195953+++UE4+Release-4.14, LibOVR: 1.10.0, SDK: 1.8.0, built Nov 12 2016, 02:16:26
[2016.12.07-09.11.11:595][  0]LogAIModule: Creating AISystem for world Untitled
[2016.12.07-09.11.11:605][  0]LogInit: XAudio2 using 'Digitalt ljud (S/PDIF) (High Definition Audio Device)' : 2 channels at 44.1 kHz using 16 bits per sample (channel mask 0x3)
[2016.12.07-09.11.11:620][  0]LogInit: FAudioDevice initialized.
[2016.12.07-09.11.11:643][  0]LogDerivedDataCache: Saved boot cache 0.02s 50MB C:/Users/persja/AppData/Local/UnrealEngine/4.14/DerivedDataCache/Boot.ddc.
[2016.12.07-09.11.11:648][  0]LogInit: Texture streaming: Enabled
[2016.12.07-09.11.11:780][  0]LogInit: Transaction tracking system initialized
[2016.12.07-09.11.12:085][  0]BlueprintLog: New page: Editor Load
[2016.12.07-09.11.12:830][  0]LocalizationService: Info Localization service is disabled
[2016.12.07-09.11.13:357][  0]LogConsoleResponse:Display: 
[2016.12.07-09.11.13:537][  0]LogCook:Display: Max memory allowance for cook 16384mb min free memory 0mb
[2016.12.07-09.11.13:537][  0]LogCook:Display: Mobile HDR setting 1
[2016.12.07-09.11.13:901][  0]LogFileCache: Scanning file cache for directory 'D:/UnrealProjects/Gummi Anka/GummiAnka/Content/' took 0.01s
[2016.12.07-09.11.14:266][  0]SourceControl: Info Source control is disabled
[2016.12.07-09.11.33:721][  0]LogWindowsTextInputMethodSystem:Display: IME system now deactivated.
[2016.12.07-09.11.33:725][  0]Cmd: MAP LOAD FILE="D:/UnrealProjects/Gummi Anka/GummiAnka/Content/FirstPersonBP/Maps/FirstPersonExampleMap.umap" TEMPLATE=0 SHOWPROGRESS=1 FEATURELEVEL=3
[2016.12.07-09.11.33:747][  0]LightingResults: New page: Lighting Build
[2016.12.07-09.11.33:781][  0]MapCheck: New page: Map Check
[2016.12.07-09.11.33:781][  0]LightingResults: New page: Lighting Build
[2016.12.07-09.11.34:776][  0]LogAIModule: Creating AISystem for world FirstPersonExampleMap
[2016.12.07-09.11.34:791][  0]LogEditorServer: Finished looking for orphan Actors (0.000 secs)
[2016.12.07-09.11.34:792][  0]Cmd: MAP CHECKDEP NOCLEARLOG
[2016.12.07-09.11.34:836][  0]MapCheck: Info Map check complete: 0 Error(s), 0 Warning(s), took 43.457ms to complete.
[2016.12.07-09.11.34:836][  0]LogFileHelpers: Loading map 'FirstPersonExampleMap' took 1.112
[2016.12.07-09.11.34:991][  0]LogStats:Warning: MetaData mismatch. Did you assign a stat to two groups? New //STATGROUP_Threads//SplashScreenThread///Thread_1088_0///####STATCAT_Advanced#### old //STATGROUP_Threads//SplashScreenThread///Thread_6f4_0///####STATCAT_Advanced####
[2016.12.07-09.11.34:991][  0]LogCollectionManager: Loaded 0 collections in 0.001269 seconds
[2016.12.07-09.11.35:061][  0]LogFileCache: Scanning file cache for directory 'D:/UnrealProjects/Gummi Anka/GummiAnka/Saved/Collections/' took 0.01s
[2016.12.07-09.11.35:061][  0]LogFileCache: Scanning file cache for directory 'D:/UnrealProjects/Gummi Anka/GummiAnka/Content/Developers/persja/Collections/' took 0.01s
[2016.12.07-09.11.35:061][  0]LogFileCache: Scanning file cache for directory 'D:/UnrealProjects/Gummi Anka/GummiAnka/Content/Collections/' took 0.00s
[2016.12.07-09.11.35:061][  0]LogCollectionManager: Rebuilt the GUID cache for 0 collections in 0.000002 seconds
[2016.12.07-09.11.35:070][  0]LogContentBrowser: Native class hierarchy populated in 0.0090 seconds. Added 2190 classes and 428 folders.
[2016.12.07-09.11.35:114][  0]LogStats: UGameplayTagsManager::ConstructGameplayTagTree: Construct from data asset -  0.000 s
[2016.12.07-09.11.35:114][  0]LogStats: UGameplayTagsManager::ConstructGameplayTagTree: GameplayTagTreeChangedEvent.Broadcast -  0.000 s
[2016.12.07-09.11.35:115][  0]LogContentBrowser: Native class hierarchy updated for 'GameplayTags' in 0.0007 seconds. Added 13 classes and 0 folders.
[2016.12.07-09.11.35:184][  0]LogContentBrowser: Native class hierarchy updated for 'WidgetCarousel' in 0.0004 seconds. Added 0 classes and 0 folders.
[2016.12.07-09.11.35:292][  0]LogContentBrowser: Native class hierarchy updated for 'AddContentDialog' in 0.0005 seconds. Added 0 classes and 0 folders.
[2016.12.07-09.11.35:339][  0]LogContentBrowser: Native class hierarchy updated for 'SceneOutliner' in 0.0005 seconds. Added 1 classes and 2 folders.
[2016.12.07-09.11.35:380][  0]LogCrashTracker: Crashtracker disabled due to settings.
[2016.12.07-09.11.35:385][  0]LogUObjectGlobals:Warning: Failed to find object 'Class None.'
[2016.12.07-09.11.35:457][  0]LogContentBrowser: Native class hierarchy updated for 'HierarchicalLODOutliner' in 0.0005 seconds. Added 1 classes and 2 folders.
[2016.12.07-09.11.35:457][  0]LogLoad: (Engine Initialization) Total time: 35.55 seconds
[2016.12.07-09.11.35:457][  0]LogLoad: (Engine Initialization) Total Blueprint compile time: 0.16 seconds
[2016.12.07-09.11.35:457][  0]LogExternalProfiler: Found external profiler: VSPerf
[2016.12.07-09.11.35:457][  0]LogExternalProfiler: Using external profiler: VSPerf
[2016.12.07-09.11.35:469][  0]LogOcInput: OculusInput pre-init called
[2016.12.07-09.11.35:482][  0]LogOcInput: OculusInput is initialized. Init status 0. Runtime version: 1.10.0
[2016.12.07-09.11.35:501][  0]LogContentStreaming: Texture pool size now 1000 MB
[2016.12.07-09.11.35:675][  0]LogRenderer: Reallocating scene render targets to support 1176x388 NumSamples 1 (Frame:2).
[2016.12.07-09.11.35:707][  1]LogCollectionManager: Rebuilt the object cache for 0 collections in 0.000001 seconds (found 0 objects)
[2016.12.07-09.11.35:736][  1]LogAssetRegistry: Asset discovery search completed in 28.5776 seconds
[2016.12.07-09.11.35:736][  1]LogCollectionManager: Fixed up redirectors for 0 collections in 0.000001 seconds (updated 0 objects)
[2016.12.07-09.11.40:931][567]Cmd: MAP LOAD FILE="D:/UnrealProjects/Gummi Anka/GummiAnka/Content/TestLevel.umap" TEMPLATE=0 SHOWPROGRESS=1 FEATURELEVEL=3
[2016.12.07-09.11.40:980][567]LightingResults: New page: Lighting Build
[2016.12.07-09.11.40:981][567]LoadErrors: New page: Loading map: TestLevel.umap
[2016.12.07-09.11.40:987][567]MapCheck: New page: Map Check
[2016.12.07-09.11.40:987][567]LightingResults: New page: Lighting Build
[2016.12.07-09.11.41:292][567]LogAIModule: Creating AISystem for world TestLevel
[2016.12.07-09.11.41:300][567]LogEditorServer: Finished looking for orphan Actors (0.000 secs)
[2016.12.07-09.11.41:317][567]Cmd: MAP CHECKDEP NOCLEARLOG
[2016.12.07-09.11.41:358][567]MapCheck: Info Map check complete: 0 Error(s), 0 Warning(s), took 41ms to complete.
[2016.12.07-09.11.41:358][567]LogFileHelpers: Loading map 'TestLevel' took 0.428
[2016.12.07-09.11.58:246][555]LogFactory: FactoryCreateFile: StaticMesh with FbxFactory (0 0 D:/UnrealProjects/Fbx assets/Sofa.obj)
[2016.12.07-09.11.58:406][555]LogFbx: Loading FBX Scene from D:/UnrealProjects/Fbx assets/Sofa.obj
[2016.12.07-09.12.01:121][555]LogCrashTracker: 


[2016.12.07-09.12.01:121][555]LogCrashTracker: 


[2016.12.07-09.12.01:121][555]LogWindows:Error: === Critical error: ===
[2016.12.07-09.12.01:121][555]LogWindows:Error: 
[2016.12.07-09.12.01:121][555]LogWindows:Error: Fatal error!
[2016.12.07-09.12.01:121][555]LogWindows:Error: 
[2016.12.07-09.12.01:121][555]LogWindows:Error: Unhandled Exception: EXCEPTION_ACCESS_VIOLATION reading address 0x00000000
[2016.12.07-09.12.01:121][555]LogWindows:Error: 
[2016.12.07-09.12.01:121][555]LogWindows:Error: 
[2016.12.07-09.12.01:121][555]LogWindows:Error: 
[2016.12.07-09.12.01:121][555]LogWindows:Error: 
[2016.12.07-09.12.01:121][555]LogWindows:Error: 
[2016.12.07-09.12.01:121][555]LogWindows:Error: 
[2016.12.07-09.12.01:121][555]LogWindows:Error: 
[2016.12.07-09.12.01:140][555]LogExit: Executing StaticShutdownAfterError
[2016.12.07-09.12.01:142][555]LogWindows: FPlatformMisc::RequestExit(1)
[2016.12.07-09.12.01:142][555]Log file closed, 12/07/16 10:12:01
