Log file open, 12/08/16 16:51:25
LogInit:Display: Running engine for game: GummiAnka
LogPlatformFile: Not using cached read wrapper
LogInit:Display: RandInit(-192032211) SRandInit(-192032211).
LogTaskGraph: Started task graph with 5 named threads and 8 total threads with 1 sets of task threads.
LogStats: Stats thread started at 0.571028
LogPluginManager: Loaded Plugin Paper2D, From C:/Program Files (x86)/Epic Games/4.14/Engine/Plugins/2D/Paper2D/Paper2D.uplugin
LogPluginManager: Loaded Plugin LightPropagationVolume, From C:/Program Files (x86)/Epic Games/4.14/Engine/Plugins/Blendables/LightPropagationVolume/LightPropagationVolume.uplugin
LogPluginManager: Loaded Plugin BlankPlugin, From C:/Program Files (x86)/Epic Games/4.14/Engine/Plugins/Developer/BlankPlugin/BlankPlugin.uplugin
LogPluginManager: Loaded Plugin CodeLiteSourceCodeAccess, From C:/Program Files (x86)/Epic Games/4.14/Engine/Plugins/Developer/CodeLiteSourceCodeAccess/CodeLiteSourceCodeAccess.uplugin
LogPluginManager: Loaded Plugin GitSourceControl, From C:/Program Files (x86)/Epic Games/4.14/Engine/Plugins/Developer/GitSourceControl/GitSourceControl.uplugin
LogPluginManager: Loaded Plugin KDevelopSourceCodeAccess, From C:/Program Files (x86)/Epic Games/4.14/Engine/Plugins/Developer/KDevelopSourceCodeAccess/KDevelopSourceCodeAccess.uplugin
LogPluginManager: Loaded Plugin NullSourceCodeAccess, From C:/Program Files (x86)/Epic Games/4.14/Engine/Plugins/Developer/NullSourceCodeAccess/NullSourceCodeAccess.uplugin
LogPluginManager: Loaded Plugin OneSkyLocalizationService, From C:/Program Files (x86)/Epic Games/4.14/Engine/Plugins/Developer/OneSkyLocalizationService/OneSkyLocalizationService.uplugin
LogPluginManager: Loaded Plugin PerforceSourceControl, From C:/Program Files (x86)/Epic Games/4.14/Engine/Plugins/Developer/PerforceSourceControl/PerforceSourceControl.uplugin
LogPluginManager: Loaded Plugin SubversionSourceControl, From C:/Program Files (x86)/Epic Games/4.14/Engine/Plugins/Developer/SubversionSourceControl/SubversionSourceControl.uplugin
LogPluginManager: Loaded Plugin UObjectPlugin, From C:/Program Files (x86)/Epic Games/4.14/Engine/Plugins/Developer/UObjectPlugin/UObjectPlugin.uplugin
LogPluginManager: Loaded Plugin VisualStudioSourceCodeAccess, From C:/Program Files (x86)/Epic Games/4.14/Engine/Plugins/Developer/VisualStudioSourceCodeAccess/VisualStudioSourceCodeAccess.uplugin
LogPluginManager: Loaded Plugin XCodeSourceCodeAccess, From C:/Program Files (x86)/Epic Games/4.14/Engine/Plugins/Developer/XCodeSourceCodeAccess/XCodeSourceCodeAccess.uplugin
LogPluginManager: Loaded Plugin AudioCapture, From C:/Program Files (x86)/Epic Games/4.14/Engine/Plugins/Editor/AudioCapture/AudioCapture.uplugin
LogPluginManager: Loaded Plugin EpicSurvey, From C:/Program Files (x86)/Epic Games/4.14/Engine/Plugins/Editor/EpicSurvey/EpicSurvey.uplugin
LogPluginManager: Loaded Plugin MacGraphicsSwitching, From C:/Program Files (x86)/Epic Games/4.14/Engine/Plugins/Editor/MacGraphicsSwitching/MacGraphicsSwitching.uplugin
LogPluginManager: Loaded Plugin MobileLauncherProfileWizard, From C:/Program Files (x86)/Epic Games/4.14/Engine/Plugins/Editor/MobileLauncherProfileWizard/MobileLauncherProfileWizard.uplugin
LogPluginManager: Loaded Plugin PluginBrowser, From C:/Program Files (x86)/Epic Games/4.14/Engine/Plugins/Editor/PluginBrowser/PluginBrowser.uplugin
LogPluginManager: Loaded Plugin SpeedTreeImporter, From C:/Program Files (x86)/Epic Games/4.14/Engine/Plugins/Editor/SpeedTreeImporter/SpeedTreeImporter.uplugin
LogPluginManager: Loaded Plugin SuperSearchEditor, From C:/Program Files (x86)/Epic Games/4.14/Engine/Plugins/Editor/SuperSearchEditor/SuperSearchEditor.uplugin
LogPluginManager: Loaded Plugin AlembicImporter, From C:/Program Files (x86)/Epic Games/4.14/Engine/Plugins/Experimental/AlembicImporter/AlembicImporter.uplugin
LogPluginManager: Loaded Plugin BlueprintStats, From C:/Program Files (x86)/Epic Games/4.14/Engine/Plugins/Experimental/BlueprintStats/BlueprintStats.uplugin
LogPluginManager: Loaded Plugin CharacterAI, From C:/Program Files (x86)/Epic Games/4.14/Engine/Plugins/Experimental/CharacterAI/CharacterAI.uplugin
LogPluginManager: Loaded Plugin CodeEditor, From C:/Program Files (x86)/Epic Games/4.14/Engine/Plugins/Experimental/CodeEditor/CodeEditor.uplugin
LogPluginManager: Loaded Plugin CodeView, From C:/Program Files (x86)/Epic Games/4.14/Engine/Plugins/Experimental/CodeView/CodeView.uplugin
LogPluginManager: Loaded Plugin HTML5Networking, From C:/Program Files (x86)/Epic Games/4.14/Engine/Plugins/Experimental/HTML5Networking/HTML5Networking.uplugin
LogPluginManager: Loaded Plugin OSVR, From C:/Program Files (x86)/Epic Games/4.14/Engine/Plugins/Experimental/OSVR/OSVR.uplugin
LogPluginManager: Loaded Plugin Phya, From C:/Program Files (x86)/Epic Games/4.14/Engine/Plugins/Experimental/Phya/Phya.uplugin
LogPluginManager: Loaded Plugin SignificanceManager, From C:/Program Files (x86)/Epic Games/4.14/Engine/Plugins/Experimental/SignificanceManager/SignificanceManager.uplugin
LogPluginManager: Loaded Plugin SimpleHMD, From C:/Program Files (x86)/Epic Games/4.14/Engine/Plugins/Experimental/SimpleHMD/SimpleHMD.uplugin
LogPluginManager: Loaded Plugin StereoPanorama, From C:/Program Files (x86)/Epic Games/4.14/Engine/Plugins/Experimental/StereoPanorama/StereoPanorama.uplugin
LogPluginManager: Loaded Plugin StructBox, From C:/Program Files (x86)/Epic Games/4.14/Engine/Plugins/Experimental/StructBox/StructBox.uplugin
LogPluginManager: Loaded Plugin AndroidMedia, From C:/Program Files (x86)/Epic Games/4.14/Engine/Plugins/Media/AndroidMedia/AndroidMedia.uplugin
LogPluginManager: Loaded Plugin AvfMedia, From C:/Program Files (x86)/Epic Games/4.14/Engine/Plugins/Media/AvfMedia/AvfMedia.uplugin
LogPluginManager: Loaded Plugin MediaPlayerEditor, From C:/Program Files (x86)/Epic Games/4.14/Engine/Plugins/Media/MediaPlayerEditor/MediaPlayerEditor.uplugin
LogPluginManager: Loaded Plugin WmfMedia, From C:/Program Files (x86)/Epic Games/4.14/Engine/Plugins/Media/WmfMedia/WmfMedia.uplugin
LogPluginManager: Loaded Plugin MessagingDebugger, From C:/Program Files (x86)/Epic Games/4.14/Engine/Plugins/Messaging/MessagingDebugger/MessagingDebugger.uplugin
LogPluginManager: Loaded Plugin TcpMessaging, From C:/Program Files (x86)/Epic Games/4.14/Engine/Plugins/Messaging/TcpMessaging/TcpMessaging.uplugin
LogPluginManager: Loaded Plugin UdpMessaging, From C:/Program Files (x86)/Epic Games/4.14/Engine/Plugins/Messaging/UdpMessaging/UdpMessaging.uplugin
LogPluginManager: Loaded Plugin LevelSequenceEditor, From C:/Program Files (x86)/Epic Games/4.14/Engine/Plugins/MovieScene/LevelSequenceEditor/LevelSequenceEditor.uplugin
LogPluginManager: Loaded Plugin MatineeToLevelSequence, From C:/Program Files (x86)/Epic Games/4.14/Engine/Plugins/MovieScene/MatineeToLevelSequence/MatineeToLevelSequence.uplugin
LogPluginManager: Loaded Plugin NetcodeUnitTest, From C:/Program Files (x86)/Epic Games/4.14/Engine/Plugins/NetcodeUnitTest/NetcodeUnitTest/NetcodeUnitTest.uplugin
LogPluginManager: Loaded Plugin NUTUnrealEngine4, From C:/Program Files (x86)/Epic Games/4.14/Engine/Plugins/NetcodeUnitTest/NUTUnrealEngine4/NUTUnrealEngine4.uplugin
LogPluginManager: Loaded Plugin OnlineSubsystemGameCircle, From C:/Program Files (x86)/Epic Games/4.14/Engine/Plugins/Online/Android/OnlineSubsystemGameCircle/OnlineSubsystemGameCircle.uplugin
LogPluginManager: Loaded Plugin OnlineSubsystemGooglePlay, From C:/Program Files (x86)/Epic Games/4.14/Engine/Plugins/Online/Android/OnlineSubsystemGooglePlay/OnlineSubsystemGooglePlay.uplugin
LogPluginManager: Loaded Plugin OnlineSubsystemIOS, From C:/Program Files (x86)/Epic Games/4.14/Engine/Plugins/Online/IOS/OnlineSubsystemIOS/OnlineSubsystemIOS.uplugin
LogPluginManager: Loaded Plugin OnlineFramework, From C:/Program Files (x86)/Epic Games/4.14/Engine/Plugins/Online/OnlineFramework/OnlineFramework.uplugin
LogPluginManager: Loaded Plugin OnlineSubsystem, From C:/Program Files (x86)/Epic Games/4.14/Engine/Plugins/Online/OnlineSubsystem/OnlineSubsystem.uplugin
LogPluginManager: Loaded Plugin OnlineSubsystemAmazon, From C:/Program Files (x86)/Epic Games/4.14/Engine/Plugins/Online/OnlineSubsystemAmazon/OnlineSubsystemAmazon.uplugin
LogPluginManager: Loaded Plugin OnlineSubsystemFacebook, From C:/Program Files (x86)/Epic Games/4.14/Engine/Plugins/Online/OnlineSubsystemFacebook/OnlineSubsystemFacebook.uplugin
LogPluginManager: Loaded Plugin OnlineSubsystemNull, From C:/Program Files (x86)/Epic Games/4.14/Engine/Plugins/Online/OnlineSubsystemNull/OnlineSubsystemNull.uplugin
LogPluginManager: Loaded Plugin OnlineSubsystemOculus, From C:/Program Files (x86)/Epic Games/4.14/Engine/Plugins/Online/OnlineSubsystemOculus/OnlineSubsystemOculus.uplugin
LogPluginManager: Loaded Plugin OnlineSubsystemSteam, From C:/Program Files (x86)/Epic Games/4.14/Engine/Plugins/Online/OnlineSubsystemSteam/OnlineSubsystemSteam.uplugin
LogPluginManager: Loaded Plugin OnlineSubsystemUtils, From C:/Program Files (x86)/Epic Games/4.14/Engine/Plugins/Online/OnlineSubsystemUtils/OnlineSubsystemUtils.uplugin
LogPluginManager: Loaded Plugin IOSTapJoy, From C:/Program Files (x86)/Epic Games/4.14/Engine/Plugins/Runtime/Advertising/IOSTapJoy/IOSTapJoy.uplugin
LogPluginManager: Loaded Plugin AnalyticsBlueprintLibrary, From C:/Program Files (x86)/Epic Games/4.14/Engine/Plugins/Runtime/Analytics/AnalyticsBlueprintLibrary/AnalyticsBlueprintLibrary.uplugin
LogPluginManager: Loaded Plugin AnalyticsMulticast, From C:/Program Files (x86)/Epic Games/4.14/Engine/Plugins/Runtime/Analytics/AnalyticsMulticast/AnalyticsMulticast.uplugin
LogPluginManager: Loaded Plugin Apsalar, From C:/Program Files (x86)/Epic Games/4.14/Engine/Plugins/Runtime/Analytics/Apsalar/Apsalar.uplugin
LogPluginManager: Loaded Plugin FileLogging, From C:/Program Files (x86)/Epic Games/4.14/Engine/Plugins/Runtime/Analytics/FileLogging/FileLogging.uplugin
LogPluginManager: Loaded Plugin Flurry, From C:/Program Files (x86)/Epic Games/4.14/Engine/Plugins/Runtime/Analytics/Flurry/Flurry.uplugin
LogPluginManager: Loaded Plugin AndroidDeviceProfileSelector, From C:/Program Files (x86)/Epic Games/4.14/Engine/Plugins/Runtime/AndroidDeviceProfileSelector/AndroidDeviceProfileSelector.uplugin
LogPluginManager: Loaded Plugin AndroidMoviePlayer, From C:/Program Files (x86)/Epic Games/4.14/Engine/Plugins/Runtime/AndroidMoviePlayer/AndroidMoviePlayer.uplugin
LogPluginManager: Loaded Plugin AppleMoviePlayer, From C:/Program Files (x86)/Epic Games/4.14/Engine/Plugins/Runtime/AppleMoviePlayer/AppleMoviePlayer.uplugin
LogPluginManager: Loaded Plugin ArchVisCharacter, From C:/Program Files (x86)/Epic Games/4.14/Engine/Plugins/Runtime/ArchVisCharacter/ArchVisCharacter.uplugin
LogPluginManager: Loaded Plugin CableComponent, From C:/Program Files (x86)/Epic Games/4.14/Engine/Plugins/Runtime/CableComponent/CableComponent.uplugin
LogPluginManager: Loaded Plugin CustomMeshComponent, From C:/Program Files (x86)/Epic Games/4.14/Engine/Plugins/Runtime/CustomMeshComponent/CustomMeshComponent.uplugin
LogPluginManager: Loaded Plugin ExampleDeviceProfileSelector, From C:/Program Files (x86)/Epic Games/4.14/Engine/Plugins/Runtime/ExampleDeviceProfileSelector/ExampleDeviceProfileSelector.uplugin
LogPluginManager: Loaded Plugin GearVR, From C:/Program Files (x86)/Epic Games/4.14/Engine/Plugins/Runtime/GearVR/GearVR.uplugin
LogPluginManager: Loaded Plugin GoogleVRController, From C:/Program Files (x86)/Epic Games/4.14/Engine/Plugins/Runtime/GoogleVR/GoogleVRController/GoogleVRController.uplugin
LogPluginManager: Loaded Plugin GoogleVRHMD, From C:/Program Files (x86)/Epic Games/4.14/Engine/Plugins/Runtime/GoogleVR/GoogleVRHMD/GoogleVRHMD.uplugin
LogPluginManager: Loaded Plugin IOSDeviceProfileSelector, From C:/Program Files (x86)/Epic Games/4.14/Engine/Plugins/Runtime/IOSDeviceProfileSelector/IOSDeviceProfileSelector.uplugin
LogPluginManager: Loaded Plugin LeapMotion, From C:/Program Files (x86)/Epic Games/4.14/Engine/Plugins/Runtime/LeapMotion/LeapMotion.uplugin
LogPluginManager: Loaded Plugin LinuxDeviceProfileSelector, From C:/Program Files (x86)/Epic Games/4.14/Engine/Plugins/Runtime/LinuxDeviceProfileSelector/LinuxDeviceProfileSelector.uplugin
LogPluginManager: Loaded Plugin MIDIDevice, From C:/Program Files (x86)/Epic Games/4.14/Engine/Plugins/Runtime/MIDIDevice/MIDIDevice.uplugin
LogPluginManager: Loaded Plugin MobilePatchingUtils, From C:/Program Files (x86)/Epic Games/4.14/Engine/Plugins/Runtime/MobilePatchingUtils/MobilePatchingUtils.uplugin
LogPluginManager: Loaded Plugin Ansel, From C:/Program Files (x86)/Epic Games/4.14/Engine/Plugins/Runtime/Nvidia/Ansel/Ansel.uplugin
LogPluginManager: Loaded Plugin OculusAudio, From C:/Program Files (x86)/Epic Games/4.14/Engine/Plugins/Runtime/OculusAudio/OculusAudio.uplugin
LogPluginManager: Loaded Plugin OculusInput, From C:/Program Files (x86)/Epic Games/4.14/Engine/Plugins/Runtime/OculusInput/OculusInput.uplugin
LogPluginManager: Loaded Plugin OculusLibrary, From C:/Program Files (x86)/Epic Games/4.14/Engine/Plugins/Runtime/OculusLibrary/OculusLibrary.uplugin
LogPluginManager: Loaded Plugin OculusRift, From C:/Program Files (x86)/Epic Games/4.14/Engine/Plugins/Runtime/OculusRift/OculusRift.uplugin
LogPluginManager: Loaded Plugin Oodle, From C:/Program Files (x86)/Epic Games/4.14/Engine/Plugins/Runtime/PacketHandlers/CompressionComponents/Oodle/Oodle.uplugin
LogPluginManager: Loaded Plugin ProceduralMeshComponent, From C:/Program Files (x86)/Epic Games/4.14/Engine/Plugins/Runtime/ProceduralMeshComponent/ProceduralMeshComponent.uplugin
LogPluginManager: Loaded Plugin SoundMod, From C:/Program Files (x86)/Epic Games/4.14/Engine/Plugins/Runtime/SoundMod/SoundMod.uplugin
LogPluginManager: Loaded Plugin SoundVisualizations, From C:/Program Files (x86)/Epic Games/4.14/Engine/Plugins/Runtime/SoundVisualizations/SoundVisualizations.uplugin
LogPluginManager: Loaded Plugin SteamController, From C:/Program Files (x86)/Epic Games/4.14/Engine/Plugins/Runtime/Steam/SteamController/SteamController.uplugin
LogPluginManager: Loaded Plugin SteamVR, From C:/Program Files (x86)/Epic Games/4.14/Engine/Plugins/Runtime/Steam/SteamVR/SteamVR.uplugin
LogPluginManager: Loaded Plugin WebBrowserWidget, From C:/Program Files (x86)/Epic Games/4.14/Engine/Plugins/Runtime/WebBrowserWidget/WebBrowserWidget.uplugin
LogPluginManager: Loaded Plugin WindowsDeviceProfileSelector, From C:/Program Files (x86)/Epic Games/4.14/Engine/Plugins/Runtime/WindowsDeviceProfileSelector/WindowsDeviceProfileSelector.uplugin
LogPluginManager: Loaded Plugin WindowsMoviePlayer, From C:/Program Files (x86)/Epic Games/4.14/Engine/Plugins/Runtime/WindowsMoviePlayer/WindowsMoviePlayer.uplugin
LogPluginManager: Loaded Plugin ScriptPlugin, From C:/Program Files (x86)/Epic Games/4.14/Engine/Plugins/ScriptPlugin/ScriptPlugin.uplugin
LogPluginManager: Loaded Plugin SlateRemote, From C:/Program Files (x86)/Epic Games/4.14/Engine/Plugins/Slate/SlateRemote/SlateRemote.uplugin
LogPluginManager: Loaded Plugin EditorTests, From C:/Program Files (x86)/Epic Games/4.14/Engine/Plugins/Tests/EditorTests/EditorTests.uplugin
LogPluginManager: Loaded Plugin FbxAutomationTestBuilder, From C:/Program Files (x86)/Epic Games/4.14/Engine/Plugins/Tests/FbxAutomationTestBuilder/FbxAutomationTestBuilder.uplugin
LogPluginManager: Loaded Plugin FunctionalTestingEditor, From C:/Program Files (x86)/Epic Games/4.14/Engine/Plugins/Tests/FunctionalTestingEditor/FunctionalTestingEditor.uplugin
LogPluginManager: Loaded Plugin RuntimeTests, From C:/Program Files (x86)/Epic Games/4.14/Engine/Plugins/Tests/RuntimeTests/RuntimeTests.uplugin
LogPluginManager: Loaded Plugin ScreenshotTools, From C:/Program Files (x86)/Epic Games/4.14/Engine/Plugins/Tests/ScreenshotTools/ScreenshotTools.uplugin
LogInit: Using libcurl 7.47.1
LogInit:  - built for x86_64-pc-win32
LogInit:  - supports SSL with OpenSSL/1.0.2g
LogInit:  - supports HTTP deflate (compression) using libz 1.2.8
LogInit:  - other features:
LogInit:      CURL_VERSION_SSL
LogInit:      CURL_VERSION_LIBZ
LogInit:      CURL_VERSION_IPV6
LogInit:      CURL_VERSION_ASYNCHDNS
LogInit:      CURL_VERSION_LARGEFILE
LogInit:      CURL_VERSION_IDN
LogInit:  CurlRequestOptions (configurable via config and command line):
LogInit:  - bVerifyPeer = false  - Libcurl will NOT verify peer certificate
LogInit:  - bUseHttpProxy = false  - Libcurl will NOT use HTTP proxy
LogInit:  - bDontReuseConnections = false  - Libcurl will reuse connections
LogInit:  - CertBundlePath = nullptr  - Libcurl will use whatever was configured at build time.
LogInit: Build: ++UE4+Release-4.14-CL-3195953
LogInit: Engine Version: 4.14.0-3195953+++UE4+Release-4.14
LogInit: Compatible Engine Version: 4.14.0-3195953+++UE4+Release-4.14
LogInit: Net CL: 3195953
LogDevObjectVersion: Number of dev versions registered: 13
LogDevObjectVersion:   Dev-Blueprints (B0D832E4-1F89-4F0D-ACCF-7EB736FD4AA2): 7
LogDevObjectVersion:   Dev-Build (E1C64328-A22C-4D53-A36C-8E866417BD8C): 0
LogDevObjectVersion:   Dev-Core (375EC13C-06E4-48FB-B500-84F0262A717E): 1
LogDevObjectVersion:   Dev-Editor (E4B068ED-F494-42E9-A231-DA0B2E46BB41): 8
LogDevObjectVersion:   Dev-Framework (CFFC743F-43B0-4480-9391-14DF171D2073): 17
LogDevObjectVersion:   Dev-Mobile (B02B49B5-BB20-44E9-A304-32B752E40360): 0
LogDevObjectVersion:   Dev-Networking (A4E4105C-59A1-49B5-A7C5-40C4547EDFEE): 0
LogDevObjectVersion:   Dev-Online (39C831C9-5AE6-47DC-9A44-9C173E1C8E7C): 0
LogDevObjectVersion:   Dev-Physics (78F01B33-EBEA-4F98-B9B4-84EACCB95AA2): 0
LogDevObjectVersion:   Dev-Platform (6631380F-2D4D-43E0-8009-CF276956A95A): 0
LogDevObjectVersion:   Dev-Rendering (12F88B9F-8875-4AFC-A67C-D90C383ABD29): 12
LogDevObjectVersion:   Dev-Sequencer (7B5AE74C-D270-4C10-A958-57980B212A5A): 1
LogDevObjectVersion:   Dev-VR (D7296918-1DD6-4BDD-9DE2-64A83CC13884): 0
LogInit: Compiled (64-bit): Nov 12 2016 02:14:10
LogInit: Compiled with Visual C++: 19.00.23026.00
LogInit: Build Configuration: Development
LogInit: Branch Name: ++UE4+Release-4.14
LogInit: Command line:  
LogInit: Base directory: C:/Program Files (x86)/Epic Games/4.14/Engine/Binaries/Win64/
LogInit: Installed Engine Build: 1
LogInit: Presizing for max 8388607 objects, including 0 objects not considered by GC, pre-allocating 0 bytes for permanent pool.
LogInit: Object subsystem initialized
[2016.12.08-15.51.25:498][  0]LogInit: Selected Device Profile: [Windows]
[2016.12.08-15.51.25:498][  0]LogInit: Applying CVar settings loaded from the selected device profile: [Windows]
[2016.12.08-15.51.25:522][  0]LogInit: Computer: DESKTOP-J30M1KI
[2016.12.08-15.51.25:522][  0]LogInit: User: Preben
[2016.12.08-15.51.25:522][  0]LogInit: CPU Page size=65536, Cores=4
[2016.12.08-15.51.25:522][  0]LogInit: High frequency timer resolution =3.906255 MHz
[2016.12.08-15.51.25:523][  0]LogMemory: Memory total: Physical=15.9GB (16GB approx)
[2016.12.08-15.51.25:523][  0]LogMemory: Platform Memory Stats for Windows
[2016.12.08-15.51.25:523][  0]LogMemory: Process Physical Memory: 264.54 MB used, 264.54 MB peak
[2016.12.08-15.51.25:523][  0]LogMemory: Process Virtual Memory: 262.67 MB used, 262.67 MB peak
[2016.12.08-15.51.25:523][  0]LogMemory: Physical Memory: 4931.13 MB used,  11313.74 MB free, 16244.88 MB total
[2016.12.08-15.51.25:523][  0]LogMemory: Virtual Memory: 676.38 MB used,  11313.74 MB free, 134217728.00 MB total
[2016.12.08-15.51.25:770][  0]LogTextLocalizationManager: No translations for ('sv-SE') exist, falling back to 'en' for localization and internationalization data.
[2016.12.08-15.51.27:613][  0]LogD3D11RHI: D3D11 adapters:
[2016.12.08-15.51.28:054][  0]LogD3D11RHI:    0. 'NVIDIA GeForce GTX 960' (Feature Level 11_0)
[2016.12.08-15.51.28:054][  0]LogD3D11RHI:       4061/0/8122 MB DedicatedVideo/DedicatedSystem/SharedSystem, Outputs:2, VendorId:0x10de
[2016.12.08-15.51.28:064][  0]LogD3D11RHI:    1. 'Intel(R) HD Graphics 4600' (Feature Level 11_0)
[2016.12.08-15.51.28:064][  0]LogD3D11RHI:       112/0/2048 MB DedicatedVideo/DedicatedSystem/SharedSystem, Outputs:0, VendorId:0x8086
[2016.12.08-15.51.28:066][  0]LogD3D11RHI:    2. 'Microsoft Basic Render Driver' (Feature Level 11_0)
[2016.12.08-15.51.28:066][  0]LogD3D11RHI:       0/0/8122 MB DedicatedVideo/DedicatedSystem/SharedSystem, Outputs:0, VendorId:0x1414
[2016.12.08-15.51.28:066][  0]LogD3D11RHI: Chosen D3D11 Adapter: 0
[2016.12.08-15.51.28:071][  0]LogD3D11RHI: Creating new Direct3DDevice
[2016.12.08-15.51.28:071][  0]LogD3D11RHI:     GPU DeviceId: 0x1401 (for the marketing name, search the web for "GPU Device Id")
[2016.12.08-15.51.28:071][  0]LogWindows: EnumDisplayDevices:
[2016.12.08-15.51.28:071][  0]LogWindows:    0. 'NVIDIA GeForce GTX 960' (P:1 D:1)
[2016.12.08-15.51.28:071][  0]LogWindows:    1. 'NVIDIA GeForce GTX 960' (P:0 D:1)
[2016.12.08-15.51.28:071][  0]LogWindows:    2. 'NVIDIA GeForce GTX 960' (P:0 D:0)
[2016.12.08-15.51.28:071][  0]LogWindows:    3. 'NVIDIA GeForce GTX 960' (P:0 D:0)
[2016.12.08-15.51.28:071][  0]LogWindows:    4. 'Intel(R) HD Graphics 4600' (P:0 D:0)
[2016.12.08-15.51.28:072][  0]LogWindows:    5. 'Intel(R) HD Graphics 4600' (P:0 D:0)
[2016.12.08-15.51.28:072][  0]LogWindows:    6. 'Intel(R) HD Graphics 4600' (P:0 D:0)
[2016.12.08-15.51.28:072][  0]LogWindows: DebugString: PrimaryIsNotTheChoosenAdapter PrimaryIsNotTheChoosenAdapter PrimaryIsNotTheChoosenAdapter FoundDriverCount:4 
[2016.12.08-15.51.28:072][  0]LogD3D11RHI:     Adapter Name: NVIDIA GeForce GTX 960
[2016.12.08-15.51.28:072][  0]LogD3D11RHI:   Driver Version: 375.95 (internal:21.21.13.7595, unified:375.95)
[2016.12.08-15.51.28:072][  0]LogD3D11RHI:      Driver Date: 11-16-2016
[2016.12.08-15.51.28:072][  0]LogRHI: Texture pool is 1361 MB (70% of 1945 MB)
[2016.12.08-15.51.28:536][  0]LogD3D11RHI: Async texture creation enabled
[2016.12.08-15.51.28:578][  0]LogD3D11RHI: GPU Timing Frequency: 1000.000000 (Debug: 2 1)
[2016.12.08-15.51.28:582][  0]LogShaderCompilers: Guid format shader working directory is -30 characters bigger than the processId version (../../../../../../Users/Preben/Documents/Unreal Projects/Gummi anka/GummiAnka/Intermediate/Shaders/WorkingDirectory/4076/).
[2016.12.08-15.51.28:582][  0]LogShaderCompilers: Cleaned the shader compiler working directory 'C:/Users/Preben/AppData/Local/Temp/UnrealShaderWorkingDir/60D50E754C43FCCFA4BBBFA6924F0E49/'.
[2016.12.08-15.51.28:582][  0]LogShaderCompilers:Display: Using Local Shader Compiler.
[2016.12.08-15.51.30:585][  0]LogTemp:Display: Loaded TP AllDesktopTargetPlatform
[2016.12.08-15.51.30:648][  0]LogTemp:Display: Loaded TP MacClientTargetPlatform
[2016.12.08-15.51.30:700][  0]LogTemp:Display: Loaded TP MacNoEditorTargetPlatform
[2016.12.08-15.51.30:748][  0]LogTemp:Display: Loaded TP MacServerTargetPlatform
[2016.12.08-15.51.30:799][  0]LogTemp:Display: Loaded TP MacTargetPlatform
[2016.12.08-15.51.30:839][  0]LogTemp:Display: Loaded TP WindowsClientTargetPlatform
[2016.12.08-15.51.30:881][  0]LogTemp:Display: Loaded TP WindowsNoEditorTargetPlatform
[2016.12.08-15.51.30:931][  0]LogTemp:Display: Loaded TP WindowsServerTargetPlatform
[2016.12.08-15.51.30:966][  0]LogTemp:Display: Loaded TP WindowsTargetPlatform
[2016.12.08-15.51.31:018][  0]LogTemp:Display: Loaded TP AndroidTargetPlatform
[2016.12.08-15.51.31:065][  0]LogTemp:Display: Loaded TP Android_ASTCTargetPlatform
[2016.12.08-15.51.31:109][  0]LogTemp:Display: Loaded TP Android_ATCTargetPlatform
[2016.12.08-15.51.31:155][  0]LogTemp:Display: Loaded TP Android_DXTTargetPlatform
[2016.12.08-15.51.31:203][  0]LogTemp:Display: Loaded TP Android_ETC1TargetPlatform
[2016.12.08-15.51.31:247][  0]LogTemp:Display: Loaded TP Android_ETC2TargetPlatform
[2016.12.08-15.51.31:334][  0]LogTemp:Display: Loaded TP Android_MultiTargetPlatform
[2016.12.08-15.51.31:334][  0]LogTemp:Display: Loaded TP Android_PVRTCTargetPlatform
[2016.12.08-15.51.31:368][  0]LogTemp:Display: Loaded TP HTML5TargetPlatform
[2016.12.08-15.51.31:464][  0]LogTemp:Display: Loaded TP IOSTargetPlatform
[2016.12.08-15.51.31:491][  0]LogTemp:Display: Loaded TP TVOSTargetPlatform
[2016.12.08-15.51.31:535][  0]LogTemp:Display: Loaded TP LinuxClientTargetPlatform
[2016.12.08-15.51.31:576][  0]LogTemp:Display: Loaded TP LinuxNoEditorTargetPlatform
[2016.12.08-15.51.31:632][  0]LogTemp:Display: Loaded TP LinuxServerTargetPlatform
[2016.12.08-15.51.31:682][  0]LogTemp:Display: Loaded TP LinuxTargetPlatform
[2016.12.08-15.51.31:682][  0]LogTargetPlatformManager:Display: Building Assets For Windows
[2016.12.08-15.51.32:229][  0]LogDerivedDataCache:Display: Max Cache Size: 512 MB
[2016.12.08-15.51.32:410][  0]LogDerivedDataCache: Loaded boot cache 0.18s 51MB C:/Users/Preben/AppData/Local/UnrealEngine/4.14/DerivedDataCache/Boot.ddc.
[2016.12.08-15.51.32:410][  0]LogDerivedDataCache:Display: Loaded Boot cache: C:/Users/Preben/AppData/Local/UnrealEngine/4.14/DerivedDataCache/Boot.ddc
[2016.12.08-15.51.32:410][  0]LogDerivedDataCache: FDerivedDataBackendGraph:  Pak pak cache file ../../../../../../Users/Preben/Documents/Unreal Projects/Gummi anka/GummiAnka/DerivedDataCache/DDC.ddp not found, will not use a pak cache.
[2016.12.08-15.51.32:410][  0]LogDerivedDataCache: Unable to find inner node Pak for hierarchical cache Hierarchy.
[2016.12.08-15.51.32:410][  0]LogDerivedDataCache: FDerivedDataBackendGraph:  CompressedPak pak cache file ../../../../../../Users/Preben/Documents/Unreal Projects/Gummi anka/GummiAnka/DerivedDataCache/Compressed.ddp not found, will not use a pak cache.
[2016.12.08-15.51.32:410][  0]LogDerivedDataCache: Unable to find inner node CompressedPak for hierarchical cache Hierarchy.
[2016.12.08-15.51.32:430][  0]LogDerivedDataCache:Display: Pak cache opened for reading ../../../Engine/DerivedDataCache/Compressed.ddp.
[2016.12.08-15.51.32:442][  0]LogDerivedDataCache: Using Local data cache path C:/Users/Preben/AppData/Local/UnrealEngine/Common/DerivedDataCache: Writable
[2016.12.08-15.51.34:778][  0]LogInit: Selected Device Profile: [Windows]
[2016.12.08-15.51.34:785][  0]LogContentStreaming: Texture pool size is 0.00 MB
[2016.12.08-15.51.34:989][  0]LogMeshUtilities: Using QuadricMeshReduction for automatic static mesh reduction
[2016.12.08-15.51.35:044][  0]LogSimplygon: Simplygon DLL not present - disabling.
[2016.12.08-15.51.35:076][  0]LogMeshUtilities: Using SimplygonSwarm for distributed automatic mesh merging
[2016.12.08-15.51.35:076][  0]LogMeshUtilities: No automatic skeletal mesh reduction module available
[2016.12.08-15.51.35:076][  0]LogMeshUtilities: No automatic mesh merging module available
[2016.12.08-15.51.36:091][  0]LogNetVersion: GetLocalNetworkVersion: CL: 3195953, ProjectName: gummianka, ProjectVersion: , EngineNetworkVersion: 2, GameNetworkVersion: 0, NetworkChecksum: 4040118093
[2016.12.08-15.51.36:162][  0]LogAssetRegistry: FAssetRegistry took 0.0237 seconds to start up
[2016.12.08-15.51.36:201][  0]LogPackageLocalizationCache: Processed 3 localized package path(s) for 1 prioritized culture(s) in 0.016374 seconds
[2016.12.08-15.51.36:206][  0]LogUObjectArray: 31946 objects as part of root set at end of initial load.
[2016.12.08-15.51.36:206][  0]LogUObjectAllocator: 6935840 out of 0 bytes used by permanent object pool.
[2016.12.08-15.51.36:206][  0]LogUObjectArray: CloseDisregardForGC: 0/0 objects in disregard for GC pool
[2016.12.08-15.51.36:256][  0]LogInit: WinSock: version 1.1 (2.2), MaxSocks=32767, MaxUdp=65467
[2016.12.08-15.51.36:897][  0]LogSlate: Using Freetype 2.6.0
[2016.12.08-15.51.36:907][  0]LogSlate: SlateFontCache - WITH_FREETYPE: 1, WITH_HARFBUZZ: 1
[2016.12.08-15.51.36:907][  0]LogSlate: SlateFontCache - WITH_FREETYPE: 1, WITH_HARFBUZZ: 1
[2016.12.08-15.51.39:418][  0]LogTcpMessaging: Initializing TcpMessaging bridge
[2016.12.08-15.51.39:449][  0]LogUdpMessaging: Initializing bridge on interface 0.0.0.0:0 to multicast group 230.0.0.1:6666.
[2016.12.08-15.51.39:793][  0]LogMaterial: Uniform references updated for custom material expression Custom.
[2016.12.08-15.51.40:183][  0]SourceControl: Info Source control is disabled
[2016.12.08-15.51.40:221][  0]SourceControl: Info Source control is disabled
[2016.12.08-15.51.40:258][  0]SourceControl: Info Source control is disabled
[2016.12.08-15.51.40:291][  0]SourceControl: Info Source control is disabled
[2016.12.08-15.51.41:220][  0]LogEngine: Initializing Engine...
[2016.12.08-15.51.41:222][  0]LogHMD: Failed to initialize OpenVR with code 110
[2016.12.08-15.51.41:519][  0]LogAIModule: Creating AISystem for world Untitled
[2016.12.08-15.51.41:541][  0]LogInit: XAudio2 using 'Headset Earphone (Corsair VOID RGB USB Gaming Headset )' : 2 channels at 44.1 kHz using 16 bits per sample (channel mask 0x3)
[2016.12.08-15.51.41:558][  0]LogInit: FAudioDevice initialized.
[2016.12.08-15.51.41:578][  0]LogDerivedDataCache: Saved boot cache 0.02s 50MB C:/Users/Preben/AppData/Local/UnrealEngine/4.14/DerivedDataCache/Boot.ddc.
[2016.12.08-15.51.41:586][  0]LogInit: Texture streaming: Enabled
[2016.12.08-15.51.41:740][  0]LogWindowsTextInputMethodSystem:Display: IME system now deactivated.
[2016.12.08-15.51.41:818][  0]LogInit: Transaction tracking system initialized
[2016.12.08-15.51.42:188][  0]BlueprintLog: New page: Editor Load
[2016.12.08-15.51.43:051][  0]LocalizationService: Info Localization service is disabled
[2016.12.08-15.51.43:634][  0]LogConsoleResponse:Display: 
[2016.12.08-15.51.44:010][  0]LogCook:Display: Max memory allowance for cook 16384mb min free memory 0mb
[2016.12.08-15.51.44:010][  0]LogCook:Display: Mobile HDR setting 1
[2016.12.08-15.51.44:785][  0]LogFileCache: Scanning file cache for directory 'C:/Users/Preben/Documents/Unreal Projects/Gummi anka/GummiAnka/Content/' took 0.01s
[2016.12.08-15.51.44:785][  0]SourceControl: Info Source control is disabled
[2016.12.08-15.51.44:786][  0]Cmd: MAP LOAD FILE="../../../../../../Users/Preben/Documents/Unreal Projects/Gummi anka/GummiAnka/Content/FirstPersonBP/Maps/FirstPersonExampleMap.umap" TEMPLATE=0 SHOWPROGRESS=1 FEATURELEVEL=3
[2016.12.08-15.51.44:791][  0]LightingResults: New page: Lighting Build
[2016.12.08-15.51.44:823][  0]MapCheck: New page: Map Check
[2016.12.08-15.51.44:823][  0]LightingResults: New page: Lighting Build
[2016.12.08-15.51.45:552][  0]LogTexture:Display: Building textures: HQ_Lightmap1_1 (AutoDXT)
[2016.12.08-15.51.45:564][  0]LogTexture:Display: Building textures: LQ_Lightmap_1_1 (DXT1)
[2016.12.08-15.51.45:570][  0]LogTexture:Display: Building textures: ShadowMapTexture2D_8 (G8)
[2016.12.08-15.51.45:773][  0]LogAIModule: Creating AISystem for world FirstPersonExampleMap
[2016.12.08-15.51.45:952][  0]LogEditorServer: Finished looking for orphan Actors (0.000 secs)
[2016.12.08-15.51.45:953][  0]Cmd: MAP CHECKDEP NOCLEARLOG
[2016.12.08-15.51.45:995][  0]MapCheck: Info Map check complete: 0 Error(s), 0 Warning(s), took 41.793ms to complete.
[2016.12.08-15.51.45:995][  0]LogFileHelpers: Loading map 'FirstPersonExampleMap' took 1.209
[2016.12.08-15.51.46:195][  0]LogCollectionManager: Loaded 0 collections in 0.001215 seconds
[2016.12.08-15.51.46:285][  0]LogFileCache: Scanning file cache for directory 'C:/Users/Preben/Documents/Unreal Projects/Gummi anka/GummiAnka/Saved/Collections/' took 0.01s
[2016.12.08-15.51.46:285][  0]LogFileCache: Scanning file cache for directory 'C:/Users/Preben/Documents/Unreal Projects/Gummi anka/GummiAnka/Content/Developers/Preben/Collections/' took 0.01s
[2016.12.08-15.51.46:285][  0]LogFileCache: Scanning file cache for directory 'C:/Users/Preben/Documents/Unreal Projects/Gummi anka/GummiAnka/Content/Collections/' took 0.01s
[2016.12.08-15.51.46:285][  0]LogCollectionManager: Rebuilt the GUID cache for 0 collections in 0.000001 seconds
[2016.12.08-15.51.46:299][  0]LogContentBrowser: Native class hierarchy populated in 0.0117 seconds. Added 2190 classes and 428 folders.
[2016.12.08-15.51.46:334][  0]LogStats: UGameplayTagsManager::ConstructGameplayTagTree: Construct from data asset -  0.000 s
[2016.12.08-15.51.46:334][  0]LogStats: UGameplayTagsManager::ConstructGameplayTagTree: GameplayTagTreeChangedEvent.Broadcast -  0.000 s
[2016.12.08-15.51.46:335][  0]LogContentBrowser: Native class hierarchy updated for 'GameplayTags' in 0.0004 seconds. Added 13 classes and 0 folders.
[2016.12.08-15.51.46:380][  0]LogContentBrowser: Native class hierarchy updated for 'WidgetCarousel' in 0.0004 seconds. Added 0 classes and 0 folders.
[2016.12.08-15.51.46:649][  0]LogContentBrowser: Native class hierarchy updated for 'AddContentDialog' in 0.0005 seconds. Added 0 classes and 0 folders.
[2016.12.08-15.51.46:683][  0]LogContentBrowser: Native class hierarchy updated for 'SceneOutliner' in 0.0004 seconds. Added 1 classes and 2 folders.
[2016.12.08-15.51.46:742][  0]LogCrashTracker: Crashtracker disabled due to settings.
[2016.12.08-15.51.46:764][  0]LogUObjectGlobals:Warning: Failed to find object 'Class None.'
[2016.12.08-15.51.46:822][  0]LogContentBrowser: Native class hierarchy updated for 'HierarchicalLODOutliner' in 0.0004 seconds. Added 1 classes and 2 folders.
[2016.12.08-15.51.46:822][  0]LogLoad: (Engine Initialization) Total time: 24.27 seconds
[2016.12.08-15.51.46:822][  0]LogLoad: (Engine Initialization) Total Blueprint compile time: 0.24 seconds
[2016.12.08-15.51.46:822][  0]LogExternalProfiler: Found external profiler: VSPerf
[2016.12.08-15.51.46:822][  0]LogExternalProfiler: Using external profiler: VSPerf
[2016.12.08-15.51.46:832][  0]LogOcInput: OculusInput pre-init called
[2016.12.08-15.51.46:848][  0]LogAssetRegistry: Asset discovery search completed in 10.7080 seconds
[2016.12.08-15.51.46:848][  0]LogCollectionManager: Rebuilt the object cache for 0 collections in 0.000001 seconds (found 0 objects)
[2016.12.08-15.51.46:848][  0]LogCollectionManager: Fixed up redirectors for 0 collections in 0.000155 seconds (updated 0 objects)
[2016.12.08-15.51.46:853][  0]LogContentStreaming: Texture pool size now 1000 MB
[2016.12.08-15.51.47:064][  0]LogRenderer: Reallocating scene render targets to support 1576x836 NumSamples 1 (Frame:2).
[2016.12.08-15.51.53:320][582]Cmd: MAP LOAD FILE="../../../../../../Users/Preben/Documents/Unreal Projects/Gummi anka/GummiAnka/Content/LivingRoom.umap" TEMPLATE=0 SHOWPROGRESS=1 FEATURELEVEL=3
[2016.12.08-15.51.53:339][582]LightingResults: New page: Lighting Build
[2016.12.08-15.51.53:339][582]LoadErrors: New page: Loading map: LivingRoom.umap
[2016.12.08-15.51.53:343][582]MapCheck: New page: Map Check
[2016.12.08-15.51.53:343][582]LightingResults: New page: Lighting Build
[2016.12.08-15.51.53:542][582]LogTexture:Display: Building textures: wallpaper35 (AutoDXT)
[2016.12.08-15.51.57:648][582]LogMaterial: Missing cached shader map for material wallpaper35_Mat, compiling. 
[2016.12.08-15.51.57:690][582]LogTexture:Display: Building textures: Rhinos (BGRA8)
[2016.12.08-15.51.57:709][582]LogMaterial: Missing cached shader map for material Rhinos_Mat, compiling. 
[2016.12.08-15.51.57:764][582]LogTexture:Display: Building textures: Piggy (AutoDXT)
[2016.12.08-15.51.58:245][582]LogTexture:Display: Building textures: Teacup_dog (AutoDXT)
[2016.12.08-15.51.58:404][582]LogMaterial: Missing cached shader map for material Teacup_dog_Mat, compiling. 
[2016.12.08-15.51.58:440][582]LogTexture:Display: Building textures: Cute_owl (BGRA8)
[2016.12.08-15.51.58:481][582]LogMaterial: Missing cached shader map for material Cute_owl_Mat, compiling. 
[2016.12.08-15.51.58:520][582]LogTexture:Display: Building textures: Chicken (BGRA8)
[2016.12.08-15.51.58:724][582]LogTexture:Display: Building textures: indoor_plant_2_COL (AutoDXT)
[2016.12.08-15.51.59:944][582]LogMaterial: Missing cached shader map for material indoor_plant_2_COL_Mat, compiling. 
[2016.12.08-15.52.00:223][582]LogTexture:Display: Building textures: 111 (AutoDXT)
[2016.12.08-15.52.07:113][582]LogTexture:Display: Building textures: 222 (AutoDXT)
[2016.12.08-15.52.13:314][582]LogMaterial: Missing cached shader map for material 222_Mat, compiling. 
[2016.12.08-15.52.13:333][582]LogMaterial: Missing cached shader map for material 111_Mat, compiling. 
[2016.12.08-15.52.13:347][582]LogStaticMesh: Building static mesh Lakheden...
[2016.12.08-15.52.17:867][582]LogStaticMesh: Built static mesh [4.52s] /Game/FbxAssets/Lights/Lakheden.Lakheden
[2016.12.08-15.52.17:978][582]LogMaterial: Missing cached shader map for material Wood, compiling. 
[2016.12.08-15.52.17:992][582]LogStaticMesh: Building static mesh Table...
[2016.12.08-15.52.18:002][582]LogStaticMesh: Built static mesh [0.01s] /Game/FbxAssets/Furniture/Table.Table
[2016.12.08-15.52.18:004][582]LogTexture:Display: Building textures: Leather_texture_2 (BGRA8)
[2016.12.08-15.52.18:011][582]LogMaterial: Missing cached shader map for material lambert1, compiling. 
[2016.12.08-15.52.18:028][582]LogStaticMesh: Building static mesh Sofa...
[2016.12.08-15.52.38:781][582]LogStaticMesh: Built static mesh [20.75s] /Game/FbxAssets/Furniture/Sofa.Sofa
[2016.12.08-15.52.40:100][582]LogMaterial: Missing cached shader map for material IDP_root__indoor_plant_2_NOR_jpg, compiling. 
[2016.12.08-15.52.40:132][582]LogMaterial: Missing cached shader map for material IDP_root__indoor_plant_2_COL_jpg, compiling. 
[2016.12.08-15.52.40:158][582]LogMaterial: Missing cached shader map for material IDP_Pot__indoor_plant_2_NOR_jpg, compiling. 
[2016.12.08-15.52.40:194][582]LogMaterial: Missing cached shader map for material metal, compiling. 
[2016.12.08-15.52.40:213][582]LogMaterial: Missing cached shader map for material Lakheden2, compiling. 
[2016.12.08-15.52.40:231][582]LogMaterial: Missing cached shader map for material glass, compiling. 
[2016.12.08-15.52.40:250][582]LogMaterial: Missing cached shader map for material cord, compiling. 
[2016.12.08-15.52.40:267][582]LogMaterial: Missing cached shader map for material Alu_mat, compiling. 
[2016.12.08-15.52.40:285][582]LogMaterial: Missing cached shader map for material screw-thread, compiling. 
[2016.12.08-15.52.40:309][582]LogMaterial: Missing cached shader map for material pin, compiling. 
[2016.12.08-15.52.40:331][582]LogMaterial: Missing cached shader map for material Side_1, compiling. 
[2016.12.08-15.52.40:351][582]LogStaticMesh: Building static mesh pictures...
[2016.12.08-15.52.40:392][582]LogStaticMesh: Built static mesh [0.04s] /Game/FbxAssets/Decorations/Walls/pictures.pictures
[2016.12.08-15.52.40:677][582]LogTexture:Display: Building textures: Girl-Sunset (BGRA8)
[2016.12.08-15.52.41:384][582]LogMaterial: Missing cached shader map for material lambert2, compiling. 
[2016.12.08-15.52.41:385][582]LogMaterial:Warning: Failed to compile Material /Game/FbxAssets/Decorations/Walls/lambert2.lambert2 for platform PCD3D_SM5, Default Material will be used in game.
[2016.12.08-15.52.41:385][582]LogMaterial:Warning: 	(Node TextureSample) TextureSample> Sampler type is Normal, should be Color for /Game/FbxAssets/Decorations/Walls/Girl-Sunset.Girl-Sunset
[2016.12.08-15.52.41:391][582]LogMaterial: Missing cached shader map for material blinn3, compiling. 
[2016.12.08-15.52.41:434][582]LogMaterial: Missing cached shader map for material blinn2, compiling. 
[2016.12.08-15.52.41:457][582]LogStaticMesh: Building static mesh FbxPainting...
[2016.12.08-15.52.41:517][582]LogStaticMesh: Built static mesh [0.06s] /Game/FbxAssets/Decorations/Walls/FbxPainting.FbxPainting
[2016.12.08-15.52.41:541][582]LogTexture:Display: Building textures: Antilop (AutoDXT)
[2016.12.08-15.52.41:978][582]LogMaterial: Missing cached shader map for material Antilop_Mat, compiling. 
[2016.12.08-15.52.42:067][582]LogTexture:Display: Building textures: sp_wood_oak_1 (BGRA8)
[2016.12.08-15.52.42:266][582]LogMaterial: Missing cached shader map for material sp_wood_oak_1_Mat, compiling. 
[2016.12.08-15.52.42:300][582]LogMaterial: Missing cached shader map for material thread, compiling. 
[2016.12.08-15.52.42:423][582]LogTexture:Display: Building textures: mt40600 (AutoDXT)
[2016.12.08-15.52.45:319][582]LogMaterial: Missing cached shader map for material mt40600_Mat, compiling. 
[2016.12.08-15.52.45:342][582]LogTexture:Display: Building textures: Hyena (BGRA8)
[2016.12.08-15.52.45:352][582]LogMaterial: Missing cached shader map for material Hyena_Mat, compiling. 
[2016.12.08-15.52.45:377][582]LogTexture:Display: Building textures: Kittens (BGRA8)
[2016.12.08-15.52.45:385][582]LogMaterial: Missing cached shader map for material Kittens_Mat, compiling. 
[2016.12.08-15.52.45:410][582]LogTexture:Display: Building textures: Lodjur (BGRA8)
[2016.12.08-15.52.45:423][582]LogMaterial: Missing cached shader map for material Lodjur_Mat, compiling. 
[2016.12.08-15.52.45:441][582]LogMaterial: Missing cached shader map for material Piggy_Mat, compiling. 
[2016.12.08-15.52.45:461][582]LogStaticMesh: Building static mesh kover...
[2016.12.08-15.52.55:216][582]LogStaticMesh: Built static mesh [9.76s] /Game/FbxAssets/Decorations/Carpets/kover.kover
[2016.12.08-15.52.57:172][582]LogMaterial: Missing cached shader map for material qsovili130G, compiling. 
[2016.12.08-15.52.57:195][582]LogTexture:Display: Building textures: Cute_tiger (BGRA8)
[2016.12.08-15.52.57:202][582]LogMaterial: Missing cached shader map for material Girl-Sunset_Mat, compiling. 
[2016.12.08-15.52.57:226][582]LogMaterial: Missing cached shader map for material Cute_tiger_Mat, compiling. 
[2016.12.08-15.52.57:250][582]LogMaterial: Missing cached shader map for material qw, compiling. 
[2016.12.08-15.52.57:275][582]LogTexture:Display: Building textures: wood115 (AutoDXT)
[2016.12.08-15.52.57:392][582]LogMaterial: Missing cached shader map for material Wood_Texture_2_Mat, compiling. 
[2016.12.08-15.52.57:415][582]LogTexture:Display: Building textures: White_color (AutoDXT)
[2016.12.08-15.52.57:458][582]LogMaterial: Missing cached shader map for material White, compiling. 
[2016.12.08-15.52.57:484][582]LogMaterial: Missing cached shader map for material IDP_leaves__indoor_plant_2_NOR_jpg, compiling. 
[2016.12.08-15.52.57:525][582]LogMaterial: Missing cached shader map for material IDP_leaves__indoor_plant_2_COL_jpg, compiling. 
[2016.12.08-15.52.57:566][582]LogTexture:Display: Building textures: HQ_Lightmap0_2 (AutoDXT)
[2016.12.08-15.52.57:604][582]LogTexture:Display: Building textures: HQ_Lightmap1_1 (AutoDXT)
[2016.12.08-15.52.57:620][582]LogTexture:Display: Building textures: LQ_Lightmap_0_2 (DXT1)
[2016.12.08-15.52.57:646][582]LogTexture:Display: Building textures: LQ_Lightmap_1_1 (DXT1)
[2016.12.08-15.52.57:656][582]LogTexture:Display: Building textures: ShadowMapTexture2D_30 (G8)
[2016.12.08-15.52.57:660][582]LogTexture:Display: Building textures: ShadowMapTexture2D_31 (G8)
[2016.12.08-15.52.57:664][582]LogMaterial: Missing cached shader map for material IDP_ground__indoor_plant_2_NOR_jpg, compiling. 
[2016.12.08-15.52.57:709][582]LogMaterial: Missing cached shader map for material Chicken_Mat, compiling. 
[2016.12.08-15.52.57:734][582]LogAIModule: Creating AISystem for world LivingRoom
[2016.12.08-15.52.57:883][582]LogEditorServer: Finished looking for orphan Actors (0.000 secs)
[2016.12.08-15.52.57:912][582]Cmd: MAP CHECKDEP NOCLEARLOG
[2016.12.08-15.52.57:981][582]MapCheck: Info Map check complete: 0 Error(s), 0 Warning(s), took 69.206ms to complete.
[2016.12.08-15.52.57:981][582]LogFileHelpers: Loading map 'LivingRoom' took 64.662
[2016.12.08-16.16.32:355][240]LogFactory: FactoryCreateFile: StaticMesh with FbxFactory (0 0 F:/Blender/Fbx assets/Table2.fbx)
[2016.12.08-16.16.32:373][240]LogFbx: ItemName: GlobalSettings, ItemCount : 1
[2016.12.08-16.16.32:373][240]LogFbx: ItemName: NodeAttribute, ItemCount : 2
[2016.12.08-16.16.32:373][240]LogFbx: ItemName: Geometry, ItemCount : 2
[2016.12.08-16.16.32:373][240]LogFbx: ItemName: Model, ItemCount : 4
[2016.12.08-16.16.32:373][240]LogFbx: ItemName: Material, ItemCount : 2
[2016.12.08-16.16.32:380][240]LogFbx: Loading FBX Scene from F:/Blender/Fbx assets/Table2.fbx
[2016.12.08-16.16.32:388][240]LogFbx: FBX Scene Loaded Succesfully
[2016.12.08-16.16.35:762][240]LogFbx: Loading FBX Scene from F:/Blender/Fbx assets/Table2.fbx
[2016.12.08-16.16.35:768][240]LogFbx: FBX Scene Loaded Succesfully
[2016.12.08-16.16.35:772][240]LogLinker: Can't find file '/Game/FirstPersonBP/FurnitureAssets/Legs'
[2016.12.08-16.16.35:772][240]LogLinker: Can't find file '/Game/FirstPersonBP/FurnitureAssets/Legs'
[2016.12.08-16.16.35:780][240]LogMaterial: Missing cached shader map for material Legs, compiling. 
[2016.12.08-16.16.35:791][240]LogFbx:Warning: Triangulating static mesh Cube.001
[2016.12.08-16.16.35:799][240]LogLinker: Can't find file '/Game/FirstPersonBP/FurnitureAssets/TableSurface'
[2016.12.08-16.16.35:799][240]LogLinker: Can't find file '/Game/FirstPersonBP/FurnitureAssets/TableSurface'
[2016.12.08-16.16.35:802][240]LogMaterial: Missing cached shader map for material TableSurface, compiling. 
[2016.12.08-16.16.35:813][240]LogFbx:Warning: Triangulating static mesh Cube
[2016.12.08-16.16.35:818][240]LogStaticMesh: Building static mesh Table2...
[2016.12.08-16.16.35:832][240]LogStaticMesh: Built static mesh [0.01s] /Game/FirstPersonBP/FurnitureAssets/Table2.Table2
[2016.12.08-16.16.35:842][240]FBXImport:Warning: Warning No smoothing group information was found in this FBX scene.  Please make sure to enable the 'Export Smoothing Groups' option in the FBX Exporter plug-in before exporting the file.  Even for tools that don't support smoothing groups, the FBX Exporter will generate appropriate smoothing data at export-time so that correct vertex normals can be inferred while importing. 
[2016.12.08-16.16.57:789][311]LogActorFactory: Actor Factory created Table2
[2016.12.08-16.16.58:285][361]LogActorFactory: Actor Factory created Table2
[2016.12.08-16.18.24:719][438]LogEditorViewport: Clicking on Actor (LMB): StaticMeshActor (Table)
[2016.12.08-16.18.28:007][737]LogEditorViewport: Clicking on Actor (LMB): StaticMeshActor (Table2)
[2016.12.08-16.18.46:745][450]MapCheck: New page: Map Check
[2016.12.08-16.18.46:773][450]Cmd: MAP REBUILD ALLVISIBLE
[2016.12.08-16.18.46:773][450]LogEditorServer: Rebuildmap Clear paths rebuilt
[2016.12.08-16.18.46:795][450]LightingResults: New page: Lighting Build - Dec 8, 2016, 6:18:46 PM
[2016.12.08-16.18.46:899][450]LogSwarmInterface: [OpenConnection] Registering TCP channel ...
[2016.12.08-16.18.46:981][450]LogSwarmInterface: [OpenConnection] Connecting to agent ...
[2016.12.08-16.18.46:996][450]LogSwarmInterface: [TryOpenConnection] Testing the Agent
[2016.12.08-16.18.47:538][450]LogSwarmInterface: [TryOpenConnection] Opening Connection to Agent
[2016.12.08-16.18.47:538][450]LogSwarmInterface: [TryOpenConnection] Local Process ID is 4076
[2016.12.08-16.18.50:250][450]LogStaticLightingSystem:Warning: No importance volume found, so the scene bounding box was used.  You can optimize your scene's quality and lighting build times by adding importance volumes.
[2016.12.08-16.18.50:252][450]LogStaticLightingSystem: Running Lightmass w/ ImmediateImport mode ENABLED
[2016.12.08-16.18.50:252][450]LogStaticLightingSystem: Running Lightmass w/ ImmediateProcess mode ENABLED
[2016.12.08-16.18.50:252][450]LogStaticLightingSystem: Running Lightmass w/ Sorting mode ENABLED
[2016.12.08-16.18.50:252][450]LogStaticLightingSystem: Running Lightmass w/ Mapping paddings ENABLED
[2016.12.08-16.18.50:252][450]LogStaticLightingSystem: Running Lightmass w/ Mapping debug paddings DISABLED
[2016.12.08-16.18.55:185][450]LogEditorBuildUtils: Build time 0:08
[2016.12.08-16.18.55:196][450]LogMaterial: Missing cached shader map for material FLightmassMaterialRenderer lambert1, compiling. 
[2016.12.08-16.18.55:208][450]LogMaterial: Missing cached shader map for material FLightmassMaterialRenderer lambert1, compiling. 
[2016.12.08-16.18.55:237][451]LogMaterial: Missing cached shader map for material FLightmassMaterialRenderer Wood_Texture_2_Mat, compiling. 
[2016.12.08-16.18.55:243][451]LogMaterial: Missing cached shader map for material FLightmassMaterialRenderer Wood_Texture_2_Mat, compiling. 
[2016.12.08-16.18.55:387][452]LogMaterial: Missing cached shader map for material FLightmassMaterialRenderer thread, compiling. 
[2016.12.08-16.18.55:393][452]LogMaterial: Missing cached shader map for material FLightmassMaterialRenderer thread, compiling. 
[2016.12.08-16.18.55:412][453]LogMaterial: Missing cached shader map for material FLightmassMaterialRenderer screw-thread, compiling. 
[2016.12.08-16.18.55:419][453]LogMaterial: Missing cached shader map for material FLightmassMaterialRenderer screw-thread, compiling. 
[2016.12.08-16.18.55:440][454]LogMaterial: Missing cached shader map for material FLightmassMaterialRenderer metal, compiling. 
[2016.12.08-16.18.55:446][454]LogMaterial: Missing cached shader map for material FLightmassMaterialRenderer metal, compiling. 
[2016.12.08-16.18.55:465][455]LogMaterial: Missing cached shader map for material FLightmassMaterialRenderer cord, compiling. 
[2016.12.08-16.18.55:471][455]LogMaterial: Missing cached shader map for material FLightmassMaterialRenderer cord, compiling. 
[2016.12.08-16.18.55:492][456]LogMaterial: Missing cached shader map for material FLightmassMaterialRenderer glass, compiling. 
[2016.12.08-16.18.55:500][456]LogMaterial: Missing cached shader map for material FLightmassMaterialRenderer glass, compiling. 
[2016.12.08-16.18.55:525][457]LogMaterial: Missing cached shader map for material FLightmassMaterialRenderer Alu_mat, compiling. 
[2016.12.08-16.18.55:534][457]LogMaterial: Missing cached shader map for material FLightmassMaterialRenderer Alu_mat, compiling. 
[2016.12.08-16.18.55:558][458]LogMaterial: Missing cached shader map for material FLightmassMaterialRenderer pin, compiling. 
[2016.12.08-16.18.55:565][458]LogMaterial: Missing cached shader map for material FLightmassMaterialRenderer pin, compiling. 
[2016.12.08-16.18.55:584][459]LogMaterial: Missing cached shader map for material FLightmassMaterialRenderer 111_Mat, compiling. 
[2016.12.08-16.18.55:591][459]LogMaterial: Missing cached shader map for material FLightmassMaterialRenderer 111_Mat, compiling. 
[2016.12.08-16.18.55:610][460]LogMaterial: Missing cached shader map for material FLightmassMaterialRenderer 222_Mat, compiling. 
[2016.12.08-16.18.55:618][460]LogMaterial: Missing cached shader map for material FLightmassMaterialRenderer 222_Mat, compiling. 
[2016.12.08-16.18.55:636][461]LogMaterial: Missing cached shader map for material FLightmassMaterialRenderer Side_1, compiling. 
[2016.12.08-16.18.55:642][461]LogMaterial: Missing cached shader map for material FLightmassMaterialRenderer Side_1, compiling. 
[2016.12.08-16.18.55:664][462]LogMaterial: Missing cached shader map for material FLightmassMaterialRenderer Teacup_dog_Mat, compiling. 
[2016.12.08-16.18.55:670][462]LogMaterial: Missing cached shader map for material FLightmassMaterialRenderer Teacup_dog_Mat, compiling. 
[2016.12.08-16.18.55:691][463]LogMaterial: Missing cached shader map for material FLightmassMaterialRenderer Chicken_Mat, compiling. 
[2016.12.08-16.18.55:699][463]LogMaterial: Missing cached shader map for material FLightmassMaterialRenderer Chicken_Mat, compiling. 
[2016.12.08-16.18.55:718][464]LogMaterial: Missing cached shader map for material FLightmassMaterialRenderer Kittens_Mat, compiling. 
[2016.12.08-16.18.55:725][464]LogMaterial: Missing cached shader map for material FLightmassMaterialRenderer Kittens_Mat, compiling. 
[2016.12.08-16.18.55:743][465]LogMaterial: Missing cached shader map for material FLightmassMaterialRenderer Piggy_Mat, compiling. 
[2016.12.08-16.18.55:750][465]LogMaterial: Missing cached shader map for material FLightmassMaterialRenderer Piggy_Mat, compiling. 
[2016.12.08-16.18.55:771][466]LogMaterial: Missing cached shader map for material FLightmassMaterialRenderer Antilop_Mat, compiling. 
[2016.12.08-16.18.55:777][466]LogMaterial: Missing cached shader map for material FLightmassMaterialRenderer Antilop_Mat, compiling. 
[2016.12.08-16.18.55:795][467]LogMaterial: Missing cached shader map for material FLightmassMaterialRenderer Hyena_Mat, compiling. 
[2016.12.08-16.18.55:801][467]LogMaterial: Missing cached shader map for material FLightmassMaterialRenderer Hyena_Mat, compiling. 
[2016.12.08-16.18.55:817][468]LogMaterial: Missing cached shader map for material FLightmassMaterialRenderer Cute_tiger_Mat, compiling. 
[2016.12.08-16.18.55:823][468]LogMaterial: Missing cached shader map for material FLightmassMaterialRenderer Cute_tiger_Mat, compiling. 
[2016.12.08-16.18.55:855][469]LogMaterial: Missing cached shader map for material FLightmassMaterialRenderer Rhinos_Mat, compiling. 
[2016.12.08-16.18.55:865][469]LogMaterial: Missing cached shader map for material FLightmassMaterialRenderer Rhinos_Mat, compiling. 
[2016.12.08-16.18.55:890][470]LogMaterial: Missing cached shader map for material FLightmassMaterialRenderer Lodjur_Mat, compiling. 
[2016.12.08-16.18.55:898][470]LogMaterial: Missing cached shader map for material FLightmassMaterialRenderer Lodjur_Mat, compiling. 
[2016.12.08-16.18.55:919][471]LogMaterial: Missing cached shader map for material FLightmassMaterialRenderer Cute_owl_Mat, compiling. 
[2016.12.08-16.18.55:924][471]LogMaterial: Missing cached shader map for material FLightmassMaterialRenderer Cute_owl_Mat, compiling. 
[2016.12.08-16.18.55:938][472]LogMaterial: Missing cached shader map for material FLightmassMaterialRenderer blinn2, compiling. 
[2016.12.08-16.18.55:943][472]LogMaterial: Missing cached shader map for material FLightmassMaterialRenderer blinn2, compiling. 
[2016.12.08-16.18.55:960][473]LogMaterial: Missing cached shader map for material FLightmassMaterialRenderer Girl-Sunset_Mat, compiling. 
[2016.12.08-16.18.55:966][473]LogMaterial: Missing cached shader map for material FLightmassMaterialRenderer Girl-Sunset_Mat, compiling. 
[2016.12.08-16.18.55:983][474]LogMaterial: Missing cached shader map for material FLightmassMaterialRenderer blinn3, compiling. 
[2016.12.08-16.18.55:990][474]LogMaterial: Missing cached shader map for material FLightmassMaterialRenderer blinn3, compiling. 
[2016.12.08-16.18.56:009][475]LogMaterial: Missing cached shader map for material FLightmassMaterialRenderer White, compiling. 
[2016.12.08-16.18.56:016][475]LogMaterial: Missing cached shader map for material FLightmassMaterialRenderer White, compiling. 
[2016.12.08-16.18.56:036][476]LogMaterial: Missing cached shader map for material FLightmassMaterialRenderer WorldGridMaterial, compiling. Is special engine material.
[2016.12.08-16.18.56:047][476]LogMaterial: Missing cached shader map for material FLightmassMaterialRenderer WorldGridMaterial, compiling. Is special engine material.
[2016.12.08-16.18.56:064][477]LogMaterial: Missing cached shader map for material FLightmassMaterialRenderer sp_wood_oak_1_Mat, compiling. 
[2016.12.08-16.18.56:069][477]LogMaterial: Missing cached shader map for material FLightmassMaterialRenderer sp_wood_oak_1_Mat, compiling. 
[2016.12.08-16.18.56:086][478]LogMaterial: Missing cached shader map for material FLightmassMaterialRenderer mt40600_Mat, compiling. 
[2016.12.08-16.18.56:092][478]LogMaterial: Missing cached shader map for material FLightmassMaterialRenderer mt40600_Mat, compiling. 
[2016.12.08-16.18.56:108][479]LogMaterial: Missing cached shader map for material FLightmassMaterialRenderer wallpaper35_Mat, compiling. 
[2016.12.08-16.18.56:114][479]LogMaterial: Missing cached shader map for material FLightmassMaterialRenderer wallpaper35_Mat, compiling. 
[2016.12.08-16.19.05:450][850]LightingResults:Warning: Warning Lakheden Object has overlapping UVs.
[2016.12.08-16.19.05:450][850]LightingResults: Info Lakheden Lightmap UV are overlapping by 23.4%. Please adjust content - Enable Error Coloring to visualize.
[2016.12.08-16.19.10:304][318]Job is a success!
[2016.12.08-16.19.10:478][319]LogTexture:Display: Building textures: HQ_Lightmap0_1 (AutoDXT)
[2016.12.08-16.19.10:478][319]LogTexture:Display: Building textures: HQ_Lightmap1_2 (AutoDXT)
[2016.12.08-16.19.10:478][319]LogTexture:Display: Building textures: LQ_Lightmap_0_1 (DXT1)
[2016.12.08-16.19.10:479][319]LogTexture:Display: Building textures: LQ_Lightmap_1_2 (DXT1)
[2016.12.08-16.19.10:479][319]LogTexture:Display: Building textures: ShadowMapTexture2D_0 (G8)
[2016.12.08-16.19.10:479][319]LogTexture:Display: Building textures: ShadowMapTexture2D_1 (G8)
[2016.12.08-16.19.10:513][319]Lightmass on DESKTOP-J30M1KI: 8.50 sec total, 1.25 sec importing, 591 ms setup, 584 ms photons, 6.04 sec processing, 0 ms extra exporting [28/28 mappings]. Threads: 42.1 sec total, 12.6 sec processing.
[2016.12.08-16.19.10:531][319]LogStaticLightingSystem: Illumination: 23.7 sec (67 ms encoding lightmaps, 30 ms encoding shadowmaps)
[2016.12.08-16.19.10:531][319]LogStaticLightingSystem: Lightmap texture memory:  0.6 MB (0.1 MB streaming, 0.5 MB non-streaming), 4 textures
[2016.12.08-16.19.10:531][319]LogStaticLightingSystem: Shadowmap texture memory: 0.2 MB (0.0 MB streaming, 0.2 MB non-streaming), 2 textures
[2016.12.08-16.19.11:265][319]DumpUnbuiltLightIteractions
[2016.12.08-16.19.11:265][319]Lights with unbuilt interactions: 0
[2016.12.08-16.19.11:265][319]
[2016.12.08-16.19.11:265][319]Primitives with unbuilt interactions: 0
[2016.12.08-16.19.11:303][320]Cmd: MAP CHECK NOTIFYRESULTS
[2016.12.08-16.19.11:303][320]MapCheck: New page: LivingRoom - Dec 8, 2016, 6:19:11 PM
[2016.12.08-16.19.11:365][320]MapCheck: Info Map check complete: 0 Error(s), 0 Warning(s), took 61.99ms to complete.
[2016.12.08-16.19.22:939][412]LogEditorViewport: Clicking on Actor (LMB): StaticMeshActor (Table2)
[2016.12.08-16.19.28:741][865]LogTemp: Repeting last play command: Selected Viewport
[2016.12.08-16.19.28:752][865]LogPlayLevel: PlayLevel: No blueprints needed recompiling
[2016.12.08-16.19.28:754][865]PIE: New page: PIE session: LivingRoom (Dec 8, 2016, 6:19:28 PM)
[2016.12.08-16.19.28:755][865]LogPlayLevel: Creating play world package: /Game/UEDPIE_0_LivingRoom
[2016.12.08-16.19.28:758][865]LogPlayLevel: PIE: StaticDuplicateObject took: (0.003490s)
[2016.12.08-16.19.28:759][865]LogAIModule: Creating AISystem for world LivingRoom
[2016.12.08-16.19.28:759][865]LogPlayLevel: PIE: World Init took: (0.001004s)
[2016.12.08-16.19.28:760][865]LogPlayLevel: PIE: Created PIE world by copying editor world from /Game/LivingRoom.LivingRoom to /Game/UEDPIE_0_LivingRoom.LivingRoom (0.005247s)
[2016.12.08-16.19.28:777][865]LogInit: XAudio2 using 'Headset Earphone (Corsair VOID RGB USB Gaming Headset )' : 2 channels at 44.1 kHz using 16 bits per sample (channel mask 0x3)
[2016.12.08-16.19.28:784][865]LogInit: FAudioDevice initialized.
[2016.12.08-16.19.28:841][865]LogLoad: Game class is 'FirstPersonGameMode_C'
[2016.12.08-16.19.28:847][865]LogWorld: Bringing World /Game/UEDPIE_0_LivingRoom.LivingRoom up for play (max tick rate 0) at 2016.12.08-17.19.28
[2016.12.08-16.19.28:848][865]LogWorld: Bringing up level for play took: 0.001765
[2016.12.08-16.19.28:890][865]LogContentBrowser: Native class hierarchy updated for 'MovieSceneCapture' in 0.0005 seconds. Added 11 classes and 0 folders.
[2016.12.08-16.19.28:899][865]PIE: Info Play in editor start time for /Game/UEDPIE_0_LivingRoom 1.056
[2016.12.08-16.19.40:022][955]LogEditorViewport: Clicking on Actor (LMB): StaticMeshActor (Table2)
[2016.12.08-16.20.05:169][293]LogEditorViewport: Clicking on Actor (LMB): StaticMeshActor (Table)
[2016.12.08-16.20.05:907][370]Cmd: DELETE
[2016.12.08-16.20.05:907][370]Cmd: ACTOR DELETE
[2016.12.08-16.20.05:913][370]LogEditorActor: Deleted Actor: StaticMeshActor
[2016.12.08-16.20.05:922][370]LogEditorActor: Deleted 1 Actors (0.009 secs)
[2016.12.08-16.20.09:902][775]MapCheck: New page: Map Check
[2016.12.08-16.20.09:918][775]Cmd: MAP REBUILD ALLVISIBLE
[2016.12.08-16.20.09:918][775]LogEditorServer: Rebuildmap Clear paths rebuilt
[2016.12.08-16.20.09:925][775]LightingResults: New page: Lighting Build - Dec 8, 2016, 6:20:09 PM
[2016.12.08-16.20.09:931][775]LogSwarmInterface: [OpenConnection] Registering TCP channel ...
[2016.12.08-16.20.09:932][775]LogSwarmInterface: [OpenConnection] Connecting to agent ...
[2016.12.08-16.20.09:932][775]LogSwarmInterface: [TryOpenConnection] Testing the Agent
[2016.12.08-16.20.09:933][775]LogSwarmInterface: [TryOpenConnection] Opening Connection to Agent
[2016.12.08-16.20.09:933][775]LogSwarmInterface: [TryOpenConnection] Local Process ID is 4076
[2016.12.08-16.20.14:450][775]LogStaticLightingSystem:Warning: No importance volume found, so the scene bounding box was used.  You can optimize your scene's quality and lighting build times by adding importance volumes.
[2016.12.08-16.20.14:450][775]LogStaticLightingSystem: Running Lightmass w/ ImmediateImport mode ENABLED
[2016.12.08-16.20.14:450][775]LogStaticLightingSystem: Running Lightmass w/ ImmediateProcess mode ENABLED
[2016.12.08-16.20.14:450][775]LogStaticLightingSystem: Running Lightmass w/ Sorting mode ENABLED
[2016.12.08-16.20.14:450][775]LogStaticLightingSystem: Running Lightmass w/ Mapping paddings ENABLED
[2016.12.08-16.20.14:450][775]LogStaticLightingSystem: Running Lightmass w/ Mapping debug paddings DISABLED
[2016.12.08-16.20.14:553][775]LogEditorBuildUtils: Build time 0:04
[2016.12.08-16.20.18:755][138]LightingResults:Warning: Warning Lakheden Object has overlapping UVs.
[2016.12.08-16.20.18:755][138]LightingResults: Info Lakheden Lightmap UV are overlapping by 23.4%. Please adjust content - Enable Error Coloring to visualize.
[2016.12.08-16.20.23:747][618]Job is a success!
[2016.12.08-16.20.23:900][619]LogTexture:Display: Building textures: HQ_Lightmap1_1 (AutoDXT)
[2016.12.08-16.20.23:900][619]LogTexture:Display: Building textures: LQ_Lightmap_1_1 (DXT1)
[2016.12.08-16.20.23:900][619]LogTexture:Display: Building textures: HQ_Lightmap0_2 (AutoDXT)
[2016.12.08-16.20.23:900][619]LogTexture:Display: Building textures: LQ_Lightmap_0_2 (DXT1)
[2016.12.08-16.20.23:900][619]LogTexture:Display: Building textures: ShadowMapTexture2D_2 (G8)
[2016.12.08-16.20.23:900][619]LogTexture:Display: Building textures: ShadowMapTexture2D_3 (G8)
[2016.12.08-16.20.23:916][619]Lightmass on DESKTOP-J30M1KI: 8.87 sec total, 1.51 sec importing, 575 ms setup, 591 ms photons, 6.14 sec processing, 0 ms extra exporting [27/27 mappings]. Threads: 42.8 sec total, 12.3 sec processing.
[2016.12.08-16.20.23:931][619]LogStaticLightingSystem: Illumination: 13.9 sec (61 ms encoding lightmaps, 31 ms encoding shadowmaps)
[2016.12.08-16.20.23:932][619]LogStaticLightingSystem: Lightmap texture memory:  0.6 MB (0.1 MB streaming, 0.5 MB non-streaming), 4 textures
[2016.12.08-16.20.23:932][619]LogStaticLightingSystem: Shadowmap texture memory: 0.2 MB (0.0 MB streaming, 0.2 MB non-streaming), 2 textures
[2016.12.08-16.20.24:461][619]DumpUnbuiltLightIteractions
[2016.12.08-16.20.24:461][619]Lights with unbuilt interactions: 0
[2016.12.08-16.20.24:461][619]
[2016.12.08-16.20.24:461][619]Primitives with unbuilt interactions: 0
[2016.12.08-16.20.24:495][620]Cmd: MAP CHECK NOTIFYRESULTS
[2016.12.08-16.20.24:495][620]MapCheck: New page: LivingRoom - Dec 8, 2016, 6:20:24 PM
[2016.12.08-16.20.24:603][620]MapCheck: Info Map check complete: 0 Error(s), 0 Warning(s), took 107.895ms to complete.
[2016.12.08-16.20.39:993][206]Cmd: OBJ SAVEPACKAGE PACKAGE="/Game/LivingRoom" FILE="../../../../../../Users/Preben/Documents/Unreal Projects/Gummi anka/GummiAnka/Content/LivingRoom.umap" SILENT=true AUTOSAVING=false KEEPDIRTY=false
[2016.12.08-16.20.40:039][206]LogSavePackage: Save=27.33ms
[2016.12.08-16.20.40:039][206]LogSavePackage: Moving '../../../../../../Users/Preben/Documents/Unreal Projects/Gummi anka/GummiAnka/Saved/LivingRoomDC2F6068420E28CE8C42A699C8C81749.tmp' to '../../../../../../Users/Preben/Documents/Unreal Projects/Gummi anka/GummiAnka/Content/LivingRoom.umap'
[2016.12.08-16.20.40:045][206]LogSavePackage:Display: Finished SavePackage ../../../../../../Users/Preben/Documents/Unreal Projects/Gummi anka/GummiAnka/Content/LivingRoom.umap
[2016.12.08-16.20.40:062][206]LogFileHelpers: Saving map 'LivingRoom' took 0.111
[2016.12.08-16.20.40:064][206]Cmd: OBJ SAVEPACKAGE PACKAGE="/Game/LivingRoom_BuiltData" FILE="../../../../../../Users/Preben/Documents/Unreal Projects/Gummi anka/GummiAnka/Content/LivingRoom_BuiltData.uasset" SILENT=true
[2016.12.08-16.20.40:095][206]LogSavePackage: Save=23.47ms
[2016.12.08-16.20.40:095][206]LogSavePackage: Moving '../../../../../../Users/Preben/Documents/Unreal Projects/Gummi anka/GummiAnka/Saved/LivingRoom_BuiltData7A07159E4FCB348EB31CBE9C391123FB.tmp' to '../../../../../../Users/Preben/Documents/Unreal Projects/Gummi anka/GummiAnka/Content/LivingRoom_BuiltData.uasset'
[2016.12.08-16.20.40:097][206]LogSavePackage:Display: Finished SavePackage ../../../../../../Users/Preben/Documents/Unreal Projects/Gummi anka/GummiAnka/Content/LivingRoom_BuiltData.uasset
[2016.12.08-16.20.40:127][206]LogSavePackage: Save=12.18ms
[2016.12.08-16.20.40:127][206]LogSavePackage: Moving '../../../../../../Users/Preben/Documents/Unreal Projects/Gummi anka/GummiAnka/Saved/Table2E5400DF146D92E0EA6FC0C8DDF60D0E6.tmp' to '../../../../../../Users/Preben/Documents/Unreal Projects/Gummi anka/GummiAnka/Content/FirstPersonBP/FurnitureAssets/Table2.uasset'
[2016.12.08-16.20.40:129][206]LogSavePackage:Display: Finished SavePackage ../../../../../../Users/Preben/Documents/Unreal Projects/Gummi anka/GummiAnka/Content/FirstPersonBP/FurnitureAssets/Table2.uasset
[2016.12.08-16.20.40:155][206]LogSavePackage: Save=10.87ms
[2016.12.08-16.20.40:155][206]LogSavePackage: Moving '../../../../../../Users/Preben/Documents/Unreal Projects/Gummi anka/GummiAnka/Saved/LegsC8065131470B2834C845EEA318A437CB.tmp' to '../../../../../../Users/Preben/Documents/Unreal Projects/Gummi anka/GummiAnka/Content/FirstPersonBP/FurnitureAssets/Legs.uasset'
[2016.12.08-16.20.40:157][206]LogSavePackage:Display: Finished SavePackage ../../../../../../Users/Preben/Documents/Unreal Projects/Gummi anka/GummiAnka/Content/FirstPersonBP/FurnitureAssets/Legs.uasset
[2016.12.08-16.20.40:188][206]LogSavePackage: Save=10.80ms
[2016.12.08-16.20.40:188][206]LogSavePackage: Moving '../../../../../../Users/Preben/Documents/Unreal Projects/Gummi anka/GummiAnka/Saved/TableSurface8C93FDA34511B7AE3AB7B893B1ED4963.tmp' to '../../../../../../Users/Preben/Documents/Unreal Projects/Gummi anka/GummiAnka/Content/FirstPersonBP/FurnitureAssets/TableSurface.uasset'
[2016.12.08-16.20.40:190][206]LogSavePackage:Display: Finished SavePackage ../../../../../../Users/Preben/Documents/Unreal Projects/Gummi anka/GummiAnka/Content/FirstPersonBP/FurnitureAssets/TableSurface.uasset
[2016.12.08-16.20.42:032][418]LogWindowsTextInputMethodSystem:Display: IME system now deactivated.
[2016.12.08-16.20.42:214][419]Cmd: QUIT_EDITOR
[2016.12.08-16.20.42:936][419]LogExit: Preparing to exit.
[2016.12.08-16.20.43:221][419]LogDirectoryWatcher: A directory notification for 'C:/Users/Preben/Documents/Unreal Projects/Gummi anka/GummiAnka/Content/' was aborted.
[2016.12.08-16.20.43:250][419]LogExit: Editor shut down
[2016.12.08-16.20.43:251][419]LogExit: Transaction tracking system shut down
[2016.12.08-16.20.43:405][419]LogObj: Freed 0b from 0 cluster array pools.
[2016.12.08-16.20.43:405][419]LogExit: Object subsystem successfully closed.
[2016.12.08-16.20.43:436][419]LogD3D11RHI: Shutdown
[2016.12.08-16.20.43:437][419]LogD3D11RHI: CleanupD3DDevice
[2016.12.08-16.20.43:557][419]LogD3D11RHI: ~FD3D11DynamicRHI
[2016.12.08-16.20.43:589][419]LogHttp:Display: Http module shutting down, but needs to wait on 1 outstanding Http requests:
[2016.12.08-16.20.43:589][419]LogHttp:Display: 	verb=[POST] url=[https://datarouter.ol.epicgames.com/datarouter/api/v1/public/data?SessionID=%7B91B7CE15-40F9-B09B-0113-CDB301C641F4%7D&AppID=UEEditor.Rocket.Release&AppVersion=4.14.0-3195953%2B%2B%2BUE4%2BRelease-4.14&UserID=8111ffff412e090fc5f20e8a62785b11%7C8b5d3536e2af4b28908a2298bfa2ddf2%7C709c0eb6-2bfd-413c-ba24-7e9e44d4ab65&AppEnvironment=datacollector-binary&UploadType=eteventstream] status=Processing
[2016.12.08-16.20.43:604][419]LogModuleManager: Shutting down and abandoning module MovieSceneCapture (243)
[2016.12.08-16.20.43:605][419]LogModuleManager: Shutting down and abandoning module HierarchicalLODUtilities (242)
[2016.12.08-16.20.43:605][419]LogModuleManager: Shutting down and abandoning module HierarchicalLODOutliner (241)
[2016.12.08-16.20.43:606][419]LogModuleManager: Shutting down and abandoning module CrashTracker (240)
[2016.12.08-16.20.43:606][419]LogModuleManager: Shutting down and abandoning module SceneOutliner (239)
[2016.12.08-16.20.43:606][419]LogModuleManager: Shutting down and abandoning module WidgetCarousel (238)
[2016.12.08-16.20.43:606][419]LogModuleManager: Shutting down and abandoning module AddContentDialog (237)
[2016.12.08-16.20.43:607][419]LogDirectoryWatcher: A directory notification for 'C:/Program Files (x86)/Epic Games/4.14/FeaturePacks/' was aborted.
[2016.12.08-16.20.43:642][419]LogModuleManager: Shutting down and abandoning module GameplayTags (236)
[2016.12.08-16.20.43:642][419]LogModuleManager: Shutting down and abandoning module EditorWidgets (235)
[2016.12.08-16.20.43:642][419]LogModuleManager: Shutting down and abandoning module CollectionManager (234)
[2016.12.08-16.20.43:643][419]LogDirectoryWatcher: A directory notification for 'C:/Users/Preben/Documents/Unreal Projects/Gummi anka/GummiAnka/Content/Collections/' was aborted.
[2016.12.08-16.20.43:643][419]LogDirectoryWatcher: A directory notification for 'C:/Users/Preben/Documents/Unreal Projects/Gummi anka/GummiAnka/Content/Developers/Preben/Collections/' was aborted.
[2016.12.08-16.20.43:643][419]LogDirectoryWatcher: A directory notification for 'C:/Users/Preben/Documents/Unreal Projects/Gummi anka/GummiAnka/Saved/Collections/' was aborted.
[2016.12.08-16.20.43:643][419]LogModuleManager: Shutting down and abandoning module StatsViewer (233)
[2016.12.08-16.20.43:644][419]LogModuleManager: Shutting down and abandoning module FoliageEdit (232)
[2016.12.08-16.20.43:644][419]LogModuleManager: Shutting down and abandoning module LandscapeEditor (231)
[2016.12.08-16.20.43:645][419]LogModuleManager: Shutting down and abandoning module SceneDepthPickerMode (230)
[2016.12.08-16.20.43:645][419]LogModuleManager: Shutting down and abandoning module ActorPickerMode (229)
[2016.12.08-16.20.43:645][419]LogModuleManager: Shutting down and abandoning module GeometryMode (228)
[2016.12.08-16.20.43:645][419]LogModuleManager: Shutting down and abandoning module TextureAlignMode (227)
[2016.12.08-16.20.43:645][419]LogModuleManager: Shutting down and abandoning module BspMode (226)
[2016.12.08-16.20.43:646][419]LogModuleManager: Shutting down and abandoning module HardwareSurvey (225)
[2016.12.08-16.20.43:646][419]LogModuleManager: Shutting down and abandoning module SequenceRecorderSections (224)
[2016.12.08-16.20.43:646][419]LogModuleManager: Shutting down and abandoning module AutomationWorker (223)
[2016.12.08-16.20.43:646][419]LogModuleManager: Shutting down and abandoning module MatineeToLevelSequence (222)
[2016.12.08-16.20.43:647][419]LogModuleManager: Shutting down and abandoning module PlacementMode (221)
[2016.12.08-16.20.43:647][419]LogModuleManager: Shutting down and abandoning module LevelSequenceEditor (220)
[2016.12.08-16.20.43:649][419]LogModuleManager: Shutting down and abandoning module WmfMediaFactory (219)
[2016.12.08-16.20.43:649][419]LogModuleManager: Shutting down and abandoning module WmfMediaEditor (218)
[2016.12.08-16.20.43:649][419]LogModuleManager: Shutting down and abandoning module AvfMediaFactory (217)
[2016.12.08-16.20.43:649][419]LogModuleManager: Shutting down and abandoning module AvfMediaEditor (216)
[2016.12.08-16.20.43:649][419]LogModuleManager: Shutting down and abandoning module Media (215)
[2016.12.08-16.20.43:649][419]LogModuleManager: Shutting down and abandoning module AndroidMediaFactory (214)
[2016.12.08-16.20.43:649][419]LogModuleManager: Shutting down and abandoning module AndroidMediaEditor (213)
[2016.12.08-16.20.43:649][419]LogModuleManager: Shutting down and abandoning module CharacterAI (212)
[2016.12.08-16.20.43:649][419]LogModuleManager: Shutting down and abandoning module SequenceRecorder (211)
[2016.12.08-16.20.43:650][419]LogModuleManager: Shutting down and abandoning module AudioCapture (210)
[2016.12.08-16.20.43:650][419]LogModuleManager: Shutting down and abandoning module SmartSnapping (209)
[2016.12.08-16.20.43:650][419]LogModuleManager: Shutting down and abandoning module SessionServices (208)
[2016.12.08-16.20.43:650][419]LogModuleManager: Shutting down and abandoning module ViewportSnapping (207)
[2016.12.08-16.20.43:650][419]LogModuleManager: Shutting down and abandoning module ViewportInteraction (206)
[2016.12.08-16.20.43:650][419]LogModuleManager: Shutting down and abandoning module LogVisualizer (205)
[2016.12.08-16.20.43:651][419]LogModuleManager: Shutting down and abandoning module GameProjectGeneration (204)
[2016.12.08-16.20.43:652][419]LogModuleManager: Shutting down and abandoning module IntroTutorials (203)
[2016.12.08-16.20.43:653][419]LogModuleManager: Shutting down and abandoning module EditorLiveStreaming (202)
[2016.12.08-16.20.43:653][419]LogModuleManager: Shutting down and abandoning module IOSPlatformEditor (201)
[2016.12.08-16.20.43:654][419]LogModuleManager: Shutting down and abandoning module HTML5PlatformEditor (200)
[2016.12.08-16.20.43:654][419]LogModuleManager: Shutting down and abandoning module AndroidDeviceDetection (199)
[2016.12.08-16.20.44:119][419]LogModuleManager: Shutting down and abandoning module AndroidPlatformEditor (198)
[2016.12.08-16.20.44:119][419]LogModuleManager: Shutting down and abandoning module IOSRuntimeSettings (197)
[2016.12.08-16.20.44:119][419]LogModuleManager: Shutting down and abandoning module AndroidRuntimeSettings (196)
[2016.12.08-16.20.44:119][419]LogModuleManager: Shutting down and abandoning module InputBindingEditor (195)
[2016.12.08-16.20.44:120][419]LogModuleManager: Shutting down and abandoning module NiagaraEditor (194)
[2016.12.08-16.20.44:121][419]LogModuleManager: Shutting down and abandoning module MergeActors (193)
[2016.12.08-16.20.44:122][419]LogModuleManager: Shutting down and abandoning module SizeMap (192)
[2016.12.08-16.20.44:123][419]LogModuleManager: Shutting down and abandoning module TreeMap (191)
[2016.12.08-16.20.44:124][419]LogModuleManager: Shutting down and abandoning module ReferenceViewer (190)
[2016.12.08-16.20.44:124][419]LogModuleManager: Shutting down and abandoning module LocalizationService (189)
[2016.12.08-16.20.44:124][419]LogModuleManager: Shutting down and abandoning module LocalizationDashboard (188)
[2016.12.08-16.20.44:125][419]LogModuleManager: Shutting down and abandoning module HardwareTargeting (187)
[2016.12.08-16.20.44:126][419]LogModuleManager: Shutting down and abandoning module DeviceProfileEditor (186)
[2016.12.08-16.20.44:126][419]LogModuleManager: Shutting down and abandoning module UndoHistory (185)
[2016.12.08-16.20.44:127][419]LogModuleManager: Shutting down and abandoning module UserFeedback (184)
[2016.12.08-16.20.44:127][419]LogModuleManager: Shutting down and abandoning module XmlParser (183)
[2016.12.08-16.20.44:127][419]LogModuleManager: Shutting down and abandoning module Blutility (182)
[2016.12.08-16.20.44:127][419]LogModuleManager: Shutting down and abandoning module ProjectTargetPlatformEditor (181)
[2016.12.08-16.20.44:128][419]LogModuleManager: Shutting down and abandoning module ProjectSettingsViewer (180)
[2016.12.08-16.20.44:128][419]LogModuleManager: Shutting down and abandoning module EditorSettingsViewer (179)
[2016.12.08-16.20.44:128][419]LogModuleManager: Shutting down and abandoning module SettingsEditor (178)
[2016.12.08-16.20.44:129][419]LogModuleManager: Shutting down and abandoning module ProjectLauncher (177)
[2016.12.08-16.20.44:130][419]LogModuleManager: Shutting down and abandoning module SessionFrontend (176)
[2016.12.08-16.20.44:131][419]LogModuleManager: Shutting down and abandoning module ProfilerClient (175)
[2016.12.08-16.20.44:132][419]LogModuleManager: Shutting down and abandoning module TargetDeviceServices (174)
[2016.12.08-16.20.44:132][419]LogModuleManager: Shutting down and abandoning module DeviceManager (173)
[2016.12.08-16.20.44:187][419]LogModuleManager: Shutting down and abandoning module AutomationController (172)
[2016.12.08-16.20.44:188][419]LogModuleManager: Shutting down and abandoning module AutomationWindow (171)
[2016.12.08-16.20.44:189][419]LogModuleManager: Shutting down and abandoning module Layers (170)
[2016.12.08-16.20.44:191][419]LogModuleManager: Shutting down and abandoning module ComponentVisualizers (169)
[2016.12.08-16.20.44:191][419]LogModuleManager: Shutting down and abandoning module DetailCustomizations (168)
[2016.12.08-16.20.44:192][419]LogModuleManager: Shutting down and abandoning module PackagesDialog (167)
[2016.12.08-16.20.44:192][419]LogModuleManager: Shutting down and abandoning module AnimGraph (166)
[2016.12.08-16.20.44:192][419]LogModuleManager: Shutting down and abandoning module Persona (165)
[2016.12.08-16.20.44:193][419]LogModuleManager: Shutting down and abandoning module Kismet (164)
[2016.12.08-16.20.44:195][419]LogModuleManager: Shutting down and abandoning module GraphEditor (163)
[2016.12.08-16.20.44:198][419]LogModuleManager: Shutting down and abandoning module ClassViewer (162)
[2016.12.08-16.20.44:198][419]LogModuleManager: Shutting down and abandoning module Toolbox (161)
[2016.12.08-16.20.44:199][419]LogModuleManager: Shutting down and abandoning module ModuleUI (160)
[2016.12.08-16.20.44:199][419]LogModuleManager: Shutting down and abandoning module MovieSceneTools (159)
[2016.12.08-16.20.44:201][419]LogModuleManager: Shutting down and abandoning module OutputLog (158)
[2016.12.08-16.20.44:202][419]LogModuleManager: Shutting down and abandoning module GammaUI (157)
[2016.12.08-16.20.44:202][419]LogModuleManager: Shutting down and abandoning module Documentation (156)
[2016.12.08-16.20.44:202][419]LogModuleManager: Shutting down and abandoning module Niagara (155)
[2016.12.08-16.20.44:202][419]LogModuleManager: Shutting down and abandoning module StreamingPauseRendering (154)
[2016.12.08-16.20.44:202][419]LogModuleManager: Shutting down and abandoning module AnalyticsET (153)
[2016.12.08-16.20.44:202][419]LogModuleManager: Shutting down and abandoning module PortalServices (152)
[2016.12.08-16.20.44:202][419]LogModuleManager: Shutting down and abandoning module PortalRpc (151)
[2016.12.08-16.20.44:202][419]LogModuleManager: Shutting down and abandoning module MessagingRpc (150)
[2016.12.08-16.20.44:202][419]LogModuleManager: Shutting down and abandoning module GameplayDebugger (149)
[2016.12.08-16.20.44:203][419]LogModuleManager: Shutting down and abandoning module AITestSuite (148)
[2016.12.08-16.20.44:203][419]LogModuleManager: Shutting down and abandoning module AIModule (147)
[2016.12.08-16.20.44:203][419]LogModuleManager: Shutting down and abandoning module ProfilerService (146)
[2016.12.08-16.20.44:283][419]LogModuleManager: Shutting down and abandoning module TaskGraph (145)
[2016.12.08-16.20.44:284][419]LogModuleManager: Shutting down and abandoning module SlateRemote (144)
[2016.12.08-16.20.44:284][419]LogModuleManager: Shutting down and abandoning module SteamVRController (143)
[2016.12.08-16.20.44:284][419]LogModuleManager: Shutting down and abandoning module SteamVR (142)
[2016.12.08-16.20.44:284][419]LogModuleManager: Shutting down and abandoning module ProceduralMeshComponentEditor (141)
[2016.12.08-16.20.44:285][419]LogModuleManager: Shutting down and abandoning module ProceduralMeshComponent (140)
[2016.12.08-16.20.44:285][419]LogModuleManager: Shutting down and abandoning module OculusLibrary (139)
[2016.12.08-16.20.44:285][419]LogModuleManager: Shutting down and abandoning module OculusInput (138)
[2016.12.08-16.20.44:285][419]LogModuleManager: Shutting down and abandoning module MobilePatchingUtils (137)
[2016.12.08-16.20.44:285][419]LogModuleManager: Shutting down and abandoning module CustomMeshComponent (136)
[2016.12.08-16.20.44:285][419]LogModuleManager: Shutting down and abandoning module CableComponent (135)
[2016.12.08-16.20.44:286][419]LogModuleManager: Shutting down and abandoning module ArchVisCharacter (134)
[2016.12.08-16.20.44:286][419]LogModuleManager: Shutting down and abandoning module MediaPlayerEditor (132)
[2016.12.08-16.20.44:288][419]LogModuleManager: Shutting down and abandoning module HTML5Networking (131)
[2016.12.08-16.20.44:289][419]LogModuleManager: Shutting down and abandoning module GeometryCacheEd (130)
[2016.12.08-16.20.44:289][419]LogModuleManager: Shutting down and abandoning module GeometryCache (129)
[2016.12.08-16.20.44:289][419]LogModuleManager: Shutting down and abandoning module AlembicLibrary (128)
[2016.12.08-16.20.44:289][419]LogModuleManager: Shutting down and abandoning module AlembicImporter (127)
[2016.12.08-16.20.44:289][419]LogModuleManager: Shutting down and abandoning module SuperSearch (126)
[2016.12.08-16.20.44:289][419]LogModuleManager: Shutting down and abandoning module SuperSearchEditor (125)
[2016.12.08-16.20.44:289][419]LogModuleManager: Shutting down and abandoning module SpeedTreeImporter (124)
[2016.12.08-16.20.44:290][419]LogModuleManager: Shutting down and abandoning module PluginBrowser (123)
[2016.12.08-16.20.44:291][419]LogModuleManager: Shutting down and abandoning module MobileLauncherProfileWizard (122)
[2016.12.08-16.20.44:292][419]LogModuleManager: Shutting down and abandoning module EpicSurvey (121)
[2016.12.08-16.20.44:292][419]LogModuleManager: Shutting down and abandoning module DesktopPlatform (120)
[2016.12.08-16.20.44:293][419]LogModuleManager: Shutting down and abandoning module VisualStudioSourceCodeAccess (119)
[2016.12.08-16.20.44:293][419]LogModuleManager: Shutting down and abandoning module UObjectPlugin (118)
[2016.12.08-16.20.44:293][419]LogModuleManager: Shutting down and abandoning module SubversionSourceControl (117)
[2016.12.08-16.20.44:294][419]LogModuleManager: Shutting down and abandoning module PerforceSourceControl (116)
[2016.12.08-16.20.44:295][419]LogModuleManager: Shutting down and abandoning module SourceControl (115)
[2016.12.08-16.20.44:296][419]LogModuleManager: Shutting down and abandoning module GitSourceControl (114)
[2016.12.08-16.20.44:296][419]LogModuleManager: Shutting down and abandoning module LightPropagationVolumeEditor (113)
[2016.12.08-16.20.44:296][419]LogModuleManager: Shutting down and abandoning module PaperTiledImporter (112)
[2016.12.08-16.20.44:297][419]LogModuleManager: Shutting down and abandoning module PaperSpriteSheetImporter (111)
[2016.12.08-16.20.44:297][419]LogModuleManager: Shutting down and abandoning module MeshPaint (110)
[2016.12.08-16.20.44:297][419]LogModuleManager: Shutting down and abandoning module PixelInspectorModule (109)
[2016.12.08-16.20.44:297][419]LogModuleManager: Shutting down and abandoning module HotReload (108)
[2016.12.08-16.20.44:299][419]LogModuleManager: Shutting down and abandoning module MainFrame (107)
[2016.12.08-16.20.44:299][419]LogModuleManager: Shutting down and abandoning module LevelEditor (106)
[2016.12.08-16.20.44:301][419]LogModuleManager: Shutting down and abandoning module ContentBrowser (105)
[2016.12.08-16.20.44:304][419]LogModuleManager: Shutting down and abandoning module Paper2DEditor (104)
[2016.12.08-16.20.44:305][419]LogModuleManager: Shutting down and abandoning module UdpMessaging (103)
[2016.12.08-16.20.44:406][419]LogModuleManager: Shutting down and abandoning module TcpMessaging (102)
[2016.12.08-16.20.44:506][419]LogModuleManager: Shutting down and abandoning module LightPropagationVolumeRuntime (101)
[2016.12.08-16.20.44:506][419]LogModuleManager: Shutting down and abandoning module Paper2D (100)
[2016.12.08-16.20.44:507][419]LogModuleManager: Shutting down and abandoning module WindowsMoviePlayer (99)
[2016.12.08-16.20.44:507][419]LogModuleManager: Shutting down and abandoning module WmfMedia (98)
[2016.12.08-16.20.44:508][419]LogModuleManager: Shutting down and abandoning module MediaAssets (97)
[2016.12.08-16.20.44:508][419]LogModuleManager: Shutting down and abandoning module GameLiveStreaming (96)
[2016.12.08-16.20.44:509][419]LogModuleManager: Shutting down and abandoning module GameplayTagsEditor (95)
[2016.12.08-16.20.44:509][419]LogModuleManager: Shutting down and abandoning module VREditor (94)
[2016.12.08-16.20.44:509][419]LogModuleManager: Shutting down and abandoning module GameplayTasksEditor (93)
[2016.12.08-16.20.44:509][419]LogModuleManager: Shutting down and abandoning module BehaviorTreeEditor (92)
[2016.12.08-16.20.44:511][419]LogModuleManager: Shutting down and abandoning module FunctionalTesting (91)
[2016.12.08-16.20.44:511][419]LogModuleManager: Shutting down and abandoning module CollisionAnalyzer (90)
[2016.12.08-16.20.44:513][419]LogModuleManager: Shutting down and abandoning module Sequencer (89)
[2016.12.08-16.20.44:514][419]LogModuleManager: Shutting down and abandoning module WorkspaceMenuStructure (88)
[2016.12.08-16.20.44:514][419]LogModuleManager: Shutting down and abandoning module MessageLog (87)
[2016.12.08-16.20.44:514][419]LogModuleManager: Shutting down and abandoning module AssetTools (86)
[2016.12.08-16.20.44:516][419]LogModuleManager: Shutting down and abandoning module UMGEditor (85)
[2016.12.08-16.20.44:518][419]LogModuleManager: Shutting down and abandoning module UMG (84)
[2016.12.08-16.20.44:519][419]LogModuleManager: Shutting down and abandoning module SlateReflector (83)
[2016.12.08-16.20.44:522][419]LogModuleManager: Shutting down and abandoning module Slate (82)
[2016.12.08-16.20.44:522][419]LogModuleManager: Shutting down and abandoning module EditorStyle (81)
[2016.12.08-16.20.44:530][419]LogModuleManager: Shutting down and abandoning module SourceCodeAccess (80)
[2016.12.08-16.20.44:530][419]LogModuleManager: Shutting down and abandoning module HeadMountedDisplay (79)
[2016.12.08-16.20.44:530][419]LogModuleManager: Shutting down and abandoning module XAudio2 (78)
[2016.12.08-16.20.44:530][419]LogModuleManager: Shutting down and abandoning module Networking (76)
[2016.12.08-16.20.44:530][419]LogModuleManager: Shutting down and abandoning module Core (75)
[2016.12.08-16.20.44:530][419]LogModuleManager: Shutting down and abandoning module DirectoryWatcher (74)
[2016.12.08-16.20.44:530][419]LogDirectoryWatcher: A directory notification for '../../../Engine/Content/' was aborted.
[2016.12.08-16.20.44:530][419]LogDirectoryWatcher: A directory notification for '../../../../../../Users/Preben/Documents/Unreal Projects/Gummi anka/GummiAnka/Content/' was aborted.
[2016.12.08-16.20.44:531][419]LogDirectoryWatcher: A directory notification for '../../../Engine/Plugins/2D/Paper2D/Content/' was aborted.
[2016.12.08-16.20.44:532][419]LogModuleManager: Shutting down and abandoning module AssetRegistry (73)
[2016.12.08-16.20.44:682][419]LogModuleManager: Shutting down and abandoning module KismetCompiler (72)
[2016.12.08-16.20.44:682][419]LogModuleManager: Shutting down and abandoning module PhysXFormats (71)
[2016.12.08-16.20.44:682][419]LogModuleManager: Shutting down and abandoning module SimplygonSwarm (70)
[2016.12.08-16.20.44:683][419]LogModuleManager: Shutting down and abandoning module SimplygonMeshReduction (69)
[2016.12.08-16.20.44:683][419]LogModuleManager: Shutting down and abandoning module QuadricMeshReduction (68)
[2016.12.08-16.20.44:683][419]LogModuleManager: Shutting down and abandoning module PropertyEditor (67)
[2016.12.08-16.20.44:683][419]LogModuleManager: Shutting down and abandoning module MeshUtilities (66)
[2016.12.08-16.20.44:684][419]LogModuleManager: Shutting down and abandoning module DerivedDataCache (65)
[2016.12.08-16.20.44:760][419]LogDerivedDataCache: Shutdown
[2016.12.08-16.20.44:760][419]LogModuleManager: Shutting down and abandoning module VulkanShaderFormat (64)
[2016.12.08-16.20.44:760][419]LogModuleManager: Shutting down and abandoning module ShaderFormatOpenGL (63)
[2016.12.08-16.20.44:761][419]LogModuleManager: Shutting down and abandoning module ShaderFormatD3D (62)
[2016.12.08-16.20.44:762][419]LogModuleManager: Shutting down and abandoning module MetalShaderFormat (61)
[2016.12.08-16.20.44:762][419]LogModuleManager: Shutting down and abandoning module TextureFormatUncompressed (60)
[2016.12.08-16.20.44:762][419]LogModuleManager: Shutting down and abandoning module TextureFormatPVR (59)
[2016.12.08-16.20.44:763][419]LogModuleManager: Shutting down and abandoning module TextureFormatDXT (58)
[2016.12.08-16.20.44:763][419]LogModuleManager: Shutting down and abandoning module TextureFormatIntelISPCTexComp (57)
[2016.12.08-16.20.44:763][419]LogModuleManager: Shutting down and abandoning module ImageWrapper (56)
[2016.12.08-16.20.44:763][419]LogModuleManager: Shutting down and abandoning module TextureFormatASTC (55)
[2016.12.08-16.20.44:763][419]LogModuleManager: Shutting down and abandoning module TextureFormatAndroid (54)
[2016.12.08-16.20.44:763][419]LogModuleManager: Shutting down and abandoning module AudioFormatOpus (53)
[2016.12.08-16.20.44:764][419]LogModuleManager: Shutting down and abandoning module AudioFormatOgg (52)
[2016.12.08-16.20.44:764][419]LogModuleManager: Shutting down and abandoning module AudioFormatADPCM (51)
[2016.12.08-16.20.44:764][419]LogModuleManager: Shutting down and abandoning module LinuxTargetPlatform (50)
[2016.12.08-16.20.44:764][419]LogModuleManager: Shutting down and abandoning module LinuxServerTargetPlatform (49)
[2016.12.08-16.20.44:764][419]LogModuleManager: Shutting down and abandoning module LinuxNoEditorTargetPlatform (48)
[2016.12.08-16.20.44:765][419]LogModuleManager: Shutting down and abandoning module LinuxClientTargetPlatform (47)
[2016.12.08-16.20.44:765][419]LogModuleManager: Shutting down and abandoning module TVOSTargetPlatform (46)
[2016.12.08-16.20.44:765][419]LogModuleManager: Shutting down and abandoning module Messaging (45)
[2016.12.08-16.20.44:765][419]LogModuleManager: Shutting down and abandoning module IOSTargetPlatform (44)
[2016.12.08-16.20.44:765][419]LogModuleManager: Shutting down and abandoning module HTML5TargetPlatform (43)
[2016.12.08-16.20.44:765][419]LogModuleManager: Shutting down and abandoning module Android_PVRTCTargetPlatform (42)
[2016.12.08-16.20.44:765][419]LogModuleManager: Shutting down and abandoning module Android_MultiTargetPlatform (41)
[2016.12.08-16.20.44:765][419]LogModuleManager: Shutting down and abandoning module Android_ETC2TargetPlatform (40)
[2016.12.08-16.20.44:765][419]LogModuleManager: Shutting down and abandoning module Android_ETC1TargetPlatform (39)
[2016.12.08-16.20.44:765][419]LogModuleManager: Shutting down and abandoning module Android_DXTTargetPlatform (38)
[2016.12.08-16.20.44:765][419]LogModuleManager: Shutting down and abandoning module Android_ATCTargetPlatform (37)
[2016.12.08-16.20.44:765][419]LogModuleManager: Shutting down and abandoning module Android_ASTCTargetPlatform (36)
[2016.12.08-16.20.44:765][419]LogModuleManager: Shutting down and abandoning module AndroidTargetPlatform (35)
[2016.12.08-16.20.44:765][419]LogModuleManager: Shutting down and abandoning module WindowsTargetPlatform (34)
[2016.12.08-16.20.44:765][419]LogModuleManager: Shutting down and abandoning module WindowsServerTargetPlatform (33)
[2016.12.08-16.20.44:766][419]LogModuleManager: Shutting down and abandoning module WindowsNoEditorTargetPlatform (32)
[2016.12.08-16.20.44:766][419]LogModuleManager: Shutting down and abandoning module WindowsClientTargetPlatform (31)
[2016.12.08-16.20.44:766][419]LogModuleManager: Shutting down and abandoning module MacTargetPlatform (30)
[2016.12.08-16.20.44:766][419]LogModuleManager: Shutting down and abandoning module MacServerTargetPlatform (29)
[2016.12.08-16.20.44:766][419]LogModuleManager: Shutting down and abandoning module MacNoEditorTargetPlatform (28)
[2016.12.08-16.20.44:766][419]LogModuleManager: Shutting down and abandoning module MacClientTargetPlatform (27)
[2016.12.08-16.20.44:766][419]LogModuleManager: Shutting down and abandoning module AllDesktopTargetPlatform (26)
[2016.12.08-16.20.44:766][419]LogModuleManager: Shutting down and abandoning module TargetPlatform (25)
[2016.12.08-16.20.44:766][419]LogModuleManager: Shutting down and abandoning module InputCore (24)
[2016.12.08-16.20.44:766][419]LogModuleManager: Shutting down and abandoning module Settings (23)
[2016.12.08-16.20.44:766][419]LogModuleManager: Shutting down and abandoning module OculusRift (22)
[2016.12.08-16.20.44:767][419]LogModuleManager: Shutting down and abandoning module ExampleDeviceProfileSelector (21)
[2016.12.08-16.20.44:767][419]LogModuleManager: Shutting down and abandoning module OnlineBlueprintSupport (20)
[2016.12.08-16.20.44:767][419]LogModuleManager: Shutting down and abandoning module OnlineSubsystem (18)
[2016.12.08-16.20.44:767][419]LogOnline:Display: Unloading online subsystem: NULL
[2016.12.08-16.20.44:768][419]LogModuleManager: Shutting down and abandoning module SSL (17)
[2016.12.08-16.20.44:772][419]LogModuleManager: Shutting down and abandoning module HTTP (16)
[2016.12.08-16.20.44:772][419]LogModuleManager: Shutting down and abandoning module XMPP (15)
[2016.12.08-16.20.44:773][419]LogModuleManager: Shutting down and abandoning module TextureCompressor (14)
[2016.12.08-16.20.44:773][419]LogModuleManager: Shutting down and abandoning module ShaderCore (13)
[2016.12.08-16.20.44:773][419]LogModuleManager: Shutting down and abandoning module Landscape (12)
[2016.12.08-16.20.44:773][419]LogModuleManager: Shutting down and abandoning module SlateRHIRenderer (11)
[2016.12.08-16.20.44:777][419]LogModuleManager: Shutting down and abandoning module OpenGLDrv (10)
[2016.12.08-16.20.44:778][419]LogModuleManager: Shutting down and abandoning module D3D11RHI (9)
[2016.12.08-16.20.44:778][419]LogModuleManager: Shutting down and abandoning module AnimGraphRuntime (8)
[2016.12.08-16.20.44:778][419]LogModuleManager: Shutting down and abandoning module Renderer (7)
[2016.12.08-16.20.44:778][419]LogModuleManager: Shutting down and abandoning module Engine (6)
[2016.12.08-16.20.44:778][419]LogModuleManager: Shutting down and abandoning module CoreUObject (5)
[2016.12.08-16.20.44:778][419]LogModuleManager: Shutting down and abandoning module NetworkFile (4)
[2016.12.08-16.20.44:778][419]LogModuleManager: Shutting down and abandoning module StreamingFile (3)
[2016.12.08-16.20.44:779][419]LogModuleManager: Shutting down and abandoning module SandboxFile (2)
[2016.12.08-16.20.44:779][419]LogModuleManager: Shutting down and abandoning module PakFile (1)
[2016.12.08-16.20.44:784][419]LogExit: Exiting.
[2016.12.08-16.20.44:815][419]Log file closed, 12/08/16 17:20:44
