Log file open, 12/05/16 11:30:29
LogInit:Display: Running engine for game: GummiAnka
LogPlatformFile: Not using cached read wrapper
LogInit:Display: RandInit(-1051162543) SRandInit(-1051162543).
LogTaskGraph: Started task graph with 5 named threads and 8 total threads with 1 sets of task threads.
LogStats: Stats thread started at 0.082236
LogPluginManager: Loaded Plugin Paper2D, From C:/Program Files/Epic Games/4.14/Engine/Plugins/2D/Paper2D/Paper2D.uplugin
LogPluginManager: Loaded Plugin LightPropagationVolume, From C:/Program Files/Epic Games/4.14/Engine/Plugins/Blendables/LightPropagationVolume/LightPropagationVolume.uplugin
LogPluginManager: Loaded Plugin BlankPlugin, From C:/Program Files/Epic Games/4.14/Engine/Plugins/Developer/BlankPlugin/BlankPlugin.uplugin
LogPluginManager: Loaded Plugin CodeLiteSourceCodeAccess, From C:/Program Files/Epic Games/4.14/Engine/Plugins/Developer/CodeLiteSourceCodeAccess/CodeLiteSourceCodeAccess.uplugin
LogPluginManager: Loaded Plugin GitSourceControl, From C:/Program Files/Epic Games/4.14/Engine/Plugins/Developer/GitSourceControl/GitSourceControl.uplugin
LogPluginManager: Loaded Plugin KDevelopSourceCodeAccess, From C:/Program Files/Epic Games/4.14/Engine/Plugins/Developer/KDevelopSourceCodeAccess/KDevelopSourceCodeAccess.uplugin
LogPluginManager: Loaded Plugin NullSourceCodeAccess, From C:/Program Files/Epic Games/4.14/Engine/Plugins/Developer/NullSourceCodeAccess/NullSourceCodeAccess.uplugin
LogPluginManager: Loaded Plugin OneSkyLocalizationService, From C:/Program Files/Epic Games/4.14/Engine/Plugins/Developer/OneSkyLocalizationService/OneSkyLocalizationService.uplugin
LogPluginManager: Loaded Plugin PerforceSourceControl, From C:/Program Files/Epic Games/4.14/Engine/Plugins/Developer/PerforceSourceControl/PerforceSourceControl.uplugin
LogPluginManager: Loaded Plugin SubversionSourceControl, From C:/Program Files/Epic Games/4.14/Engine/Plugins/Developer/SubversionSourceControl/SubversionSourceControl.uplugin
LogPluginManager: Loaded Plugin UObjectPlugin, From C:/Program Files/Epic Games/4.14/Engine/Plugins/Developer/UObjectPlugin/UObjectPlugin.uplugin
LogPluginManager: Loaded Plugin VisualStudioSourceCodeAccess, From C:/Program Files/Epic Games/4.14/Engine/Plugins/Developer/VisualStudioSourceCodeAccess/VisualStudioSourceCodeAccess.uplugin
LogPluginManager: Loaded Plugin XCodeSourceCodeAccess, From C:/Program Files/Epic Games/4.14/Engine/Plugins/Developer/XCodeSourceCodeAccess/XCodeSourceCodeAccess.uplugin
LogPluginManager: Loaded Plugin AudioCapture, From C:/Program Files/Epic Games/4.14/Engine/Plugins/Editor/AudioCapture/AudioCapture.uplugin
LogPluginManager: Loaded Plugin EpicSurvey, From C:/Program Files/Epic Games/4.14/Engine/Plugins/Editor/EpicSurvey/EpicSurvey.uplugin
LogPluginManager: Loaded Plugin MacGraphicsSwitching, From C:/Program Files/Epic Games/4.14/Engine/Plugins/Editor/MacGraphicsSwitching/MacGraphicsSwitching.uplugin
LogPluginManager: Loaded Plugin MobileLauncherProfileWizard, From C:/Program Files/Epic Games/4.14/Engine/Plugins/Editor/MobileLauncherProfileWizard/MobileLauncherProfileWizard.uplugin
LogPluginManager: Loaded Plugin PluginBrowser, From C:/Program Files/Epic Games/4.14/Engine/Plugins/Editor/PluginBrowser/PluginBrowser.uplugin
LogPluginManager: Loaded Plugin SpeedTreeImporter, From C:/Program Files/Epic Games/4.14/Engine/Plugins/Editor/SpeedTreeImporter/SpeedTreeImporter.uplugin
LogPluginManager: Loaded Plugin SuperSearchEditor, From C:/Program Files/Epic Games/4.14/Engine/Plugins/Editor/SuperSearchEditor/SuperSearchEditor.uplugin
LogPluginManager: Loaded Plugin AlembicImporter, From C:/Program Files/Epic Games/4.14/Engine/Plugins/Experimental/AlembicImporter/AlembicImporter.uplugin
LogPluginManager: Loaded Plugin BlueprintStats, From C:/Program Files/Epic Games/4.14/Engine/Plugins/Experimental/BlueprintStats/BlueprintStats.uplugin
LogPluginManager: Loaded Plugin CharacterAI, From C:/Program Files/Epic Games/4.14/Engine/Plugins/Experimental/CharacterAI/CharacterAI.uplugin
LogPluginManager: Loaded Plugin CodeEditor, From C:/Program Files/Epic Games/4.14/Engine/Plugins/Experimental/CodeEditor/CodeEditor.uplugin
LogPluginManager: Loaded Plugin CodeView, From C:/Program Files/Epic Games/4.14/Engine/Plugins/Experimental/CodeView/CodeView.uplugin
LogPluginManager: Loaded Plugin HTML5Networking, From C:/Program Files/Epic Games/4.14/Engine/Plugins/Experimental/HTML5Networking/HTML5Networking.uplugin
LogPluginManager: Loaded Plugin OSVR, From C:/Program Files/Epic Games/4.14/Engine/Plugins/Experimental/OSVR/OSVR.uplugin
LogPluginManager: Loaded Plugin Phya, From C:/Program Files/Epic Games/4.14/Engine/Plugins/Experimental/Phya/Phya.uplugin
LogPluginManager: Loaded Plugin SignificanceManager, From C:/Program Files/Epic Games/4.14/Engine/Plugins/Experimental/SignificanceManager/SignificanceManager.uplugin
LogPluginManager: Loaded Plugin SimpleHMD, From C:/Program Files/Epic Games/4.14/Engine/Plugins/Experimental/SimpleHMD/SimpleHMD.uplugin
LogPluginManager: Loaded Plugin StereoPanorama, From C:/Program Files/Epic Games/4.14/Engine/Plugins/Experimental/StereoPanorama/StereoPanorama.uplugin
LogPluginManager: Loaded Plugin StructBox, From C:/Program Files/Epic Games/4.14/Engine/Plugins/Experimental/StructBox/StructBox.uplugin
LogPluginManager: Loaded Plugin AndroidMedia, From C:/Program Files/Epic Games/4.14/Engine/Plugins/Media/AndroidMedia/AndroidMedia.uplugin
LogPluginManager: Loaded Plugin AvfMedia, From C:/Program Files/Epic Games/4.14/Engine/Plugins/Media/AvfMedia/AvfMedia.uplugin
LogPluginManager: Loaded Plugin MediaPlayerEditor, From C:/Program Files/Epic Games/4.14/Engine/Plugins/Media/MediaPlayerEditor/MediaPlayerEditor.uplugin
LogPluginManager: Loaded Plugin WmfMedia, From C:/Program Files/Epic Games/4.14/Engine/Plugins/Media/WmfMedia/WmfMedia.uplugin
LogPluginManager: Loaded Plugin MessagingDebugger, From C:/Program Files/Epic Games/4.14/Engine/Plugins/Messaging/MessagingDebugger/MessagingDebugger.uplugin
LogPluginManager: Loaded Plugin TcpMessaging, From C:/Program Files/Epic Games/4.14/Engine/Plugins/Messaging/TcpMessaging/TcpMessaging.uplugin
LogPluginManager: Loaded Plugin UdpMessaging, From C:/Program Files/Epic Games/4.14/Engine/Plugins/Messaging/UdpMessaging/UdpMessaging.uplugin
LogPluginManager: Loaded Plugin LevelSequenceEditor, From C:/Program Files/Epic Games/4.14/Engine/Plugins/MovieScene/LevelSequenceEditor/LevelSequenceEditor.uplugin
LogPluginManager: Loaded Plugin MatineeToLevelSequence, From C:/Program Files/Epic Games/4.14/Engine/Plugins/MovieScene/MatineeToLevelSequence/MatineeToLevelSequence.uplugin
LogPluginManager: Loaded Plugin NetcodeUnitTest, From C:/Program Files/Epic Games/4.14/Engine/Plugins/NetcodeUnitTest/NetcodeUnitTest/NetcodeUnitTest.uplugin
LogPluginManager: Loaded Plugin NUTUnrealEngine4, From C:/Program Files/Epic Games/4.14/Engine/Plugins/NetcodeUnitTest/NUTUnrealEngine4/NUTUnrealEngine4.uplugin
LogPluginManager: Loaded Plugin OnlineSubsystemGameCircle, From C:/Program Files/Epic Games/4.14/Engine/Plugins/Online/Android/OnlineSubsystemGameCircle/OnlineSubsystemGameCircle.uplugin
LogPluginManager: Loaded Plugin OnlineSubsystemGooglePlay, From C:/Program Files/Epic Games/4.14/Engine/Plugins/Online/Android/OnlineSubsystemGooglePlay/OnlineSubsystemGooglePlay.uplugin
LogPluginManager: Loaded Plugin OnlineSubsystemIOS, From C:/Program Files/Epic Games/4.14/Engine/Plugins/Online/IOS/OnlineSubsystemIOS/OnlineSubsystemIOS.uplugin
LogPluginManager: Loaded Plugin OnlineFramework, From C:/Program Files/Epic Games/4.14/Engine/Plugins/Online/OnlineFramework/OnlineFramework.uplugin
LogPluginManager: Loaded Plugin OnlineSubsystem, From C:/Program Files/Epic Games/4.14/Engine/Plugins/Online/OnlineSubsystem/OnlineSubsystem.uplugin
LogPluginManager: Loaded Plugin OnlineSubsystemAmazon, From C:/Program Files/Epic Games/4.14/Engine/Plugins/Online/OnlineSubsystemAmazon/OnlineSubsystemAmazon.uplugin
LogPluginManager: Loaded Plugin OnlineSubsystemFacebook, From C:/Program Files/Epic Games/4.14/Engine/Plugins/Online/OnlineSubsystemFacebook/OnlineSubsystemFacebook.uplugin
LogPluginManager: Loaded Plugin OnlineSubsystemNull, From C:/Program Files/Epic Games/4.14/Engine/Plugins/Online/OnlineSubsystemNull/OnlineSubsystemNull.uplugin
LogPluginManager: Loaded Plugin OnlineSubsystemOculus, From C:/Program Files/Epic Games/4.14/Engine/Plugins/Online/OnlineSubsystemOculus/OnlineSubsystemOculus.uplugin
LogPluginManager: Loaded Plugin OnlineSubsystemSteam, From C:/Program Files/Epic Games/4.14/Engine/Plugins/Online/OnlineSubsystemSteam/OnlineSubsystemSteam.uplugin
LogPluginManager: Loaded Plugin OnlineSubsystemUtils, From C:/Program Files/Epic Games/4.14/Engine/Plugins/Online/OnlineSubsystemUtils/OnlineSubsystemUtils.uplugin
LogPluginManager: Loaded Plugin IOSTapJoy, From C:/Program Files/Epic Games/4.14/Engine/Plugins/Runtime/Advertising/IOSTapJoy/IOSTapJoy.uplugin
LogPluginManager: Loaded Plugin AnalyticsBlueprintLibrary, From C:/Program Files/Epic Games/4.14/Engine/Plugins/Runtime/Analytics/AnalyticsBlueprintLibrary/AnalyticsBlueprintLibrary.uplugin
LogPluginManager: Loaded Plugin AnalyticsMulticast, From C:/Program Files/Epic Games/4.14/Engine/Plugins/Runtime/Analytics/AnalyticsMulticast/AnalyticsMulticast.uplugin
LogPluginManager: Loaded Plugin Apsalar, From C:/Program Files/Epic Games/4.14/Engine/Plugins/Runtime/Analytics/Apsalar/Apsalar.uplugin
LogPluginManager: Loaded Plugin FileLogging, From C:/Program Files/Epic Games/4.14/Engine/Plugins/Runtime/Analytics/FileLogging/FileLogging.uplugin
LogPluginManager: Loaded Plugin Flurry, From C:/Program Files/Epic Games/4.14/Engine/Plugins/Runtime/Analytics/Flurry/Flurry.uplugin
LogPluginManager: Loaded Plugin AndroidDeviceProfileSelector, From C:/Program Files/Epic Games/4.14/Engine/Plugins/Runtime/AndroidDeviceProfileSelector/AndroidDeviceProfileSelector.uplugin
LogPluginManager: Loaded Plugin AndroidMoviePlayer, From C:/Program Files/Epic Games/4.14/Engine/Plugins/Runtime/AndroidMoviePlayer/AndroidMoviePlayer.uplugin
LogPluginManager: Loaded Plugin AppleMoviePlayer, From C:/Program Files/Epic Games/4.14/Engine/Plugins/Runtime/AppleMoviePlayer/AppleMoviePlayer.uplugin
LogPluginManager: Loaded Plugin ArchVisCharacter, From C:/Program Files/Epic Games/4.14/Engine/Plugins/Runtime/ArchVisCharacter/ArchVisCharacter.uplugin
LogPluginManager: Loaded Plugin CableComponent, From C:/Program Files/Epic Games/4.14/Engine/Plugins/Runtime/CableComponent/CableComponent.uplugin
LogPluginManager: Loaded Plugin CustomMeshComponent, From C:/Program Files/Epic Games/4.14/Engine/Plugins/Runtime/CustomMeshComponent/CustomMeshComponent.uplugin
LogPluginManager: Loaded Plugin ExampleDeviceProfileSelector, From C:/Program Files/Epic Games/4.14/Engine/Plugins/Runtime/ExampleDeviceProfileSelector/ExampleDeviceProfileSelector.uplugin
LogPluginManager: Loaded Plugin GearVR, From C:/Program Files/Epic Games/4.14/Engine/Plugins/Runtime/GearVR/GearVR.uplugin
LogPluginManager: Loaded Plugin GoogleVRController, From C:/Program Files/Epic Games/4.14/Engine/Plugins/Runtime/GoogleVR/GoogleVRController/GoogleVRController.uplugin
LogPluginManager: Loaded Plugin GoogleVRHMD, From C:/Program Files/Epic Games/4.14/Engine/Plugins/Runtime/GoogleVR/GoogleVRHMD/GoogleVRHMD.uplugin
LogPluginManager: Loaded Plugin IOSDeviceProfileSelector, From C:/Program Files/Epic Games/4.14/Engine/Plugins/Runtime/IOSDeviceProfileSelector/IOSDeviceProfileSelector.uplugin
LogPluginManager: Loaded Plugin LeapMotion, From C:/Program Files/Epic Games/4.14/Engine/Plugins/Runtime/LeapMotion/LeapMotion.uplugin
LogPluginManager: Loaded Plugin LinuxDeviceProfileSelector, From C:/Program Files/Epic Games/4.14/Engine/Plugins/Runtime/LinuxDeviceProfileSelector/LinuxDeviceProfileSelector.uplugin
LogPluginManager: Loaded Plugin MIDIDevice, From C:/Program Files/Epic Games/4.14/Engine/Plugins/Runtime/MIDIDevice/MIDIDevice.uplugin
LogPluginManager: Loaded Plugin MobilePatchingUtils, From C:/Program Files/Epic Games/4.14/Engine/Plugins/Runtime/MobilePatchingUtils/MobilePatchingUtils.uplugin
LogPluginManager: Loaded Plugin Ansel, From C:/Program Files/Epic Games/4.14/Engine/Plugins/Runtime/Nvidia/Ansel/Ansel.uplugin
LogPluginManager: Loaded Plugin OculusAudio, From C:/Program Files/Epic Games/4.14/Engine/Plugins/Runtime/OculusAudio/OculusAudio.uplugin
LogPluginManager: Loaded Plugin OculusInput, From C:/Program Files/Epic Games/4.14/Engine/Plugins/Runtime/OculusInput/OculusInput.uplugin
LogPluginManager: Loaded Plugin OculusLibrary, From C:/Program Files/Epic Games/4.14/Engine/Plugins/Runtime/OculusLibrary/OculusLibrary.uplugin
LogPluginManager: Loaded Plugin OculusRift, From C:/Program Files/Epic Games/4.14/Engine/Plugins/Runtime/OculusRift/OculusRift.uplugin
LogPluginManager: Loaded Plugin Oodle, From C:/Program Files/Epic Games/4.14/Engine/Plugins/Runtime/PacketHandlers/CompressionComponents/Oodle/Oodle.uplugin
LogPluginManager: Loaded Plugin ProceduralMeshComponent, From C:/Program Files/Epic Games/4.14/Engine/Plugins/Runtime/ProceduralMeshComponent/ProceduralMeshComponent.uplugin
LogPluginManager: Loaded Plugin SoundMod, From C:/Program Files/Epic Games/4.14/Engine/Plugins/Runtime/SoundMod/SoundMod.uplugin
LogPluginManager: Loaded Plugin SoundVisualizations, From C:/Program Files/Epic Games/4.14/Engine/Plugins/Runtime/SoundVisualizations/SoundVisualizations.uplugin
LogPluginManager: Loaded Plugin SteamController, From C:/Program Files/Epic Games/4.14/Engine/Plugins/Runtime/Steam/SteamController/SteamController.uplugin
LogPluginManager: Loaded Plugin SteamVR, From C:/Program Files/Epic Games/4.14/Engine/Plugins/Runtime/Steam/SteamVR/SteamVR.uplugin
LogPluginManager: Loaded Plugin WebBrowserWidget, From C:/Program Files/Epic Games/4.14/Engine/Plugins/Runtime/WebBrowserWidget/WebBrowserWidget.uplugin
LogPluginManager: Loaded Plugin WindowsDeviceProfileSelector, From C:/Program Files/Epic Games/4.14/Engine/Plugins/Runtime/WindowsDeviceProfileSelector/WindowsDeviceProfileSelector.uplugin
LogPluginManager: Loaded Plugin WindowsMoviePlayer, From C:/Program Files/Epic Games/4.14/Engine/Plugins/Runtime/WindowsMoviePlayer/WindowsMoviePlayer.uplugin
LogPluginManager: Loaded Plugin ScriptPlugin, From C:/Program Files/Epic Games/4.14/Engine/Plugins/ScriptPlugin/ScriptPlugin.uplugin
LogPluginManager: Loaded Plugin SlateRemote, From C:/Program Files/Epic Games/4.14/Engine/Plugins/Slate/SlateRemote/SlateRemote.uplugin
LogPluginManager: Loaded Plugin EditorTests, From C:/Program Files/Epic Games/4.14/Engine/Plugins/Tests/EditorTests/EditorTests.uplugin
LogPluginManager: Loaded Plugin FbxAutomationTestBuilder, From C:/Program Files/Epic Games/4.14/Engine/Plugins/Tests/FbxAutomationTestBuilder/FbxAutomationTestBuilder.uplugin
LogPluginManager: Loaded Plugin FunctionalTestingEditor, From C:/Program Files/Epic Games/4.14/Engine/Plugins/Tests/FunctionalTestingEditor/FunctionalTestingEditor.uplugin
LogPluginManager: Loaded Plugin RuntimeTests, From C:/Program Files/Epic Games/4.14/Engine/Plugins/Tests/RuntimeTests/RuntimeTests.uplugin
LogPluginManager: Loaded Plugin ScreenshotTools, From C:/Program Files/Epic Games/4.14/Engine/Plugins/Tests/ScreenshotTools/ScreenshotTools.uplugin
LogInit: Using libcurl 7.47.1
LogInit:  - built for x86_64-pc-win32
LogInit:  - supports SSL with OpenSSL/1.0.2g
LogInit:  - supports HTTP deflate (compression) using libz 1.2.8
LogInit:  - other features:
LogInit:      CURL_VERSION_SSL
LogInit:      CURL_VERSION_LIBZ
LogInit:      CURL_VERSION_IPV6
LogInit:      CURL_VERSION_ASYNCHDNS
LogInit:      CURL_VERSION_LARGEFILE
LogInit:      CURL_VERSION_IDN
LogInit:  CurlRequestOptions (configurable via config and command line):
LogInit:  - bVerifyPeer = false  - Libcurl will NOT verify peer certificate
LogInit:  - bUseHttpProxy = false  - Libcurl will NOT use HTTP proxy
LogInit:  - bDontReuseConnections = false  - Libcurl will reuse connections
LogInit:  - CertBundlePath = nullptr  - Libcurl will use whatever was configured at build time.
OCULUS: Info: [CAPI] LibOVR module is located at C:\Program Files\Oculus\Support\oculus-runtime\LibOVRRT64_1.dll
OCULUS: Debug: Connected to the server running version (prod = 1).1.10.0(build = 310947) feature version = 0. Client runs version (prod = 1).1.10.0(build = 310947) feature version = 0
LogInit: Build: ++UE4+Release-4.14-CL-3195953
LogInit: Engine Version: 4.14.0-3195953+++UE4+Release-4.14
LogInit: Compatible Engine Version: 4.14.0-3195953+++UE4+Release-4.14
LogInit: Net CL: 3195953
LogDevObjectVersion: Number of dev versions registered: 13
LogDevObjectVersion:   Dev-Blueprints (B0D832E4-1F89-4F0D-ACCF-7EB736FD4AA2): 7
LogDevObjectVersion:   Dev-Build (E1C64328-A22C-4D53-A36C-8E866417BD8C): 0
LogDevObjectVersion:   Dev-Core (375EC13C-06E4-48FB-B500-84F0262A717E): 1
LogDevObjectVersion:   Dev-Editor (E4B068ED-F494-42E9-A231-DA0B2E46BB41): 8
LogDevObjectVersion:   Dev-Framework (CFFC743F-43B0-4480-9391-14DF171D2073): 17
LogDevObjectVersion:   Dev-Mobile (B02B49B5-BB20-44E9-A304-32B752E40360): 0
LogDevObjectVersion:   Dev-Networking (A4E4105C-59A1-49B5-A7C5-40C4547EDFEE): 0
LogDevObjectVersion:   Dev-Online (39C831C9-5AE6-47DC-9A44-9C173E1C8E7C): 0
LogDevObjectVersion:   Dev-Physics (78F01B33-EBEA-4F98-B9B4-84EACCB95AA2): 0
LogDevObjectVersion:   Dev-Platform (6631380F-2D4D-43E0-8009-CF276956A95A): 0
LogDevObjectVersion:   Dev-Rendering (12F88B9F-8875-4AFC-A67C-D90C383ABD29): 12
LogDevObjectVersion:   Dev-Sequencer (7B5AE74C-D270-4C10-A958-57980B212A5A): 1
LogDevObjectVersion:   Dev-VR (D7296918-1DD6-4BDD-9DE2-64A83CC13884): 0
LogInit: Compiled (64-bit): Nov 12 2016 02:14:10
LogInit: Compiled with Visual C++: 19.00.23026.00
LogInit: Build Configuration: Development
LogInit: Branch Name: ++UE4+Release-4.14
LogInit: Command line: -EpicPortal 
LogInit: Base directory: C:/Program Files/Epic Games/4.14/Engine/Binaries/Win64/
LogInit: Installed Engine Build: 1
LogInit: Presizing for max 8388607 objects, including 0 objects not considered by GC, pre-allocating 0 bytes for permanent pool.
LogInit: Object subsystem initialized
[2016.12.05-10.30.30:089][  0]LogInit: Selected Device Profile: [Windows]
[2016.12.05-10.30.30:089][  0]LogInit: Applying CVar settings loaded from the selected device profile: [Windows]
[2016.12.05-10.30.30:097][  0]LogInit: Computer: 3SE-SPEL-64
[2016.12.05-10.30.30:097][  0]LogInit: User: persja
[2016.12.05-10.30.30:097][  0]LogInit: CPU Page size=65536, Cores=4
[2016.12.05-10.30.30:097][  0]LogInit: High frequency timer resolution =3.123212 MHz
[2016.12.05-10.30.30:097][  0]LogMemory: Memory total: Physical=7.9GB (8GB approx)
[2016.12.05-10.30.30:097][  0]LogMemory: Platform Memory Stats for Windows
[2016.12.05-10.30.30:097][  0]LogMemory: Process Physical Memory: 273.32 MB used, 273.32 MB peak
[2016.12.05-10.30.30:097][  0]LogMemory: Process Virtual Memory: 270.44 MB used, 270.44 MB peak
[2016.12.05-10.30.30:097][  0]LogMemory: Physical Memory: 4329.97 MB used,  3805.23 MB free, 8135.20 MB total
[2016.12.05-10.30.30:097][  0]LogMemory: Virtual Memory: 703.63 MB used,  3805.23 MB free, 8388608.00 MB total
[2016.12.05-10.30.30:126][  0]LogTextLocalizationManager: No translations for ('sv-SE') exist, falling back to 'en' for localization and internationalization data.
[2016.12.05-10.30.30:727][  0]LogD3D11RHI: D3D11 adapters:
[2016.12.05-10.30.30:747][  0]LogD3D11RHI:    0. 'NVIDIA GeForce GTX 970' (Feature Level 11_0)
[2016.12.05-10.30.30:747][  0]LogD3D11RHI:       4007/0/3811 MB DedicatedVideo/DedicatedSystem/SharedSystem, Outputs:2, VendorId:0x10de
[2016.12.05-10.30.30:747][  0]LogD3D11RHI: Chosen D3D11 Adapter: 0
[2016.12.05-10.30.30:751][  0]LogD3D11RHI: Creating new Direct3DDevice
[2016.12.05-10.30.30:751][  0]LogD3D11RHI:     GPU DeviceId: 0x13c2 (for the marketing name, search the web for "GPU Device Id")
[2016.12.05-10.30.30:751][  0]LogWindows: EnumDisplayDevices:
[2016.12.05-10.30.30:751][  0]LogWindows:    0. 'NVIDIA GeForce GTX 970' (P:0 D:1)
[2016.12.05-10.30.30:751][  0]LogWindows:    1. 'NVIDIA GeForce GTX 970' (P:1 D:1)
[2016.12.05-10.30.30:751][  0]LogWindows:    2. 'NVIDIA GeForce GTX 970' (P:0 D:0)
[2016.12.05-10.30.30:752][  0]LogWindows:    3. 'NVIDIA GeForce GTX 970' (P:0 D:0)
[2016.12.05-10.30.30:752][  0]LogWindows:    4. 'RDPDD Chained DD' (P:0 D:0)
[2016.12.05-10.30.30:752][  0]LogWindows:    5. 'RDP Encoder Mirror Driver' (P:0 D:0)
[2016.12.05-10.30.30:752][  0]LogWindows:    6. 'RDP Reflector Display Driver' (P:0 D:0)
[2016.12.05-10.30.30:752][  0]LogWindows: DebugString: GetVideoDriverDetailsInvalid PrimaryIsNotTheChoosenAdapter GetVideoDriverDetailsInvalid PrimaryIsNotTheChoosenAdapter GetVideoDriverDetailsInvalid PrimaryIsNotTheChoosenAdapter FoundDriverCount:4 
[2016.12.05-10.30.30:752][  0]LogD3D11RHI:     Adapter Name: NVIDIA GeForce GTX 970
[2016.12.05-10.30.30:752][  0]LogD3D11RHI:   Driver Version: 372.54 (internal:21.21.13.7254, unified:372.54)
[2016.12.05-10.30.30:752][  0]LogD3D11RHI:      Driver Date: 8-11-2016
[2016.12.05-10.30.30:752][  0]LogRHI: Texture pool is 1361 MB (70% of 1945 MB)
[2016.12.05-10.30.30:761][  0]LogD3D11RHI: Async texture creation enabled
[2016.12.05-10.30.30:775][  0]LogD3D11RHI: GPU Timing Frequency: 1000.000000 (Debug: 2 2)
[2016.12.05-10.30.30:775][  0]LogShaderCompilers: Guid format shader working directory is 9 characters bigger than the processId version (D:/UnrealProjects/Gummi Anka/GummiAnka/Intermediate/Shaders/WorkingDirectory/6256/).
[2016.12.05-10.30.30:775][  0]LogShaderCompilers: Cleaned the shader compiler working directory 'C:/Users/persja/AppData/Local/Temp/UnrealShaderWorkingDir/583AE30D4DAF04515D16918BF36732C1/'.
[2016.12.05-10.30.30:775][  0]LogShaderCompilers:Display: Using Local Shader Compiler.
[2016.12.05-10.30.31:784][  0]LogTemp:Display: Loaded TP AllDesktopTargetPlatform
[2016.12.05-10.30.31:832][  0]LogTemp:Display: Loaded TP MacClientTargetPlatform
[2016.12.05-10.30.31:880][  0]LogTemp:Display: Loaded TP MacNoEditorTargetPlatform
[2016.12.05-10.30.31:928][  0]LogTemp:Display: Loaded TP MacServerTargetPlatform
[2016.12.05-10.30.31:977][  0]LogTemp:Display: Loaded TP MacTargetPlatform
[2016.12.05-10.30.32:025][  0]LogTemp:Display: Loaded TP WindowsClientTargetPlatform
[2016.12.05-10.30.32:073][  0]LogTemp:Display: Loaded TP WindowsNoEditorTargetPlatform
[2016.12.05-10.30.32:122][  0]LogTemp:Display: Loaded TP WindowsServerTargetPlatform
[2016.12.05-10.30.32:165][  0]LogTemp:Display: Loaded TP WindowsTargetPlatform
[2016.12.05-10.30.32:218][  0]LogTemp:Display: Loaded TP AndroidTargetPlatform
[2016.12.05-10.30.32:266][  0]LogTemp:Display: Loaded TP Android_ASTCTargetPlatform
[2016.12.05-10.30.32:313][  0]LogTemp:Display: Loaded TP Android_ATCTargetPlatform
[2016.12.05-10.30.32:362][  0]LogTemp:Display: Loaded TP Android_DXTTargetPlatform
[2016.12.05-10.30.32:409][  0]LogTemp:Display: Loaded TP Android_ETC1TargetPlatform
[2016.12.05-10.30.32:463][  0]LogTemp:Display: Loaded TP Android_ETC2TargetPlatform
[2016.12.05-10.30.32:566][  0]LogTemp:Display: Loaded TP Android_MultiTargetPlatform
[2016.12.05-10.30.32:566][  0]LogTemp:Display: Loaded TP Android_PVRTCTargetPlatform
[2016.12.05-10.30.32:601][  0]LogTemp:Display: Loaded TP HTML5TargetPlatform
[2016.12.05-10.30.32:678][  0]LogTemp:Display: Loaded TP IOSTargetPlatform
[2016.12.05-10.30.32:708][  0]LogTemp:Display: Loaded TP TVOSTargetPlatform
[2016.12.05-10.30.32:763][  0]LogTemp:Display: Loaded TP LinuxClientTargetPlatform
[2016.12.05-10.30.32:826][  0]LogTemp:Display: Loaded TP LinuxNoEditorTargetPlatform
[2016.12.05-10.30.32:884][  0]LogTemp:Display: Loaded TP LinuxServerTargetPlatform
[2016.12.05-10.30.32:934][  0]LogTemp:Display: Loaded TP LinuxTargetPlatform
[2016.12.05-10.30.32:934][  0]LogTargetPlatformManager:Display: Building Assets For Windows
[2016.12.05-10.30.33:255][  0]LogDerivedDataCache:Display: Max Cache Size: 512 MB
[2016.12.05-10.30.33:323][  0]OCULUS: Info: [HMDState] Requested to SetForegroundWindow(6059all)
[2016.12.05-10.30.33:323][  0]LogDerivedDataCache: Loaded boot cache 0.07s 61MB C:/Users/persja/AppData/Local/UnrealEngine/4.14/DerivedDataCache/Boot.ddc.
[2016.12.05-10.30.33:323][  0]LogDerivedDataCache:Display: Loaded Boot cache: C:/Users/persja/AppData/Local/UnrealEngine/4.14/DerivedDataCache/Boot.ddc
[2016.12.05-10.30.33:323][  0]LogDerivedDataCache: FDerivedDataBackendGraph:  Pak pak cache file D:/UnrealProjects/Gummi Anka/GummiAnka/DerivedDataCache/DDC.ddp not found, will not use a pak cache.
[2016.12.05-10.30.33:323][  0]LogDerivedDataCache: Unable to find inner node Pak for hierarchical cache Hierarchy.
[2016.12.05-10.30.33:323][  0]LogDerivedDataCache: FDerivedDataBackendGraph:  CompressedPak pak cache file D:/UnrealProjects/Gummi Anka/GummiAnka/DerivedDataCache/Compressed.ddp not found, will not use a pak cache.
[2016.12.05-10.30.33:323][  0]LogDerivedDataCache: Unable to find inner node CompressedPak for hierarchical cache Hierarchy.
[2016.12.05-10.30.33:340][  0]LogDerivedDataCache:Display: Pak cache opened for reading ../../../Engine/DerivedDataCache/Compressed.ddp.
[2016.12.05-10.30.33:352][  0]LogDerivedDataCache: Using Local data cache path C:/Users/persja/AppData/Local/UnrealEngine/Common/DerivedDataCache: Writable
[2016.12.05-10.30.33:558][  0]LogInit: Selected Device Profile: [Windows]
[2016.12.05-10.30.33:560][  0]LogContentStreaming: Texture pool size is 0.00 MB
[2016.12.05-10.30.33:743][  0]LogMeshUtilities: Using QuadricMeshReduction for automatic static mesh reduction
[2016.12.05-10.30.33:779][  0]LogSimplygon: Simplygon DLL not present - disabling.
[2016.12.05-10.30.33:816][  0]LogMeshUtilities: Using SimplygonSwarm for distributed automatic mesh merging
[2016.12.05-10.30.33:816][  0]LogMeshUtilities: No automatic skeletal mesh reduction module available
[2016.12.05-10.30.33:816][  0]LogMeshUtilities: No automatic mesh merging module available
[2016.12.05-10.30.34:265][  0]LogNetVersion: GetLocalNetworkVersion: CL: 3195953, ProjectName: gummianka, ProjectVersion: , EngineNetworkVersion: 2, GameNetworkVersion: 0, NetworkChecksum: 4040118093
[2016.12.05-10.30.34:314][  0]LogAssetRegistry: FAssetRegistry took 0.0199 seconds to start up
[2016.12.05-10.30.34:346][  0]LogPackageLocalizationCache: Processed 3 localized package path(s) for 1 prioritized culture(s) in 0.016642 seconds
[2016.12.05-10.30.34:351][  0]LogUObjectArray: 31946 objects as part of root set at end of initial load.
[2016.12.05-10.30.34:351][  0]LogUObjectAllocator: 6935848 out of 0 bytes used by permanent object pool.
[2016.12.05-10.30.34:351][  0]LogUObjectArray: CloseDisregardForGC: 0/0 objects in disregard for GC pool
[2016.12.05-10.30.34:395][  0]LogInit: WinSock: version 1.1 (2.2), MaxSocks=32767, MaxUdp=65467
[2016.12.05-10.30.35:011][  0]LogSlate: Using Freetype 2.6.0
[2016.12.05-10.30.35:011][  0]LogSlate: SlateFontCache - WITH_FREETYPE: 1, WITH_HARFBUZZ: 1
[2016.12.05-10.30.35:011][  0]LogSlate: SlateFontCache - WITH_FREETYPE: 1, WITH_HARFBUZZ: 1
[2016.12.05-10.30.35:827][  0]LogTcpMessaging: Initializing TcpMessaging bridge
[2016.12.05-10.30.35:876][  0]LogUdpMessaging: Initializing bridge on interface 0.0.0.0:0 to multicast group 230.0.0.1:6666.
[2016.12.05-10.30.36:164][  0]LogMaterial: Uniform references updated for custom material expression Custom.
[2016.12.05-10.30.36:488][  0]SourceControl: Info Source control is disabled
[2016.12.05-10.30.36:554][  0]SourceControl: Info Source control is disabled
[2016.12.05-10.30.36:590][  0]SourceControl: Info Source control is disabled
[2016.12.05-10.30.36:625][  0]SourceControl: Info Source control is disabled
[2016.12.05-10.30.37:578][  0]LogEngine: Initializing Engine...
[2016.12.05-10.30.37:579][  0]LogHMD: Oculus plugin initialized. Version: 4.14.0-3195953+++UE4+Release-4.14, LibOVR: 1.10.0, SDK: 1.8.0, built Nov 12 2016, 02:16:26
[2016.12.05-10.30.37:827][  0]LogAIModule: Creating AISystem for world Untitled
[2016.12.05-10.30.37:840][  0]LogInit: XAudio2 using 'Hörlurar (High Definition Audio Device)' : 2 channels at 44.1 kHz using 16 bits per sample (channel mask 0x3)
[2016.12.05-10.30.37:887][  0]LogInit: FAudioDevice initialized.
[2016.12.05-10.30.37:919][  0]LogDerivedDataCache: Saved boot cache 0.03s 61MB C:/Users/persja/AppData/Local/UnrealEngine/4.14/DerivedDataCache/Boot.ddc.
[2016.12.05-10.30.37:926][  0]LogInit: Texture streaming: Enabled
[2016.12.05-10.30.38:075][  0]LogInit: Transaction tracking system initialized
[2016.12.05-10.30.38:376][  0]BlueprintLog: New page: Editor Load
[2016.12.05-10.30.39:220][  0]LocalizationService: Info Localization service is disabled
[2016.12.05-10.30.39:835][  0]LogConsoleResponse:Display: 
[2016.12.05-10.30.39:950][  0]LogCook:Display: Max memory allowance for cook 16384mb min free memory 0mb
[2016.12.05-10.30.39:950][  0]LogCook:Display: Mobile HDR setting 1
[2016.12.05-10.30.40:684][  0]LogFileCache: Scanning file cache for directory 'D:/UnrealProjects/Gummi Anka/GummiAnka/Content/' took 0.01s
[2016.12.05-10.30.40:684][  0]SourceControl: Info Source control is disabled
[2016.12.05-10.30.40:684][  0]Cmd: MAP LOAD FILE="D:/UnrealProjects/Gummi Anka/GummiAnka/Content/FirstPersonBP/Maps/FirstPersonExampleMap.umap" TEMPLATE=0 SHOWPROGRESS=1 FEATURELEVEL=3
[2016.12.05-10.30.40:685][  0]LightingResults: New page: Lighting Build
[2016.12.05-10.30.40:717][  0]MapCheck: New page: Map Check
[2016.12.05-10.30.40:717][  0]LightingResults: New page: Lighting Build
[2016.12.05-10.30.41:223][  0]LogTexture:Display: Building textures: T_ML_Rubber_Blue_01_D (AutoDXT)
[2016.12.05-10.30.47:324][  0]LogTexture:Display: Building textures: T_ML_Rubber_Blue_01_N (BC5)
[2016.12.05-10.30.47:867][  0]LogTexture:Display: Building textures: UE4_LOGO_CARD (AutoDXT)
[2016.12.05-10.30.48:084][  0]LogTexture:Display: Building textures: T_ML_Aluminum01 (AutoDXT)
[2016.12.05-10.30.54:000][  0]LogTexture:Display: Building textures: T_ML_Aluminum01_N (BC5)
[2016.12.05-10.30.54:770][  0]LogTexture:Display: Building textures: T_ML_Aluminum01 (AutoDXT)
[2016.12.05-10.31.00:685][  0]LogTexture:Display: Building textures: T_ML_Aluminum01_N (BC5)
[2016.12.05-10.31.01:476][  0]LogTexture:Display: Building textures: T_ML_Rubber_Blue_01_D (AutoDXT)
[2016.12.05-10.31.07:389][  0]LogTexture:Display: Building textures: T_ML_Rubber_Blue_01_N (BC5)
[2016.12.05-10.31.08:024][  0]LogTexture:Display: Building textures: T_FPGun_N (BC5)
[2016.12.05-10.31.08:570][  0]LogTexture:Display: Building textures: T_FPGun_M (AutoDXT)
[2016.12.05-10.31.09:437][  0]LogTexture:Display: Building textures: HQ_Lightmap0_1 (AutoDXT)
[2016.12.05-10.31.10:493][  0]LogTexture:Display: Building textures: HQ_Lightmap0_2 (AutoDXT)
[2016.12.05-10.31.11:349][  0]LogTexture:Display: Building textures: HQ_Lightmap0_3 (AutoDXT)
[2016.12.05-10.31.13:234][  0]LogTexture:Display: Building textures: HQ_Lightmap0_4 (AutoDXT)
[2016.12.05-10.31.13:854][  0]LogTexture:Display: Building textures: HQ_Lightmap0_5 (AutoDXT)
[2016.12.05-10.31.13:892][  0]LogTexture:Display: Building textures: LQ_Lightmap_0_1 (DXT1)
[2016.12.05-10.31.14:153][  0]LogTexture:Display: Building textures: LQ_Lightmap_0_2 (DXT1)
[2016.12.05-10.31.14:429][  0]LogTexture:Display: Building textures: LQ_Lightmap_0_3 (DXT1)
[2016.12.05-10.31.14:958][  0]LogTexture:Display: Building textures: LQ_Lightmap_0_4 (DXT1)
[2016.12.05-10.31.15:190][  0]LogTexture:Display: Building textures: LQ_Lightmap_0_5 (DXT1)
[2016.12.05-10.31.15:214][  0]LogTexture:Display: Building textures: SkyOcclusion0_1 (AutoDXT)
[2016.12.05-10.31.15:618][  0]LogTexture:Display: Building textures: SkyOcclusion0_2 (AutoDXT)
[2016.12.05-10.31.15:987][  0]LogTexture:Display: Building textures: SkyOcclusion0_3 (AutoDXT)
[2016.12.05-10.31.16:608][  0]LogTexture:Display: Building textures: SkyOcclusion0_4 (AutoDXT)
[2016.12.05-10.31.16:907][  0]LogTexture:Display: Building textures: SkyOcclusion0_5 (AutoDXT)
[2016.12.05-10.31.16:916][  0]LogTexture:Display: Building textures: ShadowMapTexture2D_0 (G8)
[2016.12.05-10.31.16:979][  0]LogTexture:Display: Building textures: ShadowMapTexture2D_1 (G8)
[2016.12.05-10.31.17:042][  0]LogTexture:Display: Building textures: ShadowMapTexture2D_2 (G8)
[2016.12.05-10.31.17:106][  0]LogTexture:Display: Building textures: ShadowMapTexture2D_3 (G8)
[2016.12.05-10.31.17:169][  0]LogTexture:Display: Building textures: ShadowMapTexture2D_4 (G8)
[2016.12.05-10.31.17:233][  0]LogTexture:Display: Building textures: ShadowMapTexture2D_5 (G8)
[2016.12.05-10.31.17:295][  0]LogTexture:Display: Building textures: ShadowMapTexture2D_6 (G8)
[2016.12.05-10.31.17:351][  0]LogTexture:Display: Building textures: ShadowMapTexture2D_7 (G8)
[2016.12.05-10.31.17:356][  0]LogTexture:Display: Building textures: FirstPersonCrosshair (AutoDXT)
[2016.12.05-10.31.17:412][  0]LogAIModule: Creating AISystem for world FirstPersonExampleMap
[2016.12.05-10.31.17:431][  0]LogEditorServer: Finished looking for orphan Actors (0.000 secs)
[2016.12.05-10.31.17:432][  0]Cmd: MAP CHECKDEP NOCLEARLOG
[2016.12.05-10.31.17:473][  0]MapCheck: Info Map check complete: 0 Error(s), 0 Warning(s), took 40.58ms to complete.
[2016.12.05-10.31.17:473][  0]LogFileHelpers: Loading map 'FirstPersonExampleMap' took 36.787
[2016.12.05-10.31.17:598][  0]LogCollectionManager: Loaded 0 collections in 0.001062 seconds
[2016.12.05-10.31.17:680][  0]LogFileCache: Scanning file cache for directory 'D:/UnrealProjects/Gummi Anka/GummiAnka/Saved/Collections/' took 0.01s
[2016.12.05-10.31.17:680][  0]LogFileCache: Scanning file cache for directory 'D:/UnrealProjects/Gummi Anka/GummiAnka/Content/Developers/persja/Collections/' took 0.01s
[2016.12.05-10.31.17:680][  0]LogFileCache: Scanning file cache for directory 'D:/UnrealProjects/Gummi Anka/GummiAnka/Content/Collections/' took 0.01s
[2016.12.05-10.31.17:680][  0]LogCollectionManager: Rebuilt the GUID cache for 0 collections in 0.000002 seconds
[2016.12.05-10.31.17:689][  0]LogContentBrowser: Native class hierarchy populated in 0.0084 seconds. Added 2190 classes and 428 folders.
[2016.12.05-10.31.17:724][  0]LogStats: UGameplayTagsManager::ConstructGameplayTagTree: Construct from data asset -  0.000 s
[2016.12.05-10.31.17:724][  0]LogStats: UGameplayTagsManager::ConstructGameplayTagTree: GameplayTagTreeChangedEvent.Broadcast -  0.000 s
[2016.12.05-10.31.17:724][  0]LogContentBrowser: Native class hierarchy updated for 'GameplayTags' in 0.0005 seconds. Added 13 classes and 0 folders.
[2016.12.05-10.31.17:773][  0]LogContentBrowser: Native class hierarchy updated for 'WidgetCarousel' in 0.0004 seconds. Added 0 classes and 0 folders.
[2016.12.05-10.31.17:804][  0]LogContentBrowser: Native class hierarchy updated for 'AddContentDialog' in 0.0004 seconds. Added 0 classes and 0 folders.
[2016.12.05-10.31.17:840][  0]LogContentBrowser: Native class hierarchy updated for 'SceneOutliner' in 0.0005 seconds. Added 1 classes and 2 folders.
[2016.12.05-10.31.17:895][  0]LogCrashTracker: Crashtracker disabled due to settings.
[2016.12.05-10.31.17:980][  0]LogContentBrowser: Native class hierarchy updated for 'HierarchicalLODOutliner' in 0.0005 seconds. Added 1 classes and 2 folders.
[2016.12.05-10.31.17:980][  0]LogLoad: (Engine Initialization) Total time: 49.91 seconds
[2016.12.05-10.31.17:980][  0]LogLoad: (Engine Initialization) Total Blueprint compile time: 0.16 seconds
[2016.12.05-10.31.17:980][  0]LogExternalProfiler: Found external profiler: VSPerf
[2016.12.05-10.31.17:980][  0]LogExternalProfiler: Using external profiler: VSPerf
[2016.12.05-10.31.17:993][  0]LogOcInput: OculusInput pre-init called
[2016.12.05-10.31.18:004][  0]LogOcInput: OculusInput is initialized. Init status 0. Runtime version: 1.10.0
[2016.12.05-10.31.18:028][  0]LogContentStreaming: Texture pool size now 1000 MB
[2016.12.05-10.31.18:188][  0]LogRenderer: Reallocating scene render targets to support 1208x576 NumSamples 1 (Frame:2).
[2016.12.05-10.31.18:351][  1]LogAssetRegistry: Asset discovery search completed in 44.0556 seconds
[2016.12.05-10.31.18:351][  1]LogCollectionManager: Rebuilt the object cache for 0 collections in 0.000001 seconds (found 0 objects)
[2016.12.05-10.31.18:351][  1]LogCollectionManager: Fixed up redirectors for 0 collections in 0.000015 seconds (updated 0 objects)
[2016.12.05-10.31.44:714][535]LogSavePackage: Save=92.40ms
[2016.12.05-10.31.44:714][535]LogSavePackage: Moving 'D:/UnrealProjects/Gummi Anka/GummiAnka/Saved/FirstPersonExampleMap822C1CE34C97E90EE2135A93A8ED2E12.tmp' to 'D:/UnrealProjects/Gummi Anka/GummiAnka/Content/FirstPersonBP/Maps/FirstPersonExampleMap.umap'
[2016.12.05-10.31.44:717][535]LogSavePackage:Display: Finished SavePackage D:/UnrealProjects/Gummi Anka/GummiAnka/Content/FirstPersonBP/Maps/FirstPersonExampleMap.umap
[2016.12.05-10.31.45:622][535]LogSavePackage: Save=888.19ms
[2016.12.05-10.31.45:622][535]LogSavePackage: Moving 'D:/UnrealProjects/Gummi Anka/GummiAnka/Saved/FirstPersonExampleMap_BuiltDataD69AC95F4B3FDF7F6CB1738D474A12C9.tmp' to 'D:/UnrealProjects/Gummi Anka/GummiAnka/Content/FirstPersonBP/Maps/FirstPersonExampleMap_BuiltData.uasset'
[2016.12.05-10.31.45:624][535]LogSavePackage:Display: Finished SavePackage D:/UnrealProjects/Gummi Anka/GummiAnka/Content/FirstPersonBP/Maps/FirstPersonExampleMap_BuiltData.uasset
[2016.12.05-10.33.43:808][236]LogTexture:Display: Building textures: CameraActor_64x (BGRA8)
[2016.12.05-10.33.43:813][236]LogTexture:Display: Building textures: BlueprintInterface_64x (BGRA8)
[2016.12.05-10.33.43:816][236]LogTexture:Display: Building textures: BlueprintMacroLibrary_64x (BGRA8)
[2016.12.05-10.33.43:923][236]LogTexture:Display: Building textures: IOS (BGRA8)
[2016.12.05-10.33.43:929][236]LogTexture:Display: Building textures: android_Icon (BGRA8)
[2016.12.05-10.33.43:932][236]LogTexture:Display: Building textures: Paper2DFlipbook_TutorialIcon (BGRA8)
[2016.12.05-11.07.58:491][579]LogTemp: Repeting last play command: Selected Viewport
[2016.12.05-11.07.58:500][579]LogBlueprintUserMessages: Early PlayInEditor Detection: Level '/Game/FirstPersonBP/Maps/FirstPersonExampleMap.FirstPersonExampleMap:PersistentLevel' has LevelScriptBlueprint '/Game/FirstPersonBP/Maps/FirstPersonExampleMap.FirstPersonExampleMap:PersistentLevel.FirstPersonExampleMap' with GeneratedClass '/Game/FirstPersonBP/Maps/FirstPersonExampleMap.FirstPersonExampleMap_C' with ClassGeneratedBy '/Game/FirstPersonBP/Maps/FirstPersonExampleMap.FirstPersonExampleMap:PersistentLevel.FirstPersonExampleMap'
[2016.12.05-11.07.58:500][579]LogPlayLevel: PlayLevel: No blueprints needed recompiling
[2016.12.05-11.07.58:500][579]PIE: New page: PIE session: FirstPersonExampleMap (Dec 5, 2016, 1:07:58 PM)
[2016.12.05-11.07.58:500][579]LogPlayLevel: Creating play world package: /Game/FirstPersonBP/Maps/UEDPIE_0_FirstPersonExampleMap
[2016.12.05-11.07.58:519][579]LogPlayLevel: PIE: StaticDuplicateObject took: (0.018598s)
[2016.12.05-11.07.58:520][579]LogAIModule: Creating AISystem for world FirstPersonExampleMap
[2016.12.05-11.07.58:520][579]LogPlayLevel: PIE: World Init took: (0.000913s)
[2016.12.05-11.07.58:520][579]LogPlayLevel: PIE: Created PIE world by copying editor world from /Game/FirstPersonBP/Maps/FirstPersonExampleMap.FirstPersonExampleMap to /Game/FirstPersonBP/Maps/UEDPIE_0_FirstPersonExampleMap.FirstPersonExampleMap (0.019734s)
[2016.12.05-11.07.58:535][579]LogInit: XAudio2 using 'Hörlurar (High Definition Audio Device)' : 2 channels at 44.1 kHz using 16 bits per sample (channel mask 0x3)
[2016.12.05-11.07.58:540][579]LogInit: FAudioDevice initialized.
[2016.12.05-11.07.58:582][579]LogLoad: Game class is 'FirstPersonGameMode_C'
[2016.12.05-11.07.58:585][579]LogWorld: Bringing World /Game/FirstPersonBP/Maps/UEDPIE_0_FirstPersonExampleMap.FirstPersonExampleMap up for play (max tick rate 0) at 2016.12.05-12.07.58
[2016.12.05-11.07.58:586][579]LogWorld: Bringing up level for play took: 0.002158
[2016.12.05-11.07.59:468][579]LogContentBrowser: Native class hierarchy updated for 'MovieSceneCapture' in 0.0005 seconds. Added 11 classes and 0 folders.
[2016.12.05-11.07.59:469][579]PIE: Info Play in editor start time for /Game/FirstPersonBP/Maps/UEDPIE_0_FirstPersonExampleMap 0.917
[2016.12.05-11.07.59:469][579]LogBlueprintUserMessages: Late PlayInEditor Detection: Level '/Game/FirstPersonBP/Maps/FirstPersonExampleMap.FirstPersonExampleMap:PersistentLevel' has LevelScriptBlueprint '/Game/FirstPersonBP/Maps/FirstPersonExampleMap.FirstPersonExampleMap:PersistentLevel.FirstPersonExampleMap' with GeneratedClass '/Game/FirstPersonBP/Maps/FirstPersonExampleMap.FirstPersonExampleMap_C' with ClassGeneratedBy '/Game/FirstPersonBP/Maps/FirstPersonExampleMap.FirstPersonExampleMap:PersistentLevel.FirstPersonExampleMap'
[2016.12.05-11.08.54:793][203]LogSpawn:Warning: SpawnActor failed because of collision at the spawn location [X=-2098.903 Y=1757.489 Z=230.414] for [FirstPersonProjectile_C]
[2016.12.05-11.08.54:994][227]LogSpawn:Warning: SpawnActor failed because of collision at the spawn location [X=-2140.879 Y=1783.542 Z=241.357] for [FirstPersonProjectile_C]
[2016.12.05-11.08.55:211][253]LogSpawn:Warning: SpawnActor failed because of collision at the spawn location [X=-2137.386 Y=1793.031 Z=288.853] for [FirstPersonProjectile_C]
[2016.12.05-11.09.27:884][173]LogBlueprintUserMessages: Early EndPlayMap Detection: Level '/Game/FirstPersonBP/Maps/FirstPersonExampleMap.FirstPersonExampleMap:PersistentLevel' has LevelScriptBlueprint '/Game/FirstPersonBP/Maps/FirstPersonExampleMap.FirstPersonExampleMap:PersistentLevel.FirstPersonExampleMap' with GeneratedClass '/Game/FirstPersonBP/Maps/FirstPersonExampleMap.FirstPersonExampleMap_C' with ClassGeneratedBy '/Game/FirstPersonBP/Maps/FirstPersonExampleMap.FirstPersonExampleMap:PersistentLevel.FirstPersonExampleMap'
[2016.12.05-11.09.27:919][173]LogBlueprintUserMessages: Late EndPlayMap Detection: Level '/Game/FirstPersonBP/Maps/FirstPersonExampleMap.FirstPersonExampleMap:PersistentLevel' has LevelScriptBlueprint '/Game/FirstPersonBP/Maps/FirstPersonExampleMap.FirstPersonExampleMap:PersistentLevel.FirstPersonExampleMap' with GeneratedClass '/Game/FirstPersonBP/Maps/FirstPersonExampleMap.FirstPersonExampleMap_C' with ClassGeneratedBy '/Game/FirstPersonBP/Maps/FirstPersonExampleMap.FirstPersonExampleMap:PersistentLevel.FirstPersonExampleMap'
[2016.12.05-14.18.57:239][393]Cmd: QUIT_EDITOR
[2016.12.05-14.18.57:303][393]LogExit: Preparing to exit.
[2016.12.05-14.18.58:207][393]LogExit: Editor shut down
[2016.12.05-14.18.58:207][393]LogExit: Transaction tracking system shut down
[2016.12.05-14.18.58:361][393]LogObj: Freed 0b from 0 cluster array pools.
[2016.12.05-14.18.58:361][393]LogExit: Object subsystem successfully closed.
[2016.12.05-14.18.58:382][393]LogD3D11RHI: Shutdown
[2016.12.05-14.18.58:382][393]LogD3D11RHI: CleanupD3DDevice
[2016.12.05-14.18.58:463][393]LogD3D11RHI: ~FD3D11DynamicRHI
[2016.12.05-14.18.58:496][393]LogHttp:Display: Http module shutting down, but needs to wait on 1 outstanding Http requests:
[2016.12.05-14.18.58:496][393]LogHttp:Display: 	verb=[POST] url=[https://datarouter.ol.epicgames.com/datarouter/api/v1/public/data?SessionID=%7B414389A6-4825-A750-FEE8-3B8D0AC81265%7D&AppID=UEEditor.Rocket.Release&AppVersion=4.14.0-3195953%2B%2B%2BUE4%2BRelease-4.14&UserID=ca80f451440d8452fff697b4bb049876%7C8b5d3536e2af4b28908a2298bfa2ddf2%7C2657d383-c71c-4f87-999b-40923e3cd8a0&AppEnvironment=datacollector-binary&UploadType=eteventstream] status=Processing
[2016.12.05-14.18.58:516][393]LogModuleManager: Shutting down and abandoning module PortalProxies (243)
[2016.12.05-14.18.58:516][393]LogModuleManager: Shutting down and abandoning module MovieSceneCapture (242)
[2016.12.05-14.18.58:516][393]LogModuleManager: Shutting down and abandoning module HierarchicalLODOutliner (241)
[2016.12.05-14.18.58:516][393]LogModuleManager: Shutting down and abandoning module CrashTracker (240)
[2016.12.05-14.18.58:516][393]LogModuleManager: Shutting down and abandoning module SceneOutliner (239)
[2016.12.05-14.18.58:517][393]LogModuleManager: Shutting down and abandoning module WidgetCarousel (238)
[2016.12.05-14.18.58:517][393]LogModuleManager: Shutting down and abandoning module AddContentDialog (237)
[2016.12.05-14.18.58:517][393]LogDirectoryWatcher: A directory notification for 'C:/Program Files/Epic Games/4.14/FeaturePacks/' was aborted.
[2016.12.05-14.18.58:518][393]LogModuleManager: Shutting down and abandoning module GameplayTags (236)
[2016.12.05-14.18.58:518][393]LogModuleManager: Shutting down and abandoning module EditorWidgets (235)
[2016.12.05-14.18.58:518][393]LogModuleManager: Shutting down and abandoning module CollectionManager (234)
[2016.12.05-14.18.58:518][393]LogDirectoryWatcher: A directory notification for 'D:/UnrealProjects/Gummi Anka/GummiAnka/Content/Collections/' was aborted.
[2016.12.05-14.18.58:518][393]LogDirectoryWatcher: A directory notification for 'D:/UnrealProjects/Gummi Anka/GummiAnka/Content/Developers/persja/Collections/' was aborted.
[2016.12.05-14.18.58:518][393]LogDirectoryWatcher: A directory notification for 'D:/UnrealProjects/Gummi Anka/GummiAnka/Saved/Collections/' was aborted.
[2016.12.05-14.18.58:518][393]LogModuleManager: Shutting down and abandoning module StatsViewer (233)
[2016.12.05-14.18.58:519][393]LogModuleManager: Shutting down and abandoning module FoliageEdit (232)
[2016.12.05-14.18.58:519][393]LogModuleManager: Shutting down and abandoning module LandscapeEditor (231)
[2016.12.05-14.18.58:520][393]LogModuleManager: Shutting down and abandoning module SceneDepthPickerMode (230)
[2016.12.05-14.18.58:520][393]LogModuleManager: Shutting down and abandoning module ActorPickerMode (229)
[2016.12.05-14.18.58:520][393]LogModuleManager: Shutting down and abandoning module GeometryMode (228)
[2016.12.05-14.18.58:520][393]LogModuleManager: Shutting down and abandoning module TextureAlignMode (227)
[2016.12.05-14.18.58:520][393]LogModuleManager: Shutting down and abandoning module BspMode (226)
[2016.12.05-14.18.58:520][393]LogModuleManager: Shutting down and abandoning module HardwareSurvey (225)
[2016.12.05-14.18.58:520][393]LogModuleManager: Shutting down and abandoning module SequenceRecorderSections (224)
[2016.12.05-14.18.58:521][393]LogModuleManager: Shutting down and abandoning module AutomationWorker (223)
[2016.12.05-14.18.58:521][393]LogModuleManager: Shutting down and abandoning module MatineeToLevelSequence (222)
[2016.12.05-14.18.58:521][393]LogModuleManager: Shutting down and abandoning module PlacementMode (221)
[2016.12.05-14.18.58:521][393]LogModuleManager: Shutting down and abandoning module LevelSequenceEditor (220)
[2016.12.05-14.18.58:523][393]LogModuleManager: Shutting down and abandoning module WmfMediaFactory (219)
[2016.12.05-14.18.58:523][393]LogModuleManager: Shutting down and abandoning module WmfMediaEditor (218)
[2016.12.05-14.18.58:523][393]LogModuleManager: Shutting down and abandoning module AvfMediaFactory (217)
[2016.12.05-14.18.58:523][393]LogModuleManager: Shutting down and abandoning module AvfMediaEditor (216)
[2016.12.05-14.18.58:523][393]LogModuleManager: Shutting down and abandoning module Media (215)
[2016.12.05-14.18.58:523][393]LogModuleManager: Shutting down and abandoning module AndroidMediaFactory (214)
[2016.12.05-14.18.58:523][393]LogModuleManager: Shutting down and abandoning module AndroidMediaEditor (213)
[2016.12.05-14.18.58:523][393]LogModuleManager: Shutting down and abandoning module CharacterAI (212)
[2016.12.05-14.18.58:523][393]LogModuleManager: Shutting down and abandoning module SequenceRecorder (211)
[2016.12.05-14.18.58:524][393]LogModuleManager: Shutting down and abandoning module AudioCapture (210)
[2016.12.05-14.18.58:524][393]LogModuleManager: Shutting down and abandoning module SmartSnapping (209)
[2016.12.05-14.18.58:524][393]LogModuleManager: Shutting down and abandoning module SessionServices (208)
[2016.12.05-14.18.58:524][393]LogModuleManager: Shutting down and abandoning module ViewportSnapping (207)
[2016.12.05-14.18.58:524][393]LogModuleManager: Shutting down and abandoning module ViewportInteraction (206)
[2016.12.05-14.18.58:524][393]LogModuleManager: Shutting down and abandoning module LogVisualizer (205)
[2016.12.05-14.18.58:525][393]LogModuleManager: Shutting down and abandoning module GameProjectGeneration (204)
[2016.12.05-14.18.58:526][393]LogModuleManager: Shutting down and abandoning module IntroTutorials (203)
[2016.12.05-14.18.58:526][393]LogModuleManager: Shutting down and abandoning module EditorLiveStreaming (202)
[2016.12.05-14.18.58:527][393]LogModuleManager: Shutting down and abandoning module IOSPlatformEditor (201)
[2016.12.05-14.18.58:527][393]LogModuleManager: Shutting down and abandoning module HTML5PlatformEditor (200)
[2016.12.05-14.18.58:527][393]LogModuleManager: Shutting down and abandoning module AndroidDeviceDetection (199)
[2016.12.05-14.18.58:534][393]LogModuleManager: Shutting down and abandoning module AndroidPlatformEditor (198)
[2016.12.05-14.18.58:534][393]LogModuleManager: Shutting down and abandoning module IOSRuntimeSettings (197)
[2016.12.05-14.18.58:534][393]LogModuleManager: Shutting down and abandoning module AndroidRuntimeSettings (196)
[2016.12.05-14.18.58:534][393]LogModuleManager: Shutting down and abandoning module InputBindingEditor (195)
[2016.12.05-14.18.58:535][393]LogModuleManager: Shutting down and abandoning module NiagaraEditor (194)
[2016.12.05-14.18.58:536][393]LogModuleManager: Shutting down and abandoning module MergeActors (193)
[2016.12.05-14.18.58:537][393]LogModuleManager: Shutting down and abandoning module SizeMap (192)
[2016.12.05-14.18.58:537][393]LogModuleManager: Shutting down and abandoning module TreeMap (191)
[2016.12.05-14.18.58:538][393]LogModuleManager: Shutting down and abandoning module ReferenceViewer (190)
[2016.12.05-14.18.58:538][393]LogModuleManager: Shutting down and abandoning module LocalizationService (189)
[2016.12.05-14.18.58:538][393]LogModuleManager: Shutting down and abandoning module LocalizationDashboard (188)
[2016.12.05-14.18.58:539][393]LogModuleManager: Shutting down and abandoning module HardwareTargeting (187)
[2016.12.05-14.18.58:539][393]LogModuleManager: Shutting down and abandoning module DeviceProfileEditor (186)
[2016.12.05-14.18.58:539][393]LogModuleManager: Shutting down and abandoning module UndoHistory (185)
[2016.12.05-14.18.58:539][393]LogModuleManager: Shutting down and abandoning module UserFeedback (184)
[2016.12.05-14.18.58:539][393]LogModuleManager: Shutting down and abandoning module XmlParser (183)
[2016.12.05-14.18.58:540][393]LogModuleManager: Shutting down and abandoning module Blutility (182)
[2016.12.05-14.18.58:540][393]LogModuleManager: Shutting down and abandoning module ProjectTargetPlatformEditor (181)
[2016.12.05-14.18.58:540][393]LogModuleManager: Shutting down and abandoning module ProjectSettingsViewer (180)
[2016.12.05-14.18.58:540][393]LogModuleManager: Shutting down and abandoning module EditorSettingsViewer (179)
[2016.12.05-14.18.58:540][393]LogModuleManager: Shutting down and abandoning module SettingsEditor (178)
[2016.12.05-14.18.58:541][393]LogModuleManager: Shutting down and abandoning module ProjectLauncher (177)
[2016.12.05-14.18.58:542][393]LogModuleManager: Shutting down and abandoning module SessionFrontend (176)
[2016.12.05-14.18.58:542][393]LogModuleManager: Shutting down and abandoning module ProfilerClient (175)
[2016.12.05-14.18.58:543][393]LogModuleManager: Shutting down and abandoning module TargetDeviceServices (174)
[2016.12.05-14.18.58:543][393]LogModuleManager: Shutting down and abandoning module DeviceManager (173)
[2016.12.05-14.18.58:593][393]LogModuleManager: Shutting down and abandoning module AutomationController (172)
[2016.12.05-14.18.58:593][393]LogModuleManager: Shutting down and abandoning module AutomationWindow (171)
[2016.12.05-14.18.58:593][393]LogModuleManager: Shutting down and abandoning module Layers (170)
[2016.12.05-14.18.58:594][393]LogModuleManager: Shutting down and abandoning module ComponentVisualizers (169)
[2016.12.05-14.18.58:594][393]LogModuleManager: Shutting down and abandoning module DetailCustomizations (168)
[2016.12.05-14.18.58:595][393]LogModuleManager: Shutting down and abandoning module PackagesDialog (167)
[2016.12.05-14.18.58:596][393]LogModuleManager: Shutting down and abandoning module AnimGraph (166)
[2016.12.05-14.18.58:596][393]LogModuleManager: Shutting down and abandoning module Persona (165)
[2016.12.05-14.18.58:596][393]LogModuleManager: Shutting down and abandoning module Kismet (164)
[2016.12.05-14.18.58:597][393]LogModuleManager: Shutting down and abandoning module GraphEditor (163)
[2016.12.05-14.18.58:599][393]LogModuleManager: Shutting down and abandoning module ClassViewer (162)
[2016.12.05-14.18.58:600][393]LogModuleManager: Shutting down and abandoning module Toolbox (161)
[2016.12.05-14.18.58:600][393]LogModuleManager: Shutting down and abandoning module ModuleUI (160)
[2016.12.05-14.18.58:601][393]LogModuleManager: Shutting down and abandoning module MovieSceneTools (159)
[2016.12.05-14.18.58:602][393]LogModuleManager: Shutting down and abandoning module OutputLog (158)
[2016.12.05-14.18.58:602][393]LogModuleManager: Shutting down and abandoning module GammaUI (157)
[2016.12.05-14.18.58:603][393]LogModuleManager: Shutting down and abandoning module Documentation (156)
[2016.12.05-14.18.58:603][393]LogModuleManager: Shutting down and abandoning module Niagara (155)
[2016.12.05-14.18.58:603][393]LogModuleManager: Shutting down and abandoning module StreamingPauseRendering (154)
[2016.12.05-14.18.58:603][393]LogModuleManager: Shutting down and abandoning module AnalyticsET (153)
[2016.12.05-14.18.58:603][393]LogModuleManager: Shutting down and abandoning module PortalServices (152)
[2016.12.05-14.18.58:603][393]LogModuleManager: Shutting down and abandoning module PortalRpc (151)
[2016.12.05-14.18.58:603][393]LogModuleManager: Shutting down and abandoning module MessagingRpc (150)
[2016.12.05-14.18.58:603][393]LogModuleManager: Shutting down and abandoning module GameplayDebugger (149)
[2016.12.05-14.18.58:603][393]LogModuleManager: Shutting down and abandoning module AITestSuite (148)
[2016.12.05-14.18.58:603][393]LogModuleManager: Shutting down and abandoning module AIModule (147)
[2016.12.05-14.18.58:603][393]LogModuleManager: Shutting down and abandoning module ProfilerService (146)
[2016.12.05-14.18.58:691][393]LogModuleManager: Shutting down and abandoning module TaskGraph (145)
[2016.12.05-14.18.58:692][393]LogModuleManager: Shutting down and abandoning module SlateRemote (144)
[2016.12.05-14.18.58:692][393]LogModuleManager: Shutting down and abandoning module SteamVRController (143)
[2016.12.05-14.18.58:692][393]LogModuleManager: Shutting down and abandoning module SteamVR (142)
[2016.12.05-14.18.58:692][393]LogModuleManager: Shutting down and abandoning module ProceduralMeshComponentEditor (141)
[2016.12.05-14.18.58:693][393]LogModuleManager: Shutting down and abandoning module ProceduralMeshComponent (140)
[2016.12.05-14.18.58:693][393]LogModuleManager: Shutting down and abandoning module OculusLibrary (139)
[2016.12.05-14.18.58:694][393]LogModuleManager: Shutting down and abandoning module OculusInput (138)
[2016.12.05-14.18.58:694][393]LogModuleManager: Shutting down and abandoning module MobilePatchingUtils (137)
[2016.12.05-14.18.58:694][393]LogModuleManager: Shutting down and abandoning module CustomMeshComponent (136)
[2016.12.05-14.18.58:694][393]LogModuleManager: Shutting down and abandoning module CableComponent (135)
[2016.12.05-14.18.58:694][393]LogModuleManager: Shutting down and abandoning module ArchVisCharacter (134)
[2016.12.05-14.18.58:694][393]LogModuleManager: Shutting down and abandoning module MediaPlayerEditor (132)
[2016.12.05-14.18.58:697][393]LogModuleManager: Shutting down and abandoning module HTML5Networking (131)
[2016.12.05-14.18.58:697][393]LogModuleManager: Shutting down and abandoning module GeometryCacheEd (130)
[2016.12.05-14.18.58:697][393]LogModuleManager: Shutting down and abandoning module GeometryCache (129)
[2016.12.05-14.18.58:697][393]LogModuleManager: Shutting down and abandoning module AlembicLibrary (128)
[2016.12.05-14.18.58:697][393]LogModuleManager: Shutting down and abandoning module AlembicImporter (127)
[2016.12.05-14.18.58:697][393]LogModuleManager: Shutting down and abandoning module SuperSearch (126)
[2016.12.05-14.18.58:697][393]LogModuleManager: Shutting down and abandoning module SuperSearchEditor (125)
[2016.12.05-14.18.58:697][393]LogModuleManager: Shutting down and abandoning module SpeedTreeImporter (124)
[2016.12.05-14.18.58:697][393]LogModuleManager: Shutting down and abandoning module PluginBrowser (123)
[2016.12.05-14.18.58:698][393]LogModuleManager: Shutting down and abandoning module MobileLauncherProfileWizard (122)
[2016.12.05-14.18.58:699][393]LogModuleManager: Shutting down and abandoning module EpicSurvey (121)
[2016.12.05-14.18.58:700][393]LogModuleManager: Shutting down and abandoning module DesktopPlatform (120)
[2016.12.05-14.18.58:700][393]LogModuleManager: Shutting down and abandoning module VisualStudioSourceCodeAccess (119)
[2016.12.05-14.18.58:700][393]LogModuleManager: Shutting down and abandoning module UObjectPlugin (118)
[2016.12.05-14.18.58:700][393]LogModuleManager: Shutting down and abandoning module SubversionSourceControl (117)
[2016.12.05-14.18.58:701][393]LogModuleManager: Shutting down and abandoning module PerforceSourceControl (116)
[2016.12.05-14.18.58:702][393]LogModuleManager: Shutting down and abandoning module SourceControl (115)
[2016.12.05-14.18.58:702][393]LogModuleManager: Shutting down and abandoning module GitSourceControl (114)
[2016.12.05-14.18.58:702][393]LogModuleManager: Shutting down and abandoning module LightPropagationVolumeEditor (113)
[2016.12.05-14.18.58:702][393]LogModuleManager: Shutting down and abandoning module PaperTiledImporter (112)
[2016.12.05-14.18.58:703][393]LogModuleManager: Shutting down and abandoning module PaperSpriteSheetImporter (111)
[2016.12.05-14.18.58:703][393]LogModuleManager: Shutting down and abandoning module MeshPaint (110)
[2016.12.05-14.18.58:703][393]LogModuleManager: Shutting down and abandoning module PixelInspectorModule (109)
[2016.12.05-14.18.58:703][393]LogModuleManager: Shutting down and abandoning module HotReload (108)
[2016.12.05-14.18.58:703][393]LogModuleManager: Shutting down and abandoning module MainFrame (107)
[2016.12.05-14.18.58:703][393]LogModuleManager: Shutting down and abandoning module LevelEditor (106)
[2016.12.05-14.18.58:705][393]LogModuleManager: Shutting down and abandoning module ContentBrowser (105)
[2016.12.05-14.18.58:705][393]LogModuleManager: Shutting down and abandoning module Paper2DEditor (104)
[2016.12.05-14.18.58:706][393]LogModuleManager: Shutting down and abandoning module UdpMessaging (103)
[2016.12.05-14.18.58:806][393]LogModuleManager: Shutting down and abandoning module TcpMessaging (102)
[2016.12.05-14.18.58:906][393]LogModuleManager: Shutting down and abandoning module LightPropagationVolumeRuntime (101)
[2016.12.05-14.18.58:906][393]LogModuleManager: Shutting down and abandoning module Paper2D (100)
[2016.12.05-14.18.58:906][393]LogModuleManager: Shutting down and abandoning module WindowsMoviePlayer (99)
[2016.12.05-14.18.58:906][393]LogModuleManager: Shutting down and abandoning module WmfMedia (98)
[2016.12.05-14.18.58:908][393]LogModuleManager: Shutting down and abandoning module MediaAssets (97)
[2016.12.05-14.18.58:908][393]LogModuleManager: Shutting down and abandoning module GameLiveStreaming (96)
[2016.12.05-14.18.58:908][393]LogModuleManager: Shutting down and abandoning module GameplayTagsEditor (95)
[2016.12.05-14.18.58:908][393]LogModuleManager: Shutting down and abandoning module VREditor (94)
[2016.12.05-14.18.58:908][393]LogModuleManager: Shutting down and abandoning module GameplayTasksEditor (93)
[2016.12.05-14.18.58:908][393]LogModuleManager: Shutting down and abandoning module BehaviorTreeEditor (92)
[2016.12.05-14.18.58:908][393]LogModuleManager: Shutting down and abandoning module FunctionalTesting (91)
[2016.12.05-14.18.58:908][393]LogModuleManager: Shutting down and abandoning module CollisionAnalyzer (90)
[2016.12.05-14.18.58:908][393]LogModuleManager: Shutting down and abandoning module Sequencer (89)
[2016.12.05-14.18.58:910][393]LogModuleManager: Shutting down and abandoning module WorkspaceMenuStructure (88)
[2016.12.05-14.18.58:910][393]LogModuleManager: Shutting down and abandoning module MessageLog (87)
[2016.12.05-14.18.58:910][393]LogModuleManager: Shutting down and abandoning module AssetTools (86)
[2016.12.05-14.18.58:910][393]LogModuleManager: Shutting down and abandoning module UMGEditor (85)
[2016.12.05-14.18.58:911][393]LogModuleManager: Shutting down and abandoning module UMG (84)
[2016.12.05-14.18.58:912][393]LogModuleManager: Shutting down and abandoning module SlateReflector (83)
[2016.12.05-14.18.58:914][393]LogModuleManager: Shutting down and abandoning module Slate (82)
[2016.12.05-14.18.58:914][393]LogModuleManager: Shutting down and abandoning module EditorStyle (81)
[2016.12.05-14.18.58:917][393]LogModuleManager: Shutting down and abandoning module SourceCodeAccess (80)
[2016.12.05-14.18.58:917][393]LogModuleManager: Shutting down and abandoning module HeadMountedDisplay (79)
[2016.12.05-14.18.58:917][393]LogModuleManager: Shutting down and abandoning module XAudio2 (78)
[2016.12.05-14.18.58:917][393]LogModuleManager: Shutting down and abandoning module Networking (76)
[2016.12.05-14.18.58:917][393]LogModuleManager: Shutting down and abandoning module Core (75)
[2016.12.05-14.18.58:917][393]LogModuleManager: Shutting down and abandoning module DirectoryWatcher (74)
[2016.12.05-14.18.58:917][393]LogDirectoryWatcher: A directory notification for '../../../Engine/Content/' was aborted.
[2016.12.05-14.18.58:917][393]LogDirectoryWatcher: A directory notification for 'D:/UnrealProjects/Gummi Anka/GummiAnka/Content/' was aborted.
[2016.12.05-14.18.58:917][393]LogDirectoryWatcher: A directory notification for '../../../Engine/Plugins/2D/Paper2D/Content/' was aborted.
[2016.12.05-14.18.58:917][393]LogModuleManager: Shutting down and abandoning module AssetRegistry (73)
[2016.12.05-14.18.59:085][393]LogModuleManager: Shutting down and abandoning module KismetCompiler (72)
[2016.12.05-14.18.59:085][393]LogModuleManager: Shutting down and abandoning module PhysXFormats (71)
[2016.12.05-14.18.59:085][393]LogModuleManager: Shutting down and abandoning module SimplygonSwarm (70)
[2016.12.05-14.18.59:085][393]LogModuleManager: Shutting down and abandoning module SimplygonMeshReduction (69)
[2016.12.05-14.18.59:086][393]LogModuleManager: Shutting down and abandoning module QuadricMeshReduction (68)
[2016.12.05-14.18.59:086][393]LogModuleManager: Shutting down and abandoning module PropertyEditor (67)
[2016.12.05-14.18.59:087][393]LogModuleManager: Shutting down and abandoning module MeshUtilities (66)
[2016.12.05-14.18.59:088][393]LogModuleManager: Shutting down and abandoning module DerivedDataCache (65)
[2016.12.05-14.18.59:155][393]LogDerivedDataCache: Shutdown
[2016.12.05-14.18.59:155][393]LogModuleManager: Shutting down and abandoning module VulkanShaderFormat (64)
[2016.12.05-14.18.59:157][393]LogModuleManager: Shutting down and abandoning module ShaderFormatOpenGL (63)
[2016.12.05-14.18.59:157][393]LogModuleManager: Shutting down and abandoning module ShaderFormatD3D (62)
[2016.12.05-14.18.59:158][393]LogModuleManager: Shutting down and abandoning module MetalShaderFormat (61)
[2016.12.05-14.18.59:158][393]LogModuleManager: Shutting down and abandoning module TextureFormatUncompressed (60)
[2016.12.05-14.18.59:159][393]LogModuleManager: Shutting down and abandoning module TextureFormatPVR (59)
[2016.12.05-14.18.59:159][393]LogModuleManager: Shutting down and abandoning module TextureFormatDXT (58)
[2016.12.05-14.18.59:159][393]LogModuleManager: Shutting down and abandoning module TextureFormatIntelISPCTexComp (57)
[2016.12.05-14.18.59:159][393]LogModuleManager: Shutting down and abandoning module ImageWrapper (56)
[2016.12.05-14.18.59:159][393]LogModuleManager: Shutting down and abandoning module TextureFormatASTC (55)
[2016.12.05-14.18.59:159][393]LogModuleManager: Shutting down and abandoning module TextureFormatAndroid (54)
[2016.12.05-14.18.59:159][393]LogModuleManager: Shutting down and abandoning module AudioFormatOpus (53)
[2016.12.05-14.18.59:159][393]LogModuleManager: Shutting down and abandoning module AudioFormatOgg (52)
[2016.12.05-14.18.59:159][393]LogModuleManager: Shutting down and abandoning module AudioFormatADPCM (51)
[2016.12.05-14.18.59:159][393]LogModuleManager: Shutting down and abandoning module LinuxTargetPlatform (50)
[2016.12.05-14.18.59:159][393]LogModuleManager: Shutting down and abandoning module LinuxServerTargetPlatform (49)
[2016.12.05-14.18.59:160][393]LogModuleManager: Shutting down and abandoning module LinuxNoEditorTargetPlatform (48)
[2016.12.05-14.18.59:160][393]LogModuleManager: Shutting down and abandoning module LinuxClientTargetPlatform (47)
[2016.12.05-14.18.59:160][393]LogModuleManager: Shutting down and abandoning module TVOSTargetPlatform (46)
[2016.12.05-14.18.59:160][393]LogModuleManager: Shutting down and abandoning module Messaging (45)
[2016.12.05-14.18.59:160][393]LogModuleManager: Shutting down and abandoning module IOSTargetPlatform (44)
[2016.12.05-14.18.59:160][393]LogModuleManager: Shutting down and abandoning module HTML5TargetPlatform (43)
[2016.12.05-14.18.59:160][393]LogModuleManager: Shutting down and abandoning module Android_PVRTCTargetPlatform (42)
[2016.12.05-14.18.59:160][393]LogModuleManager: Shutting down and abandoning module Android_MultiTargetPlatform (41)
[2016.12.05-14.18.59:160][393]LogModuleManager: Shutting down and abandoning module Android_ETC2TargetPlatform (40)
[2016.12.05-14.18.59:160][393]LogModuleManager: Shutting down and abandoning module Android_ETC1TargetPlatform (39)
[2016.12.05-14.18.59:160][393]LogModuleManager: Shutting down and abandoning module Android_DXTTargetPlatform (38)
[2016.12.05-14.18.59:160][393]LogModuleManager: Shutting down and abandoning module Android_ATCTargetPlatform (37)
[2016.12.05-14.18.59:161][393]LogModuleManager: Shutting down and abandoning module Android_ASTCTargetPlatform (36)
[2016.12.05-14.18.59:161][393]LogModuleManager: Shutting down and abandoning module AndroidTargetPlatform (35)
[2016.12.05-14.18.59:161][393]LogModuleManager: Shutting down and abandoning module WindowsTargetPlatform (34)
[2016.12.05-14.18.59:161][393]LogModuleManager: Shutting down and abandoning module WindowsServerTargetPlatform (33)
[2016.12.05-14.18.59:161][393]LogModuleManager: Shutting down and abandoning module WindowsNoEditorTargetPlatform (32)
[2016.12.05-14.18.59:161][393]LogModuleManager: Shutting down and abandoning module WindowsClientTargetPlatform (31)
[2016.12.05-14.18.59:162][393]LogModuleManager: Shutting down and abandoning module MacTargetPlatform (30)
[2016.12.05-14.18.59:162][393]LogModuleManager: Shutting down and abandoning module MacServerTargetPlatform (29)
[2016.12.05-14.18.59:162][393]LogModuleManager: Shutting down and abandoning module MacNoEditorTargetPlatform (28)
[2016.12.05-14.18.59:162][393]LogModuleManager: Shutting down and abandoning module MacClientTargetPlatform (27)
[2016.12.05-14.18.59:162][393]LogModuleManager: Shutting down and abandoning module AllDesktopTargetPlatform (26)
[2016.12.05-14.18.59:162][393]LogModuleManager: Shutting down and abandoning module TargetPlatform (25)
[2016.12.05-14.18.59:162][393]LogModuleManager: Shutting down and abandoning module InputCore (24)
[2016.12.05-14.18.59:162][393]LogModuleManager: Shutting down and abandoning module Settings (23)
[2016.12.05-14.18.59:162][393]LogModuleManager: Shutting down and abandoning module OculusRift (22)
[2016.12.05-14.18.59:163][393]LogHMD: Oculus shutdown.
[2016.12.05-14.18.59:163][393]LogModuleManager: Shutting down and abandoning module ExampleDeviceProfileSelector (21)
[2016.12.05-14.18.59:163][393]LogModuleManager: Shutting down and abandoning module OnlineBlueprintSupport (20)
[2016.12.05-14.18.59:163][393]LogModuleManager: Shutting down and abandoning module OnlineSubsystem (18)
[2016.12.05-14.18.59:163][393]LogOnline:Display: Unloading online subsystem: NULL
[2016.12.05-14.18.59:164][393]LogModuleManager: Shutting down and abandoning module SSL (17)
[2016.12.05-14.18.59:166][393]LogModuleManager: Shutting down and abandoning module HTTP (16)
[2016.12.05-14.18.59:166][393]LogModuleManager: Shutting down and abandoning module XMPP (15)
[2016.12.05-14.18.59:167][393]LogModuleManager: Shutting down and abandoning module TextureCompressor (14)
[2016.12.05-14.18.59:167][393]LogModuleManager: Shutting down and abandoning module ShaderCore (13)
[2016.12.05-14.18.59:167][393]LogModuleManager: Shutting down and abandoning module Landscape (12)
[2016.12.05-14.18.59:167][393]LogModuleManager: Shutting down and abandoning module SlateRHIRenderer (11)
[2016.12.05-14.18.59:169][393]LogModuleManager: Shutting down and abandoning module OpenGLDrv (10)
[2016.12.05-14.18.59:170][393]LogModuleManager: Shutting down and abandoning module D3D11RHI (9)
[2016.12.05-14.18.59:170][393]LogModuleManager: Shutting down and abandoning module AnimGraphRuntime (8)
[2016.12.05-14.18.59:170][393]LogModuleManager: Shutting down and abandoning module Renderer (7)
[2016.12.05-14.18.59:170][393]LogModuleManager: Shutting down and abandoning module Engine (6)
[2016.12.05-14.18.59:170][393]LogModuleManager: Shutting down and abandoning module CoreUObject (5)
[2016.12.05-14.18.59:170][393]LogModuleManager: Shutting down and abandoning module NetworkFile (4)
[2016.12.05-14.18.59:170][393]LogModuleManager: Shutting down and abandoning module StreamingFile (3)
[2016.12.05-14.18.59:170][393]LogModuleManager: Shutting down and abandoning module SandboxFile (2)
[2016.12.05-14.18.59:170][393]LogModuleManager: Shutting down and abandoning module PakFile (1)
[2016.12.05-14.18.59:172][393]LogExit: Exiting.
[2016.12.05-14.18.59:178][393]Log file closed, 12/05/16 15:18:59
