Log file open, 12/05/16 17:33:27
LogInit:Display: Running engine for game: GummiAnka
LogPlatformFile: Not using cached read wrapper
LogInit:Display: RandInit(2145333567) SRandInit(2145333567).
LogTaskGraph: Started task graph with 5 named threads and 8 total threads with 1 sets of task threads.
LogStats: Stats thread started at 0.072178
LogPluginManager: Loaded Plugin Paper2D, From C:/Program Files (x86)/Epic Games/4.14/Engine/Plugins/2D/Paper2D/Paper2D.uplugin
LogPluginManager: Loaded Plugin LightPropagationVolume, From C:/Program Files (x86)/Epic Games/4.14/Engine/Plugins/Blendables/LightPropagationVolume/LightPropagationVolume.uplugin
LogPluginManager: Loaded Plugin BlankPlugin, From C:/Program Files (x86)/Epic Games/4.14/Engine/Plugins/Developer/BlankPlugin/BlankPlugin.uplugin
LogPluginManager: Loaded Plugin CodeLiteSourceCodeAccess, From C:/Program Files (x86)/Epic Games/4.14/Engine/Plugins/Developer/CodeLiteSourceCodeAccess/CodeLiteSourceCodeAccess.uplugin
LogPluginManager: Loaded Plugin GitSourceControl, From C:/Program Files (x86)/Epic Games/4.14/Engine/Plugins/Developer/GitSourceControl/GitSourceControl.uplugin
LogPluginManager: Loaded Plugin KDevelopSourceCodeAccess, From C:/Program Files (x86)/Epic Games/4.14/Engine/Plugins/Developer/KDevelopSourceCodeAccess/KDevelopSourceCodeAccess.uplugin
LogPluginManager: Loaded Plugin NullSourceCodeAccess, From C:/Program Files (x86)/Epic Games/4.14/Engine/Plugins/Developer/NullSourceCodeAccess/NullSourceCodeAccess.uplugin
LogPluginManager: Loaded Plugin OneSkyLocalizationService, From C:/Program Files (x86)/Epic Games/4.14/Engine/Plugins/Developer/OneSkyLocalizationService/OneSkyLocalizationService.uplugin
LogPluginManager: Loaded Plugin PerforceSourceControl, From C:/Program Files (x86)/Epic Games/4.14/Engine/Plugins/Developer/PerforceSourceControl/PerforceSourceControl.uplugin
LogPluginManager: Loaded Plugin SubversionSourceControl, From C:/Program Files (x86)/Epic Games/4.14/Engine/Plugins/Developer/SubversionSourceControl/SubversionSourceControl.uplugin
LogPluginManager: Loaded Plugin UObjectPlugin, From C:/Program Files (x86)/Epic Games/4.14/Engine/Plugins/Developer/UObjectPlugin/UObjectPlugin.uplugin
LogPluginManager: Loaded Plugin VisualStudioSourceCodeAccess, From C:/Program Files (x86)/Epic Games/4.14/Engine/Plugins/Developer/VisualStudioSourceCodeAccess/VisualStudioSourceCodeAccess.uplugin
LogPluginManager: Loaded Plugin XCodeSourceCodeAccess, From C:/Program Files (x86)/Epic Games/4.14/Engine/Plugins/Developer/XCodeSourceCodeAccess/XCodeSourceCodeAccess.uplugin
LogPluginManager: Loaded Plugin AudioCapture, From C:/Program Files (x86)/Epic Games/4.14/Engine/Plugins/Editor/AudioCapture/AudioCapture.uplugin
LogPluginManager: Loaded Plugin EpicSurvey, From C:/Program Files (x86)/Epic Games/4.14/Engine/Plugins/Editor/EpicSurvey/EpicSurvey.uplugin
LogPluginManager: Loaded Plugin MacGraphicsSwitching, From C:/Program Files (x86)/Epic Games/4.14/Engine/Plugins/Editor/MacGraphicsSwitching/MacGraphicsSwitching.uplugin
LogPluginManager: Loaded Plugin MobileLauncherProfileWizard, From C:/Program Files (x86)/Epic Games/4.14/Engine/Plugins/Editor/MobileLauncherProfileWizard/MobileLauncherProfileWizard.uplugin
LogPluginManager: Loaded Plugin PluginBrowser, From C:/Program Files (x86)/Epic Games/4.14/Engine/Plugins/Editor/PluginBrowser/PluginBrowser.uplugin
LogPluginManager: Loaded Plugin SpeedTreeImporter, From C:/Program Files (x86)/Epic Games/4.14/Engine/Plugins/Editor/SpeedTreeImporter/SpeedTreeImporter.uplugin
LogPluginManager: Loaded Plugin SuperSearchEditor, From C:/Program Files (x86)/Epic Games/4.14/Engine/Plugins/Editor/SuperSearchEditor/SuperSearchEditor.uplugin
LogPluginManager: Loaded Plugin AlembicImporter, From C:/Program Files (x86)/Epic Games/4.14/Engine/Plugins/Experimental/AlembicImporter/AlembicImporter.uplugin
LogPluginManager: Loaded Plugin BlueprintStats, From C:/Program Files (x86)/Epic Games/4.14/Engine/Plugins/Experimental/BlueprintStats/BlueprintStats.uplugin
LogPluginManager: Loaded Plugin CharacterAI, From C:/Program Files (x86)/Epic Games/4.14/Engine/Plugins/Experimental/CharacterAI/CharacterAI.uplugin
LogPluginManager: Loaded Plugin CodeEditor, From C:/Program Files (x86)/Epic Games/4.14/Engine/Plugins/Experimental/CodeEditor/CodeEditor.uplugin
LogPluginManager: Loaded Plugin CodeView, From C:/Program Files (x86)/Epic Games/4.14/Engine/Plugins/Experimental/CodeView/CodeView.uplugin
LogPluginManager: Loaded Plugin HTML5Networking, From C:/Program Files (x86)/Epic Games/4.14/Engine/Plugins/Experimental/HTML5Networking/HTML5Networking.uplugin
LogPluginManager: Loaded Plugin OSVR, From C:/Program Files (x86)/Epic Games/4.14/Engine/Plugins/Experimental/OSVR/OSVR.uplugin
LogPluginManager: Loaded Plugin Phya, From C:/Program Files (x86)/Epic Games/4.14/Engine/Plugins/Experimental/Phya/Phya.uplugin
LogPluginManager: Loaded Plugin SignificanceManager, From C:/Program Files (x86)/Epic Games/4.14/Engine/Plugins/Experimental/SignificanceManager/SignificanceManager.uplugin
LogPluginManager: Loaded Plugin SimpleHMD, From C:/Program Files (x86)/Epic Games/4.14/Engine/Plugins/Experimental/SimpleHMD/SimpleHMD.uplugin
LogPluginManager: Loaded Plugin StereoPanorama, From C:/Program Files (x86)/Epic Games/4.14/Engine/Plugins/Experimental/StereoPanorama/StereoPanorama.uplugin
LogPluginManager: Loaded Plugin StructBox, From C:/Program Files (x86)/Epic Games/4.14/Engine/Plugins/Experimental/StructBox/StructBox.uplugin
LogPluginManager: Loaded Plugin AndroidMedia, From C:/Program Files (x86)/Epic Games/4.14/Engine/Plugins/Media/AndroidMedia/AndroidMedia.uplugin
LogPluginManager: Loaded Plugin AvfMedia, From C:/Program Files (x86)/Epic Games/4.14/Engine/Plugins/Media/AvfMedia/AvfMedia.uplugin
LogPluginManager: Loaded Plugin MediaPlayerEditor, From C:/Program Files (x86)/Epic Games/4.14/Engine/Plugins/Media/MediaPlayerEditor/MediaPlayerEditor.uplugin
LogPluginManager: Loaded Plugin WmfMedia, From C:/Program Files (x86)/Epic Games/4.14/Engine/Plugins/Media/WmfMedia/WmfMedia.uplugin
LogPluginManager: Loaded Plugin MessagingDebugger, From C:/Program Files (x86)/Epic Games/4.14/Engine/Plugins/Messaging/MessagingDebugger/MessagingDebugger.uplugin
LogPluginManager: Loaded Plugin TcpMessaging, From C:/Program Files (x86)/Epic Games/4.14/Engine/Plugins/Messaging/TcpMessaging/TcpMessaging.uplugin
LogPluginManager: Loaded Plugin UdpMessaging, From C:/Program Files (x86)/Epic Games/4.14/Engine/Plugins/Messaging/UdpMessaging/UdpMessaging.uplugin
LogPluginManager: Loaded Plugin LevelSequenceEditor, From C:/Program Files (x86)/Epic Games/4.14/Engine/Plugins/MovieScene/LevelSequenceEditor/LevelSequenceEditor.uplugin
LogPluginManager: Loaded Plugin MatineeToLevelSequence, From C:/Program Files (x86)/Epic Games/4.14/Engine/Plugins/MovieScene/MatineeToLevelSequence/MatineeToLevelSequence.uplugin
LogPluginManager: Loaded Plugin NetcodeUnitTest, From C:/Program Files (x86)/Epic Games/4.14/Engine/Plugins/NetcodeUnitTest/NetcodeUnitTest/NetcodeUnitTest.uplugin
LogPluginManager: Loaded Plugin NUTUnrealEngine4, From C:/Program Files (x86)/Epic Games/4.14/Engine/Plugins/NetcodeUnitTest/NUTUnrealEngine4/NUTUnrealEngine4.uplugin
LogPluginManager: Loaded Plugin OnlineSubsystemGameCircle, From C:/Program Files (x86)/Epic Games/4.14/Engine/Plugins/Online/Android/OnlineSubsystemGameCircle/OnlineSubsystemGameCircle.uplugin
LogPluginManager: Loaded Plugin OnlineSubsystemGooglePlay, From C:/Program Files (x86)/Epic Games/4.14/Engine/Plugins/Online/Android/OnlineSubsystemGooglePlay/OnlineSubsystemGooglePlay.uplugin
LogPluginManager: Loaded Plugin OnlineSubsystemIOS, From C:/Program Files (x86)/Epic Games/4.14/Engine/Plugins/Online/IOS/OnlineSubsystemIOS/OnlineSubsystemIOS.uplugin
LogPluginManager: Loaded Plugin OnlineFramework, From C:/Program Files (x86)/Epic Games/4.14/Engine/Plugins/Online/OnlineFramework/OnlineFramework.uplugin
LogPluginManager: Loaded Plugin OnlineSubsystem, From C:/Program Files (x86)/Epic Games/4.14/Engine/Plugins/Online/OnlineSubsystem/OnlineSubsystem.uplugin
LogPluginManager: Loaded Plugin OnlineSubsystemAmazon, From C:/Program Files (x86)/Epic Games/4.14/Engine/Plugins/Online/OnlineSubsystemAmazon/OnlineSubsystemAmazon.uplugin
LogPluginManager: Loaded Plugin OnlineSubsystemFacebook, From C:/Program Files (x86)/Epic Games/4.14/Engine/Plugins/Online/OnlineSubsystemFacebook/OnlineSubsystemFacebook.uplugin
LogPluginManager: Loaded Plugin OnlineSubsystemNull, From C:/Program Files (x86)/Epic Games/4.14/Engine/Plugins/Online/OnlineSubsystemNull/OnlineSubsystemNull.uplugin
LogPluginManager: Loaded Plugin OnlineSubsystemOculus, From C:/Program Files (x86)/Epic Games/4.14/Engine/Plugins/Online/OnlineSubsystemOculus/OnlineSubsystemOculus.uplugin
LogPluginManager: Loaded Plugin OnlineSubsystemSteam, From C:/Program Files (x86)/Epic Games/4.14/Engine/Plugins/Online/OnlineSubsystemSteam/OnlineSubsystemSteam.uplugin
LogPluginManager: Loaded Plugin OnlineSubsystemUtils, From C:/Program Files (x86)/Epic Games/4.14/Engine/Plugins/Online/OnlineSubsystemUtils/OnlineSubsystemUtils.uplugin
LogPluginManager: Loaded Plugin IOSTapJoy, From C:/Program Files (x86)/Epic Games/4.14/Engine/Plugins/Runtime/Advertising/IOSTapJoy/IOSTapJoy.uplugin
LogPluginManager: Loaded Plugin AnalyticsBlueprintLibrary, From C:/Program Files (x86)/Epic Games/4.14/Engine/Plugins/Runtime/Analytics/AnalyticsBlueprintLibrary/AnalyticsBlueprintLibrary.uplugin
LogPluginManager: Loaded Plugin AnalyticsMulticast, From C:/Program Files (x86)/Epic Games/4.14/Engine/Plugins/Runtime/Analytics/AnalyticsMulticast/AnalyticsMulticast.uplugin
LogPluginManager: Loaded Plugin Apsalar, From C:/Program Files (x86)/Epic Games/4.14/Engine/Plugins/Runtime/Analytics/Apsalar/Apsalar.uplugin
LogPluginManager: Loaded Plugin FileLogging, From C:/Program Files (x86)/Epic Games/4.14/Engine/Plugins/Runtime/Analytics/FileLogging/FileLogging.uplugin
LogPluginManager: Loaded Plugin Flurry, From C:/Program Files (x86)/Epic Games/4.14/Engine/Plugins/Runtime/Analytics/Flurry/Flurry.uplugin
LogPluginManager: Loaded Plugin AndroidDeviceProfileSelector, From C:/Program Files (x86)/Epic Games/4.14/Engine/Plugins/Runtime/AndroidDeviceProfileSelector/AndroidDeviceProfileSelector.uplugin
LogPluginManager: Loaded Plugin AndroidMoviePlayer, From C:/Program Files (x86)/Epic Games/4.14/Engine/Plugins/Runtime/AndroidMoviePlayer/AndroidMoviePlayer.uplugin
LogPluginManager: Loaded Plugin AppleMoviePlayer, From C:/Program Files (x86)/Epic Games/4.14/Engine/Plugins/Runtime/AppleMoviePlayer/AppleMoviePlayer.uplugin
LogPluginManager: Loaded Plugin ArchVisCharacter, From C:/Program Files (x86)/Epic Games/4.14/Engine/Plugins/Runtime/ArchVisCharacter/ArchVisCharacter.uplugin
LogPluginManager: Loaded Plugin CableComponent, From C:/Program Files (x86)/Epic Games/4.14/Engine/Plugins/Runtime/CableComponent/CableComponent.uplugin
LogPluginManager: Loaded Plugin CustomMeshComponent, From C:/Program Files (x86)/Epic Games/4.14/Engine/Plugins/Runtime/CustomMeshComponent/CustomMeshComponent.uplugin
LogPluginManager: Loaded Plugin ExampleDeviceProfileSelector, From C:/Program Files (x86)/Epic Games/4.14/Engine/Plugins/Runtime/ExampleDeviceProfileSelector/ExampleDeviceProfileSelector.uplugin
LogPluginManager: Loaded Plugin GearVR, From C:/Program Files (x86)/Epic Games/4.14/Engine/Plugins/Runtime/GearVR/GearVR.uplugin
LogPluginManager: Loaded Plugin GoogleVRController, From C:/Program Files (x86)/Epic Games/4.14/Engine/Plugins/Runtime/GoogleVR/GoogleVRController/GoogleVRController.uplugin
LogPluginManager: Loaded Plugin GoogleVRHMD, From C:/Program Files (x86)/Epic Games/4.14/Engine/Plugins/Runtime/GoogleVR/GoogleVRHMD/GoogleVRHMD.uplugin
LogPluginManager: Loaded Plugin IOSDeviceProfileSelector, From C:/Program Files (x86)/Epic Games/4.14/Engine/Plugins/Runtime/IOSDeviceProfileSelector/IOSDeviceProfileSelector.uplugin
LogPluginManager: Loaded Plugin LeapMotion, From C:/Program Files (x86)/Epic Games/4.14/Engine/Plugins/Runtime/LeapMotion/LeapMotion.uplugin
LogPluginManager: Loaded Plugin LinuxDeviceProfileSelector, From C:/Program Files (x86)/Epic Games/4.14/Engine/Plugins/Runtime/LinuxDeviceProfileSelector/LinuxDeviceProfileSelector.uplugin
LogPluginManager: Loaded Plugin MIDIDevice, From C:/Program Files (x86)/Epic Games/4.14/Engine/Plugins/Runtime/MIDIDevice/MIDIDevice.uplugin
LogPluginManager: Loaded Plugin MobilePatchingUtils, From C:/Program Files (x86)/Epic Games/4.14/Engine/Plugins/Runtime/MobilePatchingUtils/MobilePatchingUtils.uplugin
LogPluginManager: Loaded Plugin Ansel, From C:/Program Files (x86)/Epic Games/4.14/Engine/Plugins/Runtime/Nvidia/Ansel/Ansel.uplugin
LogPluginManager: Loaded Plugin OculusAudio, From C:/Program Files (x86)/Epic Games/4.14/Engine/Plugins/Runtime/OculusAudio/OculusAudio.uplugin
LogPluginManager: Loaded Plugin OculusInput, From C:/Program Files (x86)/Epic Games/4.14/Engine/Plugins/Runtime/OculusInput/OculusInput.uplugin
LogPluginManager: Loaded Plugin OculusLibrary, From C:/Program Files (x86)/Epic Games/4.14/Engine/Plugins/Runtime/OculusLibrary/OculusLibrary.uplugin
LogPluginManager: Loaded Plugin OculusRift, From C:/Program Files (x86)/Epic Games/4.14/Engine/Plugins/Runtime/OculusRift/OculusRift.uplugin
LogPluginManager: Loaded Plugin Oodle, From C:/Program Files (x86)/Epic Games/4.14/Engine/Plugins/Runtime/PacketHandlers/CompressionComponents/Oodle/Oodle.uplugin
LogPluginManager: Loaded Plugin ProceduralMeshComponent, From C:/Program Files (x86)/Epic Games/4.14/Engine/Plugins/Runtime/ProceduralMeshComponent/ProceduralMeshComponent.uplugin
LogPluginManager: Loaded Plugin SoundMod, From C:/Program Files (x86)/Epic Games/4.14/Engine/Plugins/Runtime/SoundMod/SoundMod.uplugin
LogPluginManager: Loaded Plugin SoundVisualizations, From C:/Program Files (x86)/Epic Games/4.14/Engine/Plugins/Runtime/SoundVisualizations/SoundVisualizations.uplugin
LogPluginManager: Loaded Plugin SteamController, From C:/Program Files (x86)/Epic Games/4.14/Engine/Plugins/Runtime/Steam/SteamController/SteamController.uplugin
LogPluginManager: Loaded Plugin SteamVR, From C:/Program Files (x86)/Epic Games/4.14/Engine/Plugins/Runtime/Steam/SteamVR/SteamVR.uplugin
LogPluginManager: Loaded Plugin WebBrowserWidget, From C:/Program Files (x86)/Epic Games/4.14/Engine/Plugins/Runtime/WebBrowserWidget/WebBrowserWidget.uplugin
LogPluginManager: Loaded Plugin WindowsDeviceProfileSelector, From C:/Program Files (x86)/Epic Games/4.14/Engine/Plugins/Runtime/WindowsDeviceProfileSelector/WindowsDeviceProfileSelector.uplugin
LogPluginManager: Loaded Plugin WindowsMoviePlayer, From C:/Program Files (x86)/Epic Games/4.14/Engine/Plugins/Runtime/WindowsMoviePlayer/WindowsMoviePlayer.uplugin
LogPluginManager: Loaded Plugin ScriptPlugin, From C:/Program Files (x86)/Epic Games/4.14/Engine/Plugins/ScriptPlugin/ScriptPlugin.uplugin
LogPluginManager: Loaded Plugin SlateRemote, From C:/Program Files (x86)/Epic Games/4.14/Engine/Plugins/Slate/SlateRemote/SlateRemote.uplugin
LogPluginManager: Loaded Plugin EditorTests, From C:/Program Files (x86)/Epic Games/4.14/Engine/Plugins/Tests/EditorTests/EditorTests.uplugin
LogPluginManager: Loaded Plugin FbxAutomationTestBuilder, From C:/Program Files (x86)/Epic Games/4.14/Engine/Plugins/Tests/FbxAutomationTestBuilder/FbxAutomationTestBuilder.uplugin
LogPluginManager: Loaded Plugin FunctionalTestingEditor, From C:/Program Files (x86)/Epic Games/4.14/Engine/Plugins/Tests/FunctionalTestingEditor/FunctionalTestingEditor.uplugin
LogPluginManager: Loaded Plugin RuntimeTests, From C:/Program Files (x86)/Epic Games/4.14/Engine/Plugins/Tests/RuntimeTests/RuntimeTests.uplugin
LogPluginManager: Loaded Plugin ScreenshotTools, From C:/Program Files (x86)/Epic Games/4.14/Engine/Plugins/Tests/ScreenshotTools/ScreenshotTools.uplugin
LogInit: Using libcurl 7.47.1
LogInit:  - built for x86_64-pc-win32
LogInit:  - supports SSL with OpenSSL/1.0.2g
LogInit:  - supports HTTP deflate (compression) using libz 1.2.8
LogInit:  - other features:
LogInit:      CURL_VERSION_SSL
LogInit:      CURL_VERSION_LIBZ
LogInit:      CURL_VERSION_IPV6
LogInit:      CURL_VERSION_ASYNCHDNS
LogInit:      CURL_VERSION_LARGEFILE
LogInit:      CURL_VERSION_IDN
LogInit:  CurlRequestOptions (configurable via config and command line):
LogInit:  - bVerifyPeer = false  - Libcurl will NOT verify peer certificate
LogInit:  - bUseHttpProxy = false  - Libcurl will NOT use HTTP proxy
LogInit:  - bDontReuseConnections = false  - Libcurl will reuse connections
LogInit:  - CertBundlePath = nullptr  - Libcurl will use whatever was configured at build time.
LogInit: Build: ++UE4+Release-4.14-CL-3195953
LogInit: Engine Version: 4.14.0-3195953+++UE4+Release-4.14
LogInit: Compatible Engine Version: 4.14.0-3195953+++UE4+Release-4.14
LogInit: Net CL: 3195953
LogDevObjectVersion: Number of dev versions registered: 13
LogDevObjectVersion:   Dev-Blueprints (B0D832E4-1F89-4F0D-ACCF-7EB736FD4AA2): 7
LogDevObjectVersion:   Dev-Build (E1C64328-A22C-4D53-A36C-8E866417BD8C): 0
LogDevObjectVersion:   Dev-Core (375EC13C-06E4-48FB-B500-84F0262A717E): 1
LogDevObjectVersion:   Dev-Editor (E4B068ED-F494-42E9-A231-DA0B2E46BB41): 8
LogDevObjectVersion:   Dev-Framework (CFFC743F-43B0-4480-9391-14DF171D2073): 17
LogDevObjectVersion:   Dev-Mobile (B02B49B5-BB20-44E9-A304-32B752E40360): 0
LogDevObjectVersion:   Dev-Networking (A4E4105C-59A1-49B5-A7C5-40C4547EDFEE): 0
LogDevObjectVersion:   Dev-Online (39C831C9-5AE6-47DC-9A44-9C173E1C8E7C): 0
LogDevObjectVersion:   Dev-Physics (78F01B33-EBEA-4F98-B9B4-84EACCB95AA2): 0
LogDevObjectVersion:   Dev-Platform (6631380F-2D4D-43E0-8009-CF276956A95A): 0
LogDevObjectVersion:   Dev-Rendering (12F88B9F-8875-4AFC-A67C-D90C383ABD29): 12
LogDevObjectVersion:   Dev-Sequencer (7B5AE74C-D270-4C10-A958-57980B212A5A): 1
LogDevObjectVersion:   Dev-VR (D7296918-1DD6-4BDD-9DE2-64A83CC13884): 0
LogInit: Compiled (64-bit): Nov 12 2016 02:14:10
LogInit: Compiled with Visual C++: 19.00.23026.00
LogInit: Build Configuration: Development
LogInit: Branch Name: ++UE4+Release-4.14
LogInit: Command line: -EpicPortal 
LogInit: Base directory: C:/Program Files (x86)/Epic Games/4.14/Engine/Binaries/Win64/
LogInit: Installed Engine Build: 1
LogInit: Presizing for max 8388607 objects, including 0 objects not considered by GC, pre-allocating 0 bytes for permanent pool.
LogInit: Object subsystem initialized
[2016.12.05-16.33.27:619][  0]LogInit: Selected Device Profile: [Windows]
[2016.12.05-16.33.27:619][  0]LogInit: Applying CVar settings loaded from the selected device profile: [Windows]
[2016.12.05-16.33.27:628][  0]LogInit: Computer: DESKTOP-J30M1KI
[2016.12.05-16.33.27:628][  0]LogInit: User: Preben
[2016.12.05-16.33.27:628][  0]LogInit: CPU Page size=65536, Cores=4
[2016.12.05-16.33.27:628][  0]LogInit: High frequency timer resolution =3.906255 MHz
[2016.12.05-16.33.27:628][  0]LogMemory: Memory total: Physical=15.9GB (16GB approx)
[2016.12.05-16.33.27:628][  0]LogMemory: Platform Memory Stats for Windows
[2016.12.05-16.33.27:628][  0]LogMemory: Process Physical Memory: 264.97 MB used, 264.97 MB peak
[2016.12.05-16.33.27:628][  0]LogMemory: Process Virtual Memory: 262.77 MB used, 262.77 MB peak
[2016.12.05-16.33.27:628][  0]LogMemory: Physical Memory: 6697.75 MB used,  9547.12 MB free, 16244.88 MB total
[2016.12.05-16.33.27:628][  0]LogMemory: Virtual Memory: 676.38 MB used,  9547.12 MB free, 134217728.00 MB total
[2016.12.05-16.33.27:653][  0]LogTextLocalizationManager: No translations for ('sv-SE') exist, falling back to 'en' for localization and internationalization data.
[2016.12.05-16.33.28:159][  0]LogD3D11RHI: D3D11 adapters:
[2016.12.05-16.33.28:594][  0]LogD3D11RHI:    0. 'NVIDIA GeForce GTX 960' (Feature Level 11_0)
[2016.12.05-16.33.28:594][  0]LogD3D11RHI:       4061/0/8122 MB DedicatedVideo/DedicatedSystem/SharedSystem, Outputs:2, VendorId:0x10de
[2016.12.05-16.33.28:599][  0]LogD3D11RHI:    1. 'Intel(R) HD Graphics 4600' (Feature Level 11_0)
[2016.12.05-16.33.28:599][  0]LogD3D11RHI:       112/0/2048 MB DedicatedVideo/DedicatedSystem/SharedSystem, Outputs:0, VendorId:0x8086
[2016.12.05-16.33.28:601][  0]LogD3D11RHI:    2. 'Microsoft Basic Render Driver' (Feature Level 11_0)
[2016.12.05-16.33.28:601][  0]LogD3D11RHI:       0/0/8122 MB DedicatedVideo/DedicatedSystem/SharedSystem, Outputs:0, VendorId:0x1414
[2016.12.05-16.33.28:601][  0]LogD3D11RHI: Chosen D3D11 Adapter: 0
[2016.12.05-16.33.28:604][  0]LogD3D11RHI: Creating new Direct3DDevice
[2016.12.05-16.33.28:604][  0]LogD3D11RHI:     GPU DeviceId: 0x1401 (for the marketing name, search the web for "GPU Device Id")
[2016.12.05-16.33.28:604][  0]LogWindows: EnumDisplayDevices:
[2016.12.05-16.33.28:604][  0]LogWindows:    0. 'NVIDIA GeForce GTX 960' (P:1 D:1)
[2016.12.05-16.33.28:604][  0]LogWindows:    1. 'NVIDIA GeForce GTX 960' (P:0 D:1)
[2016.12.05-16.33.28:605][  0]LogWindows:    2. 'NVIDIA GeForce GTX 960' (P:0 D:0)
[2016.12.05-16.33.28:605][  0]LogWindows:    3. 'NVIDIA GeForce GTX 960' (P:0 D:0)
[2016.12.05-16.33.28:605][  0]LogWindows:    4. 'Intel(R) HD Graphics 4600' (P:0 D:0)
[2016.12.05-16.33.28:605][  0]LogWindows:    5. 'Intel(R) HD Graphics 4600' (P:0 D:0)
[2016.12.05-16.33.28:605][  0]LogWindows:    6. 'Intel(R) HD Graphics 4600' (P:0 D:0)
[2016.12.05-16.33.28:605][  0]LogWindows: DebugString: PrimaryIsNotTheChoosenAdapter PrimaryIsNotTheChoosenAdapter PrimaryIsNotTheChoosenAdapter FoundDriverCount:4 
[2016.12.05-16.33.28:605][  0]LogD3D11RHI:     Adapter Name: NVIDIA GeForce GTX 960
[2016.12.05-16.33.28:605][  0]LogD3D11RHI:   Driver Version: 375.95 (internal:21.21.13.7595, unified:375.95)
[2016.12.05-16.33.28:605][  0]LogD3D11RHI:      Driver Date: 11-16-2016
[2016.12.05-16.33.28:605][  0]LogRHI: Texture pool is 1361 MB (70% of 1945 MB)
[2016.12.05-16.33.29:035][  0]LogD3D11RHI: Async texture creation enabled
[2016.12.05-16.33.29:060][  0]LogD3D11RHI: GPU Timing Frequency: 1000.000000 (Debug: 2 1)
[2016.12.05-16.33.29:061][  0]LogShaderCompilers: Guid format shader working directory is -31 characters bigger than the processId version (../../../../../../Users/Preben/Documents/Unreal Projects/Gummi anka/GummiAnka/Intermediate/Shaders/WorkingDirectory/12656/).
[2016.12.05-16.33.29:061][  0]LogShaderCompilers: Cleaned the shader compiler working directory 'C:/Users/Preben/AppData/Local/Temp/UnrealShaderWorkingDir/4B834B2F4A59749E153E73B2E5B202C6/'.
[2016.12.05-16.33.29:061][  0]LogShaderCompilers:Display: Using Local Shader Compiler.
[2016.12.05-16.33.29:901][  0]LogTemp:Display: Loaded TP AllDesktopTargetPlatform
[2016.12.05-16.33.29:940][  0]LogTemp:Display: Loaded TP MacClientTargetPlatform
[2016.12.05-16.33.29:978][  0]LogTemp:Display: Loaded TP MacNoEditorTargetPlatform
[2016.12.05-16.33.30:018][  0]LogTemp:Display: Loaded TP MacServerTargetPlatform
[2016.12.05-16.33.30:058][  0]LogTemp:Display: Loaded TP MacTargetPlatform
[2016.12.05-16.33.30:097][  0]LogTemp:Display: Loaded TP WindowsClientTargetPlatform
[2016.12.05-16.33.30:136][  0]LogTemp:Display: Loaded TP WindowsNoEditorTargetPlatform
[2016.12.05-16.33.30:175][  0]LogTemp:Display: Loaded TP WindowsServerTargetPlatform
[2016.12.05-16.33.30:207][  0]LogTemp:Display: Loaded TP WindowsTargetPlatform
[2016.12.05-16.33.30:274][  0]LogTemp:Display: Loaded TP AndroidTargetPlatform
[2016.12.05-16.33.30:331][  0]LogTemp:Display: Loaded TP Android_ASTCTargetPlatform
[2016.12.05-16.33.30:384][  0]LogTemp:Display: Loaded TP Android_ATCTargetPlatform
[2016.12.05-16.33.30:436][  0]LogTemp:Display: Loaded TP Android_DXTTargetPlatform
[2016.12.05-16.33.30:501][  0]LogTemp:Display: Loaded TP Android_ETC1TargetPlatform
[2016.12.05-16.33.30:559][  0]LogTemp:Display: Loaded TP Android_ETC2TargetPlatform
[2016.12.05-16.33.30:654][  0]LogTemp:Display: Loaded TP Android_MultiTargetPlatform
[2016.12.05-16.33.30:654][  0]LogTemp:Display: Loaded TP Android_PVRTCTargetPlatform
[2016.12.05-16.33.30:682][  0]LogTemp:Display: Loaded TP HTML5TargetPlatform
[2016.12.05-16.33.30:749][  0]LogTemp:Display: Loaded TP IOSTargetPlatform
[2016.12.05-16.33.30:774][  0]LogTemp:Display: Loaded TP TVOSTargetPlatform
[2016.12.05-16.33.30:814][  0]LogTemp:Display: Loaded TP LinuxClientTargetPlatform
[2016.12.05-16.33.30:850][  0]LogTemp:Display: Loaded TP LinuxNoEditorTargetPlatform
[2016.12.05-16.33.30:886][  0]LogTemp:Display: Loaded TP LinuxServerTargetPlatform
[2016.12.05-16.33.30:923][  0]LogTemp:Display: Loaded TP LinuxTargetPlatform
[2016.12.05-16.33.30:923][  0]LogTargetPlatformManager:Display: Building Assets For Windows
[2016.12.05-16.33.31:187][  0]LogDerivedDataCache:Display: Max Cache Size: 512 MB
[2016.12.05-16.33.31:231][  0]LogDerivedDataCache: Loaded boot cache 0.04s 51MB C:/Users/Preben/AppData/Local/UnrealEngine/4.14/DerivedDataCache/Boot.ddc.
[2016.12.05-16.33.31:231][  0]LogDerivedDataCache:Display: Loaded Boot cache: C:/Users/Preben/AppData/Local/UnrealEngine/4.14/DerivedDataCache/Boot.ddc
[2016.12.05-16.33.31:231][  0]LogDerivedDataCache: FDerivedDataBackendGraph:  Pak pak cache file ../../../../../../Users/Preben/Documents/Unreal Projects/Gummi anka/GummiAnka/DerivedDataCache/DDC.ddp not found, will not use a pak cache.
[2016.12.05-16.33.31:231][  0]LogDerivedDataCache: Unable to find inner node Pak for hierarchical cache Hierarchy.
[2016.12.05-16.33.31:231][  0]LogDerivedDataCache: FDerivedDataBackendGraph:  CompressedPak pak cache file ../../../../../../Users/Preben/Documents/Unreal Projects/Gummi anka/GummiAnka/DerivedDataCache/Compressed.ddp not found, will not use a pak cache.
[2016.12.05-16.33.31:231][  0]LogDerivedDataCache: Unable to find inner node CompressedPak for hierarchical cache Hierarchy.
[2016.12.05-16.33.31:244][  0]LogDerivedDataCache:Display: Pak cache opened for reading ../../../Engine/DerivedDataCache/Compressed.ddp.
[2016.12.05-16.33.31:256][  0]LogDerivedDataCache: Using Local data cache path C:/Users/Preben/AppData/Local/UnrealEngine/Common/DerivedDataCache: Writable
[2016.12.05-16.33.31:404][  0]LogInit: Selected Device Profile: [Windows]
[2016.12.05-16.33.31:406][  0]LogContentStreaming: Texture pool size is 0.00 MB
[2016.12.05-16.33.31:554][  0]LogMeshUtilities: Using QuadricMeshReduction for automatic static mesh reduction
[2016.12.05-16.33.31:585][  0]LogSimplygon: Simplygon DLL not present - disabling.
[2016.12.05-16.33.31:620][  0]LogMeshUtilities: Using SimplygonSwarm for distributed automatic mesh merging
[2016.12.05-16.33.31:620][  0]LogMeshUtilities: No automatic skeletal mesh reduction module available
[2016.12.05-16.33.31:620][  0]LogMeshUtilities: No automatic mesh merging module available
[2016.12.05-16.33.32:027][  0]LogNetVersion: GetLocalNetworkVersion: CL: 3195953, ProjectName: gummianka, ProjectVersion: , EngineNetworkVersion: 2, GameNetworkVersion: 0, NetworkChecksum: 4040118093
[2016.12.05-16.33.32:073][  0]LogAssetRegistry: FAssetRegistry took 0.0224 seconds to start up
[2016.12.05-16.33.32:102][  0]LogPackageLocalizationCache: Processed 3 localized package path(s) for 1 prioritized culture(s) in 0.012121 seconds
[2016.12.05-16.33.32:108][  0]LogUObjectArray: 31946 objects as part of root set at end of initial load.
[2016.12.05-16.33.32:108][  0]LogUObjectAllocator: 6935848 out of 0 bytes used by permanent object pool.
[2016.12.05-16.33.32:108][  0]LogUObjectArray: CloseDisregardForGC: 0/0 objects in disregard for GC pool
[2016.12.05-16.33.32:151][  0]LogInit: WinSock: version 1.1 (2.2), MaxSocks=32767, MaxUdp=65467
[2016.12.05-16.33.32:686][  0]LogSlate: Using Freetype 2.6.0
[2016.12.05-16.33.32:687][  0]LogSlate: SlateFontCache - WITH_FREETYPE: 1, WITH_HARFBUZZ: 1
[2016.12.05-16.33.32:687][  0]LogSlate: SlateFontCache - WITH_FREETYPE: 1, WITH_HARFBUZZ: 1
[2016.12.05-16.33.33:283][  0]LogTcpMessaging: Initializing TcpMessaging bridge
[2016.12.05-16.33.33:313][  0]LogUdpMessaging: Initializing bridge on interface 0.0.0.0:0 to multicast group 230.0.0.1:6666.
[2016.12.05-16.33.33:592][  0]LogMaterial: Uniform references updated for custom material expression Custom.
[2016.12.05-16.33.33:903][  0]SourceControl: Info Source control is disabled
[2016.12.05-16.33.33:948][  0]SourceControl: Info Source control is disabled
[2016.12.05-16.33.33:979][  0]SourceControl: Info Source control is disabled
[2016.12.05-16.33.34:008][  0]SourceControl: Info Source control is disabled
[2016.12.05-16.33.34:975][  0]LogEngine: Initializing Engine...
[2016.12.05-16.33.34:976][  0]LogHMD: Failed to initialize OpenVR with code 110
[2016.12.05-16.33.35:152][  0]LogAIModule: Creating AISystem for world Untitled
[2016.12.05-16.33.35:167][  0]LogInit: XAudio2 using 'Headset Earphone (Corsair VOID RGB USB Gaming Headset )' : 2 channels at 44.1 kHz using 16 bits per sample (channel mask 0x3)
[2016.12.05-16.33.35:181][  0]LogInit: FAudioDevice initialized.
[2016.12.05-16.33.35:203][  0]LogDerivedDataCache: Saved boot cache 0.02s 51MB C:/Users/Preben/AppData/Local/UnrealEngine/4.14/DerivedDataCache/Boot.ddc.
[2016.12.05-16.33.35:209][  0]LogInit: Texture streaming: Enabled
[2016.12.05-16.33.35:339][  0]LogInit: Transaction tracking system initialized
[2016.12.05-16.33.35:566][  0]BlueprintLog: New page: Editor Load
[2016.12.05-16.33.36:259][  0]LocalizationService: Info Localization service is disabled
[2016.12.05-16.33.36:694][  0]LogConsoleResponse:Display: 
[2016.12.05-16.33.36:797][  0]LogCook:Display: Max memory allowance for cook 16384mb min free memory 0mb
[2016.12.05-16.33.36:797][  0]LogCook:Display: Mobile HDR setting 1
[2016.12.05-16.33.37:067][  0]LogFileCache: Scanning file cache for directory 'C:/Users/Preben/Documents/Unreal Projects/Gummi anka/GummiAnka/Content/' took 0.01s
[2016.12.05-16.33.37:450][  0]SourceControl: Info Source control is disabled
[2016.12.05-16.33.37:450][  0]Cmd: MAP LOAD FILE="../../../../../../Users/Preben/Documents/Unreal Projects/Gummi anka/GummiAnka/Content/FirstPersonBP/Maps/FirstPersonExampleMap.umap" TEMPLATE=0 SHOWPROGRESS=1 FEATURELEVEL=3
[2016.12.05-16.33.37:451][  0]LightingResults: New page: Lighting Build
[2016.12.05-16.33.37:478][  0]MapCheck: New page: Map Check
[2016.12.05-16.33.37:478][  0]LightingResults: New page: Lighting Build
[2016.12.05-16.33.37:918][  0]LogTexture:Display: Building textures: T_FPGun_N (BC5)
[2016.12.05-16.33.38:224][  0]LogTexture:Display: Building textures: T_FPGun_M (AutoDXT)
[2016.12.05-16.33.38:752][  0]LogTexture:Display: Building textures: T_ML_Aluminum01_N (BC5)
[2016.12.05-16.33.39:156][  0]LogTexture:Display: Building textures: T_ML_Aluminum01 (AutoDXT)
[2016.12.05-16.33.41:013][  0]LogTexture:Display: Building textures: T_ML_Rubber_Blue_01_N (BC5)
[2016.12.05-16.33.41:435][  0]LogTexture:Display: Building textures: T_ML_Rubber_Blue_01_D (AutoDXT)
[2016.12.05-16.33.43:112][  0]LogTexture:Display: Building textures: UE4_Mannequin_MAT_MASKA (AutoDXT)
[2016.12.05-16.33.43:247][  0]LogTexture:Display: Building textures: T_ML_Aluminum01_N (BC5)
[2016.12.05-16.33.43:660][  0]LogTexture:Display: Building textures: T_ML_Aluminum01 (AutoDXT)
[2016.12.05-16.33.45:368][  0]LogTexture:Display: Building textures: UE4_LOGO_CARD (AutoDXT)
[2016.12.05-16.33.45:524][  0]LogTexture:Display: Building textures: T_ML_Rubber_Blue_01_N (BC5)
[2016.12.05-16.33.45:918][  0]LogTexture:Display: Building textures: T_ML_Rubber_Blue_01_D (AutoDXT)
[2016.12.05-16.33.47:663][  0]LogTexture:Display: Building textures: FirstPersonCrosshair (AutoDXT)
[2016.12.05-16.33.47:704][  0]LogTexture:Display: Building textures: HQ_Lightmap0_1 (AutoDXT)
[2016.12.05-16.33.48:074][  0]LogTexture:Display: Building textures: HQ_Lightmap0_2 (AutoDXT)
[2016.12.05-16.33.48:391][  0]LogTexture:Display: Building textures: HQ_Lightmap0_3 (AutoDXT)
[2016.12.05-16.33.48:995][  0]LogTexture:Display: Building textures: HQ_Lightmap0_4 (AutoDXT)
[2016.12.05-16.33.49:203][  0]LogTexture:Display: Building textures: HQ_Lightmap0_5 (AutoDXT)
[2016.12.05-16.33.49:233][  0]LogTexture:Display: Building textures: LQ_Lightmap_0_1 (DXT1)
[2016.12.05-16.33.49:396][  0]LogTexture:Display: Building textures: LQ_Lightmap_0_2 (DXT1)
[2016.12.05-16.33.49:563][  0]LogTexture:Display: Building textures: LQ_Lightmap_0_3 (DXT1)
[2016.12.05-16.33.49:776][  0]LogTexture:Display: Building textures: LQ_Lightmap_0_4 (DXT1)
[2016.12.05-16.33.49:904][  0]LogTexture:Display: Building textures: LQ_Lightmap_0_5 (DXT1)
[2016.12.05-16.33.49:925][  0]LogTexture:Display: Building textures: SkyOcclusion0_1 (AutoDXT)
[2016.12.05-16.33.50:082][  0]LogTexture:Display: Building textures: SkyOcclusion0_2 (AutoDXT)
[2016.12.05-16.33.50:224][  0]LogTexture:Display: Building textures: SkyOcclusion0_3 (AutoDXT)
[2016.12.05-16.33.50:444][  0]LogTexture:Display: Building textures: SkyOcclusion0_4 (AutoDXT)
[2016.12.05-16.33.50:545][  0]LogTexture:Display: Building textures: SkyOcclusion0_5 (AutoDXT)
[2016.12.05-16.33.50:552][  0]LogTexture:Display: Building textures: ShadowMapTexture2D_0 (G8)
[2016.12.05-16.33.50:605][  0]LogTexture:Display: Building textures: ShadowMapTexture2D_1 (G8)
[2016.12.05-16.33.50:656][  0]LogTexture:Display: Building textures: ShadowMapTexture2D_2 (G8)
[2016.12.05-16.33.50:708][  0]LogTexture:Display: Building textures: ShadowMapTexture2D_3 (G8)
[2016.12.05-16.33.50:761][  0]LogTexture:Display: Building textures: ShadowMapTexture2D_4 (G8)
[2016.12.05-16.33.50:812][  0]LogTexture:Display: Building textures: ShadowMapTexture2D_5 (G8)
[2016.12.05-16.33.50:864][  0]LogTexture:Display: Building textures: ShadowMapTexture2D_6 (G8)
[2016.12.05-16.33.50:909][  0]LogTexture:Display: Building textures: ShadowMapTexture2D_7 (G8)
[2016.12.05-16.33.50:944][  0]LogAIModule: Creating AISystem for world FirstPersonExampleMap
[2016.12.05-16.33.50:972][  0]LogEditorServer: Finished looking for orphan Actors (0.000 secs)
[2016.12.05-16.33.50:973][  0]Cmd: MAP CHECKDEP NOCLEARLOG
[2016.12.05-16.33.51:007][  0]MapCheck: Info Map check complete: 0 Error(s), 0 Warning(s), took 33.542ms to complete.
[2016.12.05-16.33.51:007][  0]LogFileHelpers: Loading map 'FirstPersonExampleMap' took 13.557
[2016.12.05-16.33.51:114][  0]LogWindowsTextInputMethodSystem:Display: IME system now deactivated.
[2016.12.05-16.33.51:294][  0]LogCollectionManager: Loaded 0 collections in 0.001121 seconds
[2016.12.05-16.33.51:386][  0]LogFileCache: Scanning file cache for directory 'C:/Users/Preben/Documents/Unreal Projects/Gummi anka/GummiAnka/Saved/Collections/' took 0.01s
[2016.12.05-16.33.51:386][  0]LogFileCache: Scanning file cache for directory 'C:/Users/Preben/Documents/Unreal Projects/Gummi anka/GummiAnka/Content/Developers/Preben/Collections/' took 0.01s
[2016.12.05-16.33.51:386][  0]LogFileCache: Scanning file cache for directory 'C:/Users/Preben/Documents/Unreal Projects/Gummi anka/GummiAnka/Content/Collections/' took 0.01s
[2016.12.05-16.33.51:386][  0]LogCollectionManager: Rebuilt the GUID cache for 0 collections in 0.000001 seconds
[2016.12.05-16.33.51:396][  0]LogContentBrowser: Native class hierarchy populated in 0.0081 seconds. Added 2190 classes and 428 folders.
[2016.12.05-16.33.51:428][  0]LogStats: UGameplayTagsManager::ConstructGameplayTagTree: Construct from data asset -  0.000 s
[2016.12.05-16.33.51:428][  0]LogStats: UGameplayTagsManager::ConstructGameplayTagTree: GameplayTagTreeChangedEvent.Broadcast -  0.000 s
[2016.12.05-16.33.51:429][  0]LogContentBrowser: Native class hierarchy updated for 'GameplayTags' in 0.0006 seconds. Added 13 classes and 0 folders.
[2016.12.05-16.33.51:472][  0]LogContentBrowser: Native class hierarchy updated for 'WidgetCarousel' in 0.0003 seconds. Added 0 classes and 0 folders.
[2016.12.05-16.33.51:513][  0]LogContentBrowser: Native class hierarchy updated for 'AddContentDialog' in 0.0004 seconds. Added 0 classes and 0 folders.
[2016.12.05-16.33.51:547][  0]LogContentBrowser: Native class hierarchy updated for 'SceneOutliner' in 0.0004 seconds. Added 1 classes and 2 folders.
[2016.12.05-16.33.51:625][  0]LogCrashTracker: Crashtracker disabled due to settings.
[2016.12.05-16.33.51:909][  0]LogContentBrowser: Native class hierarchy updated for 'HierarchicalLODOutliner' in 0.0004 seconds. Added 1 classes and 2 folders.
[2016.12.05-16.33.51:909][  0]LogLoad: (Engine Initialization) Total time: 25.41 seconds
[2016.12.05-16.33.51:909][  0]LogLoad: (Engine Initialization) Total Blueprint compile time: 0.18 seconds
[2016.12.05-16.33.51:909][  0]LogExternalProfiler: Found external profiler: VSPerf
[2016.12.05-16.33.51:909][  0]LogExternalProfiler: Using external profiler: VSPerf
[2016.12.05-16.33.51:918][  0]LogOcInput: OculusInput pre-init called
[2016.12.05-16.33.51:933][  0]LogAssetRegistry: Asset discovery search completed in 19.8815 seconds
[2016.12.05-16.33.51:933][  0]LogCollectionManager: Rebuilt the object cache for 0 collections in 0.000001 seconds (found 0 objects)
[2016.12.05-16.33.51:933][  0]LogCollectionManager: Fixed up redirectors for 0 collections in 0.000011 seconds (updated 0 objects)
[2016.12.05-16.33.51:941][  0]LogContentStreaming: Texture pool size now 1000 MB
[2016.12.05-16.33.51:964][  0]LogTexture:Display: Building textures: icon_tab_Levels_40x (BGRA8)
[2016.12.05-16.33.52:164][  0]LogRenderer: Reallocating scene render targets to support 1576x836 NumSamples 1 (Frame:2).
[2016.12.05-16.34.27:077][880]LogFactory: FactoryCreateFile: StaticMesh with FbxFactory (0 0 F:/Blender/Fbx assets/IKEA_RTV.FBX)
[2016.12.05-16.34.27:096][880]LogFbx: ItemName: GlobalSettings, ItemCount : 1
[2016.12.05-16.34.27:097][880]LogFbx: ItemName: AnimationStack, ItemCount : 1
[2016.12.05-16.34.27:097][880]LogFbx: ItemName: AnimationLayer, ItemCount : 1
[2016.12.05-16.34.27:097][880]LogFbx: ItemName: Model, ItemCount : 2
[2016.12.05-16.34.27:097][880]LogFbx: ItemName: Geometry, ItemCount : 2
[2016.12.05-16.34.27:097][880]LogFbx: ItemName: Material, ItemCount : 2
[2016.12.05-16.34.27:097][880]LogFbx: ItemName: Texture, ItemCount : 1
[2016.12.05-16.34.27:097][880]LogFbx: ItemName: CollectionExclusive, ItemCount : 21
[2016.12.05-16.34.27:097][880]LogFbx: ItemName: AnimationCurve, ItemCount : 6
[2016.12.05-16.34.27:097][880]LogFbx: ItemName: AnimationCurveNode, ItemCount : 2
[2016.12.05-16.34.27:097][880]LogFbx: ItemName: Video, ItemCount : 1
[2016.12.05-16.34.27:103][880]LogFbx: Loading FBX Scene from F:/Blender/Fbx assets/IKEA_RTV.FBX
[2016.12.05-16.34.27:112][880]LogFbx: FBX Scene Loaded Succesfully
[2016.12.05-16.34.30:817][880]LogFbx: Loading FBX Scene from F:/Blender/Fbx assets/IKEA_RTV.FBX
[2016.12.05-16.34.30:824][880]LogFbx: FBX Scene Loaded Succesfully
[2016.12.05-16.34.30:828][880]LogLinker: Can't find file '/Game/FirstPersonBP/FurnitureAssets/Material__29'
[2016.12.05-16.34.30:828][880]LogLinker: Can't find file '/Game/FirstPersonBP/FurnitureAssets/Material__29'
[2016.12.05-16.34.30:835][880]LogMaterial: Missing cached shader map for material Material__29, compiling. 
[2016.12.05-16.34.30:862][880]LogFbx:Warning: Triangulating static mesh Shape081
[2016.12.05-16.34.30:890][880]LogLinker: Can't find file '/Game/FirstPersonBP/FurnitureAssets/Material__27'
[2016.12.05-16.34.30:890][880]LogLinker: Can't find file '/Game/FirstPersonBP/FurnitureAssets/Material__27'
[2016.12.05-16.34.30:894][880]LogMaterial: Missing cached shader map for material Material__27, compiling. 
[2016.12.05-16.34.30:908][880]LogFbx:Warning: Triangulating static mesh Object053
[2016.12.05-16.34.30:946][880]LogStaticMesh: Building static mesh IKEA_RTV...
[2016.12.05-16.34.30:987][880]LogStaticMesh: Built static mesh [0.04s] /Game/FirstPersonBP/FurnitureAssets/IKEA_RTV.IKEA_RTV
[2016.12.05-16.34.30:989][880]LogStaticMesh:Warning: IKEA_RTV has degenerate tangent bases which will result in incorrect shading.  MikkTSpace relies on tangent bases and may result in mesh corruption, consider disabling this option.
[2016.12.05-16.34.30:996][880]FBXImport:Warning: Warning No smoothing group information was found in this FBX scene.  Please make sure to enable the 'Export Smoothing Groups' option in the FBX Exporter plug-in before exporting the file.  Even for tools that don't support smoothing groups, the FBX Exporter will generate appropriate smoothing data at export-time so that correct vertex normals can be inferred while importing. 
[2016.12.05-16.34.30:996][880]FBXImport:Warning: Warning IKEA_RTV has degenerate tangent bases which will result in incorrect shading.  MikkTSpace relies on tangent bases and may result in mesh corruption, consider disabling this option. 
[2016.12.05-16.34.37:544][445]LogActorFactory: Actor Factory created IKEA_RTV
[2016.12.05-16.34.38:358][540]LogActorFactory: Actor Factory created IKEA_RTV
[2016.12.05-16.35.09:363][350]LogTemp: Repeting last play command: Selected Viewport
[2016.12.05-16.35.09:373][350]LogBlueprintUserMessages: Early PlayInEditor Detection: Level '/Game/FirstPersonBP/Maps/FirstPersonExampleMap.FirstPersonExampleMap:PersistentLevel' has LevelScriptBlueprint '/Game/FirstPersonBP/Maps/FirstPersonExampleMap.FirstPersonExampleMap:PersistentLevel.FirstPersonExampleMap' with GeneratedClass '/Game/FirstPersonBP/Maps/FirstPersonExampleMap.FirstPersonExampleMap_C' with ClassGeneratedBy '/Game/FirstPersonBP/Maps/FirstPersonExampleMap.FirstPersonExampleMap:PersistentLevel.FirstPersonExampleMap'
[2016.12.05-16.35.09:373][350]LogPlayLevel: PlayLevel: No blueprints needed recompiling
[2016.12.05-16.35.09:375][350]PIE: New page: PIE session: FirstPersonExampleMap (Dec 5, 2016, 6:35:09 PM)
[2016.12.05-16.35.09:375][350]LogPlayLevel: Creating play world package: /Game/FirstPersonBP/Maps/UEDPIE_0_FirstPersonExampleMap
[2016.12.05-16.35.09:393][350]LogPlayLevel: PIE: StaticDuplicateObject took: (0.018146s)
[2016.12.05-16.35.09:395][350]LogAIModule: Creating AISystem for world FirstPersonExampleMap
[2016.12.05-16.35.09:395][350]LogPlayLevel: PIE: World Init took: (0.001597s)
[2016.12.05-16.35.09:396][350]LogPlayLevel: PIE: Created PIE world by copying editor world from /Game/FirstPersonBP/Maps/FirstPersonExampleMap.FirstPersonExampleMap to /Game/FirstPersonBP/Maps/UEDPIE_0_FirstPersonExampleMap.FirstPersonExampleMap (0.020344s)
[2016.12.05-16.35.09:421][350]LogInit: XAudio2 using 'Headset Earphone (Corsair VOID RGB USB Gaming Headset )' : 2 channels at 44.1 kHz using 16 bits per sample (channel mask 0x3)
[2016.12.05-16.35.09:427][350]LogInit: FAudioDevice initialized.
[2016.12.05-16.35.09:475][350]LogLoad: Game class is 'FirstPersonGameMode_C'
[2016.12.05-16.35.09:492][350]LogWorld: Bringing World /Game/FirstPersonBP/Maps/UEDPIE_0_FirstPersonExampleMap.FirstPersonExampleMap up for play (max tick rate 0) at 2016.12.05-17.35.09
[2016.12.05-16.35.09:496][350]LogWorld: Bringing up level for play took: 0.009795
[2016.12.05-16.35.09:570][350]LogContentBrowser: Native class hierarchy updated for 'MovieSceneCapture' in 0.0005 seconds. Added 11 classes and 0 folders.
[2016.12.05-16.35.09:573][350]PIE: Info Play in editor start time for /Game/FirstPersonBP/Maps/UEDPIE_0_FirstPersonExampleMap -0.75
[2016.12.05-16.35.09:573][350]LogBlueprintUserMessages: Late PlayInEditor Detection: Level '/Game/FirstPersonBP/Maps/FirstPersonExampleMap.FirstPersonExampleMap:PersistentLevel' has LevelScriptBlueprint '/Game/FirstPersonBP/Maps/FirstPersonExampleMap.FirstPersonExampleMap:PersistentLevel.FirstPersonExampleMap' with GeneratedClass '/Game/FirstPersonBP/Maps/FirstPersonExampleMap.FirstPersonExampleMap_C' with ClassGeneratedBy '/Game/FirstPersonBP/Maps/FirstPersonExampleMap.FirstPersonExampleMap:PersistentLevel.FirstPersonExampleMap'
[2016.12.05-16.35.27:824][531]LogBlueprintUserMessages: Early EndPlayMap Detection: Level '/Game/FirstPersonBP/Maps/FirstPersonExampleMap.FirstPersonExampleMap:PersistentLevel' has LevelScriptBlueprint '/Game/FirstPersonBP/Maps/FirstPersonExampleMap.FirstPersonExampleMap:PersistentLevel.FirstPersonExampleMap' with GeneratedClass '/Game/FirstPersonBP/Maps/FirstPersonExampleMap.FirstPersonExampleMap_C' with ClassGeneratedBy '/Game/FirstPersonBP/Maps/FirstPersonExampleMap.FirstPersonExampleMap:PersistentLevel.FirstPersonExampleMap'
[2016.12.05-16.35.27:899][531]LogBlueprintUserMessages: Late EndPlayMap Detection: Level '/Game/FirstPersonBP/Maps/FirstPersonExampleMap.FirstPersonExampleMap:PersistentLevel' has LevelScriptBlueprint '/Game/FirstPersonBP/Maps/FirstPersonExampleMap.FirstPersonExampleMap:PersistentLevel.FirstPersonExampleMap' with GeneratedClass '/Game/FirstPersonBP/Maps/FirstPersonExampleMap.FirstPersonExampleMap_C' with ClassGeneratedBy '/Game/FirstPersonBP/Maps/FirstPersonExampleMap.FirstPersonExampleMap:PersistentLevel.FirstPersonExampleMap'
[2016.12.05-16.35.31:138][866]LogEditorViewport: Clicking on Actor (LMB): StaticMeshActor (IKEA_RTV)
[2016.12.05-16.35.55:474][620]LogEditorViewport: Clicking on Actor (LMB): StaticMeshActor (IKEA_RTV)
[2016.12.05-16.35.56:123][696]Cmd: DELETE
[2016.12.05-16.35.56:123][696]Cmd: ACTOR DELETE
[2016.12.05-16.35.56:127][696]LogEditorActor: Deleted Actor: StaticMeshActor
[2016.12.05-16.35.56:134][696]LogEditorActor: Deleted 1 Actors (0.009 secs)
[2016.12.05-16.36.09:884][808]LogActorFactory: Actor Factory created IKEA_RTV
[2016.12.05-16.36.10:154][839]LogActorFactory: Actor Factory created IKEA_RTV
[2016.12.05-16.36.28:450][596]LogTemp: Repeting last play command: Selected Viewport
[2016.12.05-16.36.28:459][596]LogBlueprintUserMessages: Early PlayInEditor Detection: Level '/Game/FirstPersonBP/Maps/FirstPersonExampleMap.FirstPersonExampleMap:PersistentLevel' has LevelScriptBlueprint '/Game/FirstPersonBP/Maps/FirstPersonExampleMap.FirstPersonExampleMap:PersistentLevel.FirstPersonExampleMap' with GeneratedClass '/Game/FirstPersonBP/Maps/FirstPersonExampleMap.FirstPersonExampleMap_C' with ClassGeneratedBy '/Game/FirstPersonBP/Maps/FirstPersonExampleMap.FirstPersonExampleMap:PersistentLevel.FirstPersonExampleMap'
[2016.12.05-16.36.28:459][596]LogPlayLevel: PlayLevel: No blueprints needed recompiling
[2016.12.05-16.36.28:460][596]PIE: New page: PIE session: FirstPersonExampleMap (Dec 5, 2016, 6:36:28 PM)
[2016.12.05-16.36.28:460][596]LogPlayLevel: Creating play world package: /Game/FirstPersonBP/Maps/UEDPIE_0_FirstPersonExampleMap
[2016.12.05-16.36.28:476][596]LogPlayLevel: PIE: StaticDuplicateObject took: (0.016189s)
[2016.12.05-16.36.28:477][596]LogAIModule: Creating AISystem for world FirstPersonExampleMap
[2016.12.05-16.36.28:477][596]LogPlayLevel: PIE: World Init took: (0.000883s)
[2016.12.05-16.36.28:477][596]LogPlayLevel: PIE: Created PIE world by copying editor world from /Game/FirstPersonBP/Maps/FirstPersonExampleMap.FirstPersonExampleMap to /Game/FirstPersonBP/Maps/UEDPIE_0_FirstPersonExampleMap.FirstPersonExampleMap (0.017302s)
[2016.12.05-16.36.28:498][596]LogInit: XAudio2 using 'Headset Earphone (Corsair VOID RGB USB Gaming Headset )' : 2 channels at 44.1 kHz using 16 bits per sample (channel mask 0x3)
[2016.12.05-16.36.28:503][596]LogInit: FAudioDevice initialized.
[2016.12.05-16.36.28:534][596]LogLoad: Game class is 'FirstPersonGameMode_C'
[2016.12.05-16.36.28:537][596]LogWorld: Bringing World /Game/FirstPersonBP/Maps/UEDPIE_0_FirstPersonExampleMap.FirstPersonExampleMap up for play (max tick rate 0) at 2016.12.05-17.36.28
[2016.12.05-16.36.28:538][596]LogWorld: Bringing up level for play took: 0.002066
[2016.12.05-16.36.28:538][596]PIE: Info Play in editor start time for /Game/FirstPersonBP/Maps/UEDPIE_0_FirstPersonExampleMap 0.216
[2016.12.05-16.36.28:539][596]LogBlueprintUserMessages: Late PlayInEditor Detection: Level '/Game/FirstPersonBP/Maps/FirstPersonExampleMap.FirstPersonExampleMap:PersistentLevel' has LevelScriptBlueprint '/Game/FirstPersonBP/Maps/FirstPersonExampleMap.FirstPersonExampleMap:PersistentLevel.FirstPersonExampleMap' with GeneratedClass '/Game/FirstPersonBP/Maps/FirstPersonExampleMap.FirstPersonExampleMap_C' with ClassGeneratedBy '/Game/FirstPersonBP/Maps/FirstPersonExampleMap.FirstPersonExampleMap:PersistentLevel.FirstPersonExampleMap'
[2016.12.05-16.36.37:483][664]LogBlueprintUserMessages: Early EndPlayMap Detection: Level '/Game/FirstPersonBP/Maps/FirstPersonExampleMap.FirstPersonExampleMap:PersistentLevel' has LevelScriptBlueprint '/Game/FirstPersonBP/Maps/FirstPersonExampleMap.FirstPersonExampleMap:PersistentLevel.FirstPersonExampleMap' with GeneratedClass '/Game/FirstPersonBP/Maps/FirstPersonExampleMap.FirstPersonExampleMap_C' with ClassGeneratedBy '/Game/FirstPersonBP/Maps/FirstPersonExampleMap.FirstPersonExampleMap:PersistentLevel.FirstPersonExampleMap'
[2016.12.05-16.36.37:526][664]LogBlueprintUserMessages: Late EndPlayMap Detection: Level '/Game/FirstPersonBP/Maps/FirstPersonExampleMap.FirstPersonExampleMap:PersistentLevel' has LevelScriptBlueprint '/Game/FirstPersonBP/Maps/FirstPersonExampleMap.FirstPersonExampleMap:PersistentLevel.FirstPersonExampleMap' with GeneratedClass '/Game/FirstPersonBP/Maps/FirstPersonExampleMap.FirstPersonExampleMap_C' with ClassGeneratedBy '/Game/FirstPersonBP/Maps/FirstPersonExampleMap.FirstPersonExampleMap:PersistentLevel.FirstPersonExampleMap'
[2016.12.05-16.36.40:884][942]LogTemp: Repeting last play command: Selected Viewport
[2016.12.05-16.36.40:890][942]LogBlueprintUserMessages: Early PlayInEditor Detection: Level '/Game/FirstPersonBP/Maps/FirstPersonExampleMap.FirstPersonExampleMap:PersistentLevel' has LevelScriptBlueprint '/Game/FirstPersonBP/Maps/FirstPersonExampleMap.FirstPersonExampleMap:PersistentLevel.FirstPersonExampleMap' with GeneratedClass '/Game/FirstPersonBP/Maps/FirstPersonExampleMap.FirstPersonExampleMap_C' with ClassGeneratedBy '/Game/FirstPersonBP/Maps/FirstPersonExampleMap.FirstPersonExampleMap:PersistentLevel.FirstPersonExampleMap'
[2016.12.05-16.36.40:890][942]LogPlayLevel: PlayLevel: No blueprints needed recompiling
[2016.12.05-16.36.40:890][942]PIE: New page: PIE session: FirstPersonExampleMap (Dec 5, 2016, 6:36:40 PM)
[2016.12.05-16.36.40:890][942]LogPlayLevel: Creating play world package: /Game/FirstPersonBP/Maps/UEDPIE_0_FirstPersonExampleMap
[2016.12.05-16.36.40:905][942]LogPlayLevel: PIE: StaticDuplicateObject took: (0.014789s)
[2016.12.05-16.36.40:905][942]LogAIModule: Creating AISystem for world FirstPersonExampleMap
[2016.12.05-16.36.40:906][942]LogPlayLevel: PIE: World Init took: (0.000784s)
[2016.12.05-16.36.40:906][942]LogPlayLevel: PIE: Created PIE world by copying editor world from /Game/FirstPersonBP/Maps/FirstPersonExampleMap.FirstPersonExampleMap to /Game/FirstPersonBP/Maps/UEDPIE_0_FirstPersonExampleMap.FirstPersonExampleMap (0.015872s)
[2016.12.05-16.36.40:929][942]LogInit: XAudio2 using 'Headset Earphone (Corsair VOID RGB USB Gaming Headset )' : 2 channels at 44.1 kHz using 16 bits per sample (channel mask 0x3)
[2016.12.05-16.36.40:934][942]LogInit: FAudioDevice initialized.
[2016.12.05-16.36.40:964][942]LogLoad: Game class is 'FirstPersonGameMode_C'
[2016.12.05-16.36.40:967][942]LogWorld: Bringing World /Game/FirstPersonBP/Maps/UEDPIE_0_FirstPersonExampleMap.FirstPersonExampleMap up for play (max tick rate 0) at 2016.12.05-17.36.40
[2016.12.05-16.36.40:967][942]LogWorld: Bringing up level for play took: 0.001924
[2016.12.05-16.36.40:968][942]PIE: Info Play in editor start time for /Game/FirstPersonBP/Maps/UEDPIE_0_FirstPersonExampleMap 0.645
[2016.12.05-16.36.40:968][942]LogBlueprintUserMessages: Late PlayInEditor Detection: Level '/Game/FirstPersonBP/Maps/FirstPersonExampleMap.FirstPersonExampleMap:PersistentLevel' has LevelScriptBlueprint '/Game/FirstPersonBP/Maps/FirstPersonExampleMap.FirstPersonExampleMap:PersistentLevel.FirstPersonExampleMap' with GeneratedClass '/Game/FirstPersonBP/Maps/FirstPersonExampleMap.FirstPersonExampleMap_C' with ClassGeneratedBy '/Game/FirstPersonBP/Maps/FirstPersonExampleMap.FirstPersonExampleMap:PersistentLevel.FirstPersonExampleMap'
[2016.12.05-16.36.49:187][924]LogBlueprintUserMessages: Early EndPlayMap Detection: Level '/Game/FirstPersonBP/Maps/FirstPersonExampleMap.FirstPersonExampleMap:PersistentLevel' has LevelScriptBlueprint '/Game/FirstPersonBP/Maps/FirstPersonExampleMap.FirstPersonExampleMap:PersistentLevel.FirstPersonExampleMap' with GeneratedClass '/Game/FirstPersonBP/Maps/FirstPersonExampleMap.FirstPersonExampleMap_C' with ClassGeneratedBy '/Game/FirstPersonBP/Maps/FirstPersonExampleMap.FirstPersonExampleMap:PersistentLevel.FirstPersonExampleMap'
[2016.12.05-16.36.49:234][924]LogBlueprintUserMessages: Late EndPlayMap Detection: Level '/Game/FirstPersonBP/Maps/FirstPersonExampleMap.FirstPersonExampleMap:PersistentLevel' has LevelScriptBlueprint '/Game/FirstPersonBP/Maps/FirstPersonExampleMap.FirstPersonExampleMap:PersistentLevel.FirstPersonExampleMap' with GeneratedClass '/Game/FirstPersonBP/Maps/FirstPersonExampleMap.FirstPersonExampleMap_C' with ClassGeneratedBy '/Game/FirstPersonBP/Maps/FirstPersonExampleMap.FirstPersonExampleMap:PersistentLevel.FirstPersonExampleMap'
[2016.12.05-16.38.26:152][394]LogFactory: FactoryCreateFile: StaticMesh with FbxFactory (0 0 F:/Blender/Fbx assets/hol_cube.fbx)
[2016.12.05-16.38.26:159][394]LogFbx:Error: Call to FbxImporter::Initialize() failed.
[2016.12.05-16.38.26:159][394]LogFbx:Warning: Error returned: Unexpected file type
[2016.12.05-16.38.31:239][394]LogAssetTools:Warning: Failed to import 'F:/Blender/Fbx assets/hol_cube.fbx'. Failed to create asset '/Game/FirstPersonBP/FurnitureAssets/hol_cube'.
Please see Output Log for details.
[2016.12.05-16.38.37:408][540]LogFactory: FactoryCreateFile: StaticMesh with FbxFactory (0 0 F:/Blender/Fbx assets/hol_cube.fbx)
[2016.12.05-16.38.37:412][540]LogFbx:Error: Call to FbxImporter::Initialize() failed.
[2016.12.05-16.38.37:412][540]LogFbx:Warning: Error returned: Unexpected file type
[2016.12.05-16.38.38:836][540]LogAssetTools:Warning: Failed to import 'F:/Blender/Fbx assets/hol_cube.fbx'. Failed to create asset '/Game/FirstPersonBP/FurnitureAssets/hol_cube'.
Please see Output Log for details.
[2016.12.05-16.39.12:980][891]Cmd: QUIT_EDITOR
[2016.12.05-16.39.13:549][891]LogWindowsTextInputMethodSystem:Display: IME system now deactivated.
[2016.12.05-16.39.13:613][891]LogExit: Preparing to exit.
[2016.12.05-16.39.14:582][891]LogDirectoryWatcher: A directory notification for 'C:/Users/Preben/Documents/Unreal Projects/Gummi anka/GummiAnka/Content/' was aborted.
[2016.12.05-16.39.14:620][891]LogExit: Editor shut down
[2016.12.05-16.39.14:620][891]LogExit: Transaction tracking system shut down
[2016.12.05-16.39.14:707][891]LogObj: Freed 0b from 0 cluster array pools.
[2016.12.05-16.39.14:707][891]LogExit: Object subsystem successfully closed.
[2016.12.05-16.39.14:751][891]LogD3D11RHI: Shutdown
[2016.12.05-16.39.14:751][891]LogD3D11RHI: CleanupD3DDevice
[2016.12.05-16.39.14:831][891]LogD3D11RHI: ~FD3D11DynamicRHI
[2016.12.05-16.39.14:842][891]LogHttp:Display: Http module shutting down, but needs to wait on 1 outstanding Http requests:
[2016.12.05-16.39.14:842][891]LogHttp:Display: 	verb=[POST] url=[https://datarouter.ol.epicgames.com/datarouter/api/v1/public/data?SessionID=%7B3384335A-4B54-81DC-FF7B-7689B96C73C3%7D&AppID=UEEditor.Rocket.Release&AppVersion=4.14.0-3195953%2B%2B%2BUE4%2BRelease-4.14&UserID=8111ffff412e090fc5f20e8a62785b11%7C8b5d3536e2af4b28908a2298bfa2ddf2%7C709c0eb6-2bfd-413c-ba24-7e9e44d4ab65&AppEnvironment=datacollector-binary&UploadType=eteventstream] status=Processing
[2016.12.05-16.39.14:859][891]LogModuleManager: Shutting down and abandoning module MovieSceneCapture (242)
[2016.12.05-16.39.14:859][891]LogModuleManager: Shutting down and abandoning module HierarchicalLODOutliner (241)
[2016.12.05-16.39.14:859][891]LogModuleManager: Shutting down and abandoning module CrashTracker (240)
[2016.12.05-16.39.14:859][891]LogModuleManager: Shutting down and abandoning module SceneOutliner (239)
[2016.12.05-16.39.14:859][891]LogModuleManager: Shutting down and abandoning module WidgetCarousel (238)
[2016.12.05-16.39.14:859][891]LogModuleManager: Shutting down and abandoning module AddContentDialog (237)
[2016.12.05-16.39.14:860][891]LogDirectoryWatcher: A directory notification for 'C:/Program Files (x86)/Epic Games/4.14/FeaturePacks/' was aborted.
[2016.12.05-16.39.14:861][891]LogModuleManager: Shutting down and abandoning module GameplayTags (236)
[2016.12.05-16.39.14:861][891]LogModuleManager: Shutting down and abandoning module EditorWidgets (235)
[2016.12.05-16.39.14:861][891]LogModuleManager: Shutting down and abandoning module CollectionManager (234)
[2016.12.05-16.39.14:861][891]LogDirectoryWatcher: A directory notification for 'C:/Users/Preben/Documents/Unreal Projects/Gummi anka/GummiAnka/Content/Collections/' was aborted.
[2016.12.05-16.39.14:861][891]LogDirectoryWatcher: A directory notification for 'C:/Users/Preben/Documents/Unreal Projects/Gummi anka/GummiAnka/Content/Developers/Preben/Collections/' was aborted.
[2016.12.05-16.39.14:861][891]LogDirectoryWatcher: A directory notification for 'C:/Users/Preben/Documents/Unreal Projects/Gummi anka/GummiAnka/Saved/Collections/' was aborted.
[2016.12.05-16.39.14:861][891]LogModuleManager: Shutting down and abandoning module StatsViewer (233)
[2016.12.05-16.39.14:861][891]LogModuleManager: Shutting down and abandoning module FoliageEdit (232)
[2016.12.05-16.39.14:861][891]LogModuleManager: Shutting down and abandoning module LandscapeEditor (231)
[2016.12.05-16.39.14:861][891]LogModuleManager: Shutting down and abandoning module SceneDepthPickerMode (230)
[2016.12.05-16.39.14:861][891]LogModuleManager: Shutting down and abandoning module ActorPickerMode (229)
[2016.12.05-16.39.14:861][891]LogModuleManager: Shutting down and abandoning module GeometryMode (228)
[2016.12.05-16.39.14:861][891]LogModuleManager: Shutting down and abandoning module TextureAlignMode (227)
[2016.12.05-16.39.14:861][891]LogModuleManager: Shutting down and abandoning module BspMode (226)
[2016.12.05-16.39.14:861][891]LogModuleManager: Shutting down and abandoning module HardwareSurvey (225)
[2016.12.05-16.39.14:861][891]LogModuleManager: Shutting down and abandoning module SequenceRecorderSections (224)
[2016.12.05-16.39.14:861][891]LogModuleManager: Shutting down and abandoning module AutomationWorker (223)
[2016.12.05-16.39.14:861][891]LogModuleManager: Shutting down and abandoning module MatineeToLevelSequence (222)
[2016.12.05-16.39.14:861][891]LogModuleManager: Shutting down and abandoning module PlacementMode (221)
[2016.12.05-16.39.14:861][891]LogModuleManager: Shutting down and abandoning module LevelSequenceEditor (220)
[2016.12.05-16.39.14:861][891]LogModuleManager: Shutting down and abandoning module WmfMediaFactory (219)
[2016.12.05-16.39.14:861][891]LogModuleManager: Shutting down and abandoning module WmfMediaEditor (218)
[2016.12.05-16.39.14:861][891]LogModuleManager: Shutting down and abandoning module AvfMediaFactory (217)
[2016.12.05-16.39.14:861][891]LogModuleManager: Shutting down and abandoning module AvfMediaEditor (216)
[2016.12.05-16.39.14:861][891]LogModuleManager: Shutting down and abandoning module Media (215)
[2016.12.05-16.39.14:861][891]LogModuleManager: Shutting down and abandoning module AndroidMediaFactory (214)
[2016.12.05-16.39.14:861][891]LogModuleManager: Shutting down and abandoning module AndroidMediaEditor (213)
[2016.12.05-16.39.14:861][891]LogModuleManager: Shutting down and abandoning module CharacterAI (212)
[2016.12.05-16.39.14:861][891]LogModuleManager: Shutting down and abandoning module SequenceRecorder (211)
[2016.12.05-16.39.14:861][891]LogModuleManager: Shutting down and abandoning module AudioCapture (210)
[2016.12.05-16.39.14:861][891]LogModuleManager: Shutting down and abandoning module SmartSnapping (209)
[2016.12.05-16.39.14:861][891]LogModuleManager: Shutting down and abandoning module SessionServices (208)
[2016.12.05-16.39.14:861][891]LogModuleManager: Shutting down and abandoning module ViewportSnapping (207)
[2016.12.05-16.39.14:861][891]LogModuleManager: Shutting down and abandoning module ViewportInteraction (206)
[2016.12.05-16.39.14:861][891]LogModuleManager: Shutting down and abandoning module LogVisualizer (205)
[2016.12.05-16.39.14:861][891]LogModuleManager: Shutting down and abandoning module GameProjectGeneration (204)
[2016.12.05-16.39.14:861][891]LogModuleManager: Shutting down and abandoning module IntroTutorials (203)
[2016.12.05-16.39.14:861][891]LogModuleManager: Shutting down and abandoning module EditorLiveStreaming (202)
[2016.12.05-16.39.14:861][891]LogModuleManager: Shutting down and abandoning module IOSPlatformEditor (201)
[2016.12.05-16.39.14:861][891]LogModuleManager: Shutting down and abandoning module HTML5PlatformEditor (200)
[2016.12.05-16.39.14:861][891]LogModuleManager: Shutting down and abandoning module AndroidDeviceDetection (199)
[2016.12.05-16.39.15:631][891]LogModuleManager: Shutting down and abandoning module AndroidPlatformEditor (198)
[2016.12.05-16.39.15:631][891]LogModuleManager: Shutting down and abandoning module IOSRuntimeSettings (197)
[2016.12.05-16.39.15:631][891]LogModuleManager: Shutting down and abandoning module AndroidRuntimeSettings (196)
[2016.12.05-16.39.15:631][891]LogModuleManager: Shutting down and abandoning module InputBindingEditor (195)
[2016.12.05-16.39.15:631][891]LogModuleManager: Shutting down and abandoning module NiagaraEditor (194)
[2016.12.05-16.39.15:631][891]LogModuleManager: Shutting down and abandoning module MergeActors (193)
[2016.12.05-16.39.15:631][891]LogModuleManager: Shutting down and abandoning module SizeMap (192)
[2016.12.05-16.39.15:631][891]LogModuleManager: Shutting down and abandoning module TreeMap (191)
[2016.12.05-16.39.15:631][891]LogModuleManager: Shutting down and abandoning module ReferenceViewer (190)
[2016.12.05-16.39.15:631][891]LogModuleManager: Shutting down and abandoning module LocalizationService (189)
[2016.12.05-16.39.15:631][891]LogModuleManager: Shutting down and abandoning module LocalizationDashboard (188)
[2016.12.05-16.39.15:631][891]LogModuleManager: Shutting down and abandoning module HardwareTargeting (187)
[2016.12.05-16.39.15:632][891]LogModuleManager: Shutting down and abandoning module DeviceProfileEditor (186)
[2016.12.05-16.39.15:632][891]LogModuleManager: Shutting down and abandoning module UndoHistory (185)
[2016.12.05-16.39.15:632][891]LogModuleManager: Shutting down and abandoning module UserFeedback (184)
[2016.12.05-16.39.15:632][891]LogModuleManager: Shutting down and abandoning module XmlParser (183)
[2016.12.05-16.39.15:632][891]LogModuleManager: Shutting down and abandoning module Blutility (182)
[2016.12.05-16.39.15:632][891]LogModuleManager: Shutting down and abandoning module ProjectTargetPlatformEditor (181)
[2016.12.05-16.39.15:632][891]LogModuleManager: Shutting down and abandoning module ProjectSettingsViewer (180)
[2016.12.05-16.39.15:632][891]LogModuleManager: Shutting down and abandoning module EditorSettingsViewer (179)
[2016.12.05-16.39.15:632][891]LogModuleManager: Shutting down and abandoning module SettingsEditor (178)
[2016.12.05-16.39.15:632][891]LogModuleManager: Shutting down and abandoning module ProjectLauncher (177)
[2016.12.05-16.39.15:632][891]LogModuleManager: Shutting down and abandoning module SessionFrontend (176)
[2016.12.05-16.39.15:632][891]LogModuleManager: Shutting down and abandoning module ProfilerClient (175)
[2016.12.05-16.39.15:632][891]LogModuleManager: Shutting down and abandoning module TargetDeviceServices (174)
[2016.12.05-16.39.15:633][891]LogModuleManager: Shutting down and abandoning module DeviceManager (173)
[2016.12.05-16.39.15:687][891]LogModuleManager: Shutting down and abandoning module AutomationController (172)
[2016.12.05-16.39.15:687][891]LogModuleManager: Shutting down and abandoning module AutomationWindow (171)
[2016.12.05-16.39.15:687][891]LogModuleManager: Shutting down and abandoning module Layers (170)
[2016.12.05-16.39.15:687][891]LogModuleManager: Shutting down and abandoning module ComponentVisualizers (169)
[2016.12.05-16.39.15:687][891]LogModuleManager: Shutting down and abandoning module DetailCustomizations (168)
[2016.12.05-16.39.15:687][891]LogModuleManager: Shutting down and abandoning module PackagesDialog (167)
[2016.12.05-16.39.15:688][891]LogModuleManager: Shutting down and abandoning module AnimGraph (166)
[2016.12.05-16.39.15:688][891]LogModuleManager: Shutting down and abandoning module Persona (165)
[2016.12.05-16.39.15:688][891]LogModuleManager: Shutting down and abandoning module Kismet (164)
[2016.12.05-16.39.15:689][891]LogModuleManager: Shutting down and abandoning module GraphEditor (163)
[2016.12.05-16.39.15:689][891]LogModuleManager: Shutting down and abandoning module ClassViewer (162)
[2016.12.05-16.39.15:689][891]LogModuleManager: Shutting down and abandoning module Toolbox (161)
[2016.12.05-16.39.15:689][891]LogModuleManager: Shutting down and abandoning module ModuleUI (160)
[2016.12.05-16.39.15:689][891]LogModuleManager: Shutting down and abandoning module MovieSceneTools (159)
[2016.12.05-16.39.15:689][891]LogModuleManager: Shutting down and abandoning module OutputLog (158)
[2016.12.05-16.39.15:689][891]LogModuleManager: Shutting down and abandoning module GammaUI (157)
[2016.12.05-16.39.15:690][891]LogModuleManager: Shutting down and abandoning module Documentation (156)
[2016.12.05-16.39.15:690][891]LogModuleManager: Shutting down and abandoning module Niagara (155)
[2016.12.05-16.39.15:690][891]LogModuleManager: Shutting down and abandoning module StreamingPauseRendering (154)
[2016.12.05-16.39.15:690][891]LogModuleManager: Shutting down and abandoning module AnalyticsET (153)
[2016.12.05-16.39.15:690][891]LogModuleManager: Shutting down and abandoning module PortalServices (152)
[2016.12.05-16.39.15:690][891]LogModuleManager: Shutting down and abandoning module PortalRpc (151)
[2016.12.05-16.39.15:690][891]LogModuleManager: Shutting down and abandoning module MessagingRpc (150)
[2016.12.05-16.39.15:690][891]LogModuleManager: Shutting down and abandoning module GameplayDebugger (149)
[2016.12.05-16.39.15:690][891]LogModuleManager: Shutting down and abandoning module AITestSuite (148)
[2016.12.05-16.39.15:690][891]LogModuleManager: Shutting down and abandoning module AIModule (147)
[2016.12.05-16.39.15:690][891]LogModuleManager: Shutting down and abandoning module ProfilerService (146)
[2016.12.05-16.39.15:871][891]LogModuleManager: Shutting down and abandoning module TaskGraph (145)
[2016.12.05-16.39.15:871][891]LogModuleManager: Shutting down and abandoning module SlateRemote (144)
[2016.12.05-16.39.15:871][891]LogModuleManager: Shutting down and abandoning module SteamVRController (143)
[2016.12.05-16.39.15:871][891]LogModuleManager: Shutting down and abandoning module SteamVR (142)
[2016.12.05-16.39.15:871][891]LogModuleManager: Shutting down and abandoning module ProceduralMeshComponentEditor (141)
[2016.12.05-16.39.15:871][891]LogModuleManager: Shutting down and abandoning module ProceduralMeshComponent (140)
[2016.12.05-16.39.15:871][891]LogModuleManager: Shutting down and abandoning module OculusLibrary (139)
[2016.12.05-16.39.15:871][891]LogModuleManager: Shutting down and abandoning module OculusInput (138)
[2016.12.05-16.39.15:871][891]LogModuleManager: Shutting down and abandoning module MobilePatchingUtils (137)
[2016.12.05-16.39.15:871][891]LogModuleManager: Shutting down and abandoning module CustomMeshComponent (136)
[2016.12.05-16.39.15:871][891]LogModuleManager: Shutting down and abandoning module CableComponent (135)
[2016.12.05-16.39.15:871][891]LogModuleManager: Shutting down and abandoning module ArchVisCharacter (134)
[2016.12.05-16.39.15:871][891]LogModuleManager: Shutting down and abandoning module MediaPlayerEditor (132)
[2016.12.05-16.39.15:871][891]LogModuleManager: Shutting down and abandoning module HTML5Networking (131)
[2016.12.05-16.39.15:871][891]LogModuleManager: Shutting down and abandoning module GeometryCacheEd (130)
[2016.12.05-16.39.15:871][891]LogModuleManager: Shutting down and abandoning module GeometryCache (129)
[2016.12.05-16.39.15:871][891]LogModuleManager: Shutting down and abandoning module AlembicLibrary (128)
[2016.12.05-16.39.15:871][891]LogModuleManager: Shutting down and abandoning module AlembicImporter (127)
[2016.12.05-16.39.15:871][891]LogModuleManager: Shutting down and abandoning module SuperSearch (126)
[2016.12.05-16.39.15:871][891]LogModuleManager: Shutting down and abandoning module SuperSearchEditor (125)
[2016.12.05-16.39.15:871][891]LogModuleManager: Shutting down and abandoning module SpeedTreeImporter (124)
[2016.12.05-16.39.15:871][891]LogModuleManager: Shutting down and abandoning module PluginBrowser (123)
[2016.12.05-16.39.15:871][891]LogModuleManager: Shutting down and abandoning module MobileLauncherProfileWizard (122)
[2016.12.05-16.39.15:871][891]LogModuleManager: Shutting down and abandoning module EpicSurvey (121)
[2016.12.05-16.39.15:871][891]LogModuleManager: Shutting down and abandoning module DesktopPlatform (120)
[2016.12.05-16.39.15:871][891]LogModuleManager: Shutting down and abandoning module VisualStudioSourceCodeAccess (119)
[2016.12.05-16.39.15:871][891]LogModuleManager: Shutting down and abandoning module UObjectPlugin (118)
[2016.12.05-16.39.15:871][891]LogModuleManager: Shutting down and abandoning module SubversionSourceControl (117)
[2016.12.05-16.39.15:871][891]LogModuleManager: Shutting down and abandoning module PerforceSourceControl (116)
[2016.12.05-16.39.15:871][891]LogModuleManager: Shutting down and abandoning module SourceControl (115)
[2016.12.05-16.39.15:871][891]LogModuleManager: Shutting down and abandoning module GitSourceControl (114)
[2016.12.05-16.39.15:871][891]LogModuleManager: Shutting down and abandoning module LightPropagationVolumeEditor (113)
[2016.12.05-16.39.15:871][891]LogModuleManager: Shutting down and abandoning module PaperTiledImporter (112)
[2016.12.05-16.39.15:871][891]LogModuleManager: Shutting down and abandoning module PaperSpriteSheetImporter (111)
[2016.12.05-16.39.15:871][891]LogModuleManager: Shutting down and abandoning module MeshPaint (110)
[2016.12.05-16.39.15:871][891]LogModuleManager: Shutting down and abandoning module PixelInspectorModule (109)
[2016.12.05-16.39.15:871][891]LogModuleManager: Shutting down and abandoning module HotReload (108)
[2016.12.05-16.39.15:873][891]LogModuleManager: Shutting down and abandoning module MainFrame (107)
[2016.12.05-16.39.15:873][891]LogModuleManager: Shutting down and abandoning module LevelEditor (106)
[2016.12.05-16.39.15:873][891]LogModuleManager: Shutting down and abandoning module ContentBrowser (105)
[2016.12.05-16.39.15:874][891]LogModuleManager: Shutting down and abandoning module Paper2DEditor (104)
[2016.12.05-16.39.15:874][891]LogModuleManager: Shutting down and abandoning module UdpMessaging (103)
[2016.12.05-16.39.15:975][891]LogModuleManager: Shutting down and abandoning module TcpMessaging (102)
[2016.12.05-16.39.16:076][891]LogModuleManager: Shutting down and abandoning module LightPropagationVolumeRuntime (101)
[2016.12.05-16.39.16:076][891]LogModuleManager: Shutting down and abandoning module Paper2D (100)
[2016.12.05-16.39.16:076][891]LogModuleManager: Shutting down and abandoning module WindowsMoviePlayer (99)
[2016.12.05-16.39.16:076][891]LogModuleManager: Shutting down and abandoning module WmfMedia (98)
[2016.12.05-16.39.16:076][891]LogModuleManager: Shutting down and abandoning module MediaAssets (97)
[2016.12.05-16.39.16:076][891]LogModuleManager: Shutting down and abandoning module GameLiveStreaming (96)
[2016.12.05-16.39.16:076][891]LogModuleManager: Shutting down and abandoning module GameplayTagsEditor (95)
[2016.12.05-16.39.16:076][891]LogModuleManager: Shutting down and abandoning module VREditor (94)
[2016.12.05-16.39.16:076][891]LogModuleManager: Shutting down and abandoning module GameplayTasksEditor (93)
[2016.12.05-16.39.16:076][891]LogModuleManager: Shutting down and abandoning module BehaviorTreeEditor (92)
[2016.12.05-16.39.16:076][891]LogModuleManager: Shutting down and abandoning module FunctionalTesting (91)
[2016.12.05-16.39.16:076][891]LogModuleManager: Shutting down and abandoning module CollisionAnalyzer (90)
[2016.12.05-16.39.16:076][891]LogModuleManager: Shutting down and abandoning module Sequencer (89)
[2016.12.05-16.39.16:076][891]LogModuleManager: Shutting down and abandoning module WorkspaceMenuStructure (88)
[2016.12.05-16.39.16:077][891]LogModuleManager: Shutting down and abandoning module MessageLog (87)
[2016.12.05-16.39.16:077][891]LogModuleManager: Shutting down and abandoning module AssetTools (86)
[2016.12.05-16.39.16:077][891]LogModuleManager: Shutting down and abandoning module UMGEditor (85)
[2016.12.05-16.39.16:077][891]LogModuleManager: Shutting down and abandoning module UMG (84)
[2016.12.05-16.39.16:077][891]LogModuleManager: Shutting down and abandoning module SlateReflector (83)
[2016.12.05-16.39.16:077][891]LogModuleManager: Shutting down and abandoning module Slate (82)
[2016.12.05-16.39.16:077][891]LogModuleManager: Shutting down and abandoning module EditorStyle (81)
[2016.12.05-16.39.16:079][891]LogModuleManager: Shutting down and abandoning module SourceCodeAccess (80)
[2016.12.05-16.39.16:079][891]LogModuleManager: Shutting down and abandoning module HeadMountedDisplay (79)
[2016.12.05-16.39.16:079][891]LogModuleManager: Shutting down and abandoning module XAudio2 (78)
[2016.12.05-16.39.16:079][891]LogModuleManager: Shutting down and abandoning module Networking (76)
[2016.12.05-16.39.16:079][891]LogModuleManager: Shutting down and abandoning module Core (75)
[2016.12.05-16.39.16:079][891]LogModuleManager: Shutting down and abandoning module DirectoryWatcher (74)
[2016.12.05-16.39.16:079][891]LogDirectoryWatcher: A directory notification for '../../../Engine/Content/' was aborted.
[2016.12.05-16.39.16:079][891]LogDirectoryWatcher: A directory notification for '../../../../../../Users/Preben/Documents/Unreal Projects/Gummi anka/GummiAnka/Content/' was aborted.
[2016.12.05-16.39.16:079][891]LogDirectoryWatcher: A directory notification for '../../../Engine/Plugins/2D/Paper2D/Content/' was aborted.
[2016.12.05-16.39.16:079][891]LogModuleManager: Shutting down and abandoning module AssetRegistry (73)
[2016.12.05-16.39.16:152][891]LogModuleManager: Shutting down and abandoning module KismetCompiler (72)
[2016.12.05-16.39.16:152][891]LogModuleManager: Shutting down and abandoning module PhysXFormats (71)
[2016.12.05-16.39.16:152][891]LogModuleManager: Shutting down and abandoning module SimplygonSwarm (70)
[2016.12.05-16.39.16:152][891]LogModuleManager: Shutting down and abandoning module SimplygonMeshReduction (69)
[2016.12.05-16.39.16:152][891]LogModuleManager: Shutting down and abandoning module QuadricMeshReduction (68)
[2016.12.05-16.39.16:152][891]LogModuleManager: Shutting down and abandoning module PropertyEditor (67)
[2016.12.05-16.39.16:152][891]LogModuleManager: Shutting down and abandoning module MeshUtilities (66)
[2016.12.05-16.39.16:152][891]LogModuleManager: Shutting down and abandoning module DerivedDataCache (65)
[2016.12.05-16.39.16:198][891]LogDerivedDataCache: Shutdown
[2016.12.05-16.39.16:198][891]LogModuleManager: Shutting down and abandoning module VulkanShaderFormat (64)
[2016.12.05-16.39.16:198][891]LogModuleManager: Shutting down and abandoning module ShaderFormatOpenGL (63)
[2016.12.05-16.39.16:198][891]LogModuleManager: Shutting down and abandoning module ShaderFormatD3D (62)
[2016.12.05-16.39.16:198][891]LogModuleManager: Shutting down and abandoning module MetalShaderFormat (61)
[2016.12.05-16.39.16:198][891]LogModuleManager: Shutting down and abandoning module TextureFormatUncompressed (60)
[2016.12.05-16.39.16:198][891]LogModuleManager: Shutting down and abandoning module TextureFormatPVR (59)
[2016.12.05-16.39.16:198][891]LogModuleManager: Shutting down and abandoning module TextureFormatDXT (58)
[2016.12.05-16.39.16:198][891]LogModuleManager: Shutting down and abandoning module TextureFormatIntelISPCTexComp (57)
[2016.12.05-16.39.16:198][891]LogModuleManager: Shutting down and abandoning module ImageWrapper (56)
[2016.12.05-16.39.16:198][891]LogModuleManager: Shutting down and abandoning module TextureFormatASTC (55)
[2016.12.05-16.39.16:198][891]LogModuleManager: Shutting down and abandoning module TextureFormatAndroid (54)
[2016.12.05-16.39.16:198][891]LogModuleManager: Shutting down and abandoning module AudioFormatOpus (53)
[2016.12.05-16.39.16:198][891]LogModuleManager: Shutting down and abandoning module AudioFormatOgg (52)
[2016.12.05-16.39.16:198][891]LogModuleManager: Shutting down and abandoning module AudioFormatADPCM (51)
[2016.12.05-16.39.16:198][891]LogModuleManager: Shutting down and abandoning module LinuxTargetPlatform (50)
[2016.12.05-16.39.16:198][891]LogModuleManager: Shutting down and abandoning module LinuxServerTargetPlatform (49)
[2016.12.05-16.39.16:198][891]LogModuleManager: Shutting down and abandoning module LinuxNoEditorTargetPlatform (48)
[2016.12.05-16.39.16:198][891]LogModuleManager: Shutting down and abandoning module LinuxClientTargetPlatform (47)
[2016.12.05-16.39.16:198][891]LogModuleManager: Shutting down and abandoning module TVOSTargetPlatform (46)
[2016.12.05-16.39.16:198][891]LogModuleManager: Shutting down and abandoning module Messaging (45)
[2016.12.05-16.39.16:198][891]LogModuleManager: Shutting down and abandoning module IOSTargetPlatform (44)
[2016.12.05-16.39.16:198][891]LogModuleManager: Shutting down and abandoning module HTML5TargetPlatform (43)
[2016.12.05-16.39.16:198][891]LogModuleManager: Shutting down and abandoning module Android_PVRTCTargetPlatform (42)
[2016.12.05-16.39.16:198][891]LogModuleManager: Shutting down and abandoning module Android_MultiTargetPlatform (41)
[2016.12.05-16.39.16:198][891]LogModuleManager: Shutting down and abandoning module Android_ETC2TargetPlatform (40)
[2016.12.05-16.39.16:198][891]LogModuleManager: Shutting down and abandoning module Android_ETC1TargetPlatform (39)
[2016.12.05-16.39.16:198][891]LogModuleManager: Shutting down and abandoning module Android_DXTTargetPlatform (38)
[2016.12.05-16.39.16:198][891]LogModuleManager: Shutting down and abandoning module Android_ATCTargetPlatform (37)
[2016.12.05-16.39.16:198][891]LogModuleManager: Shutting down and abandoning module Android_ASTCTargetPlatform (36)
[2016.12.05-16.39.16:198][891]LogModuleManager: Shutting down and abandoning module AndroidTargetPlatform (35)
[2016.12.05-16.39.16:198][891]LogModuleManager: Shutting down and abandoning module WindowsTargetPlatform (34)
[2016.12.05-16.39.16:198][891]LogModuleManager: Shutting down and abandoning module WindowsServerTargetPlatform (33)
[2016.12.05-16.39.16:198][891]LogModuleManager: Shutting down and abandoning module WindowsNoEditorTargetPlatform (32)
[2016.12.05-16.39.16:198][891]LogModuleManager: Shutting down and abandoning module WindowsClientTargetPlatform (31)
[2016.12.05-16.39.16:198][891]LogModuleManager: Shutting down and abandoning module MacTargetPlatform (30)
[2016.12.05-16.39.16:198][891]LogModuleManager: Shutting down and abandoning module MacServerTargetPlatform (29)
[2016.12.05-16.39.16:198][891]LogModuleManager: Shutting down and abandoning module MacNoEditorTargetPlatform (28)
[2016.12.05-16.39.16:198][891]LogModuleManager: Shutting down and abandoning module MacClientTargetPlatform (27)
[2016.12.05-16.39.16:198][891]LogModuleManager: Shutting down and abandoning module AllDesktopTargetPlatform (26)
[2016.12.05-16.39.16:198][891]LogModuleManager: Shutting down and abandoning module TargetPlatform (25)
[2016.12.05-16.39.16:198][891]LogModuleManager: Shutting down and abandoning module InputCore (24)
[2016.12.05-16.39.16:198][891]LogModuleManager: Shutting down and abandoning module Settings (23)
[2016.12.05-16.39.16:198][891]LogModuleManager: Shutting down and abandoning module OculusRift (22)
[2016.12.05-16.39.16:198][891]LogModuleManager: Shutting down and abandoning module ExampleDeviceProfileSelector (21)
[2016.12.05-16.39.16:198][891]LogModuleManager: Shutting down and abandoning module OnlineBlueprintSupport (20)
[2016.12.05-16.39.16:198][891]LogModuleManager: Shutting down and abandoning module OnlineSubsystem (18)
[2016.12.05-16.39.16:198][891]LogOnline:Display: Unloading online subsystem: NULL
[2016.12.05-16.39.16:198][891]LogModuleManager: Shutting down and abandoning module SSL (17)
[2016.12.05-16.39.16:199][891]LogModuleManager: Shutting down and abandoning module HTTP (16)
[2016.12.05-16.39.16:199][891]LogModuleManager: Shutting down and abandoning module XMPP (15)
[2016.12.05-16.39.16:200][891]LogModuleManager: Shutting down and abandoning module TextureCompressor (14)
[2016.12.05-16.39.16:200][891]LogModuleManager: Shutting down and abandoning module ShaderCore (13)
[2016.12.05-16.39.16:200][891]LogModuleManager: Shutting down and abandoning module Landscape (12)
[2016.12.05-16.39.16:200][891]LogModuleManager: Shutting down and abandoning module SlateRHIRenderer (11)
[2016.12.05-16.39.16:200][891]LogModuleManager: Shutting down and abandoning module OpenGLDrv (10)
[2016.12.05-16.39.16:200][891]LogModuleManager: Shutting down and abandoning module D3D11RHI (9)
[2016.12.05-16.39.16:200][891]LogModuleManager: Shutting down and abandoning module AnimGraphRuntime (8)
[2016.12.05-16.39.16:200][891]LogModuleManager: Shutting down and abandoning module Renderer (7)
[2016.12.05-16.39.16:200][891]LogModuleManager: Shutting down and abandoning module Engine (6)
[2016.12.05-16.39.16:200][891]LogModuleManager: Shutting down and abandoning module CoreUObject (5)
[2016.12.05-16.39.16:200][891]LogModuleManager: Shutting down and abandoning module NetworkFile (4)
[2016.12.05-16.39.16:200][891]LogModuleManager: Shutting down and abandoning module StreamingFile (3)
[2016.12.05-16.39.16:200][891]LogModuleManager: Shutting down and abandoning module SandboxFile (2)
[2016.12.05-16.39.16:200][891]LogModuleManager: Shutting down and abandoning module PakFile (1)
[2016.12.05-16.39.16:201][891]LogExit: Exiting.
[2016.12.05-16.39.16:212][891]Log file closed, 12/05/16 17:39:16
